{"type":"operationStart","subtype":"profile","data":{"_id":"KcGKf7MAg6nMjKS6","timestamp":"2023-08-23T23:46:23.192Z","state":"queued","mode":"standard","creationDate":"2023-08-23T23:46:23.194Z","modificationDate":"2023-08-23T23:46:23.194Z","shortid":"ZGmMBCu","$entitySet":"profiles"},"doDiffs":false,"timestamp":1692834383193,"id":"8knjxzs6on3jrz3","previousOperationId":null,"operationId":"zmfonhihuczsxgn"}
{"type":"log","level":"info","message":"Render request 2 queued for execution and waiting for available worker","previousOperationId":"zmfonhihuczsxgn","timestamp":1692834383193,"id":"t2tjagj9hptoxpv"}
{"type":"operationStart","subtype":"render","name":"orders-main","previousOperationId":"zmfonhihuczsxgn","timestamp":1692834383226,"id":"1xmhwgles3fhrzj","previousEventId":"8knjxzs6on3jrz3","operationId":"sx0d5r83iabdtlx"}
{"type":"log","timestamp":1692834383228,"level":"info","message":"Starting rendering request 2","meta":{"rootId":"05h9qkfo5mnoe74","id":"05h9qkfo5mnoe74"},"id":"7qr5y0itrzg53cr","previousOperationId":"sx0d5r83iabdtlx"}
{"type":"log","timestamp":1692834383231,"level":"info","message":"Rendering template { name: orders-main, recipe: chrome-pdf, engine: handlebars, preview: true }","meta":{"rootId":"05h9qkfo5mnoe74","id":"05h9qkfo5mnoe74"},"id":"m8iitgsrwpc732k","previousOperationId":"sx0d5r83iabdtlx"}
{"type":"log","timestamp":1692834383253,"level":"debug","message":"Data item not defined for this template.","meta":{"rootId":"05h9qkfo5mnoe74","id":"05h9qkfo5mnoe74"},"id":"udazlu2k2lwwxm3","previousOperationId":"sx0d5r83iabdtlx"}
{"type":"log","timestamp":1692834383270,"level":"debug","message":"Executing script orders-script (beforeRender)","meta":{"rootId":"05h9qkfo5mnoe74","id":"05h9qkfo5mnoe74"},"id":"tqscu8aaqj5k5ao","previousOperationId":"sx0d5r83iabdtlx"}
{"type":"operationStart","subtype":"scriptsBeforeRender","name":"scripts beforeRender","timestamp":1692834384871,"id":"0t0tq9u4xxf39v3","previousEventId":"1xmhwgles3fhrzj","operationId":"eqs6be9ssavjfpp","previousOperationId":"sx0d5r83iabdtlx"}
{"type":"operationStart","subtype":"script","name":"scripts orders-script","previousOperationId":"eqs6be9ssavjfpp","timestamp":1692834384871,"id":"597kdc7bupprp68","previousEventId":"0t0tq9u4xxf39v3","operationId":"k7l6dkrt9vqwtqm"}
{"type":"operationEnd","operationId":"k7l6dkrt9vqwtqm","timestamp":1692834386670,"id":"4kxfz0b9ltkzn9g","previousEventId":"1xmhwgles3fhrzj","previousOperationId":"sx0d5r83iabdtlx"}
{"type":"operationEnd","operationId":"eqs6be9ssavjfpp","timestamp":1692834386670,"id":"p5t5rwajl9kobyw","previousEventId":"4kxfz0b9ltkzn9g","previousOperationId":"sx0d5r83iabdtlx"}
{"type":"log","timestamp":1692834386670,"level":"debug","message":"Base url not specified, skipping its injection.","meta":{"rootId":"05h9qkfo5mnoe74","id":"05h9qkfo5mnoe74"},"id":"25weqt1r6vp334y","previousOperationId":"eqs6be9ssavjfpp"}
{"type":"operationStart","subtype":"engine","name":"handlebars","timestamp":1692834386674,"id":"0ecbvebrcat9yfm","previousEventId":"p5t5rwajl9kobyw","operationId":"eg6vwg6bbhvpc2v","previousOperationId":"eqs6be9ssavjfpp"}
{"type":"log","timestamp":1692834386674,"level":"debug","message":"Rendering engine handlebars","meta":{"rootId":"05h9qkfo5mnoe74","id":"05h9qkfo5mnoe74"},"id":"qwhwhwcfmm6eq0m","previousOperationId":"eg6vwg6bbhvpc2v"}
{"type":"log","timestamp":1692834387561,"level":"debug","message":"(console:log) Pdf utils adding group field, value: \"France\"","meta":{"userLevel":true,"rootId":"05h9qkfo5mnoe74","id":"05h9qkfo5mnoe74"},"id":"l6lt9mclysva6u6","previousOperationId":"eg6vwg6bbhvpc2v"}
{"type":"log","timestamp":1692834387562,"level":"debug","message":"(console:log) Pdf utils adding group field, value: \"Germany\"","meta":{"userLevel":true,"rootId":"05h9qkfo5mnoe74","id":"05h9qkfo5mnoe74"},"id":"abn677bk7clfwgh","previousOperationId":"eg6vwg6bbhvpc2v"}
{"type":"operationEnd","operationId":"eg6vwg6bbhvpc2v","timestamp":1692834387563,"id":"6z77gbs0g4v6y5a","previousEventId":"0ecbvebrcat9yfm","previousOperationId":"eg6vwg6bbhvpc2v"}
{"type":"operationStart","subtype":"recipe","name":"chrome-pdf","timestamp":1692834387564,"id":"1hrp520hp4fcenk","previousEventId":"6z77gbs0g4v6y5a","operationId":"xulecfj3ph1e4ms","previousOperationId":"eg6vwg6bbhvpc2v"}
{"type":"log","timestamp":1692834387564,"level":"debug","message":"Executing recipe chrome-pdf","meta":{"rootId":"05h9qkfo5mnoe74","id":"05h9qkfo5mnoe74"},"id":"1qrca7tjtsdt5bl","previousOperationId":"xulecfj3ph1e4ms"}
{"type":"log","timestamp":1692834389238,"level":"debug","message":"Converting with chrome HeadlessChrome/114.0.5735.90 using chrome-pool strategy","meta":{"rootId":"05h9qkfo5mnoe74","id":"05h9qkfo5mnoe74"},"id":"466xc296i2aexb9","previousOperationId":"xulecfj3ph1e4ms"}
{"type":"log","timestamp":1692834390102,"level":"debug","message":"Page request: GET (document) file:///var/folders/4s/5nqc4dmn10g5kx7sd84ykx100000gn/T/jsreport/autocleanup/570e7f71-448b-4f3f-b42f-df93c0a79170-chrome-pdf.html","meta":{"rootId":"05h9qkfo5mnoe74","id":"05h9qkfo5mnoe74"},"id":"fllcxp4uc0t46ja","previousOperationId":"xulecfj3ph1e4ms"}
{"type":"log","timestamp":1692834390195,"level":"debug","message":"Page request finished: GET (document) 200 file:///var/folders/4s/5nqc4dmn10g5kx7sd84ykx100000gn/T/jsreport/autocleanup/570e7f71-448b-4f3f-b42f-df93c0a79170-chrome-pdf.html","meta":{"rootId":"05h9qkfo5mnoe74","id":"05h9qkfo5mnoe74"},"id":"n905fkkwnbtae47","previousOperationId":"xulecfj3ph1e4ms"}
{"type":"log","timestamp":1692834390196,"level":"debug","message":"Page request: GET (stylesheet) https://cdnjs.cloudflare.com/ajax/libs/metro/4.1.5/css/metro.min.css","meta":{"rootId":"05h9qkfo5mnoe74","id":"05h9qkfo5mnoe74"},"id":"qtc1niql7bnp6sb","previousOperationId":"xulecfj3ph1e4ms"}
{"type":"log","timestamp":1692834390196,"level":"debug","message":"Page request: GET (script) https://cdnjs.cloudflare.com/ajax/libs/Chart.js/2.7.2/Chart.min.js","meta":{"rootId":"05h9qkfo5mnoe74","id":"05h9qkfo5mnoe74"},"id":"sefitkrjhxc1rh9","previousOperationId":"xulecfj3ph1e4ms"}
{"type":"log","timestamp":1692834390556,"level":"debug","message":"Page request finished: GET (script) 200 https://cdnjs.cloudflare.com/ajax/libs/Chart.js/2.7.2/Chart.min.js","meta":{"rootId":"05h9qkfo5mnoe74","id":"05h9qkfo5mnoe74"},"id":"ruv66eoepzhi149","previousOperationId":"xulecfj3ph1e4ms"}
{"type":"log","timestamp":1692834390831,"level":"debug","message":"Page request finished: GET (stylesheet) 200 https://cdnjs.cloudflare.com/ajax/libs/metro/4.1.5/css/metro.min.css","meta":{"rootId":"05h9qkfo5mnoe74","id":"05h9qkfo5mnoe74"},"id":"sb3qnftuwg68ias","previousOperationId":"xulecfj3ph1e4ms"}
{"type":"log","timestamp":1692834391279,"level":"debug","message":"Running chrome with params {\"printBackground\":true,\"marginTop\":\"4cm\",\"marginRight\":\"1.5cm\",\"marginBottom\":\"1.5cm\",\"marginLeft\":\"1.5cm\",\"waitForJS\":false,\"timeout\":54762,\"margin\":{\"top\":\"4cm\",\"right\":\"1.5cm\",\"bottom\":\"1.5cm\",\"left\":\"1.5cm\"}}","meta":{"rootId":"05h9qkfo5mnoe74","id":"05h9qkfo5mnoe74"},"id":"9k8xusbihymwftq","previousOperationId":"xulecfj3ph1e4ms"}
{"type":"operationEnd","operationId":"xulecfj3ph1e4ms","timestamp":1692834392311,"id":"u6rj1efuumjhu74","previousEventId":"1hrp520hp4fcenk","previousOperationId":"xulecfj3ph1e4ms"}
{"type":"log","timestamp":1692834392314,"level":"info","message":"pdf-utils is starting pdf processing","meta":{"rootId":"05h9qkfo5mnoe74","id":"05h9qkfo5mnoe74"},"id":"jlc7n8bbumyyghx","previousOperationId":"xulecfj3ph1e4ms"}
{"type":"operationStart","subtype":"pdfUtils","name":"pdf utils","timestamp":1692834393106,"id":"n9r7dxopgyahqqp","previousEventId":"u6rj1efuumjhu74","operationId":"q5malgs3cxghyf9","previousOperationId":"xulecfj3ph1e4ms"}
{"type":"log","timestamp":1692834393109,"level":"debug","message":"pdf-utils detected 1 pdf operation(s) to process","meta":{"rootId":"05h9qkfo5mnoe74","id":"05h9qkfo5mnoe74"},"id":"oyhioqovgar27n5","previousOperationId":"q5malgs3cxghyf9"}
{"type":"log","timestamp":1692834393714,"level":"debug","message":"pdf-utils running pdf operation merge","meta":{"rootId":"05h9qkfo5mnoe74","id":"05h9qkfo5mnoe74"},"id":"4ft1jn9c1dsypff","previousOperationId":"q5malgs3cxghyf9"}
{"type":"operationStart","subtype":"pdfUtilsMerge","name":"pdf utils merge","previousOperationId":"q5malgs3cxghyf9","timestamp":1692834393714,"id":"0t1v7pxtlv0d79i","previousEventId":"n9r7dxopgyahqqp","operationId":"n02hbsxm7weou8l"}
{"type":"operationStart","subtype":"render","name":"orders-header","previousOperationId":"n02hbsxm7weou8l","timestamp":1692834393722,"id":"od5ecmcyd6sp12e","previousEventId":"0t1v7pxtlv0d79i","operationId":"mjet7e9yb5bi5v8"}
{"type":"log","timestamp":1692834393723,"level":"info","message":"Starting rendering (child) request","meta":{"rootId":"05h9qkfo5mnoe74","id":"gteyol9vm8mchw7"},"id":"4d1r7l9gxbqep7m","previousOperationId":"mjet7e9yb5bi5v8"}
{"type":"log","timestamp":1692834393723,"level":"info","message":"Rendering template { name: orders-header, recipe: chrome-pdf, engine: handlebars, preview: true }","meta":{"rootId":"05h9qkfo5mnoe74","id":"gteyol9vm8mchw7"},"id":"2gngu4h4pkienj1","previousOperationId":"mjet7e9yb5bi5v8"}
{"type":"log","timestamp":1692834393734,"level":"debug","message":"Inline data specified.","meta":{"rootId":"05h9qkfo5mnoe74","id":"gteyol9vm8mchw7"},"id":"dbvnu3ozuqdio23","previousOperationId":"mjet7e9yb5bi5v8"}
{"type":"log","timestamp":1692834393739,"level":"debug","message":"Base url not specified, skipping its injection.","meta":{"rootId":"05h9qkfo5mnoe74","id":"gteyol9vm8mchw7"},"id":"kmerjnmm8msv5gp","previousOperationId":"mjet7e9yb5bi5v8"}
{"type":"operationStart","subtype":"engine","name":"handlebars","timestamp":1692834393739,"id":"n8jw4cilgq5b0ip","previousEventId":"od5ecmcyd6sp12e","operationId":"st2onnj90jr0mtj","previousOperationId":"mjet7e9yb5bi5v8"}
{"type":"log","timestamp":1692834393739,"level":"debug","message":"Rendering engine handlebars","meta":{"rootId":"05h9qkfo5mnoe74","id":"gteyol9vm8mchw7"},"id":"yh99nyuja6dcequ","previousOperationId":"st2onnj90jr0mtj"}
{"type":"operationEnd","operationId":"st2onnj90jr0mtj","timestamp":1692834393922,"id":"71sg5rvdw5h3kbw","previousEventId":"n8jw4cilgq5b0ip","previousOperationId":"st2onnj90jr0mtj"}
{"type":"operationStart","subtype":"recipe","name":"chrome-pdf","timestamp":1692834393922,"id":"kd1uv9t9k5d2qc7","previousEventId":"71sg5rvdw5h3kbw","operationId":"lpa0r4weezokv1b","previousOperationId":"st2onnj90jr0mtj"}
{"type":"log","timestamp":1692834393922,"level":"debug","message":"Executing recipe chrome-pdf","meta":{"rootId":"05h9qkfo5mnoe74","id":"gteyol9vm8mchw7"},"id":"7v9s6dlmge285yx","previousOperationId":"lpa0r4weezokv1b"}
{"type":"log","timestamp":1692834393930,"level":"debug","message":"Converting with chrome HeadlessChrome/114.0.5735.90 using chrome-pool strategy","meta":{"rootId":"05h9qkfo5mnoe74","id":"gteyol9vm8mchw7"},"id":"14xrr3jga3r3sd3","previousOperationId":"lpa0r4weezokv1b"}
{"type":"log","timestamp":1692834394227,"level":"debug","message":"Page request: GET (document) file:///var/folders/4s/5nqc4dmn10g5kx7sd84ykx100000gn/T/jsreport/autocleanup/b6428e20-4bb1-4c45-893e-8f8e2221b54c-chrome-pdf.html","meta":{"rootId":"05h9qkfo5mnoe74","id":"gteyol9vm8mchw7"},"id":"zergd89g51zkmxv","previousOperationId":"lpa0r4weezokv1b"}
{"type":"log","timestamp":1692834394269,"level":"debug","message":"Page request: GET (stylesheet) https://cdnjs.cloudflare.com/ajax/libs/metro/4.1.5/css/metro.min.css","meta":{"rootId":"05h9qkfo5mnoe74","id":"gteyol9vm8mchw7"},"id":"rv2a46jdgtbwfib","previousOperationId":"lpa0r4weezokv1b"}
{"type":"log","timestamp":1692834394270,"level":"debug","message":"Page request finished: GET (document) 200 file:///var/folders/4s/5nqc4dmn10g5kx7sd84ykx100000gn/T/jsreport/autocleanup/b6428e20-4bb1-4c45-893e-8f8e2221b54c-chrome-pdf.html","meta":{"rootId":"05h9qkfo5mnoe74","id":"gteyol9vm8mchw7"},"id":"kzk94539cbpsh9a","previousOperationId":"lpa0r4weezokv1b"}
{"type":"log","timestamp":1692834394313,"level":"debug","message":"Page request finished: GET (stylesheet) 200 https://cdnjs.cloudflare.com/ajax/libs/metro/4.1.5/css/metro.min.css","meta":{"rootId":"05h9qkfo5mnoe74","id":"gteyol9vm8mchw7"},"id":"zmcdi613zjacvnk","previousOperationId":"lpa0r4weezokv1b"}
{"type":"log","timestamp":1692834394447,"level":"debug","message":"Running chrome with params {\"printBackground\":true,\"marginTop\":\"1.5cm\",\"marginRight\":\"1.5cm\",\"marginLeft\":\"1.cm\",\"timeout\":49263,\"margin\":{\"top\":\"1.5cm\",\"right\":\"1.5cm\",\"left\":\"1.cm\"}}","meta":{"rootId":"05h9qkfo5mnoe74","id":"gteyol9vm8mchw7"},"id":"ousqp3cdtudqr8w","previousOperationId":"lpa0r4weezokv1b"}
{"type":"operationEnd","operationId":"lpa0r4weezokv1b","timestamp":1692834394670,"id":"nsmvdb9lmpycma1","previousEventId":"kd1uv9t9k5d2qc7","previousOperationId":"lpa0r4weezokv1b"}
{"type":"log","timestamp":1692834394670,"level":"debug","message":"Skipping storing report.","meta":{"rootId":"05h9qkfo5mnoe74","id":"gteyol9vm8mchw7"},"id":"nntwvufg8naw63v","previousOperationId":"lpa0r4weezokv1b"}
{"type":"log","timestamp":1692834394671,"level":"info","message":"Rendering (child) request finished in 11479 ms","meta":{"rootId":"05h9qkfo5mnoe74","id":"gteyol9vm8mchw7"},"id":"99imusp23gdfui6","previousOperationId":"lpa0r4weezokv1b"}
{"type":"operationEnd","subtype":"render","operationId":"mjet7e9yb5bi5v8","timestamp":1692834394671,"id":"e5p52wbedczhff7","previousEventId":"nsmvdb9lmpycma1","previousOperationId":"lpa0r4weezokv1b"}
{"type":"operationEnd","operationId":"n02hbsxm7weou8l","timestamp":1692834394767,"id":"2a9353vqvnyjl8a","previousEventId":"0t1v7pxtlv0d79i","previousOperationId":"n02hbsxm7weou8l"}
{"type":"log","timestamp":1692834394767,"level":"debug","message":"pdf-utils postproces start","meta":{"rootId":"05h9qkfo5mnoe74","id":"05h9qkfo5mnoe74"},"id":"sc8e2z9d8q0ekz7","previousOperationId":"n02hbsxm7weou8l"}
{"type":"log","timestamp":1692834394948,"level":"debug","message":"pdf-utils postproces end","meta":{"rootId":"05h9qkfo5mnoe74","id":"05h9qkfo5mnoe74"},"id":"oi3okz432dbi98i","previousOperationId":"n02hbsxm7weou8l"}
{"type":"operationEnd","operationId":"q5malgs3cxghyf9","timestamp":1692834394948,"id":"8ilui0jxokz6o9f","previousEventId":"2a9353vqvnyjl8a","previousOperationId":"n02hbsxm7weou8l"}
{"type":"log","timestamp":1692834394948,"level":"info","message":"pdf-utils pdf processing was finished","meta":{"rootId":"05h9qkfo5mnoe74","id":"05h9qkfo5mnoe74"},"id":"8ztr67ozl1ricce","previousOperationId":"q5malgs3cxghyf9"}
{"type":"log","timestamp":1692834394949,"level":"debug","message":"Skipping storing report.","meta":{"rootId":"05h9qkfo5mnoe74","id":"05h9qkfo5mnoe74"},"id":"cy4e538mkx0xsj5","previousOperationId":"q5malgs3cxghyf9"}
{"type":"log","timestamp":1692834394949,"level":"info","message":"Rendering request 2 finished in 11757 ms","meta":{"rootId":"05h9qkfo5mnoe74","id":"05h9qkfo5mnoe74"},"id":"4k993wb48ovcok5","previousOperationId":"q5malgs3cxghyf9"}
{"type":"operationEnd","subtype":"render","operationId":"sx0d5r83iabdtlx","timestamp":1692834394949,"id":"xd5ndsjns7gf3lw","previousEventId":"8ilui0jxokz6o9f","previousOperationId":"q5malgs3cxghyf9"}
{"type":"operationEnd","doDiffs":false,"previousEventId":"8knjxzs6on3jrz3","previousOperationId":"zmfonhihuczsxgn","operationId":"zmfonhihuczsxgn","timestamp":1692834394969,"id":"0esn6hohmr46jhn"}
