{"type":"operationStart","subtype":"profile","data":{"_id":"uFzn3YGEqID3mQMK","timestamp":"2023-08-23T23:58:29.660Z","state":"queued","mode":"standard","creationDate":"2023-08-23T23:58:29.662Z","modificationDate":"2023-08-23T23:58:29.662Z","shortid":"jAHe80g","$entitySet":"profiles"},"doDiffs":false,"timestamp":1692835109661,"id":"ketebjvheqlw8ka","previousOperationId":null,"operationId":"al87ezb3drrzdfy"}
{"type":"log","level":"info","message":"Render request 11 queued for execution and waiting for available worker","previousOperationId":"al87ezb3drrzdfy","timestamp":1692835109661,"id":"5r9p5894ypifhv8"}
{"type":"operationStart","subtype":"render","name":"orders-main","previousOperationId":"al87ezb3drrzdfy","timestamp":1692835109690,"id":"mxlvaetq3orttoq","previousEventId":"ketebjvheqlw8ka","operationId":"6lm7tdxjgrnz6iq"}
{"type":"log","timestamp":1692835109691,"level":"info","message":"Starting rendering request 11","meta":{"rootId":"0jl6bwzwevnhnz3","id":"0jl6bwzwevnhnz3"},"id":"t7mjvqwl1gyioxe","previousOperationId":"6lm7tdxjgrnz6iq"}
{"type":"log","timestamp":1692835109693,"level":"info","message":"Rendering template { name: orders-main, recipe: chrome-pdf, engine: handlebars, preview: true }","meta":{"rootId":"0jl6bwzwevnhnz3","id":"0jl6bwzwevnhnz3"},"id":"8am4dju1qdj5jym","previousOperationId":"6lm7tdxjgrnz6iq"}
{"type":"log","timestamp":1692835109699,"level":"debug","message":"Data item not defined for this template.","meta":{"rootId":"0jl6bwzwevnhnz3","id":"0jl6bwzwevnhnz3"},"id":"000yhdxkpxyd697","previousOperationId":"6lm7tdxjgrnz6iq"}
{"type":"log","timestamp":1692835109708,"level":"debug","message":"Executing script orders-script (beforeRender)","meta":{"rootId":"0jl6bwzwevnhnz3","id":"0jl6bwzwevnhnz3"},"id":"ixojokxpzg5vau6","previousOperationId":"6lm7tdxjgrnz6iq"}
{"type":"operationStart","subtype":"scriptsBeforeRender","name":"scripts beforeRender","timestamp":1692835109908,"id":"5i1yd7r2nq54b3m","previousEventId":"mxlvaetq3orttoq","operationId":"s5nvdoa7e9fqpnc","previousOperationId":"6lm7tdxjgrnz6iq"}
{"type":"operationStart","subtype":"script","name":"scripts orders-script","previousOperationId":"s5nvdoa7e9fqpnc","timestamp":1692835109910,"id":"fqn5kqvs9jjtv53","previousEventId":"5i1yd7r2nq54b3m","operationId":"3a3vjkl89i6hrxt"}
{"type":"log","timestamp":1692835111240,"level":"debug","message":"(console:log) [\n  {\n    rows: [\n      [Object], [Object], [Object],\n      [Object], [Object], [Object],\n      [Object], [Object], [Object],\n      [Object], [Object], [Object],\n      [Object], [Object], [Object],\n      [Object], [Object], [Object],\n      [Object]\n    ],\n    country: 'France',\n    accumulated: {\n      '1996/7': [Object],\n      '1996/8': [Object],\n      '1996/9': [Object],\n      '1996/10': [Object],\n      '1996/11': [Object],\n      '1996/12': [Object],\n      '1997/1': [Object],\n      '1997/2': [Object]\n    }\n  },\n  {\n    rows: [\n      [Object], [Object], [Object],\n      [Object], [Object], [Object],\n      [Object], [Object], [Object],\n      [Object], [Object], [Object],\n      [Object], [Object], [Object],\n      [Object], [Object], [Object],\n      [Object], [Object], [Object],\n      [Object], [Object], [Object],\n      [Object], [Object], [Object],\n      [Object]\n    ],\n    country: 'Germany',\n    accumulated: {\n      '1996/7': [Object],\n      '1996/8': [Object],\n      '1996/9': [Object],\n      '1996/10': [Object],\n      '1996/11': [Object],\n      '1996/12': [Object],\n      '1997/1': [Object],\n      '1997/2': [Object]\n    }\n  }\n] resultresultresult","meta":{"userLevel":true,"rootId":"0jl6bwzwevnhnz3","id":"0jl6bwzwevnhnz3"},"id":"84e2a4jhgdznr6e","previousOperationId":"3a3vjkl89i6hrxt"}
{"type":"operationEnd","operationId":"3a3vjkl89i6hrxt","timestamp":1692835111241,"id":"bjz8e7ob1cpxpva","previousEventId":"mxlvaetq3orttoq","previousOperationId":"6lm7tdxjgrnz6iq"}
{"type":"operationEnd","operationId":"s5nvdoa7e9fqpnc","timestamp":1692835111241,"id":"iyznofr71oxbvog","previousEventId":"bjz8e7ob1cpxpva","previousOperationId":"6lm7tdxjgrnz6iq"}
{"type":"log","timestamp":1692835111241,"level":"debug","message":"Base url not specified, skipping its injection.","meta":{"rootId":"0jl6bwzwevnhnz3","id":"0jl6bwzwevnhnz3"},"id":"qfqeixutn1sgfe0","previousOperationId":"s5nvdoa7e9fqpnc"}
{"type":"operationStart","subtype":"engine","name":"handlebars","timestamp":1692835111242,"id":"y5n66y93ecvhos0","previousEventId":"iyznofr71oxbvog","operationId":"ltrm8f7nf25n7c2","previousOperationId":"s5nvdoa7e9fqpnc"}
{"type":"log","timestamp":1692835111242,"level":"debug","message":"Rendering engine handlebars","meta":{"rootId":"0jl6bwzwevnhnz3","id":"0jl6bwzwevnhnz3"},"id":"h63z7uucxzlyj3v","previousOperationId":"ltrm8f7nf25n7c2"}
{"type":"log","timestamp":1692835111313,"level":"debug","message":"(console:log) Pdf utils adding group field, value: \"France\"","meta":{"userLevel":true,"rootId":"0jl6bwzwevnhnz3","id":"0jl6bwzwevnhnz3"},"id":"19k6hmc8bqzqc9e","previousOperationId":"ltrm8f7nf25n7c2"}
{"type":"log","timestamp":1692835111318,"level":"debug","message":"(console:log) Pdf utils adding group field, value: \"Germany\"","meta":{"userLevel":true,"rootId":"0jl6bwzwevnhnz3","id":"0jl6bwzwevnhnz3"},"id":"0mpiyh0knepom68","previousOperationId":"ltrm8f7nf25n7c2"}
{"type":"operationEnd","operationId":"ltrm8f7nf25n7c2","timestamp":1692835111318,"id":"kzraqbk30f12fkq","previousEventId":"y5n66y93ecvhos0","previousOperationId":"ltrm8f7nf25n7c2"}
{"type":"operationStart","subtype":"recipe","name":"chrome-pdf","timestamp":1692835111320,"id":"kftq46tx7dy06df","previousEventId":"kzraqbk30f12fkq","operationId":"f1hkgp79ywt5rbr","previousOperationId":"ltrm8f7nf25n7c2"}
{"type":"log","timestamp":1692835111320,"level":"debug","message":"Executing recipe chrome-pdf","meta":{"rootId":"0jl6bwzwevnhnz3","id":"0jl6bwzwevnhnz3"},"id":"61ieqe57uzwn4oc","previousOperationId":"f1hkgp79ywt5rbr"}
{"type":"log","timestamp":1692835111341,"level":"debug","message":"Converting with chrome HeadlessChrome/114.0.5735.90 using chrome-pool strategy","meta":{"rootId":"0jl6bwzwevnhnz3","id":"0jl6bwzwevnhnz3"},"id":"cpbgse38n0mv82g","previousOperationId":"f1hkgp79ywt5rbr"}
{"type":"log","timestamp":1692835111733,"level":"debug","message":"Page request: GET (document) file:///var/folders/4s/5nqc4dmn10g5kx7sd84ykx100000gn/T/jsreport/autocleanup/203200df-d5cb-48b4-9875-207dbd24ed0c-chrome-pdf.html","meta":{"rootId":"0jl6bwzwevnhnz3","id":"0jl6bwzwevnhnz3"},"id":"2ua4fi9ex0m29gf","previousOperationId":"f1hkgp79ywt5rbr"}
{"type":"log","timestamp":1692835111833,"level":"debug","message":"Page request: GET (stylesheet) https://cdnjs.cloudflare.com/ajax/libs/metro/4.1.5/css/metro.min.css","meta":{"rootId":"0jl6bwzwevnhnz3","id":"0jl6bwzwevnhnz3"},"id":"cesgwwifgm8sxp1","previousOperationId":"f1hkgp79ywt5rbr"}
{"type":"log","timestamp":1692835111839,"level":"debug","message":"Page request: GET (script) https://cdnjs.cloudflare.com/ajax/libs/Chart.js/2.7.2/Chart.min.js","meta":{"rootId":"0jl6bwzwevnhnz3","id":"0jl6bwzwevnhnz3"},"id":"6o1r57s3ftj8qbt","previousOperationId":"f1hkgp79ywt5rbr"}
{"type":"log","timestamp":1692835111854,"level":"debug","message":"Page request finished: GET (document) 200 file:///var/folders/4s/5nqc4dmn10g5kx7sd84ykx100000gn/T/jsreport/autocleanup/203200df-d5cb-48b4-9875-207dbd24ed0c-chrome-pdf.html","meta":{"rootId":"0jl6bwzwevnhnz3","id":"0jl6bwzwevnhnz3"},"id":"mgqxy65vorb61lq","previousOperationId":"f1hkgp79ywt5rbr"}
{"type":"log","timestamp":1692835111991,"level":"debug","message":"Page request finished: GET (stylesheet) 200 https://cdnjs.cloudflare.com/ajax/libs/metro/4.1.5/css/metro.min.css","meta":{"rootId":"0jl6bwzwevnhnz3","id":"0jl6bwzwevnhnz3"},"id":"koe6j1c0gy13eh7","previousOperationId":"f1hkgp79ywt5rbr"}
{"type":"log","timestamp":1692835112005,"level":"debug","message":"Page request finished: GET (script) 200 https://cdnjs.cloudflare.com/ajax/libs/Chart.js/2.7.2/Chart.min.js","meta":{"rootId":"0jl6bwzwevnhnz3","id":"0jl6bwzwevnhnz3"},"id":"ueqtb8wzkhxvzhr","previousOperationId":"f1hkgp79ywt5rbr"}
{"type":"log","timestamp":1692835112340,"level":"debug","message":"(console:log) {\"1996/7\":{\"value\":3,\"orderDate\":\"1996-07-04T00:00:00.000Z\"},\"1996/8\":{\"value\":1,\"orderDate\":\"1996-08-06T00:00:00.000Z\"},\"1996/9\":{\"value\":3,\"orderDate\":\"1996-09-02T00:00:00.000Z\"},\"1996/10\":{\"value\":3,\"orderDate\":\"1996-10-16T00:00:00.000Z\"},\"1996/11\":{\"value\":4,\"orderDate\":\"1996-11-11T00:00:00.000Z\"},\"1996/12\":{\"value\":1,\"orderDate\":\"1996-12-03T00:00:00.000Z\"},\"1997/1\":{\"value\":3,\"orderDate\":\"1997-01-08T00:00:00.000Z\"},\"1997/2\":{\"value\":1,\"orderDate\":\"1997-02-05T00:00:00.000Z\"}} datadata","meta":{"userLevel":true,"rootId":"0jl6bwzwevnhnz3","id":"0jl6bwzwevnhnz3"},"id":"u8greudes8ow7fh","previousOperationId":"f1hkgp79ywt5rbr"}
{"type":"log","timestamp":1692835112420,"level":"debug","message":"(console:log) {\"1996/7\":{\"value\":3,\"orderDate\":\"1996-07-05T00:00:00.000Z\"},\"1996/8\":{\"value\":6,\"orderDate\":\"1996-08-05T00:00:00.000Z\"},\"1996/9\":{\"value\":3,\"orderDate\":\"1996-09-09T00:00:00.000Z\"},\"1996/10\":{\"value\":5,\"orderDate\":\"1996-10-07T00:00:00.000Z\"},\"1996/11\":{\"value\":5,\"orderDate\":\"1996-11-04T00:00:00.000Z\"},\"1996/12\":{\"value\":2,\"orderDate\":\"1996-12-23T00:00:00.000Z\"},\"1997/1\":{\"value\":2,\"orderDate\":\"1997-01-07T00:00:00.000Z\"},\"1997/2\":{\"value\":2,\"orderDate\":\"1997-02-06T00:00:00.000Z\"}} datadata","meta":{"userLevel":true,"rootId":"0jl6bwzwevnhnz3","id":"0jl6bwzwevnhnz3"},"id":"wt0confedb9b7r2","previousOperationId":"f1hkgp79ywt5rbr"}
{"type":"log","timestamp":1692835112520,"level":"debug","message":"Running chrome with params {\"printBackground\":true,\"marginTop\":\"4cm\",\"marginRight\":\"1.5cm\",\"marginBottom\":\"1.5cm\",\"marginLeft\":\"1.5cm\",\"waitForJS\":false,\"timeout\":58323,\"margin\":{\"top\":\"4cm\",\"right\":\"1.5cm\",\"bottom\":\"1.5cm\",\"left\":\"1.5cm\"}}","meta":{"rootId":"0jl6bwzwevnhnz3","id":"0jl6bwzwevnhnz3"},"id":"fj057lvjwe9oao0","previousOperationId":"f1hkgp79ywt5rbr"}
{"type":"operationEnd","operationId":"f1hkgp79ywt5rbr","timestamp":1692835113513,"id":"zgegz7lyytfkv48","previousEventId":"kftq46tx7dy06df","previousOperationId":"f1hkgp79ywt5rbr"}
{"type":"log","timestamp":1692835113513,"level":"info","message":"pdf-utils is starting pdf processing","meta":{"rootId":"0jl6bwzwevnhnz3","id":"0jl6bwzwevnhnz3"},"id":"eqs2p29gtwepnji","previousOperationId":"f1hkgp79ywt5rbr"}
{"type":"operationStart","subtype":"pdfUtils","name":"pdf utils","timestamp":1692835113513,"id":"55ncr91gginm3t9","previousEventId":"zgegz7lyytfkv48","operationId":"dztw2y5jwk4l53x","previousOperationId":"f1hkgp79ywt5rbr"}
{"type":"log","timestamp":1692835113513,"level":"debug","message":"pdf-utils detected 1 pdf operation(s) to process","meta":{"rootId":"0jl6bwzwevnhnz3","id":"0jl6bwzwevnhnz3"},"id":"948wanh6g5l4k63","previousOperationId":"dztw2y5jwk4l53x"}
{"type":"log","timestamp":1692835113911,"level":"debug","message":"pdf-utils running pdf operation merge","meta":{"rootId":"0jl6bwzwevnhnz3","id":"0jl6bwzwevnhnz3"},"id":"brhribozym77lgr","previousOperationId":"dztw2y5jwk4l53x"}
{"type":"operationStart","subtype":"pdfUtilsMerge","name":"pdf utils merge","previousOperationId":"dztw2y5jwk4l53x","timestamp":1692835113911,"id":"pvbw8qst62sao9p","previousEventId":"55ncr91gginm3t9","operationId":"llwok1jyrfcykum"}
{"type":"operationStart","subtype":"render","name":"orders-header","previousOperationId":"llwok1jyrfcykum","timestamp":1692835113927,"id":"8iz4bg25u7hzdbq","previousEventId":"pvbw8qst62sao9p","operationId":"mcr3mm22i08it5g"}
{"type":"log","timestamp":1692835113931,"level":"info","message":"Starting rendering (child) request","meta":{"rootId":"0jl6bwzwevnhnz3","id":"uvskkg51rheuusu"},"id":"kfzvmgr0p10pdxk","previousOperationId":"mcr3mm22i08it5g"}
{"type":"log","timestamp":1692835113932,"level":"info","message":"Rendering template { name: orders-header, recipe: chrome-pdf, engine: handlebars, preview: true }","meta":{"rootId":"0jl6bwzwevnhnz3","id":"uvskkg51rheuusu"},"id":"2gu2haf12tn9fex","previousOperationId":"mcr3mm22i08it5g"}
{"type":"log","timestamp":1692835114021,"level":"debug","message":"Inline data specified.","meta":{"rootId":"0jl6bwzwevnhnz3","id":"uvskkg51rheuusu"},"id":"7e1jqeujhqa8pf7","previousOperationId":"mcr3mm22i08it5g"}
{"type":"log","timestamp":1692835114127,"level":"debug","message":"Base url not specified, skipping its injection.","meta":{"rootId":"0jl6bwzwevnhnz3","id":"uvskkg51rheuusu"},"id":"s85m7h3hg3zmm8n","previousOperationId":"mcr3mm22i08it5g"}
{"type":"operationStart","subtype":"engine","name":"handlebars","timestamp":1692835114128,"id":"5d340fm8kqapno4","previousEventId":"8iz4bg25u7hzdbq","operationId":"a9fjzgyntoeebhh","previousOperationId":"mcr3mm22i08it5g"}
{"type":"log","timestamp":1692835114128,"level":"debug","message":"Rendering engine handlebars","meta":{"rootId":"0jl6bwzwevnhnz3","id":"uvskkg51rheuusu"},"id":"qp8fkrgl2mp0xz2","previousOperationId":"a9fjzgyntoeebhh"}
{"type":"operationEnd","operationId":"a9fjzgyntoeebhh","timestamp":1692835114204,"id":"biee52hc4byhu83","previousEventId":"5d340fm8kqapno4","previousOperationId":"a9fjzgyntoeebhh"}
{"type":"operationStart","subtype":"recipe","name":"chrome-pdf","timestamp":1692835114205,"id":"90bpvcklqp7pnof","previousEventId":"biee52hc4byhu83","operationId":"1ve8dzxp1cz3g2v","previousOperationId":"a9fjzgyntoeebhh"}
{"type":"log","timestamp":1692835114205,"level":"debug","message":"Executing recipe chrome-pdf","meta":{"rootId":"0jl6bwzwevnhnz3","id":"uvskkg51rheuusu"},"id":"ydgtdls421c17pq","previousOperationId":"1ve8dzxp1cz3g2v"}
{"type":"log","timestamp":1692835114214,"level":"debug","message":"Converting with chrome HeadlessChrome/114.0.5735.90 using chrome-pool strategy","meta":{"rootId":"0jl6bwzwevnhnz3","id":"uvskkg51rheuusu"},"id":"hnb40djudi7oosi","previousOperationId":"1ve8dzxp1cz3g2v"}
{"type":"log","timestamp":1692835114590,"level":"debug","message":"Page request: GET (document) file:///var/folders/4s/5nqc4dmn10g5kx7sd84ykx100000gn/T/jsreport/autocleanup/dea9146e-64ad-4fea-8cda-42f52dc98191-chrome-pdf.html","meta":{"rootId":"0jl6bwzwevnhnz3","id":"uvskkg51rheuusu"},"id":"f41gzg4fqfgjoyi","previousOperationId":"1ve8dzxp1cz3g2v"}
{"type":"log","timestamp":1692835114655,"level":"debug","message":"Page request: GET (stylesheet) https://cdnjs.cloudflare.com/ajax/libs/metro/4.1.5/css/metro.min.css","meta":{"rootId":"0jl6bwzwevnhnz3","id":"uvskkg51rheuusu"},"id":"lujp24frh7498mb","previousOperationId":"1ve8dzxp1cz3g2v"}
{"type":"log","timestamp":1692835114657,"level":"debug","message":"Page request finished: GET (document) 200 file:///var/folders/4s/5nqc4dmn10g5kx7sd84ykx100000gn/T/jsreport/autocleanup/dea9146e-64ad-4fea-8cda-42f52dc98191-chrome-pdf.html","meta":{"rootId":"0jl6bwzwevnhnz3","id":"uvskkg51rheuusu"},"id":"o8lsp83r97i0fmv","previousOperationId":"1ve8dzxp1cz3g2v"}
{"type":"log","timestamp":1692835114734,"level":"debug","message":"Page request finished: GET (stylesheet) 200 https://cdnjs.cloudflare.com/ajax/libs/metro/4.1.5/css/metro.min.css","meta":{"rootId":"0jl6bwzwevnhnz3","id":"uvskkg51rheuusu"},"id":"guyv47531vnkm0b","previousOperationId":"1ve8dzxp1cz3g2v"}
{"type":"log","timestamp":1692835115004,"level":"debug","message":"Running chrome with params {\"printBackground\":true,\"marginTop\":\"1.5cm\",\"marginRight\":\"1.5cm\",\"marginLeft\":\"1.cm\",\"timeout\":55448,\"margin\":{\"top\":\"1.5cm\",\"right\":\"1.5cm\",\"left\":\"1.cm\"}}","meta":{"rootId":"0jl6bwzwevnhnz3","id":"uvskkg51rheuusu"},"id":"ddm1luwfx7d6usp","previousOperationId":"1ve8dzxp1cz3g2v"}
{"type":"operationEnd","operationId":"1ve8dzxp1cz3g2v","timestamp":1692835115572,"id":"w27v0z8m3koqz98","previousEventId":"90bpvcklqp7pnof","previousOperationId":"1ve8dzxp1cz3g2v"}
{"type":"log","timestamp":1692835115573,"level":"debug","message":"Skipping storing report.","meta":{"rootId":"0jl6bwzwevnhnz3","id":"uvskkg51rheuusu"},"id":"cbj17rurvfmgiyh","previousOperationId":"1ve8dzxp1cz3g2v"}
{"type":"log","timestamp":1692835115573,"level":"info","message":"Rendering (child) request finished in 5913 ms","meta":{"rootId":"0jl6bwzwevnhnz3","id":"uvskkg51rheuusu"},"id":"ps7et7a1izf3sgq","previousOperationId":"1ve8dzxp1cz3g2v"}
{"type":"operationEnd","subtype":"render","operationId":"mcr3mm22i08it5g","timestamp":1692835115573,"id":"u7sq7wesklz4aq3","previousEventId":"w27v0z8m3koqz98","previousOperationId":"1ve8dzxp1cz3g2v"}
{"type":"operationEnd","operationId":"llwok1jyrfcykum","timestamp":1692835115635,"id":"rdz01r7iqr91dsa","previousEventId":"pvbw8qst62sao9p","previousOperationId":"llwok1jyrfcykum"}
{"type":"log","timestamp":1692835115635,"level":"debug","message":"pdf-utils postproces start","meta":{"rootId":"0jl6bwzwevnhnz3","id":"0jl6bwzwevnhnz3"},"id":"aukhc5c2b17wkh8","previousOperationId":"llwok1jyrfcykum"}
{"type":"log","timestamp":1692835115742,"level":"debug","message":"pdf-utils postproces end","meta":{"rootId":"0jl6bwzwevnhnz3","id":"0jl6bwzwevnhnz3"},"id":"riefzw6y644ijqg","previousOperationId":"llwok1jyrfcykum"}
{"type":"operationEnd","operationId":"dztw2y5jwk4l53x","timestamp":1692835115742,"id":"qnbwqf3vu8dj4d0","previousEventId":"rdz01r7iqr91dsa","previousOperationId":"llwok1jyrfcykum"}
{"type":"log","timestamp":1692835115742,"level":"info","message":"pdf-utils pdf processing was finished","meta":{"rootId":"0jl6bwzwevnhnz3","id":"0jl6bwzwevnhnz3"},"id":"39vck7kkwrh706t","previousOperationId":"dztw2y5jwk4l53x"}
{"type":"log","timestamp":1692835115742,"level":"debug","message":"Skipping storing report.","meta":{"rootId":"0jl6bwzwevnhnz3","id":"0jl6bwzwevnhnz3"},"id":"j21j3rt5jbvgc3z","previousOperationId":"dztw2y5jwk4l53x"}
{"type":"log","timestamp":1692835115742,"level":"info","message":"Rendering request 11 finished in 6082 ms","meta":{"rootId":"0jl6bwzwevnhnz3","id":"0jl6bwzwevnhnz3"},"id":"i2ib9fqc839nj3y","previousOperationId":"dztw2y5jwk4l53x"}
{"type":"operationEnd","subtype":"render","operationId":"6lm7tdxjgrnz6iq","timestamp":1692835115742,"id":"r2wywmhs0vutesr","previousEventId":"qnbwqf3vu8dj4d0","previousOperationId":"dztw2y5jwk4l53x"}
{"type":"operationEnd","doDiffs":false,"previousEventId":"ketebjvheqlw8ka","previousOperationId":"al87ezb3drrzdfy","operationId":"al87ezb3drrzdfy","timestamp":1692835115893,"id":"8vhi86noa3bl51j"}
