{"type":"operationStart","subtype":"profile","data":{"_id":"cIXWbqBRPQyMW5QQ","timestamp":"2023-08-23T23:49:51.269Z","state":"queued","mode":"standard","creationDate":"2023-08-23T23:49:51.273Z","modificationDate":"2023-08-23T23:49:51.273Z","shortid":"5PTxmsU","$entitySet":"profiles"},"doDiffs":false,"timestamp":1692834591272,"id":"a3k7sn20rcp3rty","previousOperationId":null,"operationId":"t88be08wky00bac"}
{"type":"log","level":"info","message":"Render request 4 queued for execution and waiting for available worker","previousOperationId":"t88be08wky00bac","timestamp":1692834591272,"id":"cnp7kigdg91lxd3"}
{"type":"operationStart","subtype":"render","name":"orders-main","previousOperationId":"t88be08wky00bac","timestamp":1692834591318,"id":"gldmjvjaeldtywt","previousEventId":"a3k7sn20rcp3rty","operationId":"sg91jua3y0zhrcz"}
{"type":"log","timestamp":1692834591318,"level":"info","message":"Starting rendering request 4","meta":{"rootId":"0q96d5xq1y5c3zl","id":"0q96d5xq1y5c3zl"},"id":"vficztqnapt9i1i","previousOperationId":"sg91jua3y0zhrcz"}
{"type":"log","timestamp":1692834591319,"level":"info","message":"Rendering template { name: orders-main, recipe: chrome-pdf, engine: handlebars, preview: true }","meta":{"rootId":"0q96d5xq1y5c3zl","id":"0q96d5xq1y5c3zl"},"id":"nbhjc5xe1f35vhr","previousOperationId":"sg91jua3y0zhrcz"}
{"type":"log","timestamp":1692834591323,"level":"debug","message":"Data item not defined for this template.","meta":{"rootId":"0q96d5xq1y5c3zl","id":"0q96d5xq1y5c3zl"},"id":"sin306uukhm7bhq","previousOperationId":"sg91jua3y0zhrcz"}
{"type":"log","timestamp":1692834591338,"level":"debug","message":"Executing script orders-script (beforeRender)","meta":{"rootId":"0q96d5xq1y5c3zl","id":"0q96d5xq1y5c3zl"},"id":"gsgogv1dphbbt91","previousOperationId":"sg91jua3y0zhrcz"}
{"type":"operationStart","subtype":"scriptsBeforeRender","name":"scripts beforeRender","timestamp":1692834591359,"id":"z1t756fnmv1dfk6","previousEventId":"gldmjvjaeldtywt","operationId":"ku81qmdsfd3lh7v","previousOperationId":"sg91jua3y0zhrcz"}
{"type":"operationStart","subtype":"script","name":"scripts orders-script","previousOperationId":"ku81qmdsfd3lh7v","timestamp":1692834591359,"id":"jsdrwiywsagn194","previousEventId":"z1t756fnmv1dfk6","operationId":"6iij5kf4lyztql0"}
{"type":"operationEnd","operationId":"6iij5kf4lyztql0","timestamp":1692834592955,"id":"pbonw1xk498hb46","previousEventId":"gldmjvjaeldtywt","previousOperationId":"sg91jua3y0zhrcz"}
{"type":"operationEnd","operationId":"ku81qmdsfd3lh7v","timestamp":1692834592955,"id":"mdh59ebzoynudaa","previousEventId":"pbonw1xk498hb46","previousOperationId":"sg91jua3y0zhrcz"}
{"type":"log","timestamp":1692834592955,"level":"debug","message":"Base url not specified, skipping its injection.","meta":{"rootId":"0q96d5xq1y5c3zl","id":"0q96d5xq1y5c3zl"},"id":"u82g1dc7wzhf8yn","previousOperationId":"ku81qmdsfd3lh7v"}
{"type":"operationStart","subtype":"engine","name":"handlebars","timestamp":1692834592956,"id":"3izt2jgw75kmtmq","previousEventId":"mdh59ebzoynudaa","operationId":"84ac7rnhuxkohvy","previousOperationId":"ku81qmdsfd3lh7v"}
{"type":"log","timestamp":1692834592956,"level":"debug","message":"Rendering engine handlebars","meta":{"rootId":"0q96d5xq1y5c3zl","id":"0q96d5xq1y5c3zl"},"id":"vloqv37xpnz47lw","previousOperationId":"84ac7rnhuxkohvy"}
{"type":"log","timestamp":1692834593015,"level":"debug","message":"(console:log) Pdf utils adding group field, value: \"France\"","meta":{"userLevel":true,"rootId":"0q96d5xq1y5c3zl","id":"0q96d5xq1y5c3zl"},"id":"kioasj89jpsesoa","previousOperationId":"84ac7rnhuxkohvy"}
{"type":"log","timestamp":1692834593016,"level":"debug","message":"(console:log) Pdf utils adding group field, value: \"Germany\"","meta":{"userLevel":true,"rootId":"0q96d5xq1y5c3zl","id":"0q96d5xq1y5c3zl"},"id":"zix67b67rrhjqti","previousOperationId":"84ac7rnhuxkohvy"}
{"type":"operationEnd","operationId":"84ac7rnhuxkohvy","timestamp":1692834593017,"id":"xhd42zj4x3ernbq","previousEventId":"3izt2jgw75kmtmq","previousOperationId":"84ac7rnhuxkohvy"}
{"type":"operationStart","subtype":"recipe","name":"chrome-pdf","timestamp":1692834593018,"id":"5osil863362a7f8","previousEventId":"xhd42zj4x3ernbq","operationId":"phndw7izxwcvxf8","previousOperationId":"84ac7rnhuxkohvy"}
{"type":"log","timestamp":1692834593018,"level":"debug","message":"Executing recipe chrome-pdf","meta":{"rootId":"0q96d5xq1y5c3zl","id":"0q96d5xq1y5c3zl"},"id":"dwqwdssp08n857l","previousOperationId":"phndw7izxwcvxf8"}
{"type":"log","timestamp":1692834593022,"level":"debug","message":"Converting with chrome HeadlessChrome/114.0.5735.90 using chrome-pool strategy","meta":{"rootId":"0q96d5xq1y5c3zl","id":"0q96d5xq1y5c3zl"},"id":"6xrgssx22d2nqre","previousOperationId":"phndw7izxwcvxf8"}
{"type":"log","timestamp":1692834593742,"level":"debug","message":"Page request: GET (document) file:///var/folders/4s/5nqc4dmn10g5kx7sd84ykx100000gn/T/jsreport/autocleanup/5e922560-2324-45be-95a0-9f61c31449ab-chrome-pdf.html","meta":{"rootId":"0q96d5xq1y5c3zl","id":"0q96d5xq1y5c3zl"},"id":"idgcqifjvnnytqc","previousOperationId":"phndw7izxwcvxf8"}
{"type":"log","timestamp":1692834593802,"level":"debug","message":"Page request: GET (stylesheet) https://cdnjs.cloudflare.com/ajax/libs/metro/4.1.5/css/metro.min.css","meta":{"rootId":"0q96d5xq1y5c3zl","id":"0q96d5xq1y5c3zl"},"id":"wlfby8azg1acafx","previousOperationId":"phndw7izxwcvxf8"}
{"type":"log","timestamp":1692834593806,"level":"debug","message":"Page request: GET (script) https://cdnjs.cloudflare.com/ajax/libs/Chart.js/2.7.2/Chart.min.js","meta":{"rootId":"0q96d5xq1y5c3zl","id":"0q96d5xq1y5c3zl"},"id":"rm45q25ocd9x0os","previousOperationId":"phndw7izxwcvxf8"}
{"type":"log","timestamp":1692834593828,"level":"debug","message":"Page request finished: GET (document) 200 file:///var/folders/4s/5nqc4dmn10g5kx7sd84ykx100000gn/T/jsreport/autocleanup/5e922560-2324-45be-95a0-9f61c31449ab-chrome-pdf.html","meta":{"rootId":"0q96d5xq1y5c3zl","id":"0q96d5xq1y5c3zl"},"id":"rdc9h98k68bppdq","previousOperationId":"phndw7izxwcvxf8"}
{"type":"log","timestamp":1692834593856,"level":"debug","message":"Page request finished: GET (stylesheet) 200 https://cdnjs.cloudflare.com/ajax/libs/metro/4.1.5/css/metro.min.css","meta":{"rootId":"0q96d5xq1y5c3zl","id":"0q96d5xq1y5c3zl"},"id":"ueq5omxehsjfsfj","previousOperationId":"phndw7izxwcvxf8"}
{"type":"log","timestamp":1692834593873,"level":"debug","message":"Page request finished: GET (script) 200 https://cdnjs.cloudflare.com/ajax/libs/Chart.js/2.7.2/Chart.min.js","meta":{"rootId":"0q96d5xq1y5c3zl","id":"0q96d5xq1y5c3zl"},"id":"ari23h1wygeal4v","previousOperationId":"phndw7izxwcvxf8"}
{"type":"log","timestamp":1692834594173,"level":"debug","message":"Running chrome with params {\"printBackground\":true,\"marginTop\":\"4cm\",\"marginRight\":\"1.5cm\",\"marginBottom\":\"1.5cm\",\"marginLeft\":\"1.5cm\",\"waitForJS\":false,\"timeout\":58249,\"margin\":{\"top\":\"4cm\",\"right\":\"1.5cm\",\"bottom\":\"1.5cm\",\"left\":\"1.5cm\"}}","meta":{"rootId":"0q96d5xq1y5c3zl","id":"0q96d5xq1y5c3zl"},"id":"1kb47uznf76kzpk","previousOperationId":"phndw7izxwcvxf8"}
{"type":"operationEnd","operationId":"phndw7izxwcvxf8","timestamp":1692834594665,"id":"6c9br25fe81tiqa","previousEventId":"5osil863362a7f8","previousOperationId":"phndw7izxwcvxf8"}
{"type":"log","timestamp":1692834594665,"level":"info","message":"pdf-utils is starting pdf processing","meta":{"rootId":"0q96d5xq1y5c3zl","id":"0q96d5xq1y5c3zl"},"id":"bcgd6faxrulpqbm","previousOperationId":"phndw7izxwcvxf8"}
{"type":"operationStart","subtype":"pdfUtils","name":"pdf utils","timestamp":1692834594665,"id":"mon6mgql393ozje","previousEventId":"6c9br25fe81tiqa","operationId":"zcn8leua8ywi6dp","previousOperationId":"phndw7izxwcvxf8"}
{"type":"log","timestamp":1692834594666,"level":"debug","message":"pdf-utils detected 1 pdf operation(s) to process","meta":{"rootId":"0q96d5xq1y5c3zl","id":"0q96d5xq1y5c3zl"},"id":"32al0jsdw25zzpl","previousOperationId":"zcn8leua8ywi6dp"}
{"type":"log","timestamp":1692834595056,"level":"debug","message":"pdf-utils running pdf operation merge","meta":{"rootId":"0q96d5xq1y5c3zl","id":"0q96d5xq1y5c3zl"},"id":"ncr9pxvlv2dwc0w","previousOperationId":"zcn8leua8ywi6dp"}
{"type":"operationStart","subtype":"pdfUtilsMerge","name":"pdf utils merge","previousOperationId":"zcn8leua8ywi6dp","timestamp":1692834595056,"id":"boxocew4kh4tblb","previousEventId":"mon6mgql393ozje","operationId":"mhe430pxq8hr63c"}
{"type":"operationStart","subtype":"render","name":"orders-header","previousOperationId":"mhe430pxq8hr63c","timestamp":1692834595070,"id":"m1w7htqh9dpyvz4","previousEventId":"boxocew4kh4tblb","operationId":"ruoljxhu3z1b5m9"}
{"type":"log","timestamp":1692834595070,"level":"info","message":"Starting rendering (child) request","meta":{"rootId":"0q96d5xq1y5c3zl","id":"1qlgo83bug9hzrj"},"id":"ne9hhybmla30e4a","previousOperationId":"ruoljxhu3z1b5m9"}
{"type":"log","timestamp":1692834595070,"level":"info","message":"Rendering template { name: orders-header, recipe: chrome-pdf, engine: handlebars, preview: true }","meta":{"rootId":"0q96d5xq1y5c3zl","id":"1qlgo83bug9hzrj"},"id":"lnrq42nric2vggo","previousOperationId":"ruoljxhu3z1b5m9"}
{"type":"log","timestamp":1692834595135,"level":"debug","message":"Inline data specified.","meta":{"rootId":"0q96d5xq1y5c3zl","id":"1qlgo83bug9hzrj"},"id":"devpncqxrcib6x3","previousOperationId":"ruoljxhu3z1b5m9"}
{"type":"log","timestamp":1692834595140,"level":"debug","message":"Base url not specified, skipping its injection.","meta":{"rootId":"0q96d5xq1y5c3zl","id":"1qlgo83bug9hzrj"},"id":"0yhcg2nqldh6ctm","previousOperationId":"ruoljxhu3z1b5m9"}
{"type":"operationStart","subtype":"engine","name":"handlebars","timestamp":1692834595140,"id":"o3w0115dt758rqg","previousEventId":"m1w7htqh9dpyvz4","operationId":"5r016ue8514zpvl","previousOperationId":"ruoljxhu3z1b5m9"}
{"type":"log","timestamp":1692834595140,"level":"debug","message":"Rendering engine handlebars","meta":{"rootId":"0q96d5xq1y5c3zl","id":"1qlgo83bug9hzrj"},"id":"jq9gao55rjqh2dg","previousOperationId":"5r016ue8514zpvl"}
{"type":"operationEnd","operationId":"5r016ue8514zpvl","timestamp":1692834595254,"id":"aypmtj7mtxpxyen","previousEventId":"o3w0115dt758rqg","previousOperationId":"5r016ue8514zpvl"}
{"type":"operationStart","subtype":"recipe","name":"chrome-pdf","timestamp":1692834595254,"id":"v62llh76lff8c1d","previousEventId":"aypmtj7mtxpxyen","operationId":"tahuzd3r0t0nj6t","previousOperationId":"5r016ue8514zpvl"}
{"type":"log","timestamp":1692834595254,"level":"debug","message":"Executing recipe chrome-pdf","meta":{"rootId":"0q96d5xq1y5c3zl","id":"1qlgo83bug9hzrj"},"id":"0vxtmb1gmsczwhq","previousOperationId":"tahuzd3r0t0nj6t"}
{"type":"log","timestamp":1692834595259,"level":"debug","message":"Converting with chrome HeadlessChrome/114.0.5735.90 using chrome-pool strategy","meta":{"rootId":"0q96d5xq1y5c3zl","id":"1qlgo83bug9hzrj"},"id":"857dw42m7sl2w5d","previousOperationId":"tahuzd3r0t0nj6t"}
{"type":"log","timestamp":1692834595517,"level":"debug","message":"Page request: GET (document) file:///var/folders/4s/5nqc4dmn10g5kx7sd84ykx100000gn/T/jsreport/autocleanup/308cca6f-8da1-448a-a7be-bc3c8f7f2525-chrome-pdf.html","meta":{"rootId":"0q96d5xq1y5c3zl","id":"1qlgo83bug9hzrj"},"id":"i2hbvdx8tyn323g","previousOperationId":"tahuzd3r0t0nj6t"}
{"type":"log","timestamp":1692834595604,"level":"debug","message":"Page request: GET (stylesheet) https://cdnjs.cloudflare.com/ajax/libs/metro/4.1.5/css/metro.min.css","meta":{"rootId":"0q96d5xq1y5c3zl","id":"1qlgo83bug9hzrj"},"id":"v1jqq171flmqkjy","previousOperationId":"tahuzd3r0t0nj6t"}
{"type":"log","timestamp":1692834595612,"level":"debug","message":"Page request finished: GET (document) 200 file:///var/folders/4s/5nqc4dmn10g5kx7sd84ykx100000gn/T/jsreport/autocleanup/308cca6f-8da1-448a-a7be-bc3c8f7f2525-chrome-pdf.html","meta":{"rootId":"0q96d5xq1y5c3zl","id":"1qlgo83bug9hzrj"},"id":"oti5jivte2egcg6","previousOperationId":"tahuzd3r0t0nj6t"}
{"type":"log","timestamp":1692834595700,"level":"debug","message":"Page request finished: GET (stylesheet) 200 https://cdnjs.cloudflare.com/ajax/libs/metro/4.1.5/css/metro.min.css","meta":{"rootId":"0q96d5xq1y5c3zl","id":"1qlgo83bug9hzrj"},"id":"93evazx37ok1pr0","previousOperationId":"tahuzd3r0t0nj6t"}
{"type":"log","timestamp":1692834595823,"level":"debug","message":"Running chrome with params {\"printBackground\":true,\"marginTop\":\"1.5cm\",\"marginRight\":\"1.5cm\",\"marginLeft\":\"1.cm\",\"timeout\":56013,\"margin\":{\"top\":\"1.5cm\",\"right\":\"1.5cm\",\"left\":\"1.cm\"}}","meta":{"rootId":"0q96d5xq1y5c3zl","id":"1qlgo83bug9hzrj"},"id":"0vcwjgi1cgauayu","previousOperationId":"tahuzd3r0t0nj6t"}
{"type":"operationEnd","operationId":"tahuzd3r0t0nj6t","timestamp":1692834596106,"id":"95izvo3d6bc3lg7","previousEventId":"v62llh76lff8c1d","previousOperationId":"tahuzd3r0t0nj6t"}
{"type":"log","timestamp":1692834596106,"level":"debug","message":"Skipping storing report.","meta":{"rootId":"0q96d5xq1y5c3zl","id":"1qlgo83bug9hzrj"},"id":"v7ws1b8r0r5y29y","previousOperationId":"tahuzd3r0t0nj6t"}
{"type":"log","timestamp":1692834596107,"level":"info","message":"Rendering (child) request finished in 4838 ms","meta":{"rootId":"0q96d5xq1y5c3zl","id":"1qlgo83bug9hzrj"},"id":"6tjk47utcavk9n2","previousOperationId":"tahuzd3r0t0nj6t"}
{"type":"operationEnd","subtype":"render","operationId":"ruoljxhu3z1b5m9","timestamp":1692834596107,"id":"8s3un8o0y2pyz23","previousEventId":"95izvo3d6bc3lg7","previousOperationId":"tahuzd3r0t0nj6t"}
{"type":"operationEnd","operationId":"mhe430pxq8hr63c","timestamp":1692834596203,"id":"lz9wn53wll35r7k","previousEventId":"boxocew4kh4tblb","previousOperationId":"mhe430pxq8hr63c"}
{"type":"log","timestamp":1692834596203,"level":"debug","message":"pdf-utils postproces start","meta":{"rootId":"0q96d5xq1y5c3zl","id":"0q96d5xq1y5c3zl"},"id":"qjy8z2501em8c5h","previousOperationId":"mhe430pxq8hr63c"}
{"type":"log","timestamp":1692834596387,"level":"debug","message":"pdf-utils postproces end","meta":{"rootId":"0q96d5xq1y5c3zl","id":"0q96d5xq1y5c3zl"},"id":"nju240boo9yz7zc","previousOperationId":"mhe430pxq8hr63c"}
{"type":"operationEnd","operationId":"zcn8leua8ywi6dp","timestamp":1692834596388,"id":"kpf60z95qwbfyz5","previousEventId":"lz9wn53wll35r7k","previousOperationId":"mhe430pxq8hr63c"}
{"type":"log","timestamp":1692834596388,"level":"info","message":"pdf-utils pdf processing was finished","meta":{"rootId":"0q96d5xq1y5c3zl","id":"0q96d5xq1y5c3zl"},"id":"y942up2ikon97rf","previousOperationId":"zcn8leua8ywi6dp"}
{"type":"log","timestamp":1692834596388,"level":"debug","message":"Skipping storing report.","meta":{"rootId":"0q96d5xq1y5c3zl","id":"0q96d5xq1y5c3zl"},"id":"8qidp8uy60o38wk","previousOperationId":"zcn8leua8ywi6dp"}
{"type":"log","timestamp":1692834596388,"level":"info","message":"Rendering request 4 finished in 5119 ms","meta":{"rootId":"0q96d5xq1y5c3zl","id":"0q96d5xq1y5c3zl"},"id":"8a3b0f1o490s0h1","previousOperationId":"zcn8leua8ywi6dp"}
{"type":"operationEnd","subtype":"render","operationId":"sg91jua3y0zhrcz","timestamp":1692834596388,"id":"1ti0myvx92uguuf","previousEventId":"kpf60z95qwbfyz5","previousOperationId":"zcn8leua8ywi6dp"}
{"type":"operationEnd","doDiffs":false,"previousEventId":"a3k7sn20rcp3rty","previousOperationId":"t88be08wky00bac","operationId":"t88be08wky00bac","timestamp":1692834596446,"id":"g46o9l9h9klq52r"}
