{"type":"operationStart","subtype":"profile","data":{"_id":"zpDbnB3dobCk8hYi","timestamp":"2023-08-24T08:53:28.001Z","state":"queued","mode":"standard","creationDate":"2023-08-24T08:53:28.004Z","modificationDate":"2023-08-24T08:53:28.004Z","shortid":"-b_DkCd","$entitySet":"profiles"},"doDiffs":false,"timestamp":1692867208002,"id":"xat57xmc3i37pvl","previousOperationId":null,"operationId":"1c83374ugirujzx"}
{"type":"log","level":"info","message":"Render request 3 queued for execution and waiting for available worker","previousOperationId":"1c83374ugirujzx","timestamp":1692867208003,"id":"k5cftsxna6kkpiv"}
{"type":"operationStart","subtype":"render","name":"orders-main","previousOperationId":"1c83374ugirujzx","timestamp":1692867208027,"id":"8qnhrozhij3gsr9","previousEventId":"xat57xmc3i37pvl","operationId":"fiw5oa10bpuydik"}
{"type":"log","timestamp":1692867208028,"level":"info","message":"Starting rendering request 3","meta":{"rootId":"18leqznigyk60qa","id":"18leqznigyk60qa"},"id":"fm42dkikf60r4cu","previousOperationId":"fiw5oa10bpuydik"}
{"type":"log","timestamp":1692867208029,"level":"info","message":"Rendering template { name: orders-main, recipe: chrome-pdf, engine: handlebars, preview: true }","meta":{"rootId":"18leqznigyk60qa","id":"18leqznigyk60qa"},"id":"tqos37hii7oi5ml","previousOperationId":"fiw5oa10bpuydik"}
{"type":"log","timestamp":1692867208031,"level":"debug","message":"Data item not defined for this template.","meta":{"rootId":"18leqznigyk60qa","id":"18leqznigyk60qa"},"id":"ij52xqmjdn2mkx6","previousOperationId":"fiw5oa10bpuydik"}
{"type":"log","timestamp":1692867208041,"level":"debug","message":"Executing script orders-script (beforeRender)","meta":{"rootId":"18leqznigyk60qa","id":"18leqznigyk60qa"},"id":"zyz278ibhed5cyr","previousOperationId":"fiw5oa10bpuydik"}
{"type":"operationStart","subtype":"scriptsBeforeRender","name":"scripts beforeRender","timestamp":1692867208065,"id":"ggta3426l617hyl","previousEventId":"8qnhrozhij3gsr9","operationId":"zz8tfhrl449gzcj","previousOperationId":"fiw5oa10bpuydik"}
{"type":"operationStart","subtype":"script","name":"scripts orders-script","previousOperationId":"zz8tfhrl449gzcj","timestamp":1692867208065,"id":"1w2q6ta0hix3oyj","previousEventId":"ggta3426l617hyl","operationId":"3lfhsyyqyqyeh3h"}
{"type":"log","timestamp":1692867210052,"level":"debug","message":"(console:log) [\n  {\n    rows: [\n      [Object], [Object], [Object],\n      [Object], [Object], [Object],\n      [Object], [Object], [Object],\n      [Object], [Object], [Object],\n      [Object], [Object], [Object],\n      [Object], [Object], [Object],\n      [Object]\n    ],\n    country: 'France',\n    accumulated: {\n      '1996/7': [Object],\n      '1996/8': [Object],\n      '1996/9': [Object],\n      '1996/10': [Object],\n      '1996/11': [Object],\n      '1996/12': [Object],\n      '1997/1': [Object],\n      '1997/2': [Object]\n    }\n  },\n  {\n    rows: [\n      [Object], [Object], [Object],\n      [Object], [Object], [Object],\n      [Object], [Object], [Object],\n      [Object], [Object], [Object],\n      [Object], [Object], [Object],\n      [Object], [Object], [Object],\n      [Object], [Object], [Object],\n      [Object], [Object], [Object],\n      [Object], [Object], [Object],\n      [Object]\n    ],\n    country: 'Germany',\n    accumulated: {\n      '1996/7': [Object],\n      '1996/8': [Object],\n      '1996/9': [Object],\n      '1996/10': [Object],\n      '1996/11': [Object],\n      '1996/12': [Object],\n      '1997/1': [Object],\n      '1997/2': [Object]\n    }\n  }\n] resultresultresult","meta":{"userLevel":true,"rootId":"18leqznigyk60qa","id":"18leqznigyk60qa"},"id":"349jxtd62bed9cr","previousOperationId":"3lfhsyyqyqyeh3h"}
{"type":"operationEnd","operationId":"3lfhsyyqyqyeh3h","timestamp":1692867210053,"id":"emepzcd45znvue9","previousEventId":"8qnhrozhij3gsr9","previousOperationId":"fiw5oa10bpuydik"}
{"type":"operationEnd","operationId":"zz8tfhrl449gzcj","timestamp":1692867210053,"id":"r4x4yc33dni0wh7","previousEventId":"emepzcd45znvue9","previousOperationId":"fiw5oa10bpuydik"}
{"type":"log","timestamp":1692867210055,"level":"debug","message":"Base url not specified, skipping its injection.","meta":{"rootId":"18leqznigyk60qa","id":"18leqznigyk60qa"},"id":"aqj9t5dj9cs5lt5","previousOperationId":"zz8tfhrl449gzcj"}
{"type":"operationStart","subtype":"engine","name":"handlebars","timestamp":1692867210058,"id":"584w0su249sssai","previousEventId":"r4x4yc33dni0wh7","operationId":"9gdca34hy8qcvtd","previousOperationId":"zz8tfhrl449gzcj"}
{"type":"log","timestamp":1692867210058,"level":"debug","message":"Rendering engine handlebars","meta":{"rootId":"18leqznigyk60qa","id":"18leqznigyk60qa"},"id":"k2fb55gc19s0zl1","previousOperationId":"9gdca34hy8qcvtd"}
{"type":"log","timestamp":1692867210142,"level":"debug","message":"(console:log) Pdf utils adding group field, value: \"France\"","meta":{"userLevel":true,"rootId":"18leqznigyk60qa","id":"18leqznigyk60qa"},"id":"mmqlsrql3evaa05","previousOperationId":"9gdca34hy8qcvtd"}
{"type":"log","timestamp":1692867210143,"level":"debug","message":"(console:log) Pdf utils adding group field, value: \"Germany\"","meta":{"userLevel":true,"rootId":"18leqznigyk60qa","id":"18leqznigyk60qa"},"id":"dezob9r89yrkl5e","previousOperationId":"9gdca34hy8qcvtd"}
{"type":"operationEnd","operationId":"9gdca34hy8qcvtd","timestamp":1692867210143,"id":"j4soia3abphoz4n","previousEventId":"584w0su249sssai","previousOperationId":"9gdca34hy8qcvtd"}
{"type":"operationStart","subtype":"recipe","name":"chrome-pdf","timestamp":1692867210146,"id":"aye4woqv6zhtfpp","previousEventId":"j4soia3abphoz4n","operationId":"iuqybroxg7gx4u0","previousOperationId":"9gdca34hy8qcvtd"}
{"type":"log","timestamp":1692867210147,"level":"debug","message":"Executing recipe chrome-pdf","meta":{"rootId":"18leqznigyk60qa","id":"18leqznigyk60qa"},"id":"n6955a12vgtycty","previousOperationId":"iuqybroxg7gx4u0"}
{"type":"log","timestamp":1692867210156,"level":"debug","message":"Converting with chrome HeadlessChrome/114.0.5735.90 using chrome-pool strategy","meta":{"rootId":"18leqznigyk60qa","id":"18leqznigyk60qa"},"id":"uc17d1jpsmo1li5","previousOperationId":"iuqybroxg7gx4u0"}
{"type":"log","timestamp":1692867210698,"level":"debug","message":"Page request: GET (document) file:///var/folders/4s/5nqc4dmn10g5kx7sd84ykx100000gn/T/jsreport/autocleanup/e7a891da-96f0-41c8-a5ef-4b3dd1ac5876-chrome-pdf.html","meta":{"rootId":"18leqznigyk60qa","id":"18leqznigyk60qa"},"id":"arayl5ihzq26nnk","previousOperationId":"iuqybroxg7gx4u0"}
{"type":"log","timestamp":1692867210735,"level":"debug","message":"Page request: GET (stylesheet) https://cdnjs.cloudflare.com/ajax/libs/metro/4.1.5/css/metro.min.css","meta":{"rootId":"18leqznigyk60qa","id":"18leqznigyk60qa"},"id":"9y8neqicy5vpnq8","previousOperationId":"iuqybroxg7gx4u0"}
{"type":"log","timestamp":1692867210746,"level":"debug","message":"Page request: GET (script) https://cdnjs.cloudflare.com/ajax/libs/Chart.js/2.7.2/Chart.min.js","meta":{"rootId":"18leqznigyk60qa","id":"18leqznigyk60qa"},"id":"ch6077bpzq6qcan","previousOperationId":"iuqybroxg7gx4u0"}
{"type":"log","timestamp":1692867210756,"level":"debug","message":"Page request finished: GET (document) 200 file:///var/folders/4s/5nqc4dmn10g5kx7sd84ykx100000gn/T/jsreport/autocleanup/e7a891da-96f0-41c8-a5ef-4b3dd1ac5876-chrome-pdf.html","meta":{"rootId":"18leqznigyk60qa","id":"18leqznigyk60qa"},"id":"mpzcml790qizqzo","previousOperationId":"iuqybroxg7gx4u0"}
{"type":"log","timestamp":1692867210802,"level":"debug","message":"Page request finished: GET (stylesheet) 200 https://cdnjs.cloudflare.com/ajax/libs/metro/4.1.5/css/metro.min.css","meta":{"rootId":"18leqznigyk60qa","id":"18leqznigyk60qa"},"id":"jbbr8lhkjcrkwvw","previousOperationId":"iuqybroxg7gx4u0"}
{"type":"log","timestamp":1692867210850,"level":"debug","message":"Page request finished: GET (script) 200 https://cdnjs.cloudflare.com/ajax/libs/Chart.js/2.7.2/Chart.min.js","meta":{"rootId":"18leqznigyk60qa","id":"18leqznigyk60qa"},"id":"xuedfpkrhs4trnx","previousOperationId":"iuqybroxg7gx4u0"}
{"type":"log","timestamp":1692867211136,"level":"debug","message":"(console:log) {\"1996/7\":{\"value\":3,\"orderDate\":\"1996-07-04T00:00:00.000Z\"},\"1996/8\":{\"value\":1,\"orderDate\":\"1996-08-06T00:00:00.000Z\"},\"1996/9\":{\"value\":3,\"orderDate\":\"1996-09-02T00:00:00.000Z\"},\"1996/10\":{\"value\":3,\"orderDate\":\"1996-10-16T00:00:00.000Z\"},\"1996/11\":{\"value\":4,\"orderDate\":\"1996-11-11T00:00:00.000Z\"},\"1996/12\":{\"value\":1,\"orderDate\":\"1996-12-03T00:00:00.000Z\"},\"1997/1\":{\"value\":3,\"orderDate\":\"1997-01-08T00:00:00.000Z\"},\"1997/2\":{\"value\":1,\"orderDate\":\"1997-02-05T00:00:00.000Z\"}} datadata","meta":{"userLevel":true,"rootId":"18leqznigyk60qa","id":"18leqznigyk60qa"},"id":"8dv4ylrxmfaqaad","previousOperationId":"iuqybroxg7gx4u0"}
{"type":"log","timestamp":1692867211202,"level":"debug","message":"(console:log) {\"1996/7\":{\"value\":3,\"orderDate\":\"1996-07-05T00:00:00.000Z\"},\"1996/8\":{\"value\":6,\"orderDate\":\"1996-08-05T00:00:00.000Z\"},\"1996/9\":{\"value\":3,\"orderDate\":\"1996-09-09T00:00:00.000Z\"},\"1996/10\":{\"value\":5,\"orderDate\":\"1996-10-07T00:00:00.000Z\"},\"1996/11\":{\"value\":5,\"orderDate\":\"1996-11-04T00:00:00.000Z\"},\"1996/12\":{\"value\":2,\"orderDate\":\"1996-12-23T00:00:00.000Z\"},\"1997/1\":{\"value\":2,\"orderDate\":\"1997-01-07T00:00:00.000Z\"},\"1997/2\":{\"value\":2,\"orderDate\":\"1997-02-06T00:00:00.000Z\"}} datadata","meta":{"userLevel":true,"rootId":"18leqznigyk60qa","id":"18leqznigyk60qa"},"id":"ywrlpsgc64ncqgh","previousOperationId":"iuqybroxg7gx4u0"}
{"type":"log","timestamp":1692867211315,"level":"debug","message":"Running chrome with params {\"printBackground\":true,\"marginTop\":\"4cm\",\"marginRight\":\"1.5cm\",\"marginBottom\":\"1.5cm\",\"marginLeft\":\"1.5cm\",\"waitForJS\":false,\"timeout\":57848,\"margin\":{\"top\":\"4cm\",\"right\":\"1.5cm\",\"bottom\":\"1.5cm\",\"left\":\"1.5cm\"}}","meta":{"rootId":"18leqznigyk60qa","id":"18leqznigyk60qa"},"id":"fl1tccn09rzijq1","previousOperationId":"iuqybroxg7gx4u0"}
{"type":"operationEnd","operationId":"iuqybroxg7gx4u0","timestamp":1692867211719,"id":"h41tolswgdpfz31","previousEventId":"aye4woqv6zhtfpp","previousOperationId":"iuqybroxg7gx4u0"}
{"type":"log","timestamp":1692867211719,"level":"info","message":"pdf-utils is starting pdf processing","meta":{"rootId":"18leqznigyk60qa","id":"18leqznigyk60qa"},"id":"ib514gtzatwar54","previousOperationId":"iuqybroxg7gx4u0"}
{"type":"operationStart","subtype":"pdfUtils","name":"pdf utils","timestamp":1692867211719,"id":"ao78pk9pyeskbvg","previousEventId":"h41tolswgdpfz31","operationId":"20no02raydeqdfg","previousOperationId":"iuqybroxg7gx4u0"}
{"type":"log","timestamp":1692867211720,"level":"debug","message":"pdf-utils detected 1 pdf operation(s) to process","meta":{"rootId":"18leqznigyk60qa","id":"18leqznigyk60qa"},"id":"ewbe4a0prqc03oi","previousOperationId":"20no02raydeqdfg"}
{"type":"log","timestamp":1692867212166,"level":"debug","message":"pdf-utils running pdf operation merge","meta":{"rootId":"18leqznigyk60qa","id":"18leqznigyk60qa"},"id":"rj5jozk5duszvk9","previousOperationId":"20no02raydeqdfg"}
{"type":"operationStart","subtype":"pdfUtilsMerge","name":"pdf utils merge","previousOperationId":"20no02raydeqdfg","timestamp":1692867212167,"id":"jjs4crtkcvzuveo","previousEventId":"ao78pk9pyeskbvg","operationId":"yxn98x60mlnaear"}
{"type":"operationStart","subtype":"render","name":"orders-header","previousOperationId":"yxn98x60mlnaear","timestamp":1692867212201,"id":"7vncoogc3qbxzid","previousEventId":"jjs4crtkcvzuveo","operationId":"s09s58h5i96q6ma"}
{"type":"log","timestamp":1692867212201,"level":"info","message":"Starting rendering (child) request","meta":{"rootId":"18leqznigyk60qa","id":"u8ymgx820x5wcp3"},"id":"x0h6rdrj5luc1rs","previousOperationId":"s09s58h5i96q6ma"}
{"type":"log","timestamp":1692867212202,"level":"info","message":"Rendering template { name: orders-header, recipe: chrome-pdf, engine: handlebars, preview: true }","meta":{"rootId":"18leqznigyk60qa","id":"u8ymgx820x5wcp3"},"id":"fqey7ujc574f415","previousOperationId":"s09s58h5i96q6ma"}
{"type":"log","timestamp":1692867212246,"level":"debug","message":"Inline data specified.","meta":{"rootId":"18leqznigyk60qa","id":"u8ymgx820x5wcp3"},"id":"txe68412tzs1cte","previousOperationId":"s09s58h5i96q6ma"}
{"type":"log","timestamp":1692867212266,"level":"debug","message":"Base url not specified, skipping its injection.","meta":{"rootId":"18leqznigyk60qa","id":"u8ymgx820x5wcp3"},"id":"mtkusk6y1l9cufg","previousOperationId":"s09s58h5i96q6ma"}
{"type":"operationStart","subtype":"engine","name":"handlebars","timestamp":1692867212266,"id":"bf5ocpwizhxu0tq","previousEventId":"7vncoogc3qbxzid","operationId":"2wowoaj9aufqmfq","previousOperationId":"s09s58h5i96q6ma"}
{"type":"log","timestamp":1692867212266,"level":"debug","message":"Rendering engine handlebars","meta":{"rootId":"18leqznigyk60qa","id":"u8ymgx820x5wcp3"},"id":"6gji9c3v1en936y","previousOperationId":"2wowoaj9aufqmfq"}
{"type":"operationEnd","operationId":"2wowoaj9aufqmfq","timestamp":1692867212315,"id":"g6aaq47gcksej3b","previousEventId":"bf5ocpwizhxu0tq","previousOperationId":"2wowoaj9aufqmfq"}
{"type":"operationStart","subtype":"recipe","name":"chrome-pdf","timestamp":1692867212315,"id":"zuudr78v7jgacxa","previousEventId":"g6aaq47gcksej3b","operationId":"49bhl92zrblwcj5","previousOperationId":"2wowoaj9aufqmfq"}
{"type":"log","timestamp":1692867212316,"level":"debug","message":"Executing recipe chrome-pdf","meta":{"rootId":"18leqznigyk60qa","id":"u8ymgx820x5wcp3"},"id":"y1oqg5cxebt6pwv","previousOperationId":"49bhl92zrblwcj5"}
{"type":"log","timestamp":1692867212321,"level":"debug","message":"Converting with chrome HeadlessChrome/114.0.5735.90 using chrome-pool strategy","meta":{"rootId":"18leqznigyk60qa","id":"u8ymgx820x5wcp3"},"id":"2xbkdjrd23frld1","previousOperationId":"49bhl92zrblwcj5"}
{"type":"log","timestamp":1692867212613,"level":"debug","message":"Page request: GET (document) file:///var/folders/4s/5nqc4dmn10g5kx7sd84ykx100000gn/T/jsreport/autocleanup/60d89720-fb44-476f-aa11-00dea0fb6221-chrome-pdf.html","meta":{"rootId":"18leqznigyk60qa","id":"u8ymgx820x5wcp3"},"id":"1hswm7uv103ipba","previousOperationId":"49bhl92zrblwcj5"}
{"type":"log","timestamp":1692867212681,"level":"debug","message":"Page request: GET (stylesheet) https://cdnjs.cloudflare.com/ajax/libs/metro/4.1.5/css/metro.min.css","meta":{"rootId":"18leqznigyk60qa","id":"u8ymgx820x5wcp3"},"id":"bjwdxxnwug3qvau","previousOperationId":"49bhl92zrblwcj5"}
{"type":"log","timestamp":1692867212683,"level":"debug","message":"Page request finished: GET (document) 200 file:///var/folders/4s/5nqc4dmn10g5kx7sd84ykx100000gn/T/jsreport/autocleanup/60d89720-fb44-476f-aa11-00dea0fb6221-chrome-pdf.html","meta":{"rootId":"18leqznigyk60qa","id":"u8ymgx820x5wcp3"},"id":"efqxlt5daftgjef","previousOperationId":"49bhl92zrblwcj5"}
{"type":"log","timestamp":1692867212714,"level":"debug","message":"Page request finished: GET (stylesheet) 200 https://cdnjs.cloudflare.com/ajax/libs/metro/4.1.5/css/metro.min.css","meta":{"rootId":"18leqznigyk60qa","id":"u8ymgx820x5wcp3"},"id":"vbjds3u4l35pgrv","previousOperationId":"49bhl92zrblwcj5"}
{"type":"log","timestamp":1692867212805,"level":"debug","message":"Running chrome with params {\"printBackground\":true,\"marginTop\":\"1.5cm\",\"marginRight\":\"1.5cm\",\"marginLeft\":\"1.cm\",\"timeout\":55680,\"margin\":{\"top\":\"1.5cm\",\"right\":\"1.5cm\",\"left\":\"1.cm\"}}","meta":{"rootId":"18leqznigyk60qa","id":"u8ymgx820x5wcp3"},"id":"omiu9hu3fljty9n","previousOperationId":"49bhl92zrblwcj5"}
{"type":"operationEnd","operationId":"49bhl92zrblwcj5","timestamp":1692867213065,"id":"oq0txwff214fov4","previousEventId":"zuudr78v7jgacxa","previousOperationId":"49bhl92zrblwcj5"}
{"type":"log","timestamp":1692867213066,"level":"debug","message":"Skipping storing report.","meta":{"rootId":"18leqznigyk60qa","id":"u8ymgx820x5wcp3"},"id":"hhl46pces1b3lr1","previousOperationId":"49bhl92zrblwcj5"}
{"type":"log","timestamp":1692867213066,"level":"info","message":"Rendering (child) request finished in 5066 ms","meta":{"rootId":"18leqznigyk60qa","id":"u8ymgx820x5wcp3"},"id":"km3041csgm6bim3","previousOperationId":"49bhl92zrblwcj5"}
{"type":"operationEnd","subtype":"render","operationId":"s09s58h5i96q6ma","timestamp":1692867213066,"id":"pv8enm3wz17aqys","previousEventId":"oq0txwff214fov4","previousOperationId":"49bhl92zrblwcj5"}
{"type":"operationEnd","operationId":"yxn98x60mlnaear","timestamp":1692867213236,"id":"pfjbt98a34r5r95","previousEventId":"jjs4crtkcvzuveo","previousOperationId":"yxn98x60mlnaear"}
{"type":"log","timestamp":1692867213236,"level":"debug","message":"pdf-utils postproces start","meta":{"rootId":"18leqznigyk60qa","id":"18leqznigyk60qa"},"id":"2k0xse8eed94nbq","previousOperationId":"yxn98x60mlnaear"}
{"type":"log","timestamp":1692867213510,"level":"debug","message":"pdf-utils postproces end","meta":{"rootId":"18leqznigyk60qa","id":"18leqznigyk60qa"},"id":"74lnn3zx5htrlph","previousOperationId":"yxn98x60mlnaear"}
{"type":"operationEnd","operationId":"20no02raydeqdfg","timestamp":1692867213510,"id":"cfw0g72pf2025dc","previousEventId":"pfjbt98a34r5r95","previousOperationId":"yxn98x60mlnaear"}
{"type":"log","timestamp":1692867213511,"level":"info","message":"pdf-utils pdf processing was finished","meta":{"rootId":"18leqznigyk60qa","id":"18leqznigyk60qa"},"id":"hqxw6i7dkx86d6q","previousOperationId":"20no02raydeqdfg"}
{"type":"log","timestamp":1692867213511,"level":"debug","message":"Skipping storing report.","meta":{"rootId":"18leqznigyk60qa","id":"18leqznigyk60qa"},"id":"ydkyblm7teq4mes","previousOperationId":"20no02raydeqdfg"}
{"type":"log","timestamp":1692867213511,"level":"info","message":"Rendering request 3 finished in 5511 ms","meta":{"rootId":"18leqznigyk60qa","id":"18leqznigyk60qa"},"id":"ximwame1llqffru","previousOperationId":"20no02raydeqdfg"}
{"type":"operationEnd","subtype":"render","operationId":"fiw5oa10bpuydik","timestamp":1692867213511,"id":"gk35qlxcxanr0fz","previousEventId":"cfw0g72pf2025dc","previousOperationId":"20no02raydeqdfg"}
{"type":"operationEnd","doDiffs":false,"previousEventId":"xat57xmc3i37pvl","previousOperationId":"1c83374ugirujzx","operationId":"1c83374ugirujzx","timestamp":1692867213521,"id":"k2eix0jhnpkww7u"}
