{"type":"operationStart","subtype":"profile","data":{"_id":"zAF2JX41dVhXjmop","timestamp":"2023-08-23T23:50:45.218Z","state":"queued","mode":"standard","creationDate":"2023-08-23T23:50:45.220Z","modificationDate":"2023-08-23T23:50:45.220Z","shortid":"I4xYeji","$entitySet":"profiles"},"doDiffs":false,"timestamp":1692834645219,"id":"ejomfkfktftgk4g","previousOperationId":null,"operationId":"tw4itizd4u3acmc"}
{"type":"log","level":"info","message":"Render request 7 queued for execution and waiting for available worker","previousOperationId":"tw4itizd4u3acmc","timestamp":1692834645219,"id":"emhs2l2ek2o9efx"}
{"type":"operationStart","subtype":"render","name":"orders-main","previousOperationId":"tw4itizd4u3acmc","timestamp":1692834645237,"id":"k2a33mbhqsx7dbu","previousEventId":"ejomfkfktftgk4g","operationId":"i6c1twaanb1rtcn"}
{"type":"log","timestamp":1692834645237,"level":"info","message":"Starting rendering request 7","meta":{"rootId":"3b9h15tag2qxw76","id":"3b9h15tag2qxw76"},"id":"b1bmm4a61bwuibl","previousOperationId":"i6c1twaanb1rtcn"}
{"type":"log","timestamp":1692834645238,"level":"info","message":"Rendering template { name: orders-main, recipe: chrome-pdf, engine: handlebars, preview: true }","meta":{"rootId":"3b9h15tag2qxw76","id":"3b9h15tag2qxw76"},"id":"ybhvdvn8vb1hx0e","previousOperationId":"i6c1twaanb1rtcn"}
{"type":"log","timestamp":1692834645243,"level":"debug","message":"Data item not defined for this template.","meta":{"rootId":"3b9h15tag2qxw76","id":"3b9h15tag2qxw76"},"id":"f09642z8w4yd0m0","previousOperationId":"i6c1twaanb1rtcn"}
{"type":"log","timestamp":1692834645260,"level":"debug","message":"Executing script orders-script (beforeRender)","meta":{"rootId":"3b9h15tag2qxw76","id":"3b9h15tag2qxw76"},"id":"zwu07mvujzsfgxv","previousOperationId":"i6c1twaanb1rtcn"}
{"type":"operationStart","subtype":"scriptsBeforeRender","name":"scripts beforeRender","timestamp":1692834645276,"id":"56ongnclmi085jc","previousEventId":"k2a33mbhqsx7dbu","operationId":"9do185dm21ebute","previousOperationId":"i6c1twaanb1rtcn"}
{"type":"operationStart","subtype":"script","name":"scripts orders-script","previousOperationId":"9do185dm21ebute","timestamp":1692834645276,"id":"epi2jk1gfin2bnz","previousEventId":"56ongnclmi085jc","operationId":"g0dgom7p37f3skx"}
{"type":"operationEnd","operationId":"g0dgom7p37f3skx","timestamp":1692834646506,"id":"9e41ff59q15j11s","previousEventId":"k2a33mbhqsx7dbu","previousOperationId":"i6c1twaanb1rtcn"}
{"type":"operationEnd","operationId":"9do185dm21ebute","timestamp":1692834646506,"id":"qx1tde0r3oqe4te","previousEventId":"9e41ff59q15j11s","previousOperationId":"i6c1twaanb1rtcn"}
{"type":"log","timestamp":1692834646506,"level":"debug","message":"Base url not specified, skipping its injection.","meta":{"rootId":"3b9h15tag2qxw76","id":"3b9h15tag2qxw76"},"id":"nb4hsz9kol67avf","previousOperationId":"9do185dm21ebute"}
{"type":"operationStart","subtype":"engine","name":"handlebars","timestamp":1692834646509,"id":"oeoaz0esuqv4pz3","previousEventId":"qx1tde0r3oqe4te","operationId":"5evvyimi4nfe4i0","previousOperationId":"9do185dm21ebute"}
{"type":"log","timestamp":1692834646509,"level":"debug","message":"Rendering engine handlebars","meta":{"rootId":"3b9h15tag2qxw76","id":"3b9h15tag2qxw76"},"id":"0hyypii2syjrzgv","previousOperationId":"5evvyimi4nfe4i0"}
{"type":"log","timestamp":1692834646620,"level":"debug","message":"(console:log) Pdf utils adding group field, value: \"France\"","meta":{"userLevel":true,"rootId":"3b9h15tag2qxw76","id":"3b9h15tag2qxw76"},"id":"0u3czkfjw90b4yb","previousOperationId":"5evvyimi4nfe4i0"}
{"type":"log","timestamp":1692834646621,"level":"debug","message":"(console:log) Pdf utils adding group field, value: \"Germany\"","meta":{"userLevel":true,"rootId":"3b9h15tag2qxw76","id":"3b9h15tag2qxw76"},"id":"r1jw6ti9hiki1co","previousOperationId":"5evvyimi4nfe4i0"}
{"type":"operationEnd","operationId":"5evvyimi4nfe4i0","timestamp":1692834646622,"id":"ofg25wbfzp22slt","previousEventId":"oeoaz0esuqv4pz3","previousOperationId":"5evvyimi4nfe4i0"}
{"type":"operationStart","subtype":"recipe","name":"chrome-pdf","timestamp":1692834646624,"id":"1xa55ffwcyigqu9","previousEventId":"ofg25wbfzp22slt","operationId":"6w23tgzhwuphr9p","previousOperationId":"5evvyimi4nfe4i0"}
{"type":"log","timestamp":1692834646624,"level":"debug","message":"Executing recipe chrome-pdf","meta":{"rootId":"3b9h15tag2qxw76","id":"3b9h15tag2qxw76"},"id":"lid1aef7288sc5e","previousOperationId":"6w23tgzhwuphr9p"}
{"type":"log","timestamp":1692834646638,"level":"debug","message":"Converting with chrome HeadlessChrome/114.0.5735.90 using chrome-pool strategy","meta":{"rootId":"3b9h15tag2qxw76","id":"3b9h15tag2qxw76"},"id":"gxgb0dybx98syey","previousOperationId":"6w23tgzhwuphr9p"}
{"type":"log","timestamp":1692834646995,"level":"debug","message":"Page request: GET (document) file:///var/folders/4s/5nqc4dmn10g5kx7sd84ykx100000gn/T/jsreport/autocleanup/8c6537e2-d7e7-41fa-a368-e7ff18be9789-chrome-pdf.html","meta":{"rootId":"3b9h15tag2qxw76","id":"3b9h15tag2qxw76"},"id":"pkj8l4s3j2ibw9p","previousOperationId":"6w23tgzhwuphr9p"}
{"type":"log","timestamp":1692834647034,"level":"debug","message":"Page request: GET (stylesheet) https://cdnjs.cloudflare.com/ajax/libs/metro/4.1.5/css/metro.min.css","meta":{"rootId":"3b9h15tag2qxw76","id":"3b9h15tag2qxw76"},"id":"hq676nd1fpqrspl","previousOperationId":"6w23tgzhwuphr9p"}
{"type":"log","timestamp":1692834647035,"level":"debug","message":"Page request: GET (script) https://cdnjs.cloudflare.com/ajax/libs/Chart.js/2.7.2/Chart.min.js","meta":{"rootId":"3b9h15tag2qxw76","id":"3b9h15tag2qxw76"},"id":"wnm8as0i6bwb18f","previousOperationId":"6w23tgzhwuphr9p"}
{"type":"log","timestamp":1692834647048,"level":"debug","message":"Page request finished: GET (document) 200 file:///var/folders/4s/5nqc4dmn10g5kx7sd84ykx100000gn/T/jsreport/autocleanup/8c6537e2-d7e7-41fa-a368-e7ff18be9789-chrome-pdf.html","meta":{"rootId":"3b9h15tag2qxw76","id":"3b9h15tag2qxw76"},"id":"vyy805mhthglic8","previousOperationId":"6w23tgzhwuphr9p"}
{"type":"log","timestamp":1692834647083,"level":"debug","message":"Page request finished: GET (stylesheet) 200 https://cdnjs.cloudflare.com/ajax/libs/metro/4.1.5/css/metro.min.css","meta":{"rootId":"3b9h15tag2qxw76","id":"3b9h15tag2qxw76"},"id":"7x8b5mg3hd3gulu","previousOperationId":"6w23tgzhwuphr9p"}
{"type":"log","timestamp":1692834647107,"level":"debug","message":"Page request finished: GET (script) 200 https://cdnjs.cloudflare.com/ajax/libs/Chart.js/2.7.2/Chart.min.js","meta":{"rootId":"3b9h15tag2qxw76","id":"3b9h15tag2qxw76"},"id":"yaeb2otehx19kws","previousOperationId":"6w23tgzhwuphr9p"}
{"type":"log","timestamp":1692834647371,"level":"debug","message":"Running chrome with params {\"printBackground\":true,\"marginTop\":\"4cm\",\"marginRight\":\"1.5cm\",\"marginBottom\":\"1.5cm\",\"marginLeft\":\"1.5cm\",\"waitForJS\":false,\"timeout\":58589,\"margin\":{\"top\":\"4cm\",\"right\":\"1.5cm\",\"bottom\":\"1.5cm\",\"left\":\"1.5cm\"}}","meta":{"rootId":"3b9h15tag2qxw76","id":"3b9h15tag2qxw76"},"id":"wci85u53tvqiezz","previousOperationId":"6w23tgzhwuphr9p"}
{"type":"operationEnd","operationId":"6w23tgzhwuphr9p","timestamp":1692834647911,"id":"zb9khr3ph8n3h5j","previousEventId":"1xa55ffwcyigqu9","previousOperationId":"6w23tgzhwuphr9p"}
{"type":"log","timestamp":1692834647911,"level":"info","message":"pdf-utils is starting pdf processing","meta":{"rootId":"3b9h15tag2qxw76","id":"3b9h15tag2qxw76"},"id":"we8w0t7mw3qy10n","previousOperationId":"6w23tgzhwuphr9p"}
{"type":"operationStart","subtype":"pdfUtils","name":"pdf utils","timestamp":1692834647911,"id":"uth375rvp1n9ulg","previousEventId":"zb9khr3ph8n3h5j","operationId":"nrb7k662picnm04","previousOperationId":"6w23tgzhwuphr9p"}
{"type":"log","timestamp":1692834647911,"level":"debug","message":"pdf-utils detected 1 pdf operation(s) to process","meta":{"rootId":"3b9h15tag2qxw76","id":"3b9h15tag2qxw76"},"id":"synzwufxle1o6ye","previousOperationId":"nrb7k662picnm04"}
{"type":"log","timestamp":1692834648180,"level":"debug","message":"pdf-utils running pdf operation merge","meta":{"rootId":"3b9h15tag2qxw76","id":"3b9h15tag2qxw76"},"id":"xf6v4kun0jszdcb","previousOperationId":"nrb7k662picnm04"}
{"type":"operationStart","subtype":"pdfUtilsMerge","name":"pdf utils merge","previousOperationId":"nrb7k662picnm04","timestamp":1692834648180,"id":"m3gf49dgwnp2lwq","previousEventId":"uth375rvp1n9ulg","operationId":"051ggsqpign7or2"}
{"type":"operationStart","subtype":"render","name":"orders-header","previousOperationId":"051ggsqpign7or2","timestamp":1692834648190,"id":"b5qd24yhx4glmla","previousEventId":"m3gf49dgwnp2lwq","operationId":"blb49ysbl26h1jy"}
{"type":"log","timestamp":1692834648190,"level":"info","message":"Starting rendering (child) request","meta":{"rootId":"3b9h15tag2qxw76","id":"43uwc2skcyxcsvd"},"id":"6p2pw957xfy4p6p","previousOperationId":"blb49ysbl26h1jy"}
{"type":"log","timestamp":1692834648190,"level":"info","message":"Rendering template { name: orders-header, recipe: chrome-pdf, engine: handlebars, preview: true }","meta":{"rootId":"3b9h15tag2qxw76","id":"43uwc2skcyxcsvd"},"id":"d529zqbbtc9hkdy","previousOperationId":"blb49ysbl26h1jy"}
{"type":"log","timestamp":1692834648202,"level":"debug","message":"Inline data specified.","meta":{"rootId":"3b9h15tag2qxw76","id":"43uwc2skcyxcsvd"},"id":"ivzn7iojcdij79r","previousOperationId":"blb49ysbl26h1jy"}
{"type":"log","timestamp":1692834648273,"level":"debug","message":"Base url not specified, skipping its injection.","meta":{"rootId":"3b9h15tag2qxw76","id":"43uwc2skcyxcsvd"},"id":"1wdts5k37f2ckab","previousOperationId":"blb49ysbl26h1jy"}
{"type":"operationStart","subtype":"engine","name":"handlebars","timestamp":1692834648289,"id":"uqnet1ev14edzq3","previousEventId":"b5qd24yhx4glmla","operationId":"wh951oijgagq06f","previousOperationId":"blb49ysbl26h1jy"}
{"type":"log","timestamp":1692834648289,"level":"debug","message":"Rendering engine handlebars","meta":{"rootId":"3b9h15tag2qxw76","id":"43uwc2skcyxcsvd"},"id":"4k9k9celtqj6cj0","previousOperationId":"wh951oijgagq06f"}
{"type":"operationEnd","operationId":"wh951oijgagq06f","timestamp":1692834648401,"id":"gvwperupnanj3ja","previousEventId":"uqnet1ev14edzq3","previousOperationId":"wh951oijgagq06f"}
{"type":"operationStart","subtype":"recipe","name":"chrome-pdf","timestamp":1692834648401,"id":"xthwlea80vz3a2m","previousEventId":"gvwperupnanj3ja","operationId":"tu6jui3zuu7qeuy","previousOperationId":"wh951oijgagq06f"}
{"type":"log","timestamp":1692834648401,"level":"debug","message":"Executing recipe chrome-pdf","meta":{"rootId":"3b9h15tag2qxw76","id":"43uwc2skcyxcsvd"},"id":"beenzx90lpr3i46","previousOperationId":"tu6jui3zuu7qeuy"}
{"type":"log","timestamp":1692834648419,"level":"debug","message":"Converting with chrome HeadlessChrome/114.0.5735.90 using chrome-pool strategy","meta":{"rootId":"3b9h15tag2qxw76","id":"43uwc2skcyxcsvd"},"id":"8p2f9juuo3i8np8","previousOperationId":"tu6jui3zuu7qeuy"}
{"type":"log","timestamp":1692834648730,"level":"debug","message":"Page request: GET (document) file:///var/folders/4s/5nqc4dmn10g5kx7sd84ykx100000gn/T/jsreport/autocleanup/72052ebc-26a8-40e8-bf59-5f6bfccb07eb-chrome-pdf.html","meta":{"rootId":"3b9h15tag2qxw76","id":"43uwc2skcyxcsvd"},"id":"0bkuprc0xd9txex","previousOperationId":"tu6jui3zuu7qeuy"}
{"type":"log","timestamp":1692834648750,"level":"debug","message":"Page request: GET (stylesheet) https://cdnjs.cloudflare.com/ajax/libs/metro/4.1.5/css/metro.min.css","meta":{"rootId":"3b9h15tag2qxw76","id":"43uwc2skcyxcsvd"},"id":"6paufb40hb8k0rf","previousOperationId":"tu6jui3zuu7qeuy"}
{"type":"log","timestamp":1692834648751,"level":"debug","message":"Page request finished: GET (document) 200 file:///var/folders/4s/5nqc4dmn10g5kx7sd84ykx100000gn/T/jsreport/autocleanup/72052ebc-26a8-40e8-bf59-5f6bfccb07eb-chrome-pdf.html","meta":{"rootId":"3b9h15tag2qxw76","id":"43uwc2skcyxcsvd"},"id":"m63ycckedj7y6bn","previousOperationId":"tu6jui3zuu7qeuy"}
{"type":"log","timestamp":1692834648780,"level":"debug","message":"Page request finished: GET (stylesheet) 200 https://cdnjs.cloudflare.com/ajax/libs/metro/4.1.5/css/metro.min.css","meta":{"rootId":"3b9h15tag2qxw76","id":"43uwc2skcyxcsvd"},"id":"rv0kbp0c4dthpwq","previousOperationId":"tu6jui3zuu7qeuy"}
{"type":"log","timestamp":1692834649097,"level":"debug","message":"Running chrome with params {\"printBackground\":true,\"marginTop\":\"1.5cm\",\"marginRight\":\"1.5cm\",\"marginLeft\":\"1.cm\",\"timeout\":56800,\"margin\":{\"top\":\"1.5cm\",\"right\":\"1.5cm\",\"left\":\"1.cm\"}}","meta":{"rootId":"3b9h15tag2qxw76","id":"43uwc2skcyxcsvd"},"id":"zk9s18je12894gv","previousOperationId":"tu6jui3zuu7qeuy"}
{"type":"operationEnd","operationId":"tu6jui3zuu7qeuy","timestamp":1692834649268,"id":"v0dkpq2w7zxp9jn","previousEventId":"xthwlea80vz3a2m","previousOperationId":"tu6jui3zuu7qeuy"}
{"type":"log","timestamp":1692834649268,"level":"debug","message":"Skipping storing report.","meta":{"rootId":"3b9h15tag2qxw76","id":"43uwc2skcyxcsvd"},"id":"tsbs4yiv8ouu9kx","previousOperationId":"tu6jui3zuu7qeuy"}
{"type":"log","timestamp":1692834649268,"level":"info","message":"Rendering (child) request finished in 4050 ms","meta":{"rootId":"3b9h15tag2qxw76","id":"43uwc2skcyxcsvd"},"id":"782bs3xll24n1e9","previousOperationId":"tu6jui3zuu7qeuy"}
{"type":"operationEnd","subtype":"render","operationId":"blb49ysbl26h1jy","timestamp":1692834649268,"id":"0sc2so5q78k1u1f","previousEventId":"v0dkpq2w7zxp9jn","previousOperationId":"tu6jui3zuu7qeuy"}
{"type":"operationEnd","operationId":"051ggsqpign7or2","timestamp":1692834649334,"id":"nk1bsvpdkm6pnid","previousEventId":"m3gf49dgwnp2lwq","previousOperationId":"051ggsqpign7or2"}
{"type":"log","timestamp":1692834649334,"level":"debug","message":"pdf-utils postproces start","meta":{"rootId":"3b9h15tag2qxw76","id":"3b9h15tag2qxw76"},"id":"nc07xsqo7fusq9c","previousOperationId":"051ggsqpign7or2"}
{"type":"log","timestamp":1692834649436,"level":"debug","message":"pdf-utils postproces end","meta":{"rootId":"3b9h15tag2qxw76","id":"3b9h15tag2qxw76"},"id":"cfts0etcp6yceq5","previousOperationId":"051ggsqpign7or2"}
{"type":"operationEnd","operationId":"nrb7k662picnm04","timestamp":1692834649436,"id":"451jrmuwi1vh3ry","previousEventId":"nk1bsvpdkm6pnid","previousOperationId":"051ggsqpign7or2"}
{"type":"log","timestamp":1692834649436,"level":"info","message":"pdf-utils pdf processing was finished","meta":{"rootId":"3b9h15tag2qxw76","id":"3b9h15tag2qxw76"},"id":"el16geanmo5nqz0","previousOperationId":"nrb7k662picnm04"}
{"type":"log","timestamp":1692834649436,"level":"debug","message":"Skipping storing report.","meta":{"rootId":"3b9h15tag2qxw76","id":"3b9h15tag2qxw76"},"id":"38b7cfsmi0eo33h","previousOperationId":"nrb7k662picnm04"}
{"type":"log","timestamp":1692834649436,"level":"info","message":"Rendering request 7 finished in 4218 ms","meta":{"rootId":"3b9h15tag2qxw76","id":"3b9h15tag2qxw76"},"id":"6noi8cbbyht1ziz","previousOperationId":"nrb7k662picnm04"}
{"type":"operationEnd","subtype":"render","operationId":"i6c1twaanb1rtcn","timestamp":1692834649436,"id":"jbvtv696hjkppaz","previousEventId":"451jrmuwi1vh3ry","previousOperationId":"nrb7k662picnm04"}
{"type":"operationEnd","doDiffs":false,"previousEventId":"ejomfkfktftgk4g","previousOperationId":"tw4itizd4u3acmc","operationId":"tw4itizd4u3acmc","timestamp":1692834649764,"id":"s0am20j8gp79yb4"}
