{"type":"operationStart","subtype":"profile","data":{"_id":"n2Ca5QdoAgTGKBMT","timestamp":"2023-08-23T23:50:10.549Z","state":"queued","mode":"standard","creationDate":"2023-08-23T23:50:10.553Z","modificationDate":"2023-08-23T23:50:10.553Z","shortid":"F2RR4eN","$entitySet":"profiles"},"doDiffs":false,"timestamp":1692834610552,"id":"x5xt18qnnywbq2h","previousOperationId":null,"operationId":"2ywjg3w90a4prim"}
{"type":"log","level":"info","message":"Render request 5 queued for execution and waiting for available worker","previousOperationId":"2ywjg3w90a4prim","timestamp":1692834610553,"id":"t97a1nvimnzvick"}
{"type":"operationStart","subtype":"render","name":"orders-main","previousOperationId":"2ywjg3w90a4prim","timestamp":1692834610621,"id":"6y2bl2rxc1m27nf","previousEventId":"x5xt18qnnywbq2h","operationId":"gjrz89v46am3h9a"}
{"type":"log","timestamp":1692834610621,"level":"info","message":"Starting rendering request 5","meta":{"rootId":"4s7j4vmzyk9p7xo","id":"4s7j4vmzyk9p7xo"},"id":"j1z80apiut964yp","previousOperationId":"gjrz89v46am3h9a"}
{"type":"log","timestamp":1692834610622,"level":"info","message":"Rendering template { name: orders-main, recipe: chrome-pdf, engine: handlebars, preview: true }","meta":{"rootId":"4s7j4vmzyk9p7xo","id":"4s7j4vmzyk9p7xo"},"id":"a57hgrjvzz4s5v8","previousOperationId":"gjrz89v46am3h9a"}
{"type":"log","timestamp":1692834610639,"level":"debug","message":"Data item not defined for this template.","meta":{"rootId":"4s7j4vmzyk9p7xo","id":"4s7j4vmzyk9p7xo"},"id":"8pbgog1fmtphgb5","previousOperationId":"gjrz89v46am3h9a"}
{"type":"log","timestamp":1692834610710,"level":"debug","message":"Executing script orders-script (beforeRender)","meta":{"rootId":"4s7j4vmzyk9p7xo","id":"4s7j4vmzyk9p7xo"},"id":"vey9wgea0rh9oew","previousOperationId":"gjrz89v46am3h9a"}
{"type":"operationStart","subtype":"scriptsBeforeRender","name":"scripts beforeRender","timestamp":1692834610755,"id":"pfqrx7c5xwqw802","previousEventId":"6y2bl2rxc1m27nf","operationId":"dnx39eejbmbj00l","previousOperationId":"gjrz89v46am3h9a"}
{"type":"operationStart","subtype":"script","name":"scripts orders-script","previousOperationId":"dnx39eejbmbj00l","timestamp":1692834610756,"id":"210d1n1ibo92k1j","previousEventId":"pfqrx7c5xwqw802","operationId":"c5nto09ho536fp5"}
{"type":"operationEnd","operationId":"c5nto09ho536fp5","timestamp":1692834612023,"id":"djqfom0btctjncn","previousEventId":"6y2bl2rxc1m27nf","previousOperationId":"gjrz89v46am3h9a"}
{"type":"operationEnd","operationId":"dnx39eejbmbj00l","timestamp":1692834612023,"id":"xyxh1raiq32up4l","previousEventId":"djqfom0btctjncn","previousOperationId":"gjrz89v46am3h9a"}
{"type":"log","timestamp":1692834612023,"level":"debug","message":"Base url not specified, skipping its injection.","meta":{"rootId":"4s7j4vmzyk9p7xo","id":"4s7j4vmzyk9p7xo"},"id":"1plq5enmx9cgzns","previousOperationId":"dnx39eejbmbj00l"}
{"type":"operationStart","subtype":"engine","name":"handlebars","timestamp":1692834612025,"id":"nzcxgedi28mj132","previousEventId":"xyxh1raiq32up4l","operationId":"jymgl2mb1zxhtoj","previousOperationId":"dnx39eejbmbj00l"}
{"type":"log","timestamp":1692834612025,"level":"debug","message":"Rendering engine handlebars","meta":{"rootId":"4s7j4vmzyk9p7xo","id":"4s7j4vmzyk9p7xo"},"id":"whyazmr0ac5ys87","previousOperationId":"jymgl2mb1zxhtoj"}
{"type":"log","timestamp":1692834612062,"level":"debug","message":"(console:log) Pdf utils adding group field, value: \"France\"","meta":{"userLevel":true,"rootId":"4s7j4vmzyk9p7xo","id":"4s7j4vmzyk9p7xo"},"id":"nmhytw9ascn3rsu","previousOperationId":"jymgl2mb1zxhtoj"}
{"type":"log","timestamp":1692834612063,"level":"debug","message":"(console:log) Pdf utils adding group field, value: \"Germany\"","meta":{"userLevel":true,"rootId":"4s7j4vmzyk9p7xo","id":"4s7j4vmzyk9p7xo"},"id":"2d574unyle56vtk","previousOperationId":"jymgl2mb1zxhtoj"}
{"type":"operationEnd","operationId":"jymgl2mb1zxhtoj","timestamp":1692834612063,"id":"lhjffcmc9y09cok","previousEventId":"nzcxgedi28mj132","previousOperationId":"jymgl2mb1zxhtoj"}
{"type":"operationStart","subtype":"recipe","name":"chrome-pdf","timestamp":1692834612064,"id":"vqk9lc2z2wup1ae","previousEventId":"lhjffcmc9y09cok","operationId":"tulrov7olzhm5ri","previousOperationId":"jymgl2mb1zxhtoj"}
{"type":"log","timestamp":1692834612064,"level":"debug","message":"Executing recipe chrome-pdf","meta":{"rootId":"4s7j4vmzyk9p7xo","id":"4s7j4vmzyk9p7xo"},"id":"5v2rhea0u6tx1xt","previousOperationId":"tulrov7olzhm5ri"}
{"type":"log","timestamp":1692834612094,"level":"debug","message":"Converting with chrome HeadlessChrome/114.0.5735.90 using chrome-pool strategy","meta":{"rootId":"4s7j4vmzyk9p7xo","id":"4s7j4vmzyk9p7xo"},"id":"y274gedrpxuf9rs","previousOperationId":"tulrov7olzhm5ri"}
{"type":"log","timestamp":1692834612393,"level":"debug","message":"Page request: GET (document) file:///var/folders/4s/5nqc4dmn10g5kx7sd84ykx100000gn/T/jsreport/autocleanup/14ea5e5f-3784-4d6b-9912-368ce8b2b6d6-chrome-pdf.html","meta":{"rootId":"4s7j4vmzyk9p7xo","id":"4s7j4vmzyk9p7xo"},"id":"ayjj2cuj5v7q0ge","previousOperationId":"tulrov7olzhm5ri"}
{"type":"log","timestamp":1692834612415,"level":"debug","message":"Page request: GET (stylesheet) https://cdnjs.cloudflare.com/ajax/libs/metro/4.1.5/css/metro.min.css","meta":{"rootId":"4s7j4vmzyk9p7xo","id":"4s7j4vmzyk9p7xo"},"id":"sf1q3mmkdspqnqy","previousOperationId":"tulrov7olzhm5ri"}
{"type":"log","timestamp":1692834612416,"level":"debug","message":"Page request: GET (script) https://cdnjs.cloudflare.com/ajax/libs/Chart.js/2.7.2/Chart.min.js","meta":{"rootId":"4s7j4vmzyk9p7xo","id":"4s7j4vmzyk9p7xo"},"id":"pg0uedpnjr72mu8","previousOperationId":"tulrov7olzhm5ri"}
{"type":"log","timestamp":1692834612421,"level":"debug","message":"Page request finished: GET (document) 200 file:///var/folders/4s/5nqc4dmn10g5kx7sd84ykx100000gn/T/jsreport/autocleanup/14ea5e5f-3784-4d6b-9912-368ce8b2b6d6-chrome-pdf.html","meta":{"rootId":"4s7j4vmzyk9p7xo","id":"4s7j4vmzyk9p7xo"},"id":"ed4ex6for1045r7","previousOperationId":"tulrov7olzhm5ri"}
{"type":"log","timestamp":1692834612446,"level":"debug","message":"Page request finished: GET (stylesheet) 200 https://cdnjs.cloudflare.com/ajax/libs/metro/4.1.5/css/metro.min.css","meta":{"rootId":"4s7j4vmzyk9p7xo","id":"4s7j4vmzyk9p7xo"},"id":"bolwlg49k7wrsn3","previousOperationId":"tulrov7olzhm5ri"}
{"type":"log","timestamp":1692834612456,"level":"debug","message":"Page request finished: GET (script) 200 https://cdnjs.cloudflare.com/ajax/libs/Chart.js/2.7.2/Chart.min.js","meta":{"rootId":"4s7j4vmzyk9p7xo","id":"4s7j4vmzyk9p7xo"},"id":"xvt41dkszy9p0ut","previousOperationId":"tulrov7olzhm5ri"}
{"type":"log","timestamp":1692834612632,"level":"debug","message":"Running chrome with params {\"printBackground\":true,\"marginTop\":\"4cm\",\"marginRight\":\"1.5cm\",\"marginBottom\":\"1.5cm\",\"marginLeft\":\"1.5cm\",\"waitForJS\":false,\"timeout\":58457,\"margin\":{\"top\":\"4cm\",\"right\":\"1.5cm\",\"bottom\":\"1.5cm\",\"left\":\"1.5cm\"}}","meta":{"rootId":"4s7j4vmzyk9p7xo","id":"4s7j4vmzyk9p7xo"},"id":"7krfb5dhr9mopdw","previousOperationId":"tulrov7olzhm5ri"}
{"type":"operationEnd","operationId":"tulrov7olzhm5ri","timestamp":1692834613262,"id":"bbt7fhu366spqeb","previousEventId":"vqk9lc2z2wup1ae","previousOperationId":"tulrov7olzhm5ri"}
{"type":"log","timestamp":1692834613262,"level":"info","message":"pdf-utils is starting pdf processing","meta":{"rootId":"4s7j4vmzyk9p7xo","id":"4s7j4vmzyk9p7xo"},"id":"sslur1vtzyvrvix","previousOperationId":"tulrov7olzhm5ri"}
{"type":"operationStart","subtype":"pdfUtils","name":"pdf utils","timestamp":1692834613262,"id":"viun7x703enz26l","previousEventId":"bbt7fhu366spqeb","operationId":"tcz0go47177a681","previousOperationId":"tulrov7olzhm5ri"}
{"type":"log","timestamp":1692834613263,"level":"debug","message":"pdf-utils detected 1 pdf operation(s) to process","meta":{"rootId":"4s7j4vmzyk9p7xo","id":"4s7j4vmzyk9p7xo"},"id":"iqr2tmjmmkppkh3","previousOperationId":"tcz0go47177a681"}
{"type":"log","timestamp":1692834613765,"level":"debug","message":"pdf-utils running pdf operation merge","meta":{"rootId":"4s7j4vmzyk9p7xo","id":"4s7j4vmzyk9p7xo"},"id":"yn1p98ijqxu2a4s","previousOperationId":"tcz0go47177a681"}
{"type":"operationStart","subtype":"pdfUtilsMerge","name":"pdf utils merge","previousOperationId":"tcz0go47177a681","timestamp":1692834613765,"id":"k10r6egkx6cub91","previousEventId":"viun7x703enz26l","operationId":"die3z6v8ds9hxx3"}
{"type":"operationStart","subtype":"render","name":"orders-header","previousOperationId":"die3z6v8ds9hxx3","timestamp":1692834613785,"id":"pz6jnf3j80wkt9w","previousEventId":"k10r6egkx6cub91","operationId":"yoiqxllo5ewn6d3"}
{"type":"log","timestamp":1692834613785,"level":"info","message":"Starting rendering (child) request","meta":{"rootId":"4s7j4vmzyk9p7xo","id":"ks2s1kljv3xbbgx"},"id":"7v9p21nkyu86mxa","previousOperationId":"yoiqxllo5ewn6d3"}
{"type":"log","timestamp":1692834613785,"level":"info","message":"Rendering template { name: orders-header, recipe: chrome-pdf, engine: handlebars, preview: true }","meta":{"rootId":"4s7j4vmzyk9p7xo","id":"ks2s1kljv3xbbgx"},"id":"nmc7jyqvmkvbgmc","previousOperationId":"yoiqxllo5ewn6d3"}
{"type":"log","timestamp":1692834613965,"level":"debug","message":"Inline data specified.","meta":{"rootId":"4s7j4vmzyk9p7xo","id":"ks2s1kljv3xbbgx"},"id":"rzjibuhd0bj1zxt","previousOperationId":"yoiqxllo5ewn6d3"}
{"type":"log","timestamp":1692834614018,"level":"debug","message":"Base url not specified, skipping its injection.","meta":{"rootId":"4s7j4vmzyk9p7xo","id":"ks2s1kljv3xbbgx"},"id":"5pw4y5dbyseu3j3","previousOperationId":"yoiqxllo5ewn6d3"}
{"type":"operationStart","subtype":"engine","name":"handlebars","timestamp":1692834614018,"id":"u0zbercplkwy4p7","previousEventId":"pz6jnf3j80wkt9w","operationId":"yab1499uxukox7t","previousOperationId":"yoiqxllo5ewn6d3"}
{"type":"log","timestamp":1692834614018,"level":"debug","message":"Rendering engine handlebars","meta":{"rootId":"4s7j4vmzyk9p7xo","id":"ks2s1kljv3xbbgx"},"id":"kxs1b9txhjpgq1m","previousOperationId":"yab1499uxukox7t"}
{"type":"operationEnd","operationId":"yab1499uxukox7t","timestamp":1692834614132,"id":"5phndnblsovonkc","previousEventId":"u0zbercplkwy4p7","previousOperationId":"yab1499uxukox7t"}
{"type":"operationStart","subtype":"recipe","name":"chrome-pdf","timestamp":1692834614133,"id":"617pmhab611g6nu","previousEventId":"5phndnblsovonkc","operationId":"2lbbos7mw15j51s","previousOperationId":"yab1499uxukox7t"}
{"type":"log","timestamp":1692834614133,"level":"debug","message":"Executing recipe chrome-pdf","meta":{"rootId":"4s7j4vmzyk9p7xo","id":"ks2s1kljv3xbbgx"},"id":"xd81jrpuo1xizps","previousOperationId":"2lbbos7mw15j51s"}
{"type":"log","timestamp":1692834614136,"level":"debug","message":"Converting with chrome HeadlessChrome/114.0.5735.90 using chrome-pool strategy","meta":{"rootId":"4s7j4vmzyk9p7xo","id":"ks2s1kljv3xbbgx"},"id":"cmttwyxqdjes08l","previousOperationId":"2lbbos7mw15j51s"}
{"type":"log","timestamp":1692834614485,"level":"debug","message":"Page request: GET (document) file:///var/folders/4s/5nqc4dmn10g5kx7sd84ykx100000gn/T/jsreport/autocleanup/11da1cd2-4db9-479a-b185-3428c3482177-chrome-pdf.html","meta":{"rootId":"4s7j4vmzyk9p7xo","id":"ks2s1kljv3xbbgx"},"id":"6t2udd48yptn76m","previousOperationId":"2lbbos7mw15j51s"}
{"type":"log","timestamp":1692834614581,"level":"debug","message":"Page request: GET (stylesheet) https://cdnjs.cloudflare.com/ajax/libs/metro/4.1.5/css/metro.min.css","meta":{"rootId":"4s7j4vmzyk9p7xo","id":"ks2s1kljv3xbbgx"},"id":"0kd3toexcati17t","previousOperationId":"2lbbos7mw15j51s"}
{"type":"log","timestamp":1692834614587,"level":"debug","message":"Page request finished: GET (document) 200 file:///var/folders/4s/5nqc4dmn10g5kx7sd84ykx100000gn/T/jsreport/autocleanup/11da1cd2-4db9-479a-b185-3428c3482177-chrome-pdf.html","meta":{"rootId":"4s7j4vmzyk9p7xo","id":"ks2s1kljv3xbbgx"},"id":"1mjh1x9f3tb4mt0","previousOperationId":"2lbbos7mw15j51s"}
{"type":"log","timestamp":1692834614721,"level":"debug","message":"Page request finished: GET (stylesheet) 200 https://cdnjs.cloudflare.com/ajax/libs/metro/4.1.5/css/metro.min.css","meta":{"rootId":"4s7j4vmzyk9p7xo","id":"ks2s1kljv3xbbgx"},"id":"fyq353tnxmqaihl","previousOperationId":"2lbbos7mw15j51s"}
{"type":"log","timestamp":1692834614971,"level":"debug","message":"Running chrome with params {\"printBackground\":true,\"marginTop\":\"1.5cm\",\"marginRight\":\"1.5cm\",\"marginLeft\":\"1.cm\",\"timeout\":56414,\"margin\":{\"top\":\"1.5cm\",\"right\":\"1.5cm\",\"left\":\"1.cm\"}}","meta":{"rootId":"4s7j4vmzyk9p7xo","id":"ks2s1kljv3xbbgx"},"id":"ritjriw6k65am1f","previousOperationId":"2lbbos7mw15j51s"}
{"type":"operationEnd","operationId":"2lbbos7mw15j51s","timestamp":1692834615158,"id":"2yo78wni1rgb8xm","previousEventId":"617pmhab611g6nu","previousOperationId":"2lbbos7mw15j51s"}
{"type":"log","timestamp":1692834615158,"level":"debug","message":"Skipping storing report.","meta":{"rootId":"4s7j4vmzyk9p7xo","id":"ks2s1kljv3xbbgx"},"id":"exuc44jk6d0y7eu","previousOperationId":"2lbbos7mw15j51s"}
{"type":"log","timestamp":1692834615158,"level":"info","message":"Rendering (child) request finished in 4609 ms","meta":{"rootId":"4s7j4vmzyk9p7xo","id":"ks2s1kljv3xbbgx"},"id":"w7ey9druiu23ne6","previousOperationId":"2lbbos7mw15j51s"}
{"type":"operationEnd","subtype":"render","operationId":"yoiqxllo5ewn6d3","timestamp":1692834615158,"id":"yzk9xhwxqpi11qj","previousEventId":"2yo78wni1rgb8xm","previousOperationId":"2lbbos7mw15j51s"}
{"type":"operationEnd","operationId":"die3z6v8ds9hxx3","timestamp":1692834615284,"id":"t0fi1260uwj6mmd","previousEventId":"k10r6egkx6cub91","previousOperationId":"die3z6v8ds9hxx3"}
{"type":"log","timestamp":1692834615284,"level":"debug","message":"pdf-utils postproces start","meta":{"rootId":"4s7j4vmzyk9p7xo","id":"4s7j4vmzyk9p7xo"},"id":"r8e899ls9gcehsw","previousOperationId":"die3z6v8ds9hxx3"}
{"type":"log","timestamp":1692834615501,"level":"debug","message":"pdf-utils postproces end","meta":{"rootId":"4s7j4vmzyk9p7xo","id":"4s7j4vmzyk9p7xo"},"id":"xith0xlabq5sxxt","previousOperationId":"die3z6v8ds9hxx3"}
{"type":"operationEnd","operationId":"tcz0go47177a681","timestamp":1692834615501,"id":"pms37bs2m7kgoqk","previousEventId":"t0fi1260uwj6mmd","previousOperationId":"die3z6v8ds9hxx3"}
{"type":"log","timestamp":1692834615502,"level":"info","message":"pdf-utils pdf processing was finished","meta":{"rootId":"4s7j4vmzyk9p7xo","id":"4s7j4vmzyk9p7xo"},"id":"4i9hyubgqkcjtcj","previousOperationId":"tcz0go47177a681"}
{"type":"log","timestamp":1692834615503,"level":"debug","message":"Skipping storing report.","meta":{"rootId":"4s7j4vmzyk9p7xo","id":"4s7j4vmzyk9p7xo"},"id":"gfbc7xqe9bvxs19","previousOperationId":"tcz0go47177a681"}
{"type":"log","timestamp":1692834615503,"level":"info","message":"Rendering request 5 finished in 4954 ms","meta":{"rootId":"4s7j4vmzyk9p7xo","id":"4s7j4vmzyk9p7xo"},"id":"ak1h20174rvcn84","previousOperationId":"tcz0go47177a681"}
{"type":"operationEnd","subtype":"render","operationId":"gjrz89v46am3h9a","timestamp":1692834615503,"id":"5301ygvawon2q5u","previousEventId":"pms37bs2m7kgoqk","previousOperationId":"tcz0go47177a681"}
{"type":"operationEnd","doDiffs":false,"previousEventId":"x5xt18qnnywbq2h","previousOperationId":"2ywjg3w90a4prim","operationId":"2ywjg3w90a4prim","timestamp":1692834615532,"id":"350i2jrtl4wejw4"}
