{"type":"operationStart","subtype":"profile","data":{"_id":"veYGQ5P9YG5gPvzf","timestamp":"2023-08-23T23:48:34.297Z","state":"queued","mode":"standard","creationDate":"2023-08-23T23:48:34.299Z","modificationDate":"2023-08-23T23:48:34.299Z","shortid":"viiTTTF","$entitySet":"profiles"},"doDiffs":false,"timestamp":1692834514299,"id":"gp9tubcvovwohqv","previousOperationId":null,"operationId":"sy32g2sspkmm4bh"}
{"type":"log","level":"info","message":"Render request 3 queued for execution and waiting for available worker","previousOperationId":"sy32g2sspkmm4bh","timestamp":1692834514299,"id":"pduwgka9yhqtq8j"}
{"type":"operationStart","subtype":"render","name":"orders-main","previousOperationId":"sy32g2sspkmm4bh","timestamp":1692834514336,"id":"v4102djcgv95fda","previousEventId":"gp9tubcvovwohqv","operationId":"10b66sgnbt0nljs"}
{"type":"log","timestamp":1692834514336,"level":"info","message":"Starting rendering request 3","meta":{"rootId":"5xgsgpphy4ixsf1","id":"5xgsgpphy4ixsf1"},"id":"zscen7ugwi6c76z","previousOperationId":"10b66sgnbt0nljs"}
{"type":"log","timestamp":1692834514337,"level":"info","message":"Rendering template { name: orders-main, recipe: chrome-pdf, engine: handlebars, preview: true }","meta":{"rootId":"5xgsgpphy4ixsf1","id":"5xgsgpphy4ixsf1"},"id":"w4h082i2y8oe3ca","previousOperationId":"10b66sgnbt0nljs"}
{"type":"log","timestamp":1692834514360,"level":"debug","message":"Data item not defined for this template.","meta":{"rootId":"5xgsgpphy4ixsf1","id":"5xgsgpphy4ixsf1"},"id":"suhpdkaypu0okio","previousOperationId":"10b66sgnbt0nljs"}
{"type":"log","timestamp":1692834514370,"level":"debug","message":"Executing script orders-script (beforeRender)","meta":{"rootId":"5xgsgpphy4ixsf1","id":"5xgsgpphy4ixsf1"},"id":"ixhfpvdlk184hys","previousOperationId":"10b66sgnbt0nljs"}
{"type":"operationStart","subtype":"scriptsBeforeRender","name":"scripts beforeRender","timestamp":1692834514503,"id":"4wueoetfkzyc54d","previousEventId":"v4102djcgv95fda","operationId":"urtugk8f8bkfv83","previousOperationId":"10b66sgnbt0nljs"}
{"type":"operationStart","subtype":"script","name":"scripts orders-script","previousOperationId":"urtugk8f8bkfv83","timestamp":1692834514503,"id":"nr9bxxqxkye8n9d","previousEventId":"4wueoetfkzyc54d","operationId":"55znoucvioxa9as"}
{"type":"operationEnd","operationId":"55znoucvioxa9as","timestamp":1692834515858,"id":"7sfnsgxlfhox3em","previousEventId":"v4102djcgv95fda","previousOperationId":"10b66sgnbt0nljs"}
{"type":"operationEnd","operationId":"urtugk8f8bkfv83","timestamp":1692834515858,"id":"8lxcgczwb49s651","previousEventId":"7sfnsgxlfhox3em","previousOperationId":"10b66sgnbt0nljs"}
{"type":"log","timestamp":1692834515858,"level":"debug","message":"Base url not specified, skipping its injection.","meta":{"rootId":"5xgsgpphy4ixsf1","id":"5xgsgpphy4ixsf1"},"id":"03drymuirynoj8t","previousOperationId":"urtugk8f8bkfv83"}
{"type":"operationStart","subtype":"engine","name":"handlebars","timestamp":1692834515861,"id":"ackuaquz4vvg7bm","previousEventId":"8lxcgczwb49s651","operationId":"06vc37oku5z51tn","previousOperationId":"urtugk8f8bkfv83"}
{"type":"log","timestamp":1692834515861,"level":"debug","message":"Rendering engine handlebars","meta":{"rootId":"5xgsgpphy4ixsf1","id":"5xgsgpphy4ixsf1"},"id":"dclxyomghiypsz8","previousOperationId":"06vc37oku5z51tn"}
{"type":"log","timestamp":1692834515929,"level":"debug","message":"(console:log) Pdf utils adding group field, value: \"France\"","meta":{"userLevel":true,"rootId":"5xgsgpphy4ixsf1","id":"5xgsgpphy4ixsf1"},"id":"fjeqa71gjqnpbdf","previousOperationId":"06vc37oku5z51tn"}
{"type":"log","timestamp":1692834515931,"level":"debug","message":"(console:log) Pdf utils adding group field, value: \"Germany\"","meta":{"userLevel":true,"rootId":"5xgsgpphy4ixsf1","id":"5xgsgpphy4ixsf1"},"id":"8nxcvzlzo5tumo0","previousOperationId":"06vc37oku5z51tn"}
{"type":"operationEnd","operationId":"06vc37oku5z51tn","timestamp":1692834515933,"id":"jnv9r747pjo2gxs","previousEventId":"ackuaquz4vvg7bm","previousOperationId":"06vc37oku5z51tn"}
{"type":"operationStart","subtype":"recipe","name":"chrome-pdf","timestamp":1692834515968,"id":"c7h2u8t227wmcl6","previousEventId":"jnv9r747pjo2gxs","operationId":"kiewn11a4gdy7xv","previousOperationId":"06vc37oku5z51tn"}
{"type":"log","timestamp":1692834515968,"level":"debug","message":"Executing recipe chrome-pdf","meta":{"rootId":"5xgsgpphy4ixsf1","id":"5xgsgpphy4ixsf1"},"id":"36hj4mtnz2v2m4l","previousOperationId":"kiewn11a4gdy7xv"}
{"type":"log","timestamp":1692834516086,"level":"debug","message":"Converting with chrome HeadlessChrome/114.0.5735.90 using chrome-pool strategy","meta":{"rootId":"5xgsgpphy4ixsf1","id":"5xgsgpphy4ixsf1"},"id":"cz2jn0q231mklvm","previousOperationId":"kiewn11a4gdy7xv"}
{"type":"log","timestamp":1692834516385,"level":"debug","message":"Page request: GET (document) file:///var/folders/4s/5nqc4dmn10g5kx7sd84ykx100000gn/T/jsreport/autocleanup/13aadcc0-30c1-4280-a734-2909cd4d82d9-chrome-pdf.html","meta":{"rootId":"5xgsgpphy4ixsf1","id":"5xgsgpphy4ixsf1"},"id":"o0hk50zmm93thzn","previousOperationId":"kiewn11a4gdy7xv"}
{"type":"log","timestamp":1692834516409,"level":"debug","message":"Page request: GET (stylesheet) https://cdnjs.cloudflare.com/ajax/libs/metro/4.1.5/css/metro.min.css","meta":{"rootId":"5xgsgpphy4ixsf1","id":"5xgsgpphy4ixsf1"},"id":"c952ar8ydryn5b4","previousOperationId":"kiewn11a4gdy7xv"}
{"type":"log","timestamp":1692834516411,"level":"debug","message":"Page request: GET (script) https://cdnjs.cloudflare.com/ajax/libs/Chart.js/2.7.2/Chart.min.js","meta":{"rootId":"5xgsgpphy4ixsf1","id":"5xgsgpphy4ixsf1"},"id":"tei2yzd3dsjp01k","previousOperationId":"kiewn11a4gdy7xv"}
{"type":"log","timestamp":1692834516417,"level":"debug","message":"Page request finished: GET (document) 200 file:///var/folders/4s/5nqc4dmn10g5kx7sd84ykx100000gn/T/jsreport/autocleanup/13aadcc0-30c1-4280-a734-2909cd4d82d9-chrome-pdf.html","meta":{"rootId":"5xgsgpphy4ixsf1","id":"5xgsgpphy4ixsf1"},"id":"r4heuko6bh6flkf","previousOperationId":"kiewn11a4gdy7xv"}
{"type":"log","timestamp":1692834516801,"level":"debug","message":"Page request finished: GET (script) 200 https://cdnjs.cloudflare.com/ajax/libs/Chart.js/2.7.2/Chart.min.js","meta":{"rootId":"5xgsgpphy4ixsf1","id":"5xgsgpphy4ixsf1"},"id":"jwt0y8hgfeuuubv","previousOperationId":"kiewn11a4gdy7xv"}
{"type":"log","timestamp":1692834517283,"level":"debug","message":"Page request finished: GET (stylesheet) 200 https://cdnjs.cloudflare.com/ajax/libs/metro/4.1.5/css/metro.min.css","meta":{"rootId":"5xgsgpphy4ixsf1","id":"5xgsgpphy4ixsf1"},"id":"tirn07gahu4v20f","previousOperationId":"kiewn11a4gdy7xv"}
{"type":"log","timestamp":1692834517557,"level":"debug","message":"Running chrome with params {\"printBackground\":true,\"marginTop\":\"4cm\",\"marginRight\":\"1.5cm\",\"marginBottom\":\"1.5cm\",\"marginLeft\":\"1.5cm\",\"waitForJS\":false,\"timeout\":58213,\"margin\":{\"top\":\"4cm\",\"right\":\"1.5cm\",\"bottom\":\"1.5cm\",\"left\":\"1.5cm\"}}","meta":{"rootId":"5xgsgpphy4ixsf1","id":"5xgsgpphy4ixsf1"},"id":"it89ojsmxstp7cq","previousOperationId":"kiewn11a4gdy7xv"}
{"type":"operationEnd","operationId":"kiewn11a4gdy7xv","timestamp":1692834517964,"id":"0xgb417smcelwki","previousEventId":"c7h2u8t227wmcl6","previousOperationId":"kiewn11a4gdy7xv"}
{"type":"log","timestamp":1692834517964,"level":"info","message":"pdf-utils is starting pdf processing","meta":{"rootId":"5xgsgpphy4ixsf1","id":"5xgsgpphy4ixsf1"},"id":"ywj8sojrlkbbvwx","previousOperationId":"kiewn11a4gdy7xv"}
{"type":"operationStart","subtype":"pdfUtils","name":"pdf utils","timestamp":1692834518412,"id":"s8nvb78ibyqlv1h","previousEventId":"0xgb417smcelwki","operationId":"5t51fqkl83rtyf3","previousOperationId":"kiewn11a4gdy7xv"}
{"type":"log","timestamp":1692834518412,"level":"debug","message":"pdf-utils detected 1 pdf operation(s) to process","meta":{"rootId":"5xgsgpphy4ixsf1","id":"5xgsgpphy4ixsf1"},"id":"0pf1nqqmph18dv0","previousOperationId":"5t51fqkl83rtyf3"}
{"type":"log","timestamp":1692834519172,"level":"debug","message":"pdf-utils running pdf operation merge","meta":{"rootId":"5xgsgpphy4ixsf1","id":"5xgsgpphy4ixsf1"},"id":"p13fpm6r7x52inp","previousOperationId":"5t51fqkl83rtyf3"}
{"type":"operationStart","subtype":"pdfUtilsMerge","name":"pdf utils merge","previousOperationId":"5t51fqkl83rtyf3","timestamp":1692834519172,"id":"5zfeiieafxlgz6u","previousEventId":"s8nvb78ibyqlv1h","operationId":"do1fftyhg3rbwq7"}
{"type":"operationStart","subtype":"render","name":"orders-header","previousOperationId":"do1fftyhg3rbwq7","timestamp":1692834519178,"id":"flxxovnkj0v6o5e","previousEventId":"5zfeiieafxlgz6u","operationId":"8l2ac8ss64oy7dj"}
{"type":"log","timestamp":1692834519178,"level":"info","message":"Starting rendering (child) request","meta":{"rootId":"5xgsgpphy4ixsf1","id":"xoj7a7w34705jrl"},"id":"er4imltmyb0tkfq","previousOperationId":"8l2ac8ss64oy7dj"}
{"type":"log","timestamp":1692834519178,"level":"info","message":"Rendering template { name: orders-header, recipe: chrome-pdf, engine: handlebars, preview: true }","meta":{"rootId":"5xgsgpphy4ixsf1","id":"xoj7a7w34705jrl"},"id":"qn3mf19eptvvred","previousOperationId":"8l2ac8ss64oy7dj"}
{"type":"log","timestamp":1692834519186,"level":"debug","message":"Inline data specified.","meta":{"rootId":"5xgsgpphy4ixsf1","id":"xoj7a7w34705jrl"},"id":"o4m98e4b4yeos11","previousOperationId":"8l2ac8ss64oy7dj"}
{"type":"log","timestamp":1692834519191,"level":"debug","message":"Base url not specified, skipping its injection.","meta":{"rootId":"5xgsgpphy4ixsf1","id":"xoj7a7w34705jrl"},"id":"jirl774vkgxtx7f","previousOperationId":"8l2ac8ss64oy7dj"}
{"type":"operationStart","subtype":"engine","name":"handlebars","timestamp":1692834519192,"id":"k444a51z09nxq1a","previousEventId":"flxxovnkj0v6o5e","operationId":"hn66fvgrwmgj291","previousOperationId":"8l2ac8ss64oy7dj"}
{"type":"log","timestamp":1692834519192,"level":"debug","message":"Rendering engine handlebars","meta":{"rootId":"5xgsgpphy4ixsf1","id":"xoj7a7w34705jrl"},"id":"fii3te30e5m4grk","previousOperationId":"hn66fvgrwmgj291"}
{"type":"operationEnd","operationId":"hn66fvgrwmgj291","timestamp":1692834519310,"id":"lo1o6v4elzlcc3h","previousEventId":"k444a51z09nxq1a","previousOperationId":"hn66fvgrwmgj291"}
{"type":"operationStart","subtype":"recipe","name":"chrome-pdf","timestamp":1692834519312,"id":"sbpukih5sipjt0y","previousEventId":"lo1o6v4elzlcc3h","operationId":"izpno45e9nyx069","previousOperationId":"hn66fvgrwmgj291"}
{"type":"log","timestamp":1692834519312,"level":"debug","message":"Executing recipe chrome-pdf","meta":{"rootId":"5xgsgpphy4ixsf1","id":"xoj7a7w34705jrl"},"id":"4ovwn4jm67efwur","previousOperationId":"izpno45e9nyx069"}
{"type":"log","timestamp":1692834519349,"level":"debug","message":"Converting with chrome HeadlessChrome/114.0.5735.90 using chrome-pool strategy","meta":{"rootId":"5xgsgpphy4ixsf1","id":"xoj7a7w34705jrl"},"id":"ojbpi0kkbwuz1rb","previousOperationId":"izpno45e9nyx069"}
{"type":"log","timestamp":1692834519589,"level":"debug","message":"Page request: GET (document) file:///var/folders/4s/5nqc4dmn10g5kx7sd84ykx100000gn/T/jsreport/autocleanup/71ae908f-d490-47cd-8f79-561df771b37f-chrome-pdf.html","meta":{"rootId":"5xgsgpphy4ixsf1","id":"xoj7a7w34705jrl"},"id":"ksf739ljv90cfp8","previousOperationId":"izpno45e9nyx069"}
{"type":"log","timestamp":1692834519633,"level":"debug","message":"Page request: GET (stylesheet) https://cdnjs.cloudflare.com/ajax/libs/metro/4.1.5/css/metro.min.css","meta":{"rootId":"5xgsgpphy4ixsf1","id":"xoj7a7w34705jrl"},"id":"6540c1vdwl87zi3","previousOperationId":"izpno45e9nyx069"}
{"type":"log","timestamp":1692834519652,"level":"debug","message":"Page request finished: GET (document) 200 file:///var/folders/4s/5nqc4dmn10g5kx7sd84ykx100000gn/T/jsreport/autocleanup/71ae908f-d490-47cd-8f79-561df771b37f-chrome-pdf.html","meta":{"rootId":"5xgsgpphy4ixsf1","id":"xoj7a7w34705jrl"},"id":"48wf1fkc470dghy","previousOperationId":"izpno45e9nyx069"}
{"type":"log","timestamp":1692834519685,"level":"debug","message":"Page request finished: GET (stylesheet) 200 https://cdnjs.cloudflare.com/ajax/libs/metro/4.1.5/css/metro.min.css","meta":{"rootId":"5xgsgpphy4ixsf1","id":"xoj7a7w34705jrl"},"id":"dqz6pq0n39jqilk","previousOperationId":"izpno45e9nyx069"}
{"type":"log","timestamp":1692834519754,"level":"debug","message":"Running chrome with params {\"printBackground\":true,\"marginTop\":\"1.5cm\",\"marginRight\":\"1.5cm\",\"marginLeft\":\"1.cm\",\"timeout\":54949,\"margin\":{\"top\":\"1.5cm\",\"right\":\"1.5cm\",\"left\":\"1.cm\"}}","meta":{"rootId":"5xgsgpphy4ixsf1","id":"xoj7a7w34705jrl"},"id":"9hy777m6wmy0mmb","previousOperationId":"izpno45e9nyx069"}
{"type":"operationEnd","operationId":"izpno45e9nyx069","timestamp":1692834519944,"id":"xaxyscl60a2hs8c","previousEventId":"sbpukih5sipjt0y","previousOperationId":"izpno45e9nyx069"}
{"type":"log","timestamp":1692834519944,"level":"debug","message":"Skipping storing report.","meta":{"rootId":"5xgsgpphy4ixsf1","id":"xoj7a7w34705jrl"},"id":"a4zsgbnnnoaglmg","previousOperationId":"izpno45e9nyx069"}
{"type":"log","timestamp":1692834519944,"level":"info","message":"Rendering (child) request finished in 5647 ms","meta":{"rootId":"5xgsgpphy4ixsf1","id":"xoj7a7w34705jrl"},"id":"vy0b8l0o4zoqxfr","previousOperationId":"izpno45e9nyx069"}
{"type":"operationEnd","subtype":"render","operationId":"8l2ac8ss64oy7dj","timestamp":1692834519944,"id":"dl5vo8ycmtq3sun","previousEventId":"xaxyscl60a2hs8c","previousOperationId":"izpno45e9nyx069"}
{"type":"operationEnd","operationId":"do1fftyhg3rbwq7","timestamp":1692834520083,"id":"yvq7er876fynahj","previousEventId":"5zfeiieafxlgz6u","previousOperationId":"do1fftyhg3rbwq7"}
{"type":"log","timestamp":1692834520083,"level":"debug","message":"pdf-utils postproces start","meta":{"rootId":"5xgsgpphy4ixsf1","id":"5xgsgpphy4ixsf1"},"id":"i9xnjdkbrb8l8s4","previousOperationId":"do1fftyhg3rbwq7"}
{"type":"log","timestamp":1692834520234,"level":"debug","message":"pdf-utils postproces end","meta":{"rootId":"5xgsgpphy4ixsf1","id":"5xgsgpphy4ixsf1"},"id":"8m8psxv930tgqpk","previousOperationId":"do1fftyhg3rbwq7"}
{"type":"operationEnd","operationId":"5t51fqkl83rtyf3","timestamp":1692834520234,"id":"o1v0ovavy0a6zpa","previousEventId":"yvq7er876fynahj","previousOperationId":"do1fftyhg3rbwq7"}
{"type":"log","timestamp":1692834520235,"level":"info","message":"pdf-utils pdf processing was finished","meta":{"rootId":"5xgsgpphy4ixsf1","id":"5xgsgpphy4ixsf1"},"id":"j6v2g1iazxedypz","previousOperationId":"5t51fqkl83rtyf3"}
{"type":"log","timestamp":1692834520235,"level":"debug","message":"Skipping storing report.","meta":{"rootId":"5xgsgpphy4ixsf1","id":"5xgsgpphy4ixsf1"},"id":"qtgbwkjr90fcxrs","previousOperationId":"5t51fqkl83rtyf3"}
{"type":"log","timestamp":1692834520235,"level":"info","message":"Rendering request 3 finished in 5938 ms","meta":{"rootId":"5xgsgpphy4ixsf1","id":"5xgsgpphy4ixsf1"},"id":"t3bwh2hsowx9w5y","previousOperationId":"5t51fqkl83rtyf3"}
{"type":"operationEnd","subtype":"render","operationId":"10b66sgnbt0nljs","timestamp":1692834520235,"id":"y3hnbmdzopre8nd","previousEventId":"o1v0ovavy0a6zpa","previousOperationId":"5t51fqkl83rtyf3"}
{"type":"operationEnd","doDiffs":false,"previousEventId":"gp9tubcvovwohqv","previousOperationId":"sy32g2sspkmm4bh","operationId":"sy32g2sspkmm4bh","timestamp":1692834520423,"id":"jdxxou3j2gh786t"}
