{"type":"operationStart","subtype":"profile","data":{"_id":"j1gKCI6HK2STX2uA","timestamp":"2023-08-24T08:48:03.161Z","state":"queued","mode":"standard","creationDate":"2023-08-24T08:48:03.166Z","modificationDate":"2023-08-24T08:48:03.166Z","shortid":"e3qh8hF","$entitySet":"profiles"},"doDiffs":false,"timestamp":1692866883163,"id":"ki97b98fchs9as6","previousOperationId":null,"operationId":"lyjxrtlb7sc3o55"}
{"type":"log","level":"info","message":"Render request 1 queued for execution and waiting for available worker","previousOperationId":"lyjxrtlb7sc3o55","timestamp":1692866883165,"id":"uswzltc5hguw7dx"}
{"type":"operationStart","subtype":"render","name":"orders-main","previousOperationId":"lyjxrtlb7sc3o55","timestamp":1692866883213,"id":"h9xh4j6hhrbuxjk","previousEventId":"ki97b98fchs9as6","operationId":"q4t42wjkkbijj0k"}
{"type":"log","timestamp":1692866883215,"level":"info","message":"Starting rendering request 1","meta":{"rootId":"69k9mtf0hz6locx","id":"69k9mtf0hz6locx"},"id":"db9k9lm34b41k55","previousOperationId":"q4t42wjkkbijj0k"}
{"type":"log","timestamp":1692866883220,"level":"info","message":"Rendering template { name: orders-main, recipe: chrome-pdf, engine: handlebars, preview: true }","meta":{"rootId":"69k9mtf0hz6locx","id":"69k9mtf0hz6locx"},"id":"toz9io6lfnlcf3r","previousOperationId":"q4t42wjkkbijj0k"}
{"type":"log","timestamp":1692866883273,"level":"debug","message":"Data item not defined for this template.","meta":{"rootId":"69k9mtf0hz6locx","id":"69k9mtf0hz6locx"},"id":"v7mxyao3egpayqd","previousOperationId":"q4t42wjkkbijj0k"}
{"type":"log","timestamp":1692866883316,"level":"debug","message":"Executing script orders-script (beforeRender)","meta":{"rootId":"69k9mtf0hz6locx","id":"69k9mtf0hz6locx"},"id":"ccrf74si9y9qvbv","previousOperationId":"q4t42wjkkbijj0k"}
{"type":"operationStart","subtype":"scriptsBeforeRender","name":"scripts beforeRender","timestamp":1692866884787,"id":"hyx4z8stoem4jii","previousEventId":"h9xh4j6hhrbuxjk","operationId":"af4or9oswr6dqon","previousOperationId":"q4t42wjkkbijj0k"}
{"type":"operationStart","subtype":"script","name":"scripts orders-script","previousOperationId":"af4or9oswr6dqon","timestamp":1692866884787,"id":"uk25poe0xhlk7u5","previousEventId":"hyx4z8stoem4jii","operationId":"1na3h1vxhifqqg2"}
{"type":"log","timestamp":1692866886384,"level":"debug","message":"(console:log) [\n  {\n    rows: [\n      [Object], [Object], [Object],\n      [Object], [Object], [Object],\n      [Object], [Object], [Object],\n      [Object], [Object], [Object],\n      [Object], [Object], [Object],\n      [Object], [Object], [Object],\n      [Object]\n    ],\n    country: 'France',\n    accumulated: {\n      '1996/7': [Object],\n      '1996/8': [Object],\n      '1996/9': [Object],\n      '1996/10': [Object],\n      '1996/11': [Object],\n      '1996/12': [Object],\n      '1997/1': [Object],\n      '1997/2': [Object]\n    }\n  },\n  {\n    rows: [\n      [Object], [Object], [Object],\n      [Object], [Object], [Object],\n      [Object], [Object], [Object],\n      [Object], [Object], [Object],\n      [Object], [Object], [Object],\n      [Object], [Object], [Object],\n      [Object], [Object], [Object],\n      [Object], [Object], [Object],\n      [Object], [Object], [Object],\n      [Object]\n    ],\n    country: 'Germany',\n    accumulated: {\n      '1996/7': [Object],\n      '1996/8': [Object],\n      '1996/9': [Object],\n      '1996/10': [Object],\n      '1996/11': [Object],\n      '1996/12': [Object],\n      '1997/1': [Object],\n      '1997/2': [Object]\n    }\n  }\n] resultresultresult","meta":{"userLevel":true,"rootId":"69k9mtf0hz6locx","id":"69k9mtf0hz6locx"},"id":"hyw89juo2m4666t","previousOperationId":"1na3h1vxhifqqg2"}
{"type":"operationEnd","operationId":"1na3h1vxhifqqg2","timestamp":1692866886387,"id":"dtt96iiezvnsag7","previousEventId":"h9xh4j6hhrbuxjk","previousOperationId":"q4t42wjkkbijj0k"}
{"type":"operationEnd","operationId":"af4or9oswr6dqon","timestamp":1692866886387,"id":"je3608hclc41l7u","previousEventId":"dtt96iiezvnsag7","previousOperationId":"q4t42wjkkbijj0k"}
{"type":"log","timestamp":1692866886388,"level":"debug","message":"Base url not specified, skipping its injection.","meta":{"rootId":"69k9mtf0hz6locx","id":"69k9mtf0hz6locx"},"id":"s5hlosy93hjjcuj","previousOperationId":"af4or9oswr6dqon"}
{"type":"operationStart","subtype":"engine","name":"handlebars","timestamp":1692866886389,"id":"rj7aun5uk1twe51","previousEventId":"je3608hclc41l7u","operationId":"4bv80ggyzb6g9ci","previousOperationId":"af4or9oswr6dqon"}
{"type":"log","timestamp":1692866886389,"level":"debug","message":"Rendering engine handlebars","meta":{"rootId":"69k9mtf0hz6locx","id":"69k9mtf0hz6locx"},"id":"omy41umi3gmsow9","previousOperationId":"4bv80ggyzb6g9ci"}
{"type":"log","timestamp":1692866887190,"level":"debug","message":"(console:log) Pdf utils adding group field, value: \"France\"","meta":{"userLevel":true,"rootId":"69k9mtf0hz6locx","id":"69k9mtf0hz6locx"},"id":"i4q4yfkmvma1ntv","previousOperationId":"4bv80ggyzb6g9ci"}
{"type":"log","timestamp":1692866887191,"level":"debug","message":"(console:log) Pdf utils adding group field, value: \"Germany\"","meta":{"userLevel":true,"rootId":"69k9mtf0hz6locx","id":"69k9mtf0hz6locx"},"id":"3b4kye774hbiawl","previousOperationId":"4bv80ggyzb6g9ci"}
{"type":"operationEnd","operationId":"4bv80ggyzb6g9ci","timestamp":1692866887192,"id":"wmg5ug53rcdv4zs","previousEventId":"rj7aun5uk1twe51","previousOperationId":"4bv80ggyzb6g9ci"}
{"type":"operationStart","subtype":"recipe","name":"chrome-pdf","timestamp":1692866887193,"id":"xoge804r9e2fda7","previousEventId":"wmg5ug53rcdv4zs","operationId":"ptueoapw6adypjf","previousOperationId":"4bv80ggyzb6g9ci"}
{"type":"log","timestamp":1692866887193,"level":"debug","message":"Executing recipe chrome-pdf","meta":{"rootId":"69k9mtf0hz6locx","id":"69k9mtf0hz6locx"},"id":"jorf3nzno91vmit","previousOperationId":"ptueoapw6adypjf"}
{"type":"log","timestamp":1692866890185,"level":"debug","message":"Converting with chrome HeadlessChrome/114.0.5735.90 using chrome-pool strategy","meta":{"rootId":"69k9mtf0hz6locx","id":"69k9mtf0hz6locx"},"id":"71subtjwpjwqtvt","previousOperationId":"ptueoapw6adypjf"}
{"type":"log","timestamp":1692866891721,"level":"debug","message":"Page request: GET (document) file:///var/folders/4s/5nqc4dmn10g5kx7sd84ykx100000gn/T/jsreport/autocleanup/85497b9c-f4cd-458f-abf9-d3605013121e-chrome-pdf.html","meta":{"rootId":"69k9mtf0hz6locx","id":"69k9mtf0hz6locx"},"id":"kdo92534qn0gxe3","previousOperationId":"ptueoapw6adypjf"}
{"type":"log","timestamp":1692866891846,"level":"debug","message":"Page request finished: GET (document) 200 file:///var/folders/4s/5nqc4dmn10g5kx7sd84ykx100000gn/T/jsreport/autocleanup/85497b9c-f4cd-458f-abf9-d3605013121e-chrome-pdf.html","meta":{"rootId":"69k9mtf0hz6locx","id":"69k9mtf0hz6locx"},"id":"5va2fgbp1qswjp6","previousOperationId":"ptueoapw6adypjf"}
{"type":"log","timestamp":1692866891848,"level":"debug","message":"Page request: GET (stylesheet) https://cdnjs.cloudflare.com/ajax/libs/metro/4.1.5/css/metro.min.css","meta":{"rootId":"69k9mtf0hz6locx","id":"69k9mtf0hz6locx"},"id":"qsfqf78o3nh5wfp","previousOperationId":"ptueoapw6adypjf"}
{"type":"log","timestamp":1692866891915,"level":"debug","message":"Page request: GET (script) https://cdnjs.cloudflare.com/ajax/libs/Chart.js/2.7.2/Chart.min.js","meta":{"rootId":"69k9mtf0hz6locx","id":"69k9mtf0hz6locx"},"id":"ehmg332kg7c1a00","previousOperationId":"ptueoapw6adypjf"}
{"type":"log","timestamp":1692866892227,"level":"debug","message":"Page request finished: GET (stylesheet) 200 https://cdnjs.cloudflare.com/ajax/libs/metro/4.1.5/css/metro.min.css","meta":{"rootId":"69k9mtf0hz6locx","id":"69k9mtf0hz6locx"},"id":"1h4ij0abhpqw2h6","previousOperationId":"ptueoapw6adypjf"}
{"type":"log","timestamp":1692866892241,"level":"debug","message":"Page request finished: GET (script) 200 https://cdnjs.cloudflare.com/ajax/libs/Chart.js/2.7.2/Chart.min.js","meta":{"rootId":"69k9mtf0hz6locx","id":"69k9mtf0hz6locx"},"id":"wfeodapwfyshxks","previousOperationId":"ptueoapw6adypjf"}
{"type":"log","timestamp":1692866892874,"level":"debug","message":"(console:log) {\"1996/7\":{\"value\":3,\"orderDate\":\"1996-07-04T00:00:00.000Z\"},\"1996/8\":{\"value\":1,\"orderDate\":\"1996-08-06T00:00:00.000Z\"},\"1996/9\":{\"value\":3,\"orderDate\":\"1996-09-02T00:00:00.000Z\"},\"1996/10\":{\"value\":3,\"orderDate\":\"1996-10-16T00:00:00.000Z\"},\"1996/11\":{\"value\":4,\"orderDate\":\"1996-11-11T00:00:00.000Z\"},\"1996/12\":{\"value\":1,\"orderDate\":\"1996-12-03T00:00:00.000Z\"},\"1997/1\":{\"value\":3,\"orderDate\":\"1997-01-08T00:00:00.000Z\"},\"1997/2\":{\"value\":1,\"orderDate\":\"1997-02-05T00:00:00.000Z\"}} datadata","meta":{"userLevel":true,"rootId":"69k9mtf0hz6locx","id":"69k9mtf0hz6locx"},"id":"akryzc5ksga3hqt","previousOperationId":"ptueoapw6adypjf"}
{"type":"log","timestamp":1692866893047,"level":"debug","message":"(console:log) {\"1996/7\":{\"value\":3,\"orderDate\":\"1996-07-05T00:00:00.000Z\"},\"1996/8\":{\"value\":6,\"orderDate\":\"1996-08-05T00:00:00.000Z\"},\"1996/9\":{\"value\":3,\"orderDate\":\"1996-09-09T00:00:00.000Z\"},\"1996/10\":{\"value\":5,\"orderDate\":\"1996-10-07T00:00:00.000Z\"},\"1996/11\":{\"value\":5,\"orderDate\":\"1996-11-04T00:00:00.000Z\"},\"1996/12\":{\"value\":2,\"orderDate\":\"1996-12-23T00:00:00.000Z\"},\"1997/1\":{\"value\":2,\"orderDate\":\"1997-01-07T00:00:00.000Z\"},\"1997/2\":{\"value\":2,\"orderDate\":\"1997-02-06T00:00:00.000Z\"}} datadata","meta":{"userLevel":true,"rootId":"69k9mtf0hz6locx","id":"69k9mtf0hz6locx"},"id":"wciu0lisvk0ah8x","previousOperationId":"ptueoapw6adypjf"}
{"type":"log","timestamp":1692866893132,"level":"debug","message":"Running chrome with params {\"printBackground\":true,\"marginTop\":\"4cm\",\"marginRight\":\"1.5cm\",\"marginBottom\":\"1.5cm\",\"marginLeft\":\"1.5cm\",\"waitForJS\":false,\"timeout\":55065,\"margin\":{\"top\":\"4cm\",\"right\":\"1.5cm\",\"bottom\":\"1.5cm\",\"left\":\"1.5cm\"}}","meta":{"rootId":"69k9mtf0hz6locx","id":"69k9mtf0hz6locx"},"id":"1f3ez9rrqs104el","previousOperationId":"ptueoapw6adypjf"}
{"type":"operationEnd","operationId":"ptueoapw6adypjf","timestamp":1692866893983,"id":"248ktgatidsx5ow","previousEventId":"xoge804r9e2fda7","previousOperationId":"ptueoapw6adypjf"}
{"type":"log","timestamp":1692866893984,"level":"info","message":"pdf-utils is starting pdf processing","meta":{"rootId":"69k9mtf0hz6locx","id":"69k9mtf0hz6locx"},"id":"mja02cbk5jp1qfn","previousOperationId":"ptueoapw6adypjf"}
{"type":"operationStart","subtype":"pdfUtils","name":"pdf utils","timestamp":1692866894610,"id":"mumsh0a8laqun2r","previousEventId":"248ktgatidsx5ow","operationId":"dtphhu2sn3y0fwh","previousOperationId":"ptueoapw6adypjf"}
{"type":"log","timestamp":1692866894610,"level":"debug","message":"pdf-utils detected 1 pdf operation(s) to process","meta":{"rootId":"69k9mtf0hz6locx","id":"69k9mtf0hz6locx"},"id":"xckie38fthrj42c","previousOperationId":"dtphhu2sn3y0fwh"}
{"type":"log","timestamp":1692866895750,"level":"debug","message":"pdf-utils running pdf operation merge","meta":{"rootId":"69k9mtf0hz6locx","id":"69k9mtf0hz6locx"},"id":"xfpqp6p9p0v0pzf","previousOperationId":"dtphhu2sn3y0fwh"}
{"type":"operationStart","subtype":"pdfUtilsMerge","name":"pdf utils merge","previousOperationId":"dtphhu2sn3y0fwh","timestamp":1692866895750,"id":"ph8wui1l4yek5zz","previousEventId":"mumsh0a8laqun2r","operationId":"18gmduwcdjyomok"}
{"type":"operationStart","subtype":"render","name":"orders-header","previousOperationId":"18gmduwcdjyomok","timestamp":1692866895760,"id":"kql1cja5b6dl6sn","previousEventId":"ph8wui1l4yek5zz","operationId":"kn0mjxsr0059ron"}
{"type":"log","timestamp":1692866895760,"level":"info","message":"Starting rendering (child) request","meta":{"rootId":"69k9mtf0hz6locx","id":"o2k26pscf6g4nta"},"id":"0hlopfniarnjj0m","previousOperationId":"kn0mjxsr0059ron"}
{"type":"log","timestamp":1692866895760,"level":"info","message":"Rendering template { name: orders-header, recipe: chrome-pdf, engine: handlebars, preview: true }","meta":{"rootId":"69k9mtf0hz6locx","id":"o2k26pscf6g4nta"},"id":"yxtfnmyznsz4seg","previousOperationId":"kn0mjxsr0059ron"}
{"type":"log","timestamp":1692866895771,"level":"debug","message":"Inline data specified.","meta":{"rootId":"69k9mtf0hz6locx","id":"o2k26pscf6g4nta"},"id":"rhr08tra6nnrw55","previousOperationId":"kn0mjxsr0059ron"}
{"type":"log","timestamp":1692866895807,"level":"debug","message":"Base url not specified, skipping its injection.","meta":{"rootId":"69k9mtf0hz6locx","id":"o2k26pscf6g4nta"},"id":"qavbah1zc9lpf5w","previousOperationId":"kn0mjxsr0059ron"}
{"type":"operationStart","subtype":"engine","name":"handlebars","timestamp":1692866895807,"id":"9s32rlvvmu4gqam","previousEventId":"kql1cja5b6dl6sn","operationId":"sfckxh6h7f5oyst","previousOperationId":"kn0mjxsr0059ron"}
{"type":"log","timestamp":1692866895807,"level":"debug","message":"Rendering engine handlebars","meta":{"rootId":"69k9mtf0hz6locx","id":"o2k26pscf6g4nta"},"id":"jycrq4dmei5gojs","previousOperationId":"sfckxh6h7f5oyst"}
{"type":"operationEnd","operationId":"sfckxh6h7f5oyst","timestamp":1692866896158,"id":"2o783x9hdpjkvc7","previousEventId":"9s32rlvvmu4gqam","previousOperationId":"sfckxh6h7f5oyst"}
{"type":"operationStart","subtype":"recipe","name":"chrome-pdf","timestamp":1692866896159,"id":"9jnb344v5xoqaj5","previousEventId":"2o783x9hdpjkvc7","operationId":"f8op5w3dnpw3xj4","previousOperationId":"sfckxh6h7f5oyst"}
{"type":"log","timestamp":1692866896159,"level":"debug","message":"Executing recipe chrome-pdf","meta":{"rootId":"69k9mtf0hz6locx","id":"o2k26pscf6g4nta"},"id":"7j7ownqoi9rjt4z","previousOperationId":"f8op5w3dnpw3xj4"}
{"type":"log","timestamp":1692866896161,"level":"debug","message":"Converting with chrome HeadlessChrome/114.0.5735.90 using chrome-pool strategy","meta":{"rootId":"69k9mtf0hz6locx","id":"o2k26pscf6g4nta"},"id":"i423a9akyog6wej","previousOperationId":"f8op5w3dnpw3xj4"}
{"type":"log","timestamp":1692866896395,"level":"debug","message":"Page request: GET (document) file:///var/folders/4s/5nqc4dmn10g5kx7sd84ykx100000gn/T/jsreport/autocleanup/6ca0ef7c-96fd-4ad7-a23f-63f490107a7d-chrome-pdf.html","meta":{"rootId":"69k9mtf0hz6locx","id":"o2k26pscf6g4nta"},"id":"52dpk09ouh7nsfd","previousOperationId":"f8op5w3dnpw3xj4"}
{"type":"log","timestamp":1692866896458,"level":"debug","message":"Page request: GET (stylesheet) https://cdnjs.cloudflare.com/ajax/libs/metro/4.1.5/css/metro.min.css","meta":{"rootId":"69k9mtf0hz6locx","id":"o2k26pscf6g4nta"},"id":"qf8jt8qtzst07pv","previousOperationId":"f8op5w3dnpw3xj4"}
{"type":"log","timestamp":1692866896462,"level":"debug","message":"Page request finished: GET (document) 200 file:///var/folders/4s/5nqc4dmn10g5kx7sd84ykx100000gn/T/jsreport/autocleanup/6ca0ef7c-96fd-4ad7-a23f-63f490107a7d-chrome-pdf.html","meta":{"rootId":"69k9mtf0hz6locx","id":"o2k26pscf6g4nta"},"id":"zpaww6hqujhcsew","previousOperationId":"f8op5w3dnpw3xj4"}
{"type":"log","timestamp":1692866896627,"level":"debug","message":"Page request finished: GET (stylesheet) 200 https://cdnjs.cloudflare.com/ajax/libs/metro/4.1.5/css/metro.min.css","meta":{"rootId":"69k9mtf0hz6locx","id":"o2k26pscf6g4nta"},"id":"rzjiypwaen8efwo","previousOperationId":"f8op5w3dnpw3xj4"}
{"type":"log","timestamp":1692866896742,"level":"debug","message":"Running chrome with params {\"printBackground\":true,\"marginTop\":\"1.5cm\",\"marginRight\":\"1.5cm\",\"marginLeft\":\"1.cm\",\"timeout\":47001,\"margin\":{\"top\":\"1.5cm\",\"right\":\"1.5cm\",\"left\":\"1.cm\"}}","meta":{"rootId":"69k9mtf0hz6locx","id":"o2k26pscf6g4nta"},"id":"nmldkvqwsl9fq9m","previousOperationId":"f8op5w3dnpw3xj4"}
{"type":"operationEnd","operationId":"f8op5w3dnpw3xj4","timestamp":1692866896903,"id":"48k0ajwe7xdjyp9","previousEventId":"9jnb344v5xoqaj5","previousOperationId":"f8op5w3dnpw3xj4"}
{"type":"log","timestamp":1692866896903,"level":"debug","message":"Skipping storing report.","meta":{"rootId":"69k9mtf0hz6locx","id":"o2k26pscf6g4nta"},"id":"69qd4vh6tku1qra","previousOperationId":"f8op5w3dnpw3xj4"}
{"type":"log","timestamp":1692866896904,"level":"info","message":"Rendering (child) request finished in 13743 ms","meta":{"rootId":"69k9mtf0hz6locx","id":"o2k26pscf6g4nta"},"id":"x96jyj8dqnksbua","previousOperationId":"f8op5w3dnpw3xj4"}
{"type":"operationEnd","subtype":"render","operationId":"kn0mjxsr0059ron","timestamp":1692866896904,"id":"16zw5eu280bknt9","previousEventId":"48k0ajwe7xdjyp9","previousOperationId":"f8op5w3dnpw3xj4"}
{"type":"operationEnd","operationId":"18gmduwcdjyomok","timestamp":1692866897010,"id":"38a8p43meor1jmb","previousEventId":"ph8wui1l4yek5zz","previousOperationId":"18gmduwcdjyomok"}
{"type":"log","timestamp":1692866897010,"level":"debug","message":"pdf-utils postproces start","meta":{"rootId":"69k9mtf0hz6locx","id":"69k9mtf0hz6locx"},"id":"ginjohinsnazz88","previousOperationId":"18gmduwcdjyomok"}
{"type":"log","timestamp":1692866897205,"level":"debug","message":"pdf-utils postproces end","meta":{"rootId":"69k9mtf0hz6locx","id":"69k9mtf0hz6locx"},"id":"g58kd825vwydx1n","previousOperationId":"18gmduwcdjyomok"}
{"type":"operationEnd","operationId":"dtphhu2sn3y0fwh","timestamp":1692866897205,"id":"zprp2iu612jzlg8","previousEventId":"38a8p43meor1jmb","previousOperationId":"18gmduwcdjyomok"}
{"type":"log","timestamp":1692866897205,"level":"info","message":"pdf-utils pdf processing was finished","meta":{"rootId":"69k9mtf0hz6locx","id":"69k9mtf0hz6locx"},"id":"xuzykkzu81xqi1k","previousOperationId":"dtphhu2sn3y0fwh"}
{"type":"log","timestamp":1692866897205,"level":"debug","message":"Skipping storing report.","meta":{"rootId":"69k9mtf0hz6locx","id":"69k9mtf0hz6locx"},"id":"b9xcwhtfuy9p1hz","previousOperationId":"dtphhu2sn3y0fwh"}
{"type":"log","timestamp":1692866897205,"level":"info","message":"Rendering request 1 finished in 14044 ms","meta":{"rootId":"69k9mtf0hz6locx","id":"69k9mtf0hz6locx"},"id":"ohlstoem8inhawc","previousOperationId":"dtphhu2sn3y0fwh"}
{"type":"operationEnd","subtype":"render","operationId":"q4t42wjkkbijj0k","timestamp":1692866897205,"id":"u4388slrovptcvm","previousEventId":"zprp2iu612jzlg8","previousOperationId":"dtphhu2sn3y0fwh"}
{"type":"operationEnd","doDiffs":false,"previousEventId":"ki97b98fchs9as6","previousOperationId":"lyjxrtlb7sc3o55","operationId":"lyjxrtlb7sc3o55","timestamp":1692866897258,"id":"ntfxv0u3naf5jok"}
