{"type":"operationStart","subtype":"profile","data":{"_id":"oIh4BghXPaWl9NsN","timestamp":"2023-08-23T23:54:02.270Z","state":"queued","mode":"standard","creationDate":"2023-08-23T23:54:02.271Z","modificationDate":"2023-08-23T23:54:02.271Z","shortid":"n1enuNI","$entitySet":"profiles"},"doDiffs":false,"timestamp":1692834842271,"id":"88uehfa95n9kt3q","previousOperationId":null,"operationId":"km2tfxuz2ci3nni"}
{"type":"log","level":"info","message":"Render request 10 queued for execution and waiting for available worker","previousOperationId":"km2tfxuz2ci3nni","timestamp":1692834842271,"id":"xweorz0dx51mfaw"}
{"type":"operationStart","subtype":"render","name":"orders-main","previousOperationId":"km2tfxuz2ci3nni","timestamp":1692834842332,"id":"d30cqtvlx7vhbmc","previousEventId":"88uehfa95n9kt3q","operationId":"84nkapeu63rz9uh"}
{"type":"log","timestamp":1692834842332,"level":"info","message":"Starting rendering request 10","meta":{"rootId":"8ra0b8yxtimwqcf","id":"8ra0b8yxtimwqcf"},"id":"8yd284ouius072k","previousOperationId":"84nkapeu63rz9uh"}
{"type":"log","timestamp":1692834842332,"level":"info","message":"Rendering template { name: orders-main, recipe: chrome-pdf, engine: handlebars, preview: true }","meta":{"rootId":"8ra0b8yxtimwqcf","id":"8ra0b8yxtimwqcf"},"id":"yrn9fstwoz1edry","previousOperationId":"84nkapeu63rz9uh"}
{"type":"log","timestamp":1692834842339,"level":"debug","message":"Data item not defined for this template.","meta":{"rootId":"8ra0b8yxtimwqcf","id":"8ra0b8yxtimwqcf"},"id":"80glp9oap5mcitg","previousOperationId":"84nkapeu63rz9uh"}
{"type":"log","timestamp":1692834842360,"level":"debug","message":"Executing script orders-script (beforeRender)","meta":{"rootId":"8ra0b8yxtimwqcf","id":"8ra0b8yxtimwqcf"},"id":"wg69j7d08dch3zl","previousOperationId":"84nkapeu63rz9uh"}
{"type":"operationStart","subtype":"scriptsBeforeRender","name":"scripts beforeRender","timestamp":1692834842373,"id":"v1ihij2nzkhcfqr","previousEventId":"d30cqtvlx7vhbmc","operationId":"hze6wh1xtcq1i6o","previousOperationId":"84nkapeu63rz9uh"}
{"type":"operationStart","subtype":"script","name":"scripts orders-script","previousOperationId":"hze6wh1xtcq1i6o","timestamp":1692834842373,"id":"plbz5gtov70exah","previousEventId":"v1ihij2nzkhcfqr","operationId":"xpckvd0pvwams9c"}
{"type":"operationEnd","operationId":"xpckvd0pvwams9c","timestamp":1692834843694,"id":"q0w8pds3jhbv6ze","previousEventId":"d30cqtvlx7vhbmc","previousOperationId":"84nkapeu63rz9uh"}
{"type":"operationEnd","operationId":"hze6wh1xtcq1i6o","timestamp":1692834843694,"id":"xrgm05cljoqwrmh","previousEventId":"q0w8pds3jhbv6ze","previousOperationId":"84nkapeu63rz9uh"}
{"type":"log","timestamp":1692834843694,"level":"debug","message":"Base url not specified, skipping its injection.","meta":{"rootId":"8ra0b8yxtimwqcf","id":"8ra0b8yxtimwqcf"},"id":"wlova5tuv36t80z","previousOperationId":"hze6wh1xtcq1i6o"}
{"type":"operationStart","subtype":"engine","name":"handlebars","timestamp":1692834843694,"id":"992z6pbm1woap01","previousEventId":"xrgm05cljoqwrmh","operationId":"s3p3hk28pd5i7um","previousOperationId":"hze6wh1xtcq1i6o"}
{"type":"log","timestamp":1692834843694,"level":"debug","message":"Rendering engine handlebars","meta":{"rootId":"8ra0b8yxtimwqcf","id":"8ra0b8yxtimwqcf"},"id":"x9ur347sc0vglkk","previousOperationId":"s3p3hk28pd5i7um"}
{"type":"log","timestamp":1692834843732,"level":"debug","message":"(console:log) Pdf utils adding group field, value: \"France\"","meta":{"userLevel":true,"rootId":"8ra0b8yxtimwqcf","id":"8ra0b8yxtimwqcf"},"id":"wurb8auwb5qjl46","previousOperationId":"s3p3hk28pd5i7um"}
{"type":"log","timestamp":1692834843734,"level":"debug","message":"(console:log) Pdf utils adding group field, value: \"Germany\"","meta":{"userLevel":true,"rootId":"8ra0b8yxtimwqcf","id":"8ra0b8yxtimwqcf"},"id":"bsxo2to4l83x9mv","previousOperationId":"s3p3hk28pd5i7um"}
{"type":"operationEnd","operationId":"s3p3hk28pd5i7um","timestamp":1692834843737,"id":"kt76ko80tzfl4xn","previousEventId":"992z6pbm1woap01","previousOperationId":"s3p3hk28pd5i7um"}
{"type":"operationStart","subtype":"recipe","name":"chrome-pdf","timestamp":1692834843738,"id":"t0dtvs6pk41obrz","previousEventId":"kt76ko80tzfl4xn","operationId":"2t1qp1yrx1pciey","previousOperationId":"s3p3hk28pd5i7um"}
{"type":"log","timestamp":1692834843738,"level":"debug","message":"Executing recipe chrome-pdf","meta":{"rootId":"8ra0b8yxtimwqcf","id":"8ra0b8yxtimwqcf"},"id":"oc6upz8m80aeq8k","previousOperationId":"2t1qp1yrx1pciey"}
{"type":"log","timestamp":1692834843751,"level":"debug","message":"Converting with chrome HeadlessChrome/114.0.5735.90 using chrome-pool strategy","meta":{"rootId":"8ra0b8yxtimwqcf","id":"8ra0b8yxtimwqcf"},"id":"u0aizo5s345t09s","previousOperationId":"2t1qp1yrx1pciey"}
{"type":"log","timestamp":1692834844144,"level":"debug","message":"Page request: GET (document) file:///var/folders/4s/5nqc4dmn10g5kx7sd84ykx100000gn/T/jsreport/autocleanup/e1a33c84-4cb5-4444-a5ee-e8ae5e9e0b38-chrome-pdf.html","meta":{"rootId":"8ra0b8yxtimwqcf","id":"8ra0b8yxtimwqcf"},"id":"zdei63470lu1w43","previousOperationId":"2t1qp1yrx1pciey"}
{"type":"log","timestamp":1692834844171,"level":"debug","message":"Page request: GET (stylesheet) https://cdnjs.cloudflare.com/ajax/libs/metro/4.1.5/css/metro.min.css","meta":{"rootId":"8ra0b8yxtimwqcf","id":"8ra0b8yxtimwqcf"},"id":"redzm55ywbrmb5o","previousOperationId":"2t1qp1yrx1pciey"}
{"type":"log","timestamp":1692834844172,"level":"debug","message":"Page request: GET (script) https://cdnjs.cloudflare.com/ajax/libs/Chart.js/2.7.2/Chart.min.js","meta":{"rootId":"8ra0b8yxtimwqcf","id":"8ra0b8yxtimwqcf"},"id":"eggs6w949kco581","previousOperationId":"2t1qp1yrx1pciey"}
{"type":"log","timestamp":1692834844183,"level":"debug","message":"Page request finished: GET (document) 200 file:///var/folders/4s/5nqc4dmn10g5kx7sd84ykx100000gn/T/jsreport/autocleanup/e1a33c84-4cb5-4444-a5ee-e8ae5e9e0b38-chrome-pdf.html","meta":{"rootId":"8ra0b8yxtimwqcf","id":"8ra0b8yxtimwqcf"},"id":"acs3vrdhnfin7kn","previousOperationId":"2t1qp1yrx1pciey"}
{"type":"log","timestamp":1692834844218,"level":"debug","message":"Page request finished: GET (stylesheet) 200 https://cdnjs.cloudflare.com/ajax/libs/metro/4.1.5/css/metro.min.css","meta":{"rootId":"8ra0b8yxtimwqcf","id":"8ra0b8yxtimwqcf"},"id":"9msinbkfy07a3in","previousOperationId":"2t1qp1yrx1pciey"}
{"type":"log","timestamp":1692834844225,"level":"debug","message":"Page request finished: GET (script) 200 https://cdnjs.cloudflare.com/ajax/libs/Chart.js/2.7.2/Chart.min.js","meta":{"rootId":"8ra0b8yxtimwqcf","id":"8ra0b8yxtimwqcf"},"id":"l0j03276y5qswds","previousOperationId":"2t1qp1yrx1pciey"}
{"type":"log","timestamp":1692834844668,"level":"debug","message":"(console:log) {\"1996/7\":{\"value\":3,\"orderDate\":\"1996-07-04T00:00:00.000Z\"},\"1996/8\":{\"value\":1,\"orderDate\":\"1996-08-06T00:00:00.000Z\"},\"1996/9\":{\"value\":3,\"orderDate\":\"1996-09-02T00:00:00.000Z\"},\"1996/10\":{\"value\":3,\"orderDate\":\"1996-10-16T00:00:00.000Z\"},\"1996/11\":{\"value\":4,\"orderDate\":\"1996-11-11T00:00:00.000Z\"},\"1996/12\":{\"value\":1,\"orderDate\":\"1996-12-03T00:00:00.000Z\"},\"1997/1\":{\"value\":3,\"orderDate\":\"1997-01-08T00:00:00.000Z\"},\"1997/2\":{\"value\":1,\"orderDate\":\"1997-02-05T00:00:00.000Z\"}} datadata","meta":{"userLevel":true,"rootId":"8ra0b8yxtimwqcf","id":"8ra0b8yxtimwqcf"},"id":"04kyfbrz4kjxi7x","previousOperationId":"2t1qp1yrx1pciey"}
{"type":"log","timestamp":1692834844774,"level":"debug","message":"(console:log) {\"1996/7\":{\"value\":3,\"orderDate\":\"1996-07-05T00:00:00.000Z\"},\"1996/8\":{\"value\":6,\"orderDate\":\"1996-08-05T00:00:00.000Z\"},\"1996/9\":{\"value\":3,\"orderDate\":\"1996-09-09T00:00:00.000Z\"},\"1996/10\":{\"value\":5,\"orderDate\":\"1996-10-07T00:00:00.000Z\"},\"1996/11\":{\"value\":5,\"orderDate\":\"1996-11-04T00:00:00.000Z\"},\"1996/12\":{\"value\":2,\"orderDate\":\"1996-12-23T00:00:00.000Z\"},\"1997/1\":{\"value\":2,\"orderDate\":\"1997-01-07T00:00:00.000Z\"},\"1997/2\":{\"value\":2,\"orderDate\":\"1997-02-06T00:00:00.000Z\"}} datadata","meta":{"userLevel":true,"rootId":"8ra0b8yxtimwqcf","id":"8ra0b8yxtimwqcf"},"id":"mibyuny6mvut352","previousOperationId":"2t1qp1yrx1pciey"}
{"type":"log","timestamp":1692834844817,"level":"debug","message":"Running chrome with params {\"printBackground\":true,\"marginTop\":\"4cm\",\"marginRight\":\"1.5cm\",\"marginBottom\":\"1.5cm\",\"marginLeft\":\"1.5cm\",\"waitForJS\":false,\"timeout\":58520,\"margin\":{\"top\":\"4cm\",\"right\":\"1.5cm\",\"bottom\":\"1.5cm\",\"left\":\"1.5cm\"}}","meta":{"rootId":"8ra0b8yxtimwqcf","id":"8ra0b8yxtimwqcf"},"id":"nj2orjrue34feyp","previousOperationId":"2t1qp1yrx1pciey"}
{"type":"operationEnd","operationId":"2t1qp1yrx1pciey","timestamp":1692834845308,"id":"7pqmynb5h9nqk8w","previousEventId":"t0dtvs6pk41obrz","previousOperationId":"2t1qp1yrx1pciey"}
{"type":"log","timestamp":1692834845309,"level":"info","message":"pdf-utils is starting pdf processing","meta":{"rootId":"8ra0b8yxtimwqcf","id":"8ra0b8yxtimwqcf"},"id":"oemsr9pstfx2wub","previousOperationId":"2t1qp1yrx1pciey"}
{"type":"operationStart","subtype":"pdfUtils","name":"pdf utils","timestamp":1692834845309,"id":"9sicaco1r1jskvt","previousEventId":"7pqmynb5h9nqk8w","operationId":"xhp9lai8xf1zqdi","previousOperationId":"2t1qp1yrx1pciey"}
{"type":"log","timestamp":1692834845309,"level":"debug","message":"pdf-utils detected 1 pdf operation(s) to process","meta":{"rootId":"8ra0b8yxtimwqcf","id":"8ra0b8yxtimwqcf"},"id":"hjpfudnpsd1p5i4","previousOperationId":"xhp9lai8xf1zqdi"}
{"type":"log","timestamp":1692834845731,"level":"debug","message":"pdf-utils running pdf operation merge","meta":{"rootId":"8ra0b8yxtimwqcf","id":"8ra0b8yxtimwqcf"},"id":"ywupiucsraixghx","previousOperationId":"xhp9lai8xf1zqdi"}
{"type":"operationStart","subtype":"pdfUtilsMerge","name":"pdf utils merge","previousOperationId":"xhp9lai8xf1zqdi","timestamp":1692834845731,"id":"jtktlz55cpuzp75","previousEventId":"9sicaco1r1jskvt","operationId":"vjpfjorhodplbkv"}
{"type":"operationStart","subtype":"render","name":"orders-header","previousOperationId":"vjpfjorhodplbkv","timestamp":1692834845738,"id":"jzqkl4fwjjgyitj","previousEventId":"jtktlz55cpuzp75","operationId":"273oqq5bzmfi681"}
{"type":"log","timestamp":1692834845738,"level":"info","message":"Starting rendering (child) request","meta":{"rootId":"8ra0b8yxtimwqcf","id":"r9jd5li4fs1y0yi"},"id":"maj4839nlhugkc9","previousOperationId":"273oqq5bzmfi681"}
{"type":"log","timestamp":1692834845738,"level":"info","message":"Rendering template { name: orders-header, recipe: chrome-pdf, engine: handlebars, preview: true }","meta":{"rootId":"8ra0b8yxtimwqcf","id":"r9jd5li4fs1y0yi"},"id":"e21h4c76xqcltxv","previousOperationId":"273oqq5bzmfi681"}
{"type":"log","timestamp":1692834845832,"level":"debug","message":"Inline data specified.","meta":{"rootId":"8ra0b8yxtimwqcf","id":"r9jd5li4fs1y0yi"},"id":"nz264odl97xqxqn","previousOperationId":"273oqq5bzmfi681"}
{"type":"log","timestamp":1692834845838,"level":"debug","message":"Base url not specified, skipping its injection.","meta":{"rootId":"8ra0b8yxtimwqcf","id":"r9jd5li4fs1y0yi"},"id":"vvxkuj7oug7n9ap","previousOperationId":"273oqq5bzmfi681"}
{"type":"operationStart","subtype":"engine","name":"handlebars","timestamp":1692834845838,"id":"q60row5n4xibjnv","previousEventId":"jzqkl4fwjjgyitj","operationId":"fu5w7jil2nln6g6","previousOperationId":"273oqq5bzmfi681"}
{"type":"log","timestamp":1692834845838,"level":"debug","message":"Rendering engine handlebars","meta":{"rootId":"8ra0b8yxtimwqcf","id":"r9jd5li4fs1y0yi"},"id":"h2dqjfvgfswwi57","previousOperationId":"fu5w7jil2nln6g6"}
{"type":"operationEnd","operationId":"fu5w7jil2nln6g6","timestamp":1692834845965,"id":"h7vrpuj77hj0h89","previousEventId":"q60row5n4xibjnv","previousOperationId":"fu5w7jil2nln6g6"}
{"type":"operationStart","subtype":"recipe","name":"chrome-pdf","timestamp":1692834845967,"id":"sq8ddqz0ah6k4cr","previousEventId":"h7vrpuj77hj0h89","operationId":"o6fj58k9su9wnzd","previousOperationId":"fu5w7jil2nln6g6"}
{"type":"log","timestamp":1692834845967,"level":"debug","message":"Executing recipe chrome-pdf","meta":{"rootId":"8ra0b8yxtimwqcf","id":"r9jd5li4fs1y0yi"},"id":"zvgnns0ovzerg3r","previousOperationId":"o6fj58k9su9wnzd"}
{"type":"log","timestamp":1692834845971,"level":"debug","message":"Converting with chrome HeadlessChrome/114.0.5735.90 using chrome-pool strategy","meta":{"rootId":"8ra0b8yxtimwqcf","id":"r9jd5li4fs1y0yi"},"id":"h0zesd8n944wymr","previousOperationId":"o6fj58k9su9wnzd"}
{"type":"log","timestamp":1692834846378,"level":"debug","message":"Page request: GET (document) file:///var/folders/4s/5nqc4dmn10g5kx7sd84ykx100000gn/T/jsreport/autocleanup/2588453d-0c49-4e4d-90ea-3d7f0eb39729-chrome-pdf.html","meta":{"rootId":"8ra0b8yxtimwqcf","id":"r9jd5li4fs1y0yi"},"id":"z2d30h7rqeha47t","previousOperationId":"o6fj58k9su9wnzd"}
{"type":"log","timestamp":1692834846399,"level":"debug","message":"Page request: GET (stylesheet) https://cdnjs.cloudflare.com/ajax/libs/metro/4.1.5/css/metro.min.css","meta":{"rootId":"8ra0b8yxtimwqcf","id":"r9jd5li4fs1y0yi"},"id":"6mhy8rnk9w2yvge","previousOperationId":"o6fj58k9su9wnzd"}
{"type":"log","timestamp":1692834846404,"level":"debug","message":"Page request finished: GET (document) 200 file:///var/folders/4s/5nqc4dmn10g5kx7sd84ykx100000gn/T/jsreport/autocleanup/2588453d-0c49-4e4d-90ea-3d7f0eb39729-chrome-pdf.html","meta":{"rootId":"8ra0b8yxtimwqcf","id":"r9jd5li4fs1y0yi"},"id":"y4vesz8ytb4wsts","previousOperationId":"o6fj58k9su9wnzd"}
{"type":"log","timestamp":1692834846431,"level":"debug","message":"Page request finished: GET (stylesheet) 200 https://cdnjs.cloudflare.com/ajax/libs/metro/4.1.5/css/metro.min.css","meta":{"rootId":"8ra0b8yxtimwqcf","id":"r9jd5li4fs1y0yi"},"id":"vw9mtj2hf0yd5h8","previousOperationId":"o6fj58k9su9wnzd"}
{"type":"log","timestamp":1692834846529,"level":"debug","message":"Running chrome with params {\"printBackground\":true,\"marginTop\":\"1.5cm\",\"marginRight\":\"1.5cm\",\"marginLeft\":\"1.cm\",\"timeout\":56300,\"margin\":{\"top\":\"1.5cm\",\"right\":\"1.5cm\",\"left\":\"1.cm\"}}","meta":{"rootId":"8ra0b8yxtimwqcf","id":"r9jd5li4fs1y0yi"},"id":"kqul061v4pu5dpl","previousOperationId":"o6fj58k9su9wnzd"}
{"type":"operationEnd","operationId":"o6fj58k9su9wnzd","timestamp":1692834846717,"id":"w4js5jdo1a3krtx","previousEventId":"sq8ddqz0ah6k4cr","previousOperationId":"o6fj58k9su9wnzd"}
{"type":"log","timestamp":1692834846718,"level":"debug","message":"Skipping storing report.","meta":{"rootId":"8ra0b8yxtimwqcf","id":"r9jd5li4fs1y0yi"},"id":"d1b0r5evvdv0vuv","previousOperationId":"o6fj58k9su9wnzd"}
{"type":"log","timestamp":1692834846718,"level":"info","message":"Rendering (child) request finished in 4449 ms","meta":{"rootId":"8ra0b8yxtimwqcf","id":"r9jd5li4fs1y0yi"},"id":"3x04c9votgkynv4","previousOperationId":"o6fj58k9su9wnzd"}
{"type":"operationEnd","subtype":"render","operationId":"273oqq5bzmfi681","timestamp":1692834846718,"id":"jma09q4eh5slrmj","previousEventId":"w4js5jdo1a3krtx","previousOperationId":"o6fj58k9su9wnzd"}
{"type":"operationEnd","operationId":"vjpfjorhodplbkv","timestamp":1692834846771,"id":"h3iobl00m6d0ipe","previousEventId":"jtktlz55cpuzp75","previousOperationId":"vjpfjorhodplbkv"}
{"type":"log","timestamp":1692834846771,"level":"debug","message":"pdf-utils postproces start","meta":{"rootId":"8ra0b8yxtimwqcf","id":"8ra0b8yxtimwqcf"},"id":"pbz5hvcv10vug61","previousOperationId":"vjpfjorhodplbkv"}
{"type":"log","timestamp":1692834846857,"level":"debug","message":"pdf-utils postproces end","meta":{"rootId":"8ra0b8yxtimwqcf","id":"8ra0b8yxtimwqcf"},"id":"2khakhbd3qzna1d","previousOperationId":"vjpfjorhodplbkv"}
{"type":"operationEnd","operationId":"xhp9lai8xf1zqdi","timestamp":1692834846857,"id":"wjh9pwhkw6x5bq5","previousEventId":"h3iobl00m6d0ipe","previousOperationId":"vjpfjorhodplbkv"}
{"type":"log","timestamp":1692834846857,"level":"info","message":"pdf-utils pdf processing was finished","meta":{"rootId":"8ra0b8yxtimwqcf","id":"8ra0b8yxtimwqcf"},"id":"zx8z6c52dwb8qnh","previousOperationId":"xhp9lai8xf1zqdi"}
{"type":"log","timestamp":1692834846857,"level":"debug","message":"Skipping storing report.","meta":{"rootId":"8ra0b8yxtimwqcf","id":"8ra0b8yxtimwqcf"},"id":"91ebmub3q00pacg","previousOperationId":"xhp9lai8xf1zqdi"}
{"type":"log","timestamp":1692834846857,"level":"info","message":"Rendering request 10 finished in 4588 ms","meta":{"rootId":"8ra0b8yxtimwqcf","id":"8ra0b8yxtimwqcf"},"id":"jqo57l7mxd57sjb","previousOperationId":"xhp9lai8xf1zqdi"}
{"type":"operationEnd","subtype":"render","operationId":"84nkapeu63rz9uh","timestamp":1692834846857,"id":"vdscxlmzray7c3q","previousEventId":"wjh9pwhkw6x5bq5","previousOperationId":"xhp9lai8xf1zqdi"}
{"type":"operationEnd","doDiffs":false,"previousEventId":"88uehfa95n9kt3q","previousOperationId":"km2tfxuz2ci3nni","operationId":"km2tfxuz2ci3nni","timestamp":1692834846969,"id":"zfranzblnu18hng"}
