{"type":"operationStart","subtype":"profile","data":{"_id":"pU5DMlYKIXpvH9TA","timestamp":"2023-08-23T23:52:34.582Z","state":"queued","mode":"standard","creationDate":"2023-08-23T23:52:34.583Z","modificationDate":"2023-08-23T23:52:34.583Z","shortid":"VS-vkcZ","$entitySet":"profiles"},"doDiffs":false,"timestamp":1692834754583,"id":"p04b0okpfz3v3vy","previousOperationId":null,"operationId":"mm1w2kdblfhe40g"}
{"type":"log","level":"info","message":"Render request 8 queued for execution and waiting for available worker","previousOperationId":"mm1w2kdblfhe40g","timestamp":1692834754583,"id":"r75j2ll5jk5kl1c"}
{"type":"operationStart","subtype":"render","name":"orders-main","previousOperationId":"mm1w2kdblfhe40g","timestamp":1692834754600,"id":"clog2fnit71tmkh","previousEventId":"p04b0okpfz3v3vy","operationId":"05sy0g6fl17cj70"}
{"type":"log","timestamp":1692834754601,"level":"info","message":"Starting rendering request 8","meta":{"rootId":"emc4lr51vy944ny","id":"emc4lr51vy944ny"},"id":"269uqescs8brjqg","previousOperationId":"05sy0g6fl17cj70"}
{"type":"log","timestamp":1692834754601,"level":"info","message":"Rendering template { name: orders-main, recipe: chrome-pdf, engine: handlebars, preview: true }","meta":{"rootId":"emc4lr51vy944ny","id":"emc4lr51vy944ny"},"id":"ijqb4gfxa11eluy","previousOperationId":"05sy0g6fl17cj70"}
{"type":"log","timestamp":1692834754603,"level":"debug","message":"Data item not defined for this template.","meta":{"rootId":"emc4lr51vy944ny","id":"emc4lr51vy944ny"},"id":"ymq2leq49d8adxp","previousOperationId":"05sy0g6fl17cj70"}
{"type":"log","timestamp":1692834754614,"level":"debug","message":"Executing script orders-script (beforeRender)","meta":{"rootId":"emc4lr51vy944ny","id":"emc4lr51vy944ny"},"id":"gutv643r8ugfxhl","previousOperationId":"05sy0g6fl17cj70"}
{"type":"operationStart","subtype":"scriptsBeforeRender","name":"scripts beforeRender","timestamp":1692834754623,"id":"vqkry9qmc7wlvka","previousEventId":"clog2fnit71tmkh","operationId":"6z4qomviwh5b64f","previousOperationId":"05sy0g6fl17cj70"}
{"type":"operationStart","subtype":"script","name":"scripts orders-script","previousOperationId":"6z4qomviwh5b64f","timestamp":1692834754623,"id":"8z20c66r9c6ps81","previousEventId":"vqkry9qmc7wlvka","operationId":"2tppdvcf8yipmgu"}
{"type":"operationEnd","operationId":"2tppdvcf8yipmgu","timestamp":1692834755914,"id":"xmf4bzd9u8y9mhb","previousEventId":"clog2fnit71tmkh","previousOperationId":"05sy0g6fl17cj70"}
{"type":"operationEnd","operationId":"6z4qomviwh5b64f","timestamp":1692834755914,"id":"my81illz9f7oyvx","previousEventId":"xmf4bzd9u8y9mhb","previousOperationId":"05sy0g6fl17cj70"}
{"type":"log","timestamp":1692834755914,"level":"debug","message":"Base url not specified, skipping its injection.","meta":{"rootId":"emc4lr51vy944ny","id":"emc4lr51vy944ny"},"id":"ktmtirytqm3kvzs","previousOperationId":"6z4qomviwh5b64f"}
{"type":"operationStart","subtype":"engine","name":"handlebars","timestamp":1692834755915,"id":"ozyf24xna9odobw","previousEventId":"my81illz9f7oyvx","operationId":"5kdu4tk80rxkazi","previousOperationId":"6z4qomviwh5b64f"}
{"type":"log","timestamp":1692834755915,"level":"debug","message":"Rendering engine handlebars","meta":{"rootId":"emc4lr51vy944ny","id":"emc4lr51vy944ny"},"id":"u2tcrzkmsg44eqy","previousOperationId":"5kdu4tk80rxkazi"}
{"type":"log","timestamp":1692834755947,"level":"debug","message":"(console:log) Pdf utils adding group field, value: \"France\"","meta":{"userLevel":true,"rootId":"emc4lr51vy944ny","id":"emc4lr51vy944ny"},"id":"l70ddreoogv8axu","previousOperationId":"5kdu4tk80rxkazi"}
{"type":"log","timestamp":1692834755948,"level":"debug","message":"(console:log) Pdf utils adding group field, value: \"Germany\"","meta":{"userLevel":true,"rootId":"emc4lr51vy944ny","id":"emc4lr51vy944ny"},"id":"n36ogb8zrgad572","previousOperationId":"5kdu4tk80rxkazi"}
{"type":"operationEnd","operationId":"5kdu4tk80rxkazi","timestamp":1692834755948,"id":"wyiwtw2pw4bsgim","previousEventId":"ozyf24xna9odobw","previousOperationId":"5kdu4tk80rxkazi"}
{"type":"operationStart","subtype":"recipe","name":"chrome-pdf","timestamp":1692834755951,"id":"z0i4qgguk8han6i","previousEventId":"wyiwtw2pw4bsgim","operationId":"bihuv0ib50vsmm1","previousOperationId":"5kdu4tk80rxkazi"}
{"type":"log","timestamp":1692834755951,"level":"debug","message":"Executing recipe chrome-pdf","meta":{"rootId":"emc4lr51vy944ny","id":"emc4lr51vy944ny"},"id":"iniuynz672ght07","previousOperationId":"bihuv0ib50vsmm1"}
{"type":"log","timestamp":1692834755968,"level":"debug","message":"Converting with chrome HeadlessChrome/114.0.5735.90 using chrome-pool strategy","meta":{"rootId":"emc4lr51vy944ny","id":"emc4lr51vy944ny"},"id":"iksqd84tsxvj527","previousOperationId":"bihuv0ib50vsmm1"}
{"type":"log","timestamp":1692834756337,"level":"debug","message":"Page request: GET (document) file:///var/folders/4s/5nqc4dmn10g5kx7sd84ykx100000gn/T/jsreport/autocleanup/1557a081-385c-4750-8272-57889b893361-chrome-pdf.html","meta":{"rootId":"emc4lr51vy944ny","id":"emc4lr51vy944ny"},"id":"074pxjt6gmnbawd","previousOperationId":"bihuv0ib50vsmm1"}
{"type":"log","timestamp":1692834756366,"level":"debug","message":"Page request: GET (script) https://cdnjs.cloudflare.com/ajax/libs/Chart.js/2.7.2/Chart.min.js","meta":{"rootId":"emc4lr51vy944ny","id":"emc4lr51vy944ny"},"id":"r6kyae4jjxp6csq","previousOperationId":"bihuv0ib50vsmm1"}
{"type":"log","timestamp":1692834756367,"level":"debug","message":"Page request finished: GET (document) 200 file:///var/folders/4s/5nqc4dmn10g5kx7sd84ykx100000gn/T/jsreport/autocleanup/1557a081-385c-4750-8272-57889b893361-chrome-pdf.html","meta":{"rootId":"emc4lr51vy944ny","id":"emc4lr51vy944ny"},"id":"mavqjn9h4zlmc0x","previousOperationId":"bihuv0ib50vsmm1"}
{"type":"log","timestamp":1692834756404,"level":"debug","message":"Page request finished: GET (script) 200 https://cdnjs.cloudflare.com/ajax/libs/Chart.js/2.7.2/Chart.min.js","meta":{"rootId":"emc4lr51vy944ny","id":"emc4lr51vy944ny"},"id":"int4lz843of4bxy","previousOperationId":"bihuv0ib50vsmm1"}
{"type":"log","timestamp":1692834756635,"level":"debug","message":"Running chrome with params {\"printBackground\":true,\"marginTop\":\"4cm\",\"marginRight\":\"1.5cm\",\"marginBottom\":\"1.5cm\",\"marginLeft\":\"1.5cm\",\"waitForJS\":false,\"timeout\":58617,\"margin\":{\"top\":\"4cm\",\"right\":\"1.5cm\",\"bottom\":\"1.5cm\",\"left\":\"1.5cm\"}}","meta":{"rootId":"emc4lr51vy944ny","id":"emc4lr51vy944ny"},"id":"mrtiyov8es60srn","previousOperationId":"bihuv0ib50vsmm1"}
{"type":"operationEnd","operationId":"bihuv0ib50vsmm1","timestamp":1692834757017,"id":"9aziiq85s9mtno5","previousEventId":"z0i4qgguk8han6i","previousOperationId":"bihuv0ib50vsmm1"}
{"type":"log","timestamp":1692834757017,"level":"info","message":"pdf-utils is starting pdf processing","meta":{"rootId":"emc4lr51vy944ny","id":"emc4lr51vy944ny"},"id":"2z2b9rlm817kypx","previousOperationId":"bihuv0ib50vsmm1"}
{"type":"operationStart","subtype":"pdfUtils","name":"pdf utils","timestamp":1692834757017,"id":"thdmlbey4jxvhwq","previousEventId":"9aziiq85s9mtno5","operationId":"ix1pzrzg3hwlvlw","previousOperationId":"bihuv0ib50vsmm1"}
{"type":"log","timestamp":1692834757017,"level":"debug","message":"pdf-utils detected 1 pdf operation(s) to process","meta":{"rootId":"emc4lr51vy944ny","id":"emc4lr51vy944ny"},"id":"n5sv1lmgqaolpl0","previousOperationId":"ix1pzrzg3hwlvlw"}
{"type":"log","timestamp":1692834757115,"level":"debug","message":"pdf-utils running pdf operation merge","meta":{"rootId":"emc4lr51vy944ny","id":"emc4lr51vy944ny"},"id":"x2j4jgba55e3m76","previousOperationId":"ix1pzrzg3hwlvlw"}
{"type":"operationStart","subtype":"pdfUtilsMerge","name":"pdf utils merge","previousOperationId":"ix1pzrzg3hwlvlw","timestamp":1692834757115,"id":"3yru6n3wapekl22","previousEventId":"thdmlbey4jxvhwq","operationId":"12xgagogce8i91v"}
{"type":"operationStart","subtype":"render","name":"orders-header","previousOperationId":"12xgagogce8i91v","timestamp":1692834757118,"id":"4m97h5jvfeqkdiz","previousEventId":"3yru6n3wapekl22","operationId":"vzvxxom53kfuuej"}
{"type":"log","timestamp":1692834757118,"level":"info","message":"Starting rendering (child) request","meta":{"rootId":"emc4lr51vy944ny","id":"ch05m2np69nbnys"},"id":"ubumzt2hck1i8ty","previousOperationId":"vzvxxom53kfuuej"}
{"type":"log","timestamp":1692834757118,"level":"info","message":"Rendering template { name: orders-header, recipe: chrome-pdf, engine: handlebars, preview: true }","meta":{"rootId":"emc4lr51vy944ny","id":"ch05m2np69nbnys"},"id":"d4k1f9g7sbwbplr","previousOperationId":"vzvxxom53kfuuej"}
{"type":"log","timestamp":1692834757146,"level":"debug","message":"Inline data specified.","meta":{"rootId":"emc4lr51vy944ny","id":"ch05m2np69nbnys"},"id":"6h49tzyznidls13","previousOperationId":"vzvxxom53kfuuej"}
{"type":"log","timestamp":1692834757267,"level":"debug","message":"Base url not specified, skipping its injection.","meta":{"rootId":"emc4lr51vy944ny","id":"ch05m2np69nbnys"},"id":"rkfdnqc696zkcmd","previousOperationId":"vzvxxom53kfuuej"}
{"type":"operationStart","subtype":"engine","name":"handlebars","timestamp":1692834757268,"id":"8sx792ltyjhqv3e","previousEventId":"4m97h5jvfeqkdiz","operationId":"zxcepufe0l2tf57","previousOperationId":"vzvxxom53kfuuej"}
{"type":"log","timestamp":1692834757268,"level":"debug","message":"Rendering engine handlebars","meta":{"rootId":"emc4lr51vy944ny","id":"ch05m2np69nbnys"},"id":"0aofedrdqcf89b9","previousOperationId":"zxcepufe0l2tf57"}
{"type":"operationEnd","operationId":"zxcepufe0l2tf57","timestamp":1692834757351,"id":"jbq3bgegln7lh5u","previousEventId":"8sx792ltyjhqv3e","previousOperationId":"zxcepufe0l2tf57"}
{"type":"operationStart","subtype":"recipe","name":"chrome-pdf","timestamp":1692834757351,"id":"4xox59y3phbsy1k","previousEventId":"jbq3bgegln7lh5u","operationId":"a9s64koexqmlwx7","previousOperationId":"zxcepufe0l2tf57"}
{"type":"log","timestamp":1692834757351,"level":"debug","message":"Executing recipe chrome-pdf","meta":{"rootId":"emc4lr51vy944ny","id":"ch05m2np69nbnys"},"id":"os8cv85iak543rq","previousOperationId":"a9s64koexqmlwx7"}
{"type":"log","timestamp":1692834757354,"level":"debug","message":"Converting with chrome HeadlessChrome/114.0.5735.90 using chrome-pool strategy","meta":{"rootId":"emc4lr51vy944ny","id":"ch05m2np69nbnys"},"id":"xeaey7endpvlh7e","previousOperationId":"a9s64koexqmlwx7"}
{"type":"log","timestamp":1692834757680,"level":"debug","message":"Page request: GET (document) file:///var/folders/4s/5nqc4dmn10g5kx7sd84ykx100000gn/T/jsreport/autocleanup/4a198087-fb78-402e-9509-5bca9eef59ee-chrome-pdf.html","meta":{"rootId":"emc4lr51vy944ny","id":"ch05m2np69nbnys"},"id":"59509eo5ysbkomo","previousOperationId":"a9s64koexqmlwx7"}
{"type":"log","timestamp":1692834757699,"level":"debug","message":"Page request: GET (stylesheet) https://cdnjs.cloudflare.com/ajax/libs/metro/4.1.5/css/metro.min.css","meta":{"rootId":"emc4lr51vy944ny","id":"ch05m2np69nbnys"},"id":"t0cn8c8timwwnzv","previousOperationId":"a9s64koexqmlwx7"}
{"type":"log","timestamp":1692834757700,"level":"debug","message":"Page request finished: GET (document) 200 file:///var/folders/4s/5nqc4dmn10g5kx7sd84ykx100000gn/T/jsreport/autocleanup/4a198087-fb78-402e-9509-5bca9eef59ee-chrome-pdf.html","meta":{"rootId":"emc4lr51vy944ny","id":"ch05m2np69nbnys"},"id":"jwxrrf9g5ate17b","previousOperationId":"a9s64koexqmlwx7"}
{"type":"log","timestamp":1692834757729,"level":"debug","message":"Page request finished: GET (stylesheet) 200 https://cdnjs.cloudflare.com/ajax/libs/metro/4.1.5/css/metro.min.css","meta":{"rootId":"emc4lr51vy944ny","id":"ch05m2np69nbnys"},"id":"e80fqpr30owcd2p","previousOperationId":"a9s64koexqmlwx7"}
{"type":"log","timestamp":1692834757839,"level":"debug","message":"Running chrome with params {\"printBackground\":true,\"marginTop\":\"1.5cm\",\"marginRight\":\"1.5cm\",\"marginLeft\":\"1.cm\",\"timeout\":57229,\"margin\":{\"top\":\"1.5cm\",\"right\":\"1.5cm\",\"left\":\"1.cm\"}}","meta":{"rootId":"emc4lr51vy944ny","id":"ch05m2np69nbnys"},"id":"nfudmhmdzpvyqlj","previousOperationId":"a9s64koexqmlwx7"}
{"type":"operationEnd","operationId":"a9s64koexqmlwx7","timestamp":1692834758020,"id":"m14m6gojppx26ah","previousEventId":"4xox59y3phbsy1k","previousOperationId":"a9s64koexqmlwx7"}
{"type":"log","timestamp":1692834758021,"level":"debug","message":"Skipping storing report.","meta":{"rootId":"emc4lr51vy944ny","id":"ch05m2np69nbnys"},"id":"zm2lpl7w4i7fupm","previousOperationId":"a9s64koexqmlwx7"}
{"type":"log","timestamp":1692834758021,"level":"info","message":"Rendering (child) request finished in 3439 ms","meta":{"rootId":"emc4lr51vy944ny","id":"ch05m2np69nbnys"},"id":"8832gwa7a9cravl","previousOperationId":"a9s64koexqmlwx7"}
{"type":"operationEnd","subtype":"render","operationId":"vzvxxom53kfuuej","timestamp":1692834758021,"id":"37cmg1yx9daxh3o","previousEventId":"m14m6gojppx26ah","previousOperationId":"a9s64koexqmlwx7"}
{"type":"operationEnd","operationId":"12xgagogce8i91v","timestamp":1692834758053,"id":"g2ilavjxyncxwet","previousEventId":"3yru6n3wapekl22","previousOperationId":"12xgagogce8i91v"}
{"type":"log","timestamp":1692834758053,"level":"debug","message":"pdf-utils postproces start","meta":{"rootId":"emc4lr51vy944ny","id":"emc4lr51vy944ny"},"id":"ilnzx8gcrdql7yw","previousOperationId":"12xgagogce8i91v"}
{"type":"log","timestamp":1692834758090,"level":"debug","message":"pdf-utils postproces end","meta":{"rootId":"emc4lr51vy944ny","id":"emc4lr51vy944ny"},"id":"z3qbp0dr6nwi46q","previousOperationId":"12xgagogce8i91v"}
{"type":"operationEnd","operationId":"ix1pzrzg3hwlvlw","timestamp":1692834758090,"id":"6zfkw26uqs74mdz","previousEventId":"g2ilavjxyncxwet","previousOperationId":"12xgagogce8i91v"}
{"type":"log","timestamp":1692834758090,"level":"info","message":"pdf-utils pdf processing was finished","meta":{"rootId":"emc4lr51vy944ny","id":"emc4lr51vy944ny"},"id":"qr6fpl7ab45ni44","previousOperationId":"ix1pzrzg3hwlvlw"}
{"type":"log","timestamp":1692834758090,"level":"debug","message":"Skipping storing report.","meta":{"rootId":"emc4lr51vy944ny","id":"emc4lr51vy944ny"},"id":"jxtm8a5iohgbvb6","previousOperationId":"ix1pzrzg3hwlvlw"}
{"type":"log","timestamp":1692834758091,"level":"info","message":"Rendering request 8 finished in 3509 ms","meta":{"rootId":"emc4lr51vy944ny","id":"emc4lr51vy944ny"},"id":"n537fs5q65at3pe","previousOperationId":"ix1pzrzg3hwlvlw"}
{"type":"operationEnd","subtype":"render","operationId":"05sy0g6fl17cj70","timestamp":1692834758100,"id":"vyvpgp1yvk3a9s2","previousEventId":"6zfkw26uqs74mdz","previousOperationId":"ix1pzrzg3hwlvlw"}
{"type":"operationEnd","doDiffs":false,"previousEventId":"p04b0okpfz3v3vy","previousOperationId":"mm1w2kdblfhe40g","operationId":"mm1w2kdblfhe40g","timestamp":1692834758119,"id":"nw08jvrpicffu79"}
