{"type":"operationStart","subtype":"profile","data":{"_id":"ySPtrVnpd8Ejn5Xg","timestamp":"2023-08-17T04:40:01.839Z","state":"queued","mode":"standard","creationDate":"2023-08-17T04:40:01.863Z","modificationDate":"2023-08-17T04:40:01.863Z","shortid":"a39Lv6j","$entitySet":"profiles"},"doDiffs":false,"timestamp":1692247201844,"id":"43fthfhktfpjk91","previousOperationId":null,"operationId":"v49pau3ndsvfza6"}
{"type":"log","level":"info","message":"Render request 1 queued for execution and waiting for available worker","previousOperationId":"v49pau3ndsvfza6","timestamp":1692247201853,"id":"h3xsn4unytcfeb8"}
{"type":"operationStart","subtype":"render","name":"orders-main","previousOperationId":"v49pau3ndsvfza6","timestamp":1692247202012,"id":"c4pgmb0ybmiczim","previousEventId":"43fthfhktfpjk91","operationId":"19lljtrzyfq2v0l"}
{"type":"log","timestamp":1692247202013,"level":"info","message":"Starting rendering request 1","meta":{"rootId":"ig89ic8c5atin91","id":"ig89ic8c5atin91"},"id":"eh95oxxy9ggs565","previousOperationId":"19lljtrzyfq2v0l"}
{"type":"log","timestamp":1692247202016,"level":"info","message":"Rendering template { name: orders-main, recipe: chrome-pdf, engine: handlebars, preview: true }","meta":{"rootId":"ig89ic8c5atin91","id":"ig89ic8c5atin91"},"id":"iktfh04rh6xofb7","previousOperationId":"19lljtrzyfq2v0l"}
{"type":"log","timestamp":1692247202023,"level":"debug","message":"Data item not defined for this template.","meta":{"rootId":"ig89ic8c5atin91","id":"ig89ic8c5atin91"},"id":"paih27wwz0kf6t8","previousOperationId":"19lljtrzyfq2v0l"}
{"type":"log","timestamp":1692247202032,"level":"debug","message":"Executing script orders-script (beforeRender)","meta":{"rootId":"ig89ic8c5atin91","id":"ig89ic8c5atin91"},"id":"1yp6gknjaxc26rd","previousOperationId":"19lljtrzyfq2v0l"}
{"type":"operationStart","subtype":"scriptsBeforeRender","name":"scripts beforeRender","timestamp":1692247203870,"id":"3vj828fezs9k0m4","previousEventId":"c4pgmb0ybmiczim","operationId":"gz6p8kzpovdt3f2","previousOperationId":"19lljtrzyfq2v0l"}
{"type":"operationStart","subtype":"script","name":"scripts orders-script","previousOperationId":"gz6p8kzpovdt3f2","timestamp":1692247203870,"id":"jkn7n73t5i8x638","previousEventId":"3vj828fezs9k0m4","operationId":"573rna4s3nihzjb"}
{"type":"operationEnd","operationId":"573rna4s3nihzjb","timestamp":1692247205796,"id":"s4eslf27la0kkie","previousEventId":"c4pgmb0ybmiczim","previousOperationId":"19lljtrzyfq2v0l"}
{"type":"operationEnd","operationId":"gz6p8kzpovdt3f2","timestamp":1692247205796,"id":"k8i3mshxsc84gpo","previousEventId":"s4eslf27la0kkie","previousOperationId":"19lljtrzyfq2v0l"}
{"type":"log","timestamp":1692247205796,"level":"debug","message":"Base url not specified, skipping its injection.","meta":{"rootId":"ig89ic8c5atin91","id":"ig89ic8c5atin91"},"id":"siyi0v8rnca93as","previousOperationId":"gz6p8kzpovdt3f2"}
{"type":"operationStart","subtype":"engine","name":"handlebars","timestamp":1692247205798,"id":"3jric9xn19vloay","previousEventId":"k8i3mshxsc84gpo","operationId":"pyitestw9sku1vb","previousOperationId":"gz6p8kzpovdt3f2"}
{"type":"log","timestamp":1692247205798,"level":"debug","message":"Rendering engine handlebars","meta":{"rootId":"ig89ic8c5atin91","id":"ig89ic8c5atin91"},"id":"rlyrkidonhduflr","previousOperationId":"pyitestw9sku1vb"}
{"type":"log","timestamp":1692247207097,"level":"debug","message":"(console:log) Pdf utils adding group field, value: \"France\"","meta":{"userLevel":true,"rootId":"ig89ic8c5atin91","id":"ig89ic8c5atin91"},"id":"jydsfyfp0q1ls4h","previousOperationId":"pyitestw9sku1vb"}
{"type":"log","timestamp":1692247207100,"level":"debug","message":"(console:log) Pdf utils adding group field, value: \"Germany\"","meta":{"userLevel":true,"rootId":"ig89ic8c5atin91","id":"ig89ic8c5atin91"},"id":"u5kzyeryeu0padg","previousOperationId":"pyitestw9sku1vb"}
{"type":"operationEnd","operationId":"pyitestw9sku1vb","timestamp":1692247207101,"id":"3aolbicfx1bw4i1","previousEventId":"3jric9xn19vloay","previousOperationId":"pyitestw9sku1vb"}
{"type":"operationStart","subtype":"recipe","name":"chrome-pdf","timestamp":1692247207103,"id":"7ixm59g49lq10ak","previousEventId":"3aolbicfx1bw4i1","operationId":"ytu67ig213c8gc6","previousOperationId":"pyitestw9sku1vb"}
{"type":"log","timestamp":1692247207103,"level":"debug","message":"Executing recipe chrome-pdf","meta":{"rootId":"ig89ic8c5atin91","id":"ig89ic8c5atin91"},"id":"e2zgr7i2pgb8fqi","previousOperationId":"ytu67ig213c8gc6"}
{"type":"log","timestamp":1692247209733,"level":"debug","message":"Converting with chrome HeadlessChrome/114.0.5735.90 using chrome-pool strategy","meta":{"rootId":"ig89ic8c5atin91","id":"ig89ic8c5atin91"},"id":"11wdtsjo4tnevjk","previousOperationId":"ytu67ig213c8gc6"}
{"type":"log","timestamp":1692247210688,"level":"debug","message":"Page request: GET (document) file:///var/folders/4s/5nqc4dmn10g5kx7sd84ykx100000gn/T/jsreport/autocleanup/aaafafc2-47ff-4515-8d1c-c69d68bb6ce8-chrome-pdf.html","meta":{"rootId":"ig89ic8c5atin91","id":"ig89ic8c5atin91"},"id":"2umm3daqmxymikh","previousOperationId":"ytu67ig213c8gc6"}
{"type":"log","timestamp":1692247210876,"level":"debug","message":"Page request: GET (stylesheet) https://cdnjs.cloudflare.com/ajax/libs/metro/4.1.5/css/metro.min.css","meta":{"rootId":"ig89ic8c5atin91","id":"ig89ic8c5atin91"},"id":"dv48gwu0oyjrcuv","previousOperationId":"ytu67ig213c8gc6"}
{"type":"log","timestamp":1692247210878,"level":"debug","message":"Page request: GET (script) https://cdnjs.cloudflare.com/ajax/libs/Chart.js/2.7.2/Chart.min.js","meta":{"rootId":"ig89ic8c5atin91","id":"ig89ic8c5atin91"},"id":"jn2mph46i3w9e46","previousOperationId":"ytu67ig213c8gc6"}
{"type":"log","timestamp":1692247210889,"level":"debug","message":"Page request finished: GET (document) 200 file:///var/folders/4s/5nqc4dmn10g5kx7sd84ykx100000gn/T/jsreport/autocleanup/aaafafc2-47ff-4515-8d1c-c69d68bb6ce8-chrome-pdf.html","meta":{"rootId":"ig89ic8c5atin91","id":"ig89ic8c5atin91"},"id":"xdra7a6xoy0cb80","previousOperationId":"ytu67ig213c8gc6"}
{"type":"log","timestamp":1692247211408,"level":"debug","message":"Page request finished: GET (stylesheet) 200 https://cdnjs.cloudflare.com/ajax/libs/metro/4.1.5/css/metro.min.css","meta":{"rootId":"ig89ic8c5atin91","id":"ig89ic8c5atin91"},"id":"r8x9btoe68z5kh5","previousOperationId":"ytu67ig213c8gc6"}
{"type":"log","timestamp":1692247211409,"level":"debug","message":"Page request finished: GET (script) 200 https://cdnjs.cloudflare.com/ajax/libs/Chart.js/2.7.2/Chart.min.js","meta":{"rootId":"ig89ic8c5atin91","id":"ig89ic8c5atin91"},"id":"k1uo7uyoto6o4g7","previousOperationId":"ytu67ig213c8gc6"}
{"type":"log","timestamp":1692247212223,"level":"debug","message":"Running chrome with params {\"printBackground\":true,\"marginTop\":\"4cm\",\"marginRight\":\"1.5cm\",\"marginBottom\":\"1.5cm\",\"marginLeft\":\"1.5cm\",\"waitForJS\":false,\"timeout\":53340,\"margin\":{\"top\":\"4cm\",\"right\":\"1.5cm\",\"bottom\":\"1.5cm\",\"left\":\"1.5cm\"}}","meta":{"rootId":"ig89ic8c5atin91","id":"ig89ic8c5atin91"},"id":"g6zbk1pqh5bofkv","previousOperationId":"ytu67ig213c8gc6"}
{"type":"operationEnd","operationId":"ytu67ig213c8gc6","timestamp":1692247213793,"id":"rr786sf99b2btu0","previousEventId":"7ixm59g49lq10ak","previousOperationId":"ytu67ig213c8gc6"}
{"type":"log","timestamp":1692247213797,"level":"info","message":"pdf-utils is starting pdf processing","meta":{"rootId":"ig89ic8c5atin91","id":"ig89ic8c5atin91"},"id":"a9iewy29cbngvbs","previousOperationId":"ytu67ig213c8gc6"}
{"type":"operationStart","subtype":"pdfUtils","name":"pdf utils","timestamp":1692247214735,"id":"6mv4nmm09d708q8","previousEventId":"rr786sf99b2btu0","operationId":"9rv2wxzhldd6uqq","previousOperationId":"ytu67ig213c8gc6"}
{"type":"log","timestamp":1692247214736,"level":"debug","message":"pdf-utils detected 1 pdf operation(s) to process","meta":{"rootId":"ig89ic8c5atin91","id":"ig89ic8c5atin91"},"id":"3zr00hz1qbtf9pn","previousOperationId":"9rv2wxzhldd6uqq"}
{"type":"log","timestamp":1692247217257,"level":"debug","message":"pdf-utils running pdf operation merge","meta":{"rootId":"ig89ic8c5atin91","id":"ig89ic8c5atin91"},"id":"n79gfsdpck5lskd","previousOperationId":"9rv2wxzhldd6uqq"}
{"type":"operationStart","subtype":"pdfUtilsMerge","name":"pdf utils merge","previousOperationId":"9rv2wxzhldd6uqq","timestamp":1692247217258,"id":"1kznqfagaxa2upp","previousEventId":"6mv4nmm09d708q8","operationId":"5rg91c9qryzjlr6"}
{"type":"operationStart","subtype":"render","name":"orders-header","previousOperationId":"5rg91c9qryzjlr6","timestamp":1692247217264,"id":"tzdskhy7qxnmtki","previousEventId":"1kznqfagaxa2upp","operationId":"tsttj23l3xt50c5"}
{"type":"log","timestamp":1692247217264,"level":"info","message":"Starting rendering (child) request","meta":{"rootId":"ig89ic8c5atin91","id":"kpx9yxoty2xf9xk"},"id":"2jz52u0xgsm8355","previousOperationId":"tsttj23l3xt50c5"}
{"type":"log","timestamp":1692247217265,"level":"info","message":"Rendering template { name: orders-header, recipe: chrome-pdf, engine: handlebars, preview: true }","meta":{"rootId":"ig89ic8c5atin91","id":"kpx9yxoty2xf9xk"},"id":"y191asduqkivixf","previousOperationId":"tsttj23l3xt50c5"}
{"type":"log","timestamp":1692247217276,"level":"debug","message":"Inline data specified.","meta":{"rootId":"ig89ic8c5atin91","id":"kpx9yxoty2xf9xk"},"id":"9plz4ik7zp6lfz1","previousOperationId":"tsttj23l3xt50c5"}
{"type":"log","timestamp":1692247217321,"level":"debug","message":"Base url not specified, skipping its injection.","meta":{"rootId":"ig89ic8c5atin91","id":"kpx9yxoty2xf9xk"},"id":"2o7x271mjf8nrcb","previousOperationId":"tsttj23l3xt50c5"}
{"type":"operationStart","subtype":"engine","name":"handlebars","timestamp":1692247217325,"id":"kru1h558mbhpcn1","previousEventId":"tzdskhy7qxnmtki","operationId":"c1vc7axva51fxrt","previousOperationId":"tsttj23l3xt50c5"}
{"type":"log","timestamp":1692247217325,"level":"debug","message":"Rendering engine handlebars","meta":{"rootId":"ig89ic8c5atin91","id":"kpx9yxoty2xf9xk"},"id":"yl6ibqt80aj2n4v","previousOperationId":"c1vc7axva51fxrt"}
{"type":"operationEnd","operationId":"c1vc7axva51fxrt","timestamp":1692247217882,"id":"2rljsnodzs2nbhq","previousEventId":"kru1h558mbhpcn1","previousOperationId":"c1vc7axva51fxrt"}
{"type":"operationStart","subtype":"recipe","name":"chrome-pdf","timestamp":1692247217884,"id":"c69o6h57ufatpt5","previousEventId":"2rljsnodzs2nbhq","operationId":"hhuvoqs2362n8sb","previousOperationId":"c1vc7axva51fxrt"}
{"type":"log","timestamp":1692247217884,"level":"debug","message":"Executing recipe chrome-pdf","meta":{"rootId":"ig89ic8c5atin91","id":"kpx9yxoty2xf9xk"},"id":"x73z1a7l63v6asm","previousOperationId":"hhuvoqs2362n8sb"}
{"type":"log","timestamp":1692247217889,"level":"debug","message":"Converting with chrome HeadlessChrome/114.0.5735.90 using chrome-pool strategy","meta":{"rootId":"ig89ic8c5atin91","id":"kpx9yxoty2xf9xk"},"id":"gvxq6gfp8gue29q","previousOperationId":"hhuvoqs2362n8sb"}
{"type":"log","timestamp":1692247218626,"level":"debug","message":"Page request: GET (document) file:///var/folders/4s/5nqc4dmn10g5kx7sd84ykx100000gn/T/jsreport/autocleanup/680bb4a2-cfae-404a-a03e-8c910f16c9ef-chrome-pdf.html","meta":{"rootId":"ig89ic8c5atin91","id":"kpx9yxoty2xf9xk"},"id":"yxugk6e0o4c4msu","previousOperationId":"hhuvoqs2362n8sb"}
{"type":"log","timestamp":1692247218695,"level":"debug","message":"Page request: GET (stylesheet) https://cdnjs.cloudflare.com/ajax/libs/metro/4.1.5/css/metro.min.css","meta":{"rootId":"ig89ic8c5atin91","id":"kpx9yxoty2xf9xk"},"id":"i11g0y8usrpax3e","previousOperationId":"hhuvoqs2362n8sb"}
{"type":"log","timestamp":1692247218699,"level":"debug","message":"Page request finished: GET (document) 200 file:///var/folders/4s/5nqc4dmn10g5kx7sd84ykx100000gn/T/jsreport/autocleanup/680bb4a2-cfae-404a-a03e-8c910f16c9ef-chrome-pdf.html","meta":{"rootId":"ig89ic8c5atin91","id":"kpx9yxoty2xf9xk"},"id":"e25dotzvftrl2z6","previousOperationId":"hhuvoqs2362n8sb"}
{"type":"log","timestamp":1692247218797,"level":"debug","message":"Page request finished: GET (stylesheet) 200 https://cdnjs.cloudflare.com/ajax/libs/metro/4.1.5/css/metro.min.css","meta":{"rootId":"ig89ic8c5atin91","id":"kpx9yxoty2xf9xk"},"id":"xvk02sl0n5bo210","previousOperationId":"hhuvoqs2362n8sb"}
{"type":"log","timestamp":1692247219242,"level":"debug","message":"Running chrome with params {\"printBackground\":true,\"marginTop\":\"1.5cm\",\"marginRight\":\"1.5cm\",\"marginLeft\":\"1.cm\",\"timeout\":43950,\"margin\":{\"top\":\"1.5cm\",\"right\":\"1.5cm\",\"left\":\"1.cm\"}}","meta":{"rootId":"ig89ic8c5atin91","id":"kpx9yxoty2xf9xk"},"id":"3acdai8yampe79j","previousOperationId":"hhuvoqs2362n8sb"}
{"type":"operationEnd","operationId":"hhuvoqs2362n8sb","timestamp":1692247220179,"id":"d2jgvdnkll8ost5","previousEventId":"c69o6h57ufatpt5","previousOperationId":"hhuvoqs2362n8sb"}
{"type":"log","timestamp":1692247220180,"level":"debug","message":"Skipping storing report.","meta":{"rootId":"ig89ic8c5atin91","id":"kpx9yxoty2xf9xk"},"id":"ijvcw0hpecivvia","previousOperationId":"hhuvoqs2362n8sb"}
{"type":"log","timestamp":1692247220181,"level":"info","message":"Rendering (child) request finished in 18343 ms","meta":{"rootId":"ig89ic8c5atin91","id":"kpx9yxoty2xf9xk"},"id":"32qzdnkuq22pxl5","previousOperationId":"hhuvoqs2362n8sb"}
{"type":"operationEnd","subtype":"render","operationId":"tsttj23l3xt50c5","timestamp":1692247220182,"id":"bvy8jk8qnfcj3l0","previousEventId":"d2jgvdnkll8ost5","previousOperationId":"hhuvoqs2362n8sb"}
{"type":"operationEnd","operationId":"5rg91c9qryzjlr6","timestamp":1692247220421,"id":"9w5gyhs21ryl302","previousEventId":"1kznqfagaxa2upp","previousOperationId":"5rg91c9qryzjlr6"}
{"type":"log","timestamp":1692247220421,"level":"debug","message":"pdf-utils postproces start","meta":{"rootId":"ig89ic8c5atin91","id":"ig89ic8c5atin91"},"id":"82h5ygos9qftspn","previousOperationId":"5rg91c9qryzjlr6"}
{"type":"log","timestamp":1692247221201,"level":"debug","message":"pdf-utils postproces end","meta":{"rootId":"ig89ic8c5atin91","id":"ig89ic8c5atin91"},"id":"czpkua64basvh7e","previousOperationId":"5rg91c9qryzjlr6"}
{"type":"operationEnd","operationId":"9rv2wxzhldd6uqq","timestamp":1692247221202,"id":"852uktoycus47yr","previousEventId":"9w5gyhs21ryl302","previousOperationId":"5rg91c9qryzjlr6"}
{"type":"log","timestamp":1692247221276,"level":"info","message":"pdf-utils pdf processing was finished","meta":{"rootId":"ig89ic8c5atin91","id":"ig89ic8c5atin91"},"id":"i8fv9metw2koyaz","previousOperationId":"9rv2wxzhldd6uqq"}
{"type":"log","timestamp":1692247221278,"level":"debug","message":"Skipping storing report.","meta":{"rootId":"ig89ic8c5atin91","id":"ig89ic8c5atin91"},"id":"7qlm9gf90cxcxjy","previousOperationId":"9rv2wxzhldd6uqq"}
{"type":"log","timestamp":1692247221278,"level":"info","message":"Rendering request 1 finished in 19440 ms","meta":{"rootId":"ig89ic8c5atin91","id":"ig89ic8c5atin91"},"id":"kbmxdr96251d01l","previousOperationId":"9rv2wxzhldd6uqq"}
{"type":"operationEnd","subtype":"render","operationId":"19lljtrzyfq2v0l","timestamp":1692247221278,"id":"g077ayi4psfkgas","previousEventId":"852uktoycus47yr","previousOperationId":"9rv2wxzhldd6uqq"}
{"type":"operationEnd","doDiffs":false,"previousEventId":"43fthfhktfpjk91","previousOperationId":"v49pau3ndsvfza6","operationId":"v49pau3ndsvfza6","timestamp":1692247221495,"id":"1vqam55d556yki4"}
