{"type":"operationStart","subtype":"profile","data":{"_id":"g5tQCVDCrBTIRZWj","timestamp":"2023-08-23T23:50:20.894Z","state":"queued","mode":"standard","creationDate":"2023-08-23T23:50:20.899Z","modificationDate":"2023-08-23T23:50:20.899Z","shortid":"NzROiS3","$entitySet":"profiles"},"doDiffs":false,"timestamp":1692834620897,"id":"xrh1hrlfs4p050w","previousOperationId":null,"operationId":"yfuj9b7p4ts7vrf"}
{"type":"log","level":"info","message":"Render request 6 queued for execution and waiting for available worker","previousOperationId":"yfuj9b7p4ts7vrf","timestamp":1692834620898,"id":"93qe5dtkyh5b7eg"}
{"type":"operationStart","subtype":"render","name":"orders-main","previousOperationId":"yfuj9b7p4ts7vrf","timestamp":1692834620921,"id":"jp486hdtiivh717","previousEventId":"xrh1hrlfs4p050w","operationId":"eme2uf3blmm0lvz"}
{"type":"log","timestamp":1692834620921,"level":"info","message":"Starting rendering request 6","meta":{"rootId":"qlehoeaklpyslcf","id":"qlehoeaklpyslcf"},"id":"iccharu9wtstsia","previousOperationId":"eme2uf3blmm0lvz"}
{"type":"log","timestamp":1692834620921,"level":"info","message":"Rendering template { name: orders-main, recipe: chrome-pdf, engine: handlebars, preview: true }","meta":{"rootId":"qlehoeaklpyslcf","id":"qlehoeaklpyslcf"},"id":"m99m1ep02yffjef","previousOperationId":"eme2uf3blmm0lvz"}
{"type":"log","timestamp":1692834620925,"level":"debug","message":"Data item not defined for this template.","meta":{"rootId":"qlehoeaklpyslcf","id":"qlehoeaklpyslcf"},"id":"0h2hwkr31sf0ydf","previousOperationId":"eme2uf3blmm0lvz"}
{"type":"log","timestamp":1692834620937,"level":"debug","message":"Executing script orders-script (beforeRender)","meta":{"rootId":"qlehoeaklpyslcf","id":"qlehoeaklpyslcf"},"id":"ush156kff7426c3","previousOperationId":"eme2uf3blmm0lvz"}
{"type":"operationStart","subtype":"scriptsBeforeRender","name":"scripts beforeRender","timestamp":1692834620954,"id":"fe0806sn7nxcimj","previousEventId":"jp486hdtiivh717","operationId":"jejqemu7veed95p","previousOperationId":"eme2uf3blmm0lvz"}
{"type":"operationStart","subtype":"script","name":"scripts orders-script","previousOperationId":"jejqemu7veed95p","timestamp":1692834620954,"id":"64vawldm6d7tvpd","previousEventId":"fe0806sn7nxcimj","operationId":"fd7dxn16a6zoy4t"}
{"type":"operationEnd","operationId":"fd7dxn16a6zoy4t","timestamp":1692834622142,"id":"xcs8hqrz669euwc","previousEventId":"jp486hdtiivh717","previousOperationId":"eme2uf3blmm0lvz"}
{"type":"operationEnd","operationId":"jejqemu7veed95p","timestamp":1692834622142,"id":"u15qxdj7x2jevpm","previousEventId":"xcs8hqrz669euwc","previousOperationId":"eme2uf3blmm0lvz"}
{"type":"log","timestamp":1692834622142,"level":"debug","message":"Base url not specified, skipping its injection.","meta":{"rootId":"qlehoeaklpyslcf","id":"qlehoeaklpyslcf"},"id":"97ft5ds2e57w0ss","previousOperationId":"jejqemu7veed95p"}
{"type":"operationStart","subtype":"engine","name":"handlebars","timestamp":1692834622142,"id":"dlxnqmt0x2g5b3i","previousEventId":"u15qxdj7x2jevpm","operationId":"x2cln229bvrfskz","previousOperationId":"jejqemu7veed95p"}
{"type":"log","timestamp":1692834622142,"level":"debug","message":"Rendering engine handlebars","meta":{"rootId":"qlehoeaklpyslcf","id":"qlehoeaklpyslcf"},"id":"tzw9a4j5qjo9216","previousOperationId":"x2cln229bvrfskz"}
{"type":"log","timestamp":1692834622201,"level":"debug","message":"(console:log) Pdf utils adding group field, value: \"France\"","meta":{"userLevel":true,"rootId":"qlehoeaklpyslcf","id":"qlehoeaklpyslcf"},"id":"xbgek7wd9t5ml2f","previousOperationId":"x2cln229bvrfskz"}
{"type":"log","timestamp":1692834622202,"level":"debug","message":"(console:log) Pdf utils adding group field, value: \"Germany\"","meta":{"userLevel":true,"rootId":"qlehoeaklpyslcf","id":"qlehoeaklpyslcf"},"id":"uts0qng83fvuz0e","previousOperationId":"x2cln229bvrfskz"}
{"type":"operationEnd","operationId":"x2cln229bvrfskz","timestamp":1692834622202,"id":"2aje91mpe2icksv","previousEventId":"dlxnqmt0x2g5b3i","previousOperationId":"x2cln229bvrfskz"}
{"type":"operationStart","subtype":"recipe","name":"chrome-pdf","timestamp":1692834622203,"id":"3zyvnokuem2m4cx","previousEventId":"2aje91mpe2icksv","operationId":"p2vze82941k7jw3","previousOperationId":"x2cln229bvrfskz"}
{"type":"log","timestamp":1692834622203,"level":"debug","message":"Executing recipe chrome-pdf","meta":{"rootId":"qlehoeaklpyslcf","id":"qlehoeaklpyslcf"},"id":"2v23sjl9py0g3g2","previousOperationId":"p2vze82941k7jw3"}
{"type":"log","timestamp":1692834622222,"level":"debug","message":"Converting with chrome HeadlessChrome/114.0.5735.90 using chrome-pool strategy","meta":{"rootId":"qlehoeaklpyslcf","id":"qlehoeaklpyslcf"},"id":"2456jwsyg58i5o6","previousOperationId":"p2vze82941k7jw3"}
{"type":"log","timestamp":1692834622589,"level":"debug","message":"Page request: GET (document) file:///var/folders/4s/5nqc4dmn10g5kx7sd84ykx100000gn/T/jsreport/autocleanup/689e5ef8-adc4-44a9-8222-e9c20068d5f8-chrome-pdf.html","meta":{"rootId":"qlehoeaklpyslcf","id":"qlehoeaklpyslcf"},"id":"w6sw7zwrm70kfpn","previousOperationId":"p2vze82941k7jw3"}
{"type":"log","timestamp":1692834622633,"level":"debug","message":"Page request: GET (stylesheet) https://cdnjs.cloudflare.com/ajax/libs/metro/4.1.5/css/metro.min.css","meta":{"rootId":"qlehoeaklpyslcf","id":"qlehoeaklpyslcf"},"id":"uvzb9k9f8z3ub99","previousOperationId":"p2vze82941k7jw3"}
{"type":"log","timestamp":1692834622634,"level":"debug","message":"Page request: GET (script) https://cdnjs.cloudflare.com/ajax/libs/Chart.js/2.7.2/Chart.min.js","meta":{"rootId":"qlehoeaklpyslcf","id":"qlehoeaklpyslcf"},"id":"bu4jvdijy7is2mv","previousOperationId":"p2vze82941k7jw3"}
{"type":"log","timestamp":1692834622668,"level":"debug","message":"Page request finished: GET (document) 200 file:///var/folders/4s/5nqc4dmn10g5kx7sd84ykx100000gn/T/jsreport/autocleanup/689e5ef8-adc4-44a9-8222-e9c20068d5f8-chrome-pdf.html","meta":{"rootId":"qlehoeaklpyslcf","id":"qlehoeaklpyslcf"},"id":"4ioba68t6hfkdrq","previousOperationId":"p2vze82941k7jw3"}
{"type":"log","timestamp":1692834622808,"level":"debug","message":"Page request finished: GET (stylesheet) 200 https://cdnjs.cloudflare.com/ajax/libs/metro/4.1.5/css/metro.min.css","meta":{"rootId":"qlehoeaklpyslcf","id":"qlehoeaklpyslcf"},"id":"h1kvk6lonhwimy8","previousOperationId":"p2vze82941k7jw3"}
{"type":"log","timestamp":1692834622871,"level":"debug","message":"Page request finished: GET (script) 200 https://cdnjs.cloudflare.com/ajax/libs/Chart.js/2.7.2/Chart.min.js","meta":{"rootId":"qlehoeaklpyslcf","id":"qlehoeaklpyslcf"},"id":"myw5xrlkraqqupg","previousOperationId":"p2vze82941k7jw3"}
{"type":"log","timestamp":1692834623214,"level":"debug","message":"Running chrome with params {\"printBackground\":true,\"marginTop\":\"4cm\",\"marginRight\":\"1.5cm\",\"marginBottom\":\"1.5cm\",\"marginLeft\":\"1.5cm\",\"waitForJS\":false,\"timeout\":58673,\"margin\":{\"top\":\"4cm\",\"right\":\"1.5cm\",\"bottom\":\"1.5cm\",\"left\":\"1.5cm\"}}","meta":{"rootId":"qlehoeaklpyslcf","id":"qlehoeaklpyslcf"},"id":"uhlbthytlx4l1ob","previousOperationId":"p2vze82941k7jw3"}
{"type":"operationEnd","operationId":"p2vze82941k7jw3","timestamp":1692834623683,"id":"304m1qs5zpmgnhs","previousEventId":"3zyvnokuem2m4cx","previousOperationId":"p2vze82941k7jw3"}
{"type":"log","timestamp":1692834623683,"level":"info","message":"pdf-utils is starting pdf processing","meta":{"rootId":"qlehoeaklpyslcf","id":"qlehoeaklpyslcf"},"id":"1qndbgmnpwlm0rw","previousOperationId":"p2vze82941k7jw3"}
{"type":"operationStart","subtype":"pdfUtils","name":"pdf utils","timestamp":1692834623683,"id":"nyep0396n3a5bij","previousEventId":"304m1qs5zpmgnhs","operationId":"b3w50r1ex4v57ml","previousOperationId":"p2vze82941k7jw3"}
{"type":"log","timestamp":1692834623684,"level":"debug","message":"pdf-utils detected 1 pdf operation(s) to process","meta":{"rootId":"qlehoeaklpyslcf","id":"qlehoeaklpyslcf"},"id":"a1hed4plwb0zbc0","previousOperationId":"b3w50r1ex4v57ml"}
{"type":"log","timestamp":1692834624003,"level":"debug","message":"pdf-utils running pdf operation merge","meta":{"rootId":"qlehoeaklpyslcf","id":"qlehoeaklpyslcf"},"id":"4bfqqfs5asnzvxx","previousOperationId":"b3w50r1ex4v57ml"}
{"type":"operationStart","subtype":"pdfUtilsMerge","name":"pdf utils merge","previousOperationId":"b3w50r1ex4v57ml","timestamp":1692834624003,"id":"jyl79jz5rfxhzmf","previousEventId":"nyep0396n3a5bij","operationId":"v75nl1fvu3icz70"}
{"type":"operationStart","subtype":"render","name":"orders-header","previousOperationId":"v75nl1fvu3icz70","timestamp":1692834624013,"id":"vycdivbmk96h8ds","previousEventId":"jyl79jz5rfxhzmf","operationId":"lznuckr22cm4hvm"}
{"type":"log","timestamp":1692834624013,"level":"info","message":"Starting rendering (child) request","meta":{"rootId":"qlehoeaklpyslcf","id":"owxzj27nhczarcz"},"id":"j2xh8rdwgdg1vai","previousOperationId":"lznuckr22cm4hvm"}
{"type":"log","timestamp":1692834624013,"level":"info","message":"Rendering template { name: orders-header, recipe: chrome-pdf, engine: handlebars, preview: true }","meta":{"rootId":"qlehoeaklpyslcf","id":"owxzj27nhczarcz"},"id":"tzxb0m0gv34ozvq","previousOperationId":"lznuckr22cm4hvm"}
{"type":"log","timestamp":1692834624023,"level":"debug","message":"Inline data specified.","meta":{"rootId":"qlehoeaklpyslcf","id":"owxzj27nhczarcz"},"id":"r2nzfl87zwkjaxz","previousOperationId":"lznuckr22cm4hvm"}
{"type":"log","timestamp":1692834624090,"level":"debug","message":"Base url not specified, skipping its injection.","meta":{"rootId":"qlehoeaklpyslcf","id":"owxzj27nhczarcz"},"id":"7o30snleem2g5n4","previousOperationId":"lznuckr22cm4hvm"}
{"type":"operationStart","subtype":"engine","name":"handlebars","timestamp":1692834624096,"id":"xhms387wcrj21e0","previousEventId":"vycdivbmk96h8ds","operationId":"rmpi95ladimhhbp","previousOperationId":"lznuckr22cm4hvm"}
{"type":"log","timestamp":1692834624096,"level":"debug","message":"Rendering engine handlebars","meta":{"rootId":"qlehoeaklpyslcf","id":"owxzj27nhczarcz"},"id":"pmna5xw9q39ba0z","previousOperationId":"rmpi95ladimhhbp"}
{"type":"operationEnd","operationId":"rmpi95ladimhhbp","timestamp":1692834624400,"id":"0g4dsuz1gq2ki0k","previousEventId":"xhms387wcrj21e0","previousOperationId":"rmpi95ladimhhbp"}
{"type":"operationStart","subtype":"recipe","name":"chrome-pdf","timestamp":1692834624400,"id":"g9ynjin67pmyaav","previousEventId":"0g4dsuz1gq2ki0k","operationId":"96bme0odhsr6d69","previousOperationId":"rmpi95ladimhhbp"}
{"type":"log","timestamp":1692834624400,"level":"debug","message":"Executing recipe chrome-pdf","meta":{"rootId":"qlehoeaklpyslcf","id":"owxzj27nhczarcz"},"id":"uusobr4ckv8iku9","previousOperationId":"96bme0odhsr6d69"}
{"type":"log","timestamp":1692834624403,"level":"debug","message":"Converting with chrome HeadlessChrome/114.0.5735.90 using chrome-pool strategy","meta":{"rootId":"qlehoeaklpyslcf","id":"owxzj27nhczarcz"},"id":"8nr029h9pbssopy","previousOperationId":"96bme0odhsr6d69"}
{"type":"log","timestamp":1692834624796,"level":"debug","message":"Page request: GET (document) file:///var/folders/4s/5nqc4dmn10g5kx7sd84ykx100000gn/T/jsreport/autocleanup/7a39ea1c-de79-4393-923c-104c878f1597-chrome-pdf.html","meta":{"rootId":"qlehoeaklpyslcf","id":"owxzj27nhczarcz"},"id":"iley9gmwjwno37d","previousOperationId":"96bme0odhsr6d69"}
{"type":"log","timestamp":1692834624837,"level":"debug","message":"Page request: GET (stylesheet) https://cdnjs.cloudflare.com/ajax/libs/metro/4.1.5/css/metro.min.css","meta":{"rootId":"qlehoeaklpyslcf","id":"owxzj27nhczarcz"},"id":"0pm6mt0s48k1f1q","previousOperationId":"96bme0odhsr6d69"}
{"type":"log","timestamp":1692834624853,"level":"debug","message":"Page request finished: GET (document) 200 file:///var/folders/4s/5nqc4dmn10g5kx7sd84ykx100000gn/T/jsreport/autocleanup/7a39ea1c-de79-4393-923c-104c878f1597-chrome-pdf.html","meta":{"rootId":"qlehoeaklpyslcf","id":"owxzj27nhczarcz"},"id":"f8j81c12aogmnlg","previousOperationId":"96bme0odhsr6d69"}
{"type":"log","timestamp":1692834624893,"level":"debug","message":"Page request finished: GET (stylesheet) 200 https://cdnjs.cloudflare.com/ajax/libs/metro/4.1.5/css/metro.min.css","meta":{"rootId":"qlehoeaklpyslcf","id":"owxzj27nhczarcz"},"id":"vgsvy4u06k5hu58","previousOperationId":"96bme0odhsr6d69"}
{"type":"log","timestamp":1692834625011,"level":"debug","message":"Running chrome with params {\"printBackground\":true,\"marginTop\":\"1.5cm\",\"marginRight\":\"1.5cm\",\"marginLeft\":\"1.cm\",\"timeout\":56493,\"margin\":{\"top\":\"1.5cm\",\"right\":\"1.5cm\",\"left\":\"1.cm\"}}","meta":{"rootId":"qlehoeaklpyslcf","id":"owxzj27nhczarcz"},"id":"p8nngyo479arn6j","previousOperationId":"96bme0odhsr6d69"}
{"type":"operationEnd","operationId":"96bme0odhsr6d69","timestamp":1692834625166,"id":"1myxea5svbrnqw9","previousEventId":"g9ynjin67pmyaav","previousOperationId":"96bme0odhsr6d69"}
{"type":"log","timestamp":1692834625166,"level":"debug","message":"Skipping storing report.","meta":{"rootId":"qlehoeaklpyslcf","id":"owxzj27nhczarcz"},"id":"1m1chwh6qmxbthl","previousOperationId":"96bme0odhsr6d69"}
{"type":"log","timestamp":1692834625166,"level":"info","message":"Rendering (child) request finished in 4272 ms","meta":{"rootId":"qlehoeaklpyslcf","id":"owxzj27nhczarcz"},"id":"lqiqfu9w20eiyea","previousOperationId":"96bme0odhsr6d69"}
{"type":"operationEnd","subtype":"render","operationId":"lznuckr22cm4hvm","timestamp":1692834625166,"id":"glvorl5oxp9sle2","previousEventId":"1myxea5svbrnqw9","previousOperationId":"96bme0odhsr6d69"}
{"type":"operationEnd","operationId":"v75nl1fvu3icz70","timestamp":1692834625230,"id":"omab98exjzqnvi3","previousEventId":"jyl79jz5rfxhzmf","previousOperationId":"v75nl1fvu3icz70"}
{"type":"log","timestamp":1692834625230,"level":"debug","message":"pdf-utils postproces start","meta":{"rootId":"qlehoeaklpyslcf","id":"qlehoeaklpyslcf"},"id":"z1cu4yoalksfe9j","previousOperationId":"v75nl1fvu3icz70"}
{"type":"log","timestamp":1692834625314,"level":"debug","message":"pdf-utils postproces end","meta":{"rootId":"qlehoeaklpyslcf","id":"qlehoeaklpyslcf"},"id":"vyxnhxt8quj5dqk","previousOperationId":"v75nl1fvu3icz70"}
{"type":"operationEnd","operationId":"b3w50r1ex4v57ml","timestamp":1692834625314,"id":"aogvbbfqlnxhlax","previousEventId":"omab98exjzqnvi3","previousOperationId":"v75nl1fvu3icz70"}
{"type":"log","timestamp":1692834625314,"level":"info","message":"pdf-utils pdf processing was finished","meta":{"rootId":"qlehoeaklpyslcf","id":"qlehoeaklpyslcf"},"id":"c4xhoemy668g8z5","previousOperationId":"b3w50r1ex4v57ml"}
{"type":"log","timestamp":1692834625314,"level":"debug","message":"Skipping storing report.","meta":{"rootId":"qlehoeaklpyslcf","id":"qlehoeaklpyslcf"},"id":"wqg0duemrdbvijs","previousOperationId":"b3w50r1ex4v57ml"}
{"type":"log","timestamp":1692834625314,"level":"info","message":"Rendering request 6 finished in 4420 ms","meta":{"rootId":"qlehoeaklpyslcf","id":"qlehoeaklpyslcf"},"id":"izlniy0opu2pgjt","previousOperationId":"b3w50r1ex4v57ml"}
{"type":"operationEnd","subtype":"render","operationId":"eme2uf3blmm0lvz","timestamp":1692834625314,"id":"8oz2mtdg1w7ieij","previousEventId":"aogvbbfqlnxhlax","previousOperationId":"b3w50r1ex4v57ml"}
{"type":"operationEnd","doDiffs":false,"previousEventId":"xrh1hrlfs4p050w","previousOperationId":"yfuj9b7p4ts7vrf","operationId":"yfuj9b7p4ts7vrf","timestamp":1692834625398,"id":"wbzip39sb2k2kcu"}
