{"type":"operationStart","subtype":"profile","data":{"_id":"dAwLkLdIjvPEGIVH","timestamp":"2023-08-23T23:52:47.599Z","state":"queued","mode":"standard","creationDate":"2023-08-23T23:52:47.601Z","modificationDate":"2023-08-23T23:52:47.601Z","shortid":"ZnH1_Hc","$entitySet":"profiles"},"doDiffs":false,"timestamp":1692834767600,"id":"apgpqf8ihseuxwx","previousOperationId":null,"operationId":"f4jylv1krkboci4"}
{"type":"log","level":"info","message":"Render request 9 queued for execution and waiting for available worker","previousOperationId":"f4jylv1krkboci4","timestamp":1692834767600,"id":"di3jwp3233drs6r"}
{"type":"operationStart","subtype":"render","name":"orders-main","previousOperationId":"f4jylv1krkboci4","timestamp":1692834767621,"id":"qdljb92y8ctu3de","previousEventId":"apgpqf8ihseuxwx","operationId":"yk3f3omvbnpnud5"}
{"type":"log","timestamp":1692834767621,"level":"info","message":"Starting rendering request 9","meta":{"rootId":"whybueooxpraec0","id":"whybueooxpraec0"},"id":"t95nxaag7fwxfpp","previousOperationId":"yk3f3omvbnpnud5"}
{"type":"log","timestamp":1692834767621,"level":"info","message":"Rendering template { name: orders-main, recipe: chrome-pdf, engine: handlebars, preview: true }","meta":{"rootId":"whybueooxpraec0","id":"whybueooxpraec0"},"id":"ugd31sfc1f9zfca","previousOperationId":"yk3f3omvbnpnud5"}
{"type":"log","timestamp":1692834767624,"level":"debug","message":"Data item not defined for this template.","meta":{"rootId":"whybueooxpraec0","id":"whybueooxpraec0"},"id":"zcq5qfltkc6zql5","previousOperationId":"yk3f3omvbnpnud5"}
{"type":"log","timestamp":1692834767637,"level":"debug","message":"Executing script orders-script (beforeRender)","meta":{"rootId":"whybueooxpraec0","id":"whybueooxpraec0"},"id":"llsoiptevphddby","previousOperationId":"yk3f3omvbnpnud5"}
{"type":"operationStart","subtype":"scriptsBeforeRender","name":"scripts beforeRender","timestamp":1692834767651,"id":"lts2uqwlomhft41","previousEventId":"qdljb92y8ctu3de","operationId":"d6sz7pcd2c8eqh8","previousOperationId":"yk3f3omvbnpnud5"}
{"type":"operationStart","subtype":"script","name":"scripts orders-script","previousOperationId":"d6sz7pcd2c8eqh8","timestamp":1692834767651,"id":"a0k0asg0x68vdcu","previousEventId":"lts2uqwlomhft41","operationId":"feqpi77d1t9qgmp"}
{"type":"operationEnd","operationId":"feqpi77d1t9qgmp","timestamp":1692834768899,"id":"822quz2rvsdabaf","previousEventId":"qdljb92y8ctu3de","previousOperationId":"yk3f3omvbnpnud5"}
{"type":"operationEnd","operationId":"d6sz7pcd2c8eqh8","timestamp":1692834768899,"id":"m8jcmptzs057s7z","previousEventId":"822quz2rvsdabaf","previousOperationId":"yk3f3omvbnpnud5"}
{"type":"log","timestamp":1692834768899,"level":"debug","message":"Base url not specified, skipping its injection.","meta":{"rootId":"whybueooxpraec0","id":"whybueooxpraec0"},"id":"3k7t7ovhdxsh6vv","previousOperationId":"d6sz7pcd2c8eqh8"}
{"type":"operationStart","subtype":"engine","name":"handlebars","timestamp":1692834768899,"id":"ms2569nk50blpb5","previousEventId":"m8jcmptzs057s7z","operationId":"ugr2adm2q4bi9aw","previousOperationId":"d6sz7pcd2c8eqh8"}
{"type":"log","timestamp":1692834768900,"level":"debug","message":"Rendering engine handlebars","meta":{"rootId":"whybueooxpraec0","id":"whybueooxpraec0"},"id":"5m996f6nopmy2wl","previousOperationId":"ugr2adm2q4bi9aw"}
{"type":"log","timestamp":1692834768923,"level":"debug","message":"(console:log) Pdf utils adding group field, value: \"France\"","meta":{"userLevel":true,"rootId":"whybueooxpraec0","id":"whybueooxpraec0"},"id":"w3olxo2syyymv75","previousOperationId":"ugr2adm2q4bi9aw"}
{"type":"log","timestamp":1692834768924,"level":"debug","message":"(console:log) Pdf utils adding group field, value: \"Germany\"","meta":{"userLevel":true,"rootId":"whybueooxpraec0","id":"whybueooxpraec0"},"id":"zv391bx6m03nfbw","previousOperationId":"ugr2adm2q4bi9aw"}
{"type":"operationEnd","operationId":"ugr2adm2q4bi9aw","timestamp":1692834768924,"id":"wbxjkpx93jh5z17","previousEventId":"ms2569nk50blpb5","previousOperationId":"ugr2adm2q4bi9aw"}
{"type":"operationStart","subtype":"recipe","name":"chrome-pdf","timestamp":1692834768941,"id":"u6n48dczyux7ja2","previousEventId":"wbxjkpx93jh5z17","operationId":"20srvew7rs4h8kc","previousOperationId":"ugr2adm2q4bi9aw"}
{"type":"log","timestamp":1692834768941,"level":"debug","message":"Executing recipe chrome-pdf","meta":{"rootId":"whybueooxpraec0","id":"whybueooxpraec0"},"id":"v0fu1djpuq9tc5i","previousOperationId":"20srvew7rs4h8kc"}
{"type":"log","timestamp":1692834768971,"level":"debug","message":"Converting with chrome HeadlessChrome/114.0.5735.90 using chrome-pool strategy","meta":{"rootId":"whybueooxpraec0","id":"whybueooxpraec0"},"id":"6kfwaeana4gcohx","previousOperationId":"20srvew7rs4h8kc"}
{"type":"log","timestamp":1692834769294,"level":"debug","message":"Page request: GET (document) file:///var/folders/4s/5nqc4dmn10g5kx7sd84ykx100000gn/T/jsreport/autocleanup/41447d6d-6146-4e6b-afd5-1863d32f1ac6-chrome-pdf.html","meta":{"rootId":"whybueooxpraec0","id":"whybueooxpraec0"},"id":"i5qrdbqp7s84v4u","previousOperationId":"20srvew7rs4h8kc"}
{"type":"log","timestamp":1692834769369,"level":"debug","message":"Page request: GET (stylesheet) https://cdnjs.cloudflare.com/ajax/libs/metro/4.1.5/css/metro.min.css","meta":{"rootId":"whybueooxpraec0","id":"whybueooxpraec0"},"id":"fq7rblg5dvaauzx","previousOperationId":"20srvew7rs4h8kc"}
{"type":"log","timestamp":1692834769370,"level":"debug","message":"Page request finished: GET (document) 200 file:///var/folders/4s/5nqc4dmn10g5kx7sd84ykx100000gn/T/jsreport/autocleanup/41447d6d-6146-4e6b-afd5-1863d32f1ac6-chrome-pdf.html","meta":{"rootId":"whybueooxpraec0","id":"whybueooxpraec0"},"id":"lmaki1p4zq48toj","previousOperationId":"20srvew7rs4h8kc"}
{"type":"log","timestamp":1692834769370,"level":"debug","message":"Page request: GET (script) https://cdnjs.cloudflare.com/ajax/libs/Chart.js/2.7.2/Chart.min.js","meta":{"rootId":"whybueooxpraec0","id":"whybueooxpraec0"},"id":"i65at4cqo76ap38","previousOperationId":"20srvew7rs4h8kc"}
{"type":"log","timestamp":1692834769438,"level":"debug","message":"Page request finished: GET (stylesheet) 200 https://cdnjs.cloudflare.com/ajax/libs/metro/4.1.5/css/metro.min.css","meta":{"rootId":"whybueooxpraec0","id":"whybueooxpraec0"},"id":"ida5741mz7un3w6","previousOperationId":"20srvew7rs4h8kc"}
{"type":"log","timestamp":1692834769449,"level":"debug","message":"Page request finished: GET (script) 200 https://cdnjs.cloudflare.com/ajax/libs/Chart.js/2.7.2/Chart.min.js","meta":{"rootId":"whybueooxpraec0","id":"whybueooxpraec0"},"id":"5s2786j9dtqdnm3","previousOperationId":"20srvew7rs4h8kc"}
{"type":"log","timestamp":1692834769658,"level":"debug","message":"Running chrome with params {\"printBackground\":true,\"marginTop\":\"4cm\",\"marginRight\":\"1.5cm\",\"marginBottom\":\"1.5cm\",\"marginLeft\":\"1.5cm\",\"waitForJS\":false,\"timeout\":58630,\"margin\":{\"top\":\"4cm\",\"right\":\"1.5cm\",\"bottom\":\"1.5cm\",\"left\":\"1.5cm\"}}","meta":{"rootId":"whybueooxpraec0","id":"whybueooxpraec0"},"id":"8puc1qp5ehlotnk","previousOperationId":"20srvew7rs4h8kc"}
{"type":"operationEnd","operationId":"20srvew7rs4h8kc","timestamp":1692834770159,"id":"yiml5bylzwglgf3","previousEventId":"u6n48dczyux7ja2","previousOperationId":"20srvew7rs4h8kc"}
{"type":"log","timestamp":1692834770159,"level":"info","message":"pdf-utils is starting pdf processing","meta":{"rootId":"whybueooxpraec0","id":"whybueooxpraec0"},"id":"b0c00qbpxp49jbx","previousOperationId":"20srvew7rs4h8kc"}
{"type":"operationStart","subtype":"pdfUtils","name":"pdf utils","timestamp":1692834770159,"id":"p1xhff3fu9416mx","previousEventId":"yiml5bylzwglgf3","operationId":"qyi5xo35aze131m","previousOperationId":"20srvew7rs4h8kc"}
{"type":"log","timestamp":1692834770160,"level":"debug","message":"pdf-utils detected 1 pdf operation(s) to process","meta":{"rootId":"whybueooxpraec0","id":"whybueooxpraec0"},"id":"9p7yiegnm9kivqu","previousOperationId":"qyi5xo35aze131m"}
{"type":"log","timestamp":1692834770421,"level":"debug","message":"pdf-utils running pdf operation merge","meta":{"rootId":"whybueooxpraec0","id":"whybueooxpraec0"},"id":"sju7z7nllo0mfrw","previousOperationId":"qyi5xo35aze131m"}
{"type":"operationStart","subtype":"pdfUtilsMerge","name":"pdf utils merge","previousOperationId":"qyi5xo35aze131m","timestamp":1692834770421,"id":"ixct88oxf6fvcop","previousEventId":"p1xhff3fu9416mx","operationId":"01f230ymn2tnpoo"}
{"type":"operationStart","subtype":"render","name":"orders-header","previousOperationId":"01f230ymn2tnpoo","timestamp":1692834770431,"id":"oxxpcpwtynd8xky","previousEventId":"ixct88oxf6fvcop","operationId":"ovrbayi94ymh6uy"}
{"type":"log","timestamp":1692834770431,"level":"info","message":"Starting rendering (child) request","meta":{"rootId":"whybueooxpraec0","id":"4imr0c7b87dnc01"},"id":"vwqu4poqco4i361","previousOperationId":"ovrbayi94ymh6uy"}
{"type":"log","timestamp":1692834770431,"level":"info","message":"Rendering template { name: orders-header, recipe: chrome-pdf, engine: handlebars, preview: true }","meta":{"rootId":"whybueooxpraec0","id":"4imr0c7b87dnc01"},"id":"oajyivyujd9b726","previousOperationId":"ovrbayi94ymh6uy"}
{"type":"log","timestamp":1692834770501,"level":"debug","message":"Inline data specified.","meta":{"rootId":"whybueooxpraec0","id":"4imr0c7b87dnc01"},"id":"xtyzyecaqks3cvj","previousOperationId":"ovrbayi94ymh6uy"}
{"type":"log","timestamp":1692834770516,"level":"debug","message":"Base url not specified, skipping its injection.","meta":{"rootId":"whybueooxpraec0","id":"4imr0c7b87dnc01"},"id":"cel9hg14bhms00a","previousOperationId":"ovrbayi94ymh6uy"}
{"type":"operationStart","subtype":"engine","name":"handlebars","timestamp":1692834770516,"id":"0y3cr7lvempc5o5","previousEventId":"oxxpcpwtynd8xky","operationId":"g09us0ce7f92cgq","previousOperationId":"ovrbayi94ymh6uy"}
{"type":"log","timestamp":1692834770516,"level":"debug","message":"Rendering engine handlebars","meta":{"rootId":"whybueooxpraec0","id":"4imr0c7b87dnc01"},"id":"o2s0k0r3fnmnmff","previousOperationId":"g09us0ce7f92cgq"}
{"type":"operationEnd","operationId":"g09us0ce7f92cgq","timestamp":1692834770814,"id":"b2j9l5eecqbjmgh","previousEventId":"0y3cr7lvempc5o5","previousOperationId":"g09us0ce7f92cgq"}
{"type":"operationStart","subtype":"recipe","name":"chrome-pdf","timestamp":1692834770815,"id":"l3gkcmwkfjqpety","previousEventId":"b2j9l5eecqbjmgh","operationId":"wmeb41mg39qwnz7","previousOperationId":"g09us0ce7f92cgq"}
{"type":"log","timestamp":1692834770815,"level":"debug","message":"Executing recipe chrome-pdf","meta":{"rootId":"whybueooxpraec0","id":"4imr0c7b87dnc01"},"id":"v3mgm1izyxxko0w","previousOperationId":"wmeb41mg39qwnz7"}
{"type":"log","timestamp":1692834770830,"level":"debug","message":"Converting with chrome HeadlessChrome/114.0.5735.90 using chrome-pool strategy","meta":{"rootId":"whybueooxpraec0","id":"4imr0c7b87dnc01"},"id":"thjng90jogjyyja","previousOperationId":"wmeb41mg39qwnz7"}
{"type":"log","timestamp":1692834771190,"level":"debug","message":"Page request: GET (document) file:///var/folders/4s/5nqc4dmn10g5kx7sd84ykx100000gn/T/jsreport/autocleanup/e3b7d902-6b28-4d47-b31d-c1c680334cf4-chrome-pdf.html","meta":{"rootId":"whybueooxpraec0","id":"4imr0c7b87dnc01"},"id":"ugf1jg11905ztun","previousOperationId":"wmeb41mg39qwnz7"}
{"type":"log","timestamp":1692834771220,"level":"debug","message":"Page request: GET (stylesheet) https://cdnjs.cloudflare.com/ajax/libs/metro/4.1.5/css/metro.min.css","meta":{"rootId":"whybueooxpraec0","id":"4imr0c7b87dnc01"},"id":"jwt8c16r6z3m4rh","previousOperationId":"wmeb41mg39qwnz7"}
{"type":"log","timestamp":1692834771221,"level":"debug","message":"Page request finished: GET (document) 200 file:///var/folders/4s/5nqc4dmn10g5kx7sd84ykx100000gn/T/jsreport/autocleanup/e3b7d902-6b28-4d47-b31d-c1c680334cf4-chrome-pdf.html","meta":{"rootId":"whybueooxpraec0","id":"4imr0c7b87dnc01"},"id":"1hxf1x2s20ojtdd","previousOperationId":"wmeb41mg39qwnz7"}
{"type":"log","timestamp":1692834771249,"level":"debug","message":"Page request finished: GET (stylesheet) 200 https://cdnjs.cloudflare.com/ajax/libs/metro/4.1.5/css/metro.min.css","meta":{"rootId":"whybueooxpraec0","id":"4imr0c7b87dnc01"},"id":"grs7xr5p2xhfzp2","previousOperationId":"wmeb41mg39qwnz7"}
{"type":"log","timestamp":1692834771422,"level":"debug","message":"Running chrome with params {\"printBackground\":true,\"marginTop\":\"1.5cm\",\"marginRight\":\"1.5cm\",\"marginLeft\":\"1.cm\",\"timeout\":56779,\"margin\":{\"top\":\"1.5cm\",\"right\":\"1.5cm\",\"left\":\"1.cm\"}}","meta":{"rootId":"whybueooxpraec0","id":"4imr0c7b87dnc01"},"id":"345lninrpq1j0sm","previousOperationId":"wmeb41mg39qwnz7"}
{"type":"operationEnd","operationId":"wmeb41mg39qwnz7","timestamp":1692834771619,"id":"faopzxgsqwc1sd0","previousEventId":"l3gkcmwkfjqpety","previousOperationId":"wmeb41mg39qwnz7"}
{"type":"log","timestamp":1692834771619,"level":"debug","message":"Skipping storing report.","meta":{"rootId":"whybueooxpraec0","id":"4imr0c7b87dnc01"},"id":"awqcgbvn4l93mri","previousOperationId":"wmeb41mg39qwnz7"}
{"type":"log","timestamp":1692834771619,"level":"info","message":"Rendering (child) request finished in 4020 ms","meta":{"rootId":"whybueooxpraec0","id":"4imr0c7b87dnc01"},"id":"bqm9441l9ts9s0i","previousOperationId":"wmeb41mg39qwnz7"}
{"type":"operationEnd","subtype":"render","operationId":"ovrbayi94ymh6uy","timestamp":1692834771619,"id":"fwr4ob5lmnycey2","previousEventId":"faopzxgsqwc1sd0","previousOperationId":"wmeb41mg39qwnz7"}
{"type":"operationEnd","operationId":"01f230ymn2tnpoo","timestamp":1692834771686,"id":"3z6j8p0o8qo3npq","previousEventId":"ixct88oxf6fvcop","previousOperationId":"01f230ymn2tnpoo"}
{"type":"log","timestamp":1692834771686,"level":"debug","message":"pdf-utils postproces start","meta":{"rootId":"whybueooxpraec0","id":"whybueooxpraec0"},"id":"qsp1l9raasyk3a0","previousOperationId":"01f230ymn2tnpoo"}
{"type":"log","timestamp":1692834771884,"level":"debug","message":"pdf-utils postproces end","meta":{"rootId":"whybueooxpraec0","id":"whybueooxpraec0"},"id":"861mwhvcyy3f5u5","previousOperationId":"01f230ymn2tnpoo"}
{"type":"operationEnd","operationId":"qyi5xo35aze131m","timestamp":1692834771884,"id":"ibhh4aca1w5fz39","previousEventId":"3z6j8p0o8qo3npq","previousOperationId":"01f230ymn2tnpoo"}
{"type":"log","timestamp":1692834771884,"level":"info","message":"pdf-utils pdf processing was finished","meta":{"rootId":"whybueooxpraec0","id":"whybueooxpraec0"},"id":"19vomuqoxb0ex1c","previousOperationId":"qyi5xo35aze131m"}
{"type":"log","timestamp":1692834771884,"level":"debug","message":"Skipping storing report.","meta":{"rootId":"whybueooxpraec0","id":"whybueooxpraec0"},"id":"fl7we9if71x7usn","previousOperationId":"qyi5xo35aze131m"}
{"type":"log","timestamp":1692834771885,"level":"info","message":"Rendering request 9 finished in 4286 ms","meta":{"rootId":"whybueooxpraec0","id":"whybueooxpraec0"},"id":"ufh1pwczjibdsav","previousOperationId":"qyi5xo35aze131m"}
{"type":"operationEnd","subtype":"render","operationId":"yk3f3omvbnpnud5","timestamp":1692834771885,"id":"2pxdnhkckyyorsy","previousEventId":"ibhh4aca1w5fz39","previousOperationId":"qyi5xo35aze131m"}
{"type":"operationEnd","doDiffs":false,"previousEventId":"apgpqf8ihseuxwx","previousOperationId":"f4jylv1krkboci4","operationId":"f4jylv1krkboci4","timestamp":1692834772071,"id":"36lzxs68gtvcain"}
