{"type":"operationStart","subtype":"profile","data":{"_id":"h486RhuASpEFQgnK","timestamp":"2023-08-22T22:39:14.595Z","state":"queued","mode":"standard","creationDate":"2023-08-22T22:39:14.603Z","modificationDate":"2023-08-22T22:39:14.603Z","shortid":"0QeMnvo","$entitySet":"profiles"},"doDiffs":false,"timestamp":1692743954601,"id":"8lw546mdw6tz5y6","previousOperationId":null,"operationId":"2rbjfpmutbvlm1v"}
{"type":"log","level":"info","message":"Render request 6 queued for execution and waiting for available worker","previousOperationId":"2rbjfpmutbvlm1v","timestamp":1692743954602,"id":"0y7giyl0e1bfy72"}
{"type":"operationStart","subtype":"render","name":"iLotusLand report","previousOperationId":"2rbjfpmutbvlm1v","timestamp":1692743954715,"id":"z3az3masa0t6zwf","previousEventId":"8lw546mdw6tz5y6","operationId":"zeq0lw8vrtxcun8"}
{"type":"log","timestamp":1692743954734,"level":"info","message":"Starting rendering request 6","meta":{"rootId":"0bngeaxc821hmc8","id":"0bngeaxc821hmc8"},"id":"4a5c0n50gf4lh7t","previousOperationId":"zeq0lw8vrtxcun8"}
{"type":"log","timestamp":1692743954739,"level":"info","message":"Rendering template { name: iLotusLand report, recipe: chrome-pdf, engine: handlebars, preview: true }","meta":{"rootId":"0bngeaxc821hmc8","id":"0bngeaxc821hmc8"},"id":"ansfrvo2ip1w393","previousOperationId":"zeq0lw8vrtxcun8"}
{"type":"log","timestamp":1692743954739,"level":"debug","message":"Data item not defined for this template.","meta":{"rootId":"0bngeaxc821hmc8","id":"0bngeaxc821hmc8"},"id":"cxf0qrjpmmv39uw","previousOperationId":"zeq0lw8vrtxcun8"}
{"type":"log","timestamp":1692743954782,"level":"debug","message":"Base url not specified, skipping its injection.","meta":{"rootId":"0bngeaxc821hmc8","id":"0bngeaxc821hmc8"},"id":"7ho2hosz39ronlv","previousOperationId":"zeq0lw8vrtxcun8"}
{"type":"operationStart","subtype":"engine","name":"handlebars","timestamp":1692743954804,"id":"to3ejrnyxhhxusk","previousEventId":"z3az3masa0t6zwf","operationId":"01pt2r338vuvtpi","previousOperationId":"zeq0lw8vrtxcun8"}
{"type":"log","timestamp":1692743954804,"level":"debug","message":"Rendering engine handlebars","meta":{"rootId":"0bngeaxc821hmc8","id":"0bngeaxc821hmc8"},"id":"rb7a5bvo4i7wvhd","previousOperationId":"01pt2r338vuvtpi"}
{"type":"operationEnd","operationId":"01pt2r338vuvtpi","timestamp":1692743955042,"id":"033bmxl3qu5agqf","previousEventId":"to3ejrnyxhhxusk","previousOperationId":"01pt2r338vuvtpi"}
{"type":"operationStart","subtype":"recipe","name":"chrome-pdf","timestamp":1692743955044,"id":"sa2yevkmu59vpsz","previousEventId":"033bmxl3qu5agqf","operationId":"4acewyijyugsttv","previousOperationId":"01pt2r338vuvtpi"}
{"type":"log","timestamp":1692743955044,"level":"debug","message":"Executing recipe chrome-pdf","meta":{"rootId":"0bngeaxc821hmc8","id":"0bngeaxc821hmc8"},"id":"sidqx9ho5rm89mh","previousOperationId":"4acewyijyugsttv"}
{"type":"log","timestamp":1692743956007,"level":"debug","message":"Converting with chrome HeadlessChrome/114.0.5735.90 using chrome-pool strategy","meta":{"rootId":"0bngeaxc821hmc8","id":"0bngeaxc821hmc8"},"id":"tm3gvzx6z6urdy7","previousOperationId":"4acewyijyugsttv"}
{"type":"log","timestamp":1692743956859,"level":"debug","message":"Page request: GET (document) file:///var/folders/4s/5nqc4dmn10g5kx7sd84ykx100000gn/T/jsreport/autocleanup/0de6b05d-3e02-4753-864b-d348e62ff72f-chrome-pdf.html","meta":{"rootId":"0bngeaxc821hmc8","id":"0bngeaxc821hmc8"},"id":"bhk6j0xx351wwjf","previousOperationId":"4acewyijyugsttv"}
{"type":"log","timestamp":1692743956893,"level":"debug","message":"Page request: GET (image) file:///var/folders/4s/5nqc4dmn10g5kx7sd84ykx100000gn/T/jsreport/autocleanup/images/image1.png","meta":{"rootId":"0bngeaxc821hmc8","id":"0bngeaxc821hmc8"},"id":"msa74pnvqopcxgh","previousOperationId":"4acewyijyugsttv"}
{"type":"log","timestamp":1692743956896,"level":"debug","message":"Page request finished: GET (document) 200 file:///var/folders/4s/5nqc4dmn10g5kx7sd84ykx100000gn/T/jsreport/autocleanup/0de6b05d-3e02-4753-864b-d348e62ff72f-chrome-pdf.html","meta":{"rootId":"0bngeaxc821hmc8","id":"0bngeaxc821hmc8"},"id":"ti12vldmdgxm24p","previousOperationId":"4acewyijyugsttv"}
{"type":"log","timestamp":1692743956899,"level":"warn","message":"Page request failed: GET (image) file:///var/folders/4s/5nqc4dmn10g5kx7sd84ykx100000gn/T/jsreport/autocleanup/images/image1.png, failure: net::ERR_FILE_NOT_FOUND","meta":{"rootId":"0bngeaxc821hmc8","id":"0bngeaxc821hmc8"},"id":"hh50j96ii6nojyq","previousOperationId":"4acewyijyugsttv"}
{"type":"log","timestamp":1692743956900,"level":"debug","message":"(console:error) Failed to load resource: net::ERR_FILE_NOT_FOUND","meta":{"userLevel":true,"rootId":"0bngeaxc821hmc8","id":"0bngeaxc821hmc8"},"id":"jdcq2arde6902fc","previousOperationId":"4acewyijyugsttv"}
{"type":"log","timestamp":1692743956977,"level":"debug","message":"Running chrome with params {\"printBackground\":true,\"timeout\":59533,\"margin\":{}}","meta":{"rootId":"0bngeaxc821hmc8","id":"0bngeaxc821hmc8"},"id":"n7b8940wci62ayp","previousOperationId":"4acewyijyugsttv"}
{"type":"operationEnd","operationId":"4acewyijyugsttv","timestamp":1692743957238,"id":"68uqr42rm2w7d2e","previousEventId":"sa2yevkmu59vpsz","previousOperationId":"4acewyijyugsttv"}
{"type":"log","timestamp":1692743957239,"level":"debug","message":"Skipping storing report.","meta":{"rootId":"0bngeaxc821hmc8","id":"0bngeaxc821hmc8"},"id":"5iaow7crey77mjv","previousOperationId":"4acewyijyugsttv"}
{"type":"log","timestamp":1692743957239,"level":"info","message":"Rendering request 6 finished in 2645 ms","meta":{"rootId":"0bngeaxc821hmc8","id":"0bngeaxc821hmc8"},"id":"3i6t28k16fakzz8","previousOperationId":"4acewyijyugsttv"}
{"type":"operationEnd","subtype":"render","operationId":"zeq0lw8vrtxcun8","timestamp":1692743957239,"id":"4cshglsh5srhpn9","previousEventId":"68uqr42rm2w7d2e","previousOperationId":"4acewyijyugsttv"}
{"type":"operationEnd","doDiffs":false,"previousEventId":"8lw546mdw6tz5y6","previousOperationId":"2rbjfpmutbvlm1v","operationId":"2rbjfpmutbvlm1v","timestamp":1692743957348,"id":"n0sokh6uyozh2tb"}
