{"type":"operationStart","subtype":"profile","data":{"_id":"aRcm1tbPvZ3c1uaO","timestamp":"2023-08-22T10:31:42.684Z","state":"queued","mode":"standard","creationDate":"2023-08-22T10:31:42.692Z","modificationDate":"2023-08-22T10:31:42.692Z","shortid":"kiQjF5K","$entitySet":"profiles"},"doDiffs":false,"timestamp":1692700302691,"id":"tvbuzncgmunlsxm","previousOperationId":null,"operationId":"7ldndpwzcw73nnh"}
{"type":"log","level":"info","message":"Render request 3 queued for execution and waiting for available worker","previousOperationId":"7ldndpwzcw73nnh","timestamp":1692700302691,"id":"y44g1brpidlbrka"}
{"type":"operationStart","subtype":"render","name":"iLotusLand report","previousOperationId":"7ldndpwzcw73nnh","timestamp":1692700302751,"id":"zozuaxmvxn428ik","previousEventId":"tvbuzncgmunlsxm","operationId":"n1tkao2hd7dqca4"}
{"type":"log","timestamp":1692700302754,"level":"info","message":"Starting rendering request 3","meta":{"rootId":"0e7v4r54b5mgibl","id":"0e7v4r54b5mgibl"},"id":"0gr5z5lfudlenkv","previousOperationId":"n1tkao2hd7dqca4"}
{"type":"log","timestamp":1692700302757,"level":"info","message":"Rendering template { name: iLotusLand report, recipe: chrome-pdf, engine: handlebars, preview: true }","meta":{"rootId":"0e7v4r54b5mgibl","id":"0e7v4r54b5mgibl"},"id":"90335al3khi1sbn","previousOperationId":"n1tkao2hd7dqca4"}
{"type":"log","timestamp":1692700302757,"level":"debug","message":"Data item not defined for this template.","meta":{"rootId":"0e7v4r54b5mgibl","id":"0e7v4r54b5mgibl"},"id":"htcfzhlf4aaft05","previousOperationId":"n1tkao2hd7dqca4"}
{"type":"log","timestamp":1692700302771,"level":"debug","message":"Base url not specified, skipping its injection.","meta":{"rootId":"0e7v4r54b5mgibl","id":"0e7v4r54b5mgibl"},"id":"swax3yybwritcr4","previousOperationId":"n1tkao2hd7dqca4"}
{"type":"operationStart","subtype":"engine","name":"handlebars","timestamp":1692700302773,"id":"ku6fybe40dlxepu","previousEventId":"zozuaxmvxn428ik","operationId":"kcsj86knal6dc58","previousOperationId":"n1tkao2hd7dqca4"}
{"type":"log","timestamp":1692700302773,"level":"debug","message":"Rendering engine handlebars","meta":{"rootId":"0e7v4r54b5mgibl","id":"0e7v4r54b5mgibl"},"id":"mxove51v45v453g","previousOperationId":"kcsj86knal6dc58"}
{"type":"operationEnd","operationId":"kcsj86knal6dc58","timestamp":1692700302963,"id":"642dg95gps095zx","previousEventId":"ku6fybe40dlxepu","previousOperationId":"kcsj86knal6dc58"}
{"type":"operationStart","subtype":"recipe","name":"chrome-pdf","timestamp":1692700302969,"id":"vrus9qct8cuedzn","previousEventId":"642dg95gps095zx","operationId":"hcx8g8zb3wyqkg5","previousOperationId":"kcsj86knal6dc58"}
{"type":"log","timestamp":1692700302969,"level":"debug","message":"Executing recipe chrome-pdf","meta":{"rootId":"0e7v4r54b5mgibl","id":"0e7v4r54b5mgibl"},"id":"nueud19dy3sjrs1","previousOperationId":"hcx8g8zb3wyqkg5"}
{"type":"log","timestamp":1692700302986,"level":"debug","message":"Converting with chrome HeadlessChrome/114.0.5735.90 using chrome-pool strategy","meta":{"rootId":"0e7v4r54b5mgibl","id":"0e7v4r54b5mgibl"},"id":"nr5bbzotq6ypmav","previousOperationId":"hcx8g8zb3wyqkg5"}
{"type":"log","timestamp":1692700303616,"level":"debug","message":"Page request: GET (document) file:///var/folders/4s/5nqc4dmn10g5kx7sd84ykx100000gn/T/jsreport/autocleanup/4aa87ced-250d-4604-acef-bef9446c5d17-chrome-pdf.html","meta":{"rootId":"0e7v4r54b5mgibl","id":"0e7v4r54b5mgibl"},"id":"whop7fta025h0vy","previousOperationId":"hcx8g8zb3wyqkg5"}
{"type":"log","timestamp":1692700303723,"level":"debug","message":"Page request: GET (image) file:///var/folders/4s/5nqc4dmn10g5kx7sd84ykx100000gn/T/jsreport/autocleanup/images/image1.png","meta":{"rootId":"0e7v4r54b5mgibl","id":"0e7v4r54b5mgibl"},"id":"81e80n35n63es6c","previousOperationId":"hcx8g8zb3wyqkg5"}
{"type":"log","timestamp":1692700303728,"level":"debug","message":"Page request finished: GET (document) 200 file:///var/folders/4s/5nqc4dmn10g5kx7sd84ykx100000gn/T/jsreport/autocleanup/4aa87ced-250d-4604-acef-bef9446c5d17-chrome-pdf.html","meta":{"rootId":"0e7v4r54b5mgibl","id":"0e7v4r54b5mgibl"},"id":"5tm4pu0rezn52p4","previousOperationId":"hcx8g8zb3wyqkg5"}
{"type":"log","timestamp":1692700303806,"level":"warn","message":"Page request failed: GET (image) file:///var/folders/4s/5nqc4dmn10g5kx7sd84ykx100000gn/T/jsreport/autocleanup/images/image1.png, failure: net::ERR_FILE_NOT_FOUND","meta":{"rootId":"0e7v4r54b5mgibl","id":"0e7v4r54b5mgibl"},"id":"wbw7v5w8f4ohi96","previousOperationId":"hcx8g8zb3wyqkg5"}
{"type":"log","timestamp":1692700303820,"level":"debug","message":"(console:error) Failed to load resource: net::ERR_FILE_NOT_FOUND","meta":{"userLevel":true,"rootId":"0e7v4r54b5mgibl","id":"0e7v4r54b5mgibl"},"id":"kah6uq9yjmz5l9q","previousOperationId":"hcx8g8zb3wyqkg5"}
{"type":"log","timestamp":1692700303919,"level":"debug","message":"Running chrome with params {\"printBackground\":true,\"timeout\":59708,\"margin\":{}}","meta":{"rootId":"0e7v4r54b5mgibl","id":"0e7v4r54b5mgibl"},"id":"pjgdhacltmdk1e6","previousOperationId":"hcx8g8zb3wyqkg5"}
{"type":"operationEnd","operationId":"hcx8g8zb3wyqkg5","timestamp":1692700304257,"id":"kbzttitd35hs8ku","previousEventId":"vrus9qct8cuedzn","previousOperationId":"hcx8g8zb3wyqkg5"}
{"type":"log","timestamp":1692700304257,"level":"debug","message":"Skipping storing report.","meta":{"rootId":"0e7v4r54b5mgibl","id":"0e7v4r54b5mgibl"},"id":"k938l9fdxksh5wj","previousOperationId":"hcx8g8zb3wyqkg5"}
{"type":"log","timestamp":1692700304257,"level":"info","message":"Rendering request 3 finished in 1573 ms","meta":{"rootId":"0e7v4r54b5mgibl","id":"0e7v4r54b5mgibl"},"id":"x0v4smr23ik7fos","previousOperationId":"hcx8g8zb3wyqkg5"}
{"type":"operationEnd","subtype":"render","operationId":"n1tkao2hd7dqca4","timestamp":1692700304257,"id":"vf5xe7trizkzwmz","previousEventId":"kbzttitd35hs8ku","previousOperationId":"hcx8g8zb3wyqkg5"}
{"type":"operationEnd","doDiffs":false,"previousEventId":"tvbuzncgmunlsxm","previousOperationId":"7ldndpwzcw73nnh","operationId":"7ldndpwzcw73nnh","timestamp":1692700304350,"id":"rcp0gl7rb8yjpiu"}
