{"type":"operationStart","subtype":"profile","data":{"_id":"TNjrvA3dLvPsHUQ3","timestamp":"2023-08-17T07:12:27.609Z","state":"queued","mode":"standard","creationDate":"2023-08-17T07:12:27.620Z","modificationDate":"2023-08-17T07:12:27.620Z","shortid":"f_zEeBI","$entitySet":"profiles"},"doDiffs":false,"timestamp":1692256347619,"id":"gfmkrzlqevtk6yw","previousOperationId":null,"operationId":"jisxkb8x0ud8rcm"}
{"type":"log","level":"info","message":"Render request 3 queued for execution and waiting for available worker","previousOperationId":"jisxkb8x0ud8rcm","timestamp":1692256347620,"id":"jl0rhti2y3j12nt"}
{"type":"operationStart","subtype":"render","name":"iLotusLand report","previousOperationId":"jisxkb8x0ud8rcm","timestamp":1692256347662,"id":"qdhlq2elcdu53k5","previousEventId":"gfmkrzlqevtk6yw","operationId":"e3fakrvjvw92o7p"}
{"type":"log","timestamp":1692256347662,"level":"info","message":"Starting rendering request 3","meta":{"rootId":"16ldqgxvc48qem8","id":"16ldqgxvc48qem8"},"id":"fcwrgsk5l1mu98n","previousOperationId":"e3fakrvjvw92o7p"}
{"type":"log","timestamp":1692256347663,"level":"info","message":"Rendering template { name: iLotusLand report, recipe: chrome-pdf, engine: handlebars, preview: true }","meta":{"rootId":"16ldqgxvc48qem8","id":"16ldqgxvc48qem8"},"id":"orxxmg2xrk79nij","previousOperationId":"e3fakrvjvw92o7p"}
{"type":"log","timestamp":1692256347664,"level":"debug","message":"Data item not defined for this template.","meta":{"rootId":"16ldqgxvc48qem8","id":"16ldqgxvc48qem8"},"id":"v2ne5d7vo09lg99","previousOperationId":"e3fakrvjvw92o7p"}
{"type":"log","timestamp":1692256347684,"level":"debug","message":"Base url not specified, skipping its injection.","meta":{"rootId":"16ldqgxvc48qem8","id":"16ldqgxvc48qem8"},"id":"eq5gozi1udzyr4f","previousOperationId":"e3fakrvjvw92o7p"}
{"type":"operationStart","subtype":"engine","name":"handlebars","timestamp":1692256347685,"id":"fnrn6ty3ikfn4o6","previousEventId":"qdhlq2elcdu53k5","operationId":"ir2l1gdhpykshep","previousOperationId":"e3fakrvjvw92o7p"}
{"type":"log","timestamp":1692256347686,"level":"debug","message":"Rendering engine handlebars","meta":{"rootId":"16ldqgxvc48qem8","id":"16ldqgxvc48qem8"},"id":"5696aqskcrafivg","previousOperationId":"ir2l1gdhpykshep"}
{"type":"operationEnd","operationId":"ir2l1gdhpykshep","timestamp":1692256347980,"id":"srks1gq1rknefsc","previousEventId":"fnrn6ty3ikfn4o6","previousOperationId":"ir2l1gdhpykshep"}
{"type":"operationStart","subtype":"recipe","name":"chrome-pdf","timestamp":1692256347988,"id":"u7gsndj613q5syr","previousEventId":"srks1gq1rknefsc","operationId":"97rhy5822k92rq8","previousOperationId":"ir2l1gdhpykshep"}
{"type":"log","timestamp":1692256347988,"level":"debug","message":"Executing recipe chrome-pdf","meta":{"rootId":"16ldqgxvc48qem8","id":"16ldqgxvc48qem8"},"id":"8b5falp25w9flap","previousOperationId":"97rhy5822k92rq8"}
{"type":"log","timestamp":1692256348002,"level":"debug","message":"Converting with chrome HeadlessChrome/114.0.5735.90 using chrome-pool strategy","meta":{"rootId":"16ldqgxvc48qem8","id":"16ldqgxvc48qem8"},"id":"1yi7kcdkr22c958","previousOperationId":"97rhy5822k92rq8"}
{"type":"log","timestamp":1692256348393,"level":"debug","message":"Page request: GET (document) file:///var/folders/4s/5nqc4dmn10g5kx7sd84ykx100000gn/T/jsreport/autocleanup/622a9291-64f5-4439-8bb3-48dd3739b58e-chrome-pdf.html","meta":{"rootId":"16ldqgxvc48qem8","id":"16ldqgxvc48qem8"},"id":"06bx4pt03p83ks5","previousOperationId":"97rhy5822k92rq8"}
{"type":"log","timestamp":1692256348418,"level":"debug","message":"Page request finished: GET (document) 200 file:///var/folders/4s/5nqc4dmn10g5kx7sd84ykx100000gn/T/jsreport/autocleanup/622a9291-64f5-4439-8bb3-48dd3739b58e-chrome-pdf.html","meta":{"rootId":"16ldqgxvc48qem8","id":"16ldqgxvc48qem8"},"id":"qtm8h105v14a8bo","previousOperationId":"97rhy5822k92rq8"}
{"type":"log","timestamp":1692256348455,"level":"debug","message":"(console:log) Hellolll","meta":{"userLevel":true,"rootId":"16ldqgxvc48qem8","id":"16ldqgxvc48qem8"},"id":"g1thkwwqp2w5li9","previousOperationId":"97rhy5822k92rq8"}
{"type":"log","timestamp":1692256348503,"level":"debug","message":"Running chrome with params {\"printBackground\":true,\"timeout\":59611,\"margin\":{}}","meta":{"rootId":"16ldqgxvc48qem8","id":"16ldqgxvc48qem8"},"id":"d3cjibvgtfgbect","previousOperationId":"97rhy5822k92rq8"}
{"type":"operationEnd","operationId":"97rhy5822k92rq8","timestamp":1692256348776,"id":"nulvkoyfjlngiu9","previousEventId":"u7gsndj613q5syr","previousOperationId":"97rhy5822k92rq8"}
{"type":"log","timestamp":1692256348776,"level":"debug","message":"Skipping storing report.","meta":{"rootId":"16ldqgxvc48qem8","id":"16ldqgxvc48qem8"},"id":"9r9nafgyy0guq5s","previousOperationId":"97rhy5822k92rq8"}
{"type":"log","timestamp":1692256348778,"level":"info","message":"Rendering request 3 finished in 1169 ms","meta":{"rootId":"16ldqgxvc48qem8","id":"16ldqgxvc48qem8"},"id":"3mnpxa0q111jcpi","previousOperationId":"97rhy5822k92rq8"}
{"type":"operationEnd","subtype":"render","operationId":"e3fakrvjvw92o7p","timestamp":1692256348778,"id":"6q4bougaulaqwoi","previousEventId":"nulvkoyfjlngiu9","previousOperationId":"97rhy5822k92rq8"}
{"type":"operationEnd","doDiffs":false,"previousEventId":"gfmkrzlqevtk6yw","previousOperationId":"jisxkb8x0ud8rcm","operationId":"jisxkb8x0ud8rcm","timestamp":1692256348812,"id":"nwg2xcrc3qpkwiu"}
