{"type":"operationStart","subtype":"profile","data":{"_id":"zf8jIi1L1blvRTrY","timestamp":"2023-08-17T07:17:42.541Z","state":"queued","mode":"standard","creationDate":"2023-08-17T07:17:42.546Z","modificationDate":"2023-08-17T07:17:42.546Z","shortid":"NxOVrFe","$entitySet":"profiles"},"doDiffs":false,"timestamp":1692256662544,"id":"zi6ipacp7mruauv","previousOperationId":null,"operationId":"075099yonxtm5g2"}
{"type":"log","level":"info","message":"Render request 5 queued for execution and waiting for available worker","previousOperationId":"075099yonxtm5g2","timestamp":1692256662544,"id":"gohspcahwswn04t"}
{"type":"operationStart","subtype":"render","name":"iLotusLand report","previousOperationId":"075099yonxtm5g2","timestamp":1692256662607,"id":"pwo9ak85kk0034f","previousEventId":"zi6ipacp7mruauv","operationId":"dbc2eqmeffo98r7"}
{"type":"log","timestamp":1692256662608,"level":"info","message":"Starting rendering request 5","meta":{"rootId":"1wy56gnyh9tisie","id":"1wy56gnyh9tisie"},"id":"yqqysiditmeedkw","previousOperationId":"dbc2eqmeffo98r7"}
{"type":"log","timestamp":1692256662609,"level":"info","message":"Rendering template { name: iLotusLand report, recipe: chrome-pdf, engine: handlebars, preview: true }","meta":{"rootId":"1wy56gnyh9tisie","id":"1wy56gnyh9tisie"},"id":"02d39e4zzgilpla","previousOperationId":"dbc2eqmeffo98r7"}
{"type":"log","timestamp":1692256662609,"level":"debug","message":"Data item not defined for this template.","meta":{"rootId":"1wy56gnyh9tisie","id":"1wy56gnyh9tisie"},"id":"oyf5w3e99au2w7f","previousOperationId":"dbc2eqmeffo98r7"}
{"type":"log","timestamp":1692256662613,"level":"debug","message":"Base url not specified, skipping its injection.","meta":{"rootId":"1wy56gnyh9tisie","id":"1wy56gnyh9tisie"},"id":"01ljuumb9qkdg49","previousOperationId":"dbc2eqmeffo98r7"}
{"type":"operationStart","subtype":"engine","name":"handlebars","timestamp":1692256662616,"id":"zhyb00vf6onuj27","previousEventId":"pwo9ak85kk0034f","operationId":"9veemdkiy2lo93n","previousOperationId":"dbc2eqmeffo98r7"}
{"type":"log","timestamp":1692256662616,"level":"debug","message":"Rendering engine handlebars","meta":{"rootId":"1wy56gnyh9tisie","id":"1wy56gnyh9tisie"},"id":"4zt8wbo8kg7t4lb","previousOperationId":"9veemdkiy2lo93n"}
{"type":"operationEnd","operationId":"9veemdkiy2lo93n","timestamp":1692256662644,"id":"2t9sxd7wh7uz1v2","previousEventId":"zhyb00vf6onuj27","previousOperationId":"9veemdkiy2lo93n"}
{"type":"operationStart","subtype":"recipe","name":"chrome-pdf","timestamp":1692256662645,"id":"z2ywbr2jawhcehq","previousEventId":"2t9sxd7wh7uz1v2","operationId":"ainud9hul7w7zbv","previousOperationId":"9veemdkiy2lo93n"}
{"type":"log","timestamp":1692256662645,"level":"debug","message":"Executing recipe chrome-pdf","meta":{"rootId":"1wy56gnyh9tisie","id":"1wy56gnyh9tisie"},"id":"7rwltv7w688nsim","previousOperationId":"ainud9hul7w7zbv"}
{"type":"log","timestamp":1692256662656,"level":"debug","message":"Converting with chrome HeadlessChrome/114.0.5735.90 using chrome-pool strategy","meta":{"rootId":"1wy56gnyh9tisie","id":"1wy56gnyh9tisie"},"id":"yn5jxhzhprg594n","previousOperationId":"ainud9hul7w7zbv"}
{"type":"log","timestamp":1692256663721,"level":"debug","message":"Page request: GET (document) file:///var/folders/4s/5nqc4dmn10g5kx7sd84ykx100000gn/T/jsreport/autocleanup/78278f87-4ae3-4ee8-bec0-c68bd0e92c55-chrome-pdf.html","meta":{"rootId":"1wy56gnyh9tisie","id":"1wy56gnyh9tisie"},"id":"onidzp4x4x22xxd","previousOperationId":"ainud9hul7w7zbv"}
{"type":"log","timestamp":1692256663852,"level":"debug","message":"Page request finished: GET (document) 200 file:///var/folders/4s/5nqc4dmn10g5kx7sd84ykx100000gn/T/jsreport/autocleanup/78278f87-4ae3-4ee8-bec0-c68bd0e92c55-chrome-pdf.html","meta":{"rootId":"1wy56gnyh9tisie","id":"1wy56gnyh9tisie"},"id":"rp1lhzsmmrg6vwx","previousOperationId":"ainud9hul7w7zbv"}
{"type":"log","timestamp":1692256663853,"level":"debug","message":"(console:log) Hellolll","meta":{"userLevel":true,"rootId":"1wy56gnyh9tisie","id":"1wy56gnyh9tisie"},"id":"xzfwnpwup0y649x","previousOperationId":"ainud9hul7w7zbv"}
{"type":"log","timestamp":1692256664100,"level":"debug","message":"Running chrome with params {\"printBackground\":true,\"timeout\":59891,\"margin\":{}}","meta":{"rootId":"1wy56gnyh9tisie","id":"1wy56gnyh9tisie"},"id":"fxukxidpplqd76p","previousOperationId":"ainud9hul7w7zbv"}
{"type":"operationEnd","operationId":"ainud9hul7w7zbv","timestamp":1692256664687,"id":"7877hf3w0do5ap3","previousEventId":"z2ywbr2jawhcehq","previousOperationId":"ainud9hul7w7zbv"}
{"type":"log","timestamp":1692256664687,"level":"debug","message":"Skipping storing report.","meta":{"rootId":"1wy56gnyh9tisie","id":"1wy56gnyh9tisie"},"id":"pxsamjhzbiyiynz","previousOperationId":"ainud9hul7w7zbv"}
{"type":"log","timestamp":1692256664778,"level":"info","message":"Rendering request 5 finished in 2238 ms","meta":{"rootId":"1wy56gnyh9tisie","id":"1wy56gnyh9tisie"},"id":"qylt0mcv4f034rx","previousOperationId":"ainud9hul7w7zbv"}
{"type":"operationEnd","subtype":"render","operationId":"dbc2eqmeffo98r7","timestamp":1692256664793,"id":"dhm4wwo6z09yf0t","previousEventId":"7877hf3w0do5ap3","previousOperationId":"ainud9hul7w7zbv"}
{"type":"operationEnd","doDiffs":false,"previousEventId":"zi6ipacp7mruauv","previousOperationId":"075099yonxtm5g2","operationId":"075099yonxtm5g2","timestamp":1692256664876,"id":"3cvjzfemw8t7iwj"}
