{"type":"operationStart","subtype":"profile","data":{"_id":"zvdsh3O00RsDBBcQ","timestamp":"2023-08-17T07:08:28.311Z","state":"queued","mode":"standard","creationDate":"2023-08-17T07:08:28.401Z","modificationDate":"2023-08-17T07:08:28.401Z","shortid":"qRCTBJl","$entitySet":"profiles"},"doDiffs":false,"timestamp":1692256108315,"id":"a6h08j1ls9b4mf3","previousOperationId":null,"operationId":"yl2t2be42e8bu7g"}
{"type":"log","level":"info","message":"Render request 1 queued for execution and waiting for available worker","previousOperationId":"yl2t2be42e8bu7g","timestamp":1692256108323,"id":"12q65ql6157m4e4"}
{"type":"operationStart","subtype":"render","name":"iLotusLand report","previousOperationId":"yl2t2be42e8bu7g","timestamp":1692256108677,"id":"7kjsqxg3gyubyzo","previousEventId":"a6h08j1ls9b4mf3","operationId":"ynladug6x4hc6cd"}
{"type":"log","timestamp":1692256108681,"level":"info","message":"Starting rendering request 1","meta":{"rootId":"2yli9hq5jikr2es","id":"2yli9hq5jikr2es"},"id":"n0mr135ayyrtibg","previousOperationId":"ynladug6x4hc6cd"}
{"type":"log","timestamp":1692256108684,"level":"info","message":"Rendering template { name: iLotusLand report, recipe: chrome-pdf, engine: handlebars, preview: true }","meta":{"rootId":"2yli9hq5jikr2es","id":"2yli9hq5jikr2es"},"id":"ka3uhp1uakrhz8a","previousOperationId":"ynladug6x4hc6cd"}
{"type":"log","timestamp":1692256108686,"level":"debug","message":"Data item not defined for this template.","meta":{"rootId":"2yli9hq5jikr2es","id":"2yli9hq5jikr2es"},"id":"1go6p0hunjv07hd","previousOperationId":"ynladug6x4hc6cd"}
{"type":"log","timestamp":1692256108884,"level":"debug","message":"Base url not specified, skipping its injection.","meta":{"rootId":"2yli9hq5jikr2es","id":"2yli9hq5jikr2es"},"id":"5vfwjn2qd32po3d","previousOperationId":"ynladug6x4hc6cd"}
{"type":"operationStart","subtype":"engine","name":"handlebars","timestamp":1692256108888,"id":"lg97l14pf89bfe8","previousEventId":"7kjsqxg3gyubyzo","operationId":"m6rqz89jt0f3fnb","previousOperationId":"ynladug6x4hc6cd"}
{"type":"log","timestamp":1692256108888,"level":"debug","message":"Rendering engine handlebars","meta":{"rootId":"2yli9hq5jikr2es","id":"2yli9hq5jikr2es"},"id":"bpm35pyxk0bp1lb","previousOperationId":"m6rqz89jt0f3fnb"}
{"type":"operationEnd","operationId":"m6rqz89jt0f3fnb","timestamp":1692256112120,"id":"xldcq8hvk4hhu16","previousEventId":"lg97l14pf89bfe8","previousOperationId":"m6rqz89jt0f3fnb"}
{"type":"operationStart","subtype":"recipe","name":"chrome-pdf","timestamp":1692256112131,"id":"3mnmgurh87f7jee","previousEventId":"xldcq8hvk4hhu16","operationId":"2dabic66x7q5d7y","previousOperationId":"m6rqz89jt0f3fnb"}
{"type":"log","timestamp":1692256112131,"level":"debug","message":"Executing recipe chrome-pdf","meta":{"rootId":"2yli9hq5jikr2es","id":"2yli9hq5jikr2es"},"id":"4c5yflnu68gcw68","previousOperationId":"2dabic66x7q5d7y"}
{"type":"log","timestamp":1692256114732,"level":"debug","message":"Converting with chrome HeadlessChrome/114.0.5735.90 using chrome-pool strategy","meta":{"rootId":"2yli9hq5jikr2es","id":"2yli9hq5jikr2es"},"id":"nmswtl6cicit463","previousOperationId":"2dabic66x7q5d7y"}
{"type":"log","timestamp":1692256115867,"level":"debug","message":"Page request: GET (document) file:///var/folders/4s/5nqc4dmn10g5kx7sd84ykx100000gn/T/jsreport/autocleanup/a436c5f4-f61e-4d6e-9dd1-596a23b039de-chrome-pdf.html","meta":{"rootId":"2yli9hq5jikr2es","id":"2yli9hq5jikr2es"},"id":"3h1jtlsjzpmnghj","previousOperationId":"2dabic66x7q5d7y"}
{"type":"log","timestamp":1692256116016,"level":"debug","message":"Page request finished: GET (document) 200 file:///var/folders/4s/5nqc4dmn10g5kx7sd84ykx100000gn/T/jsreport/autocleanup/a436c5f4-f61e-4d6e-9dd1-596a23b039de-chrome-pdf.html","meta":{"rootId":"2yli9hq5jikr2es","id":"2yli9hq5jikr2es"},"id":"0se6wse4c33fu0e","previousOperationId":"2dabic66x7q5d7y"}
{"type":"log","timestamp":1692256116041,"level":"debug","message":"Running chrome with params {\"printBackground\":true,\"timeout\":54807,\"margin\":{}}","meta":{"rootId":"2yli9hq5jikr2es","id":"2yli9hq5jikr2es"},"id":"k8j0dnfzmadgykz","previousOperationId":"2dabic66x7q5d7y"}
{"type":"operationEnd","operationId":"2dabic66x7q5d7y","timestamp":1692256116460,"id":"bds0hh39k5om4ge","previousEventId":"3mnmgurh87f7jee","previousOperationId":"2dabic66x7q5d7y"}
{"type":"log","timestamp":1692256116462,"level":"debug","message":"Skipping storing report.","meta":{"rootId":"2yli9hq5jikr2es","id":"2yli9hq5jikr2es"},"id":"g2julhb4fcqjz0j","previousOperationId":"2dabic66x7q5d7y"}
{"type":"log","timestamp":1692256116462,"level":"info","message":"Rendering request 1 finished in 8153 ms","meta":{"rootId":"2yli9hq5jikr2es","id":"2yli9hq5jikr2es"},"id":"zwfun1sdpwr0a60","previousOperationId":"2dabic66x7q5d7y"}
{"type":"operationEnd","subtype":"render","operationId":"ynladug6x4hc6cd","timestamp":1692256116462,"id":"igbmorl4486ca5b","previousEventId":"bds0hh39k5om4ge","previousOperationId":"2dabic66x7q5d7y"}
{"type":"operationEnd","doDiffs":false,"previousEventId":"a6h08j1ls9b4mf3","previousOperationId":"yl2t2be42e8bu7g","operationId":"yl2t2be42e8bu7g","timestamp":1692256116476,"id":"cptuq73mlw8xepi"}
