{"type":"operationStart","subtype":"profile","data":{"_id":"VGMinLRbhUvUAvNm","timestamp":"2023-08-22T22:41:16.537Z","state":"queued","mode":"standard","creationDate":"2023-08-22T22:41:16.538Z","modificationDate":"2023-08-22T22:41:16.538Z","shortid":"R1yWSbS","$entitySet":"profiles"},"doDiffs":false,"timestamp":1692744076537,"id":"vnze9421cja4op1","previousOperationId":null,"operationId":"up2a848i8fmcrvm"}
{"type":"log","level":"info","message":"Render request 2 queued for execution and waiting for available worker","previousOperationId":"up2a848i8fmcrvm","timestamp":1692744076538,"id":"tpjnazrugd37bue"}
{"type":"operationStart","subtype":"render","name":"iLotusLand report","previousOperationId":"up2a848i8fmcrvm","timestamp":1692744076556,"id":"mzzffnxqprdm9wi","previousEventId":"vnze9421cja4op1","operationId":"ifu5ut1gdlgnw1x"}
{"type":"log","timestamp":1692744076558,"level":"info","message":"Starting rendering request 2","meta":{"rootId":"5jld5bh0r2zez9p","id":"5jld5bh0r2zez9p"},"id":"6ju1bksdq13gt6z","previousOperationId":"ifu5ut1gdlgnw1x"}
{"type":"log","timestamp":1692744076559,"level":"info","message":"Rendering template { name: iLotusLand report, recipe: chrome-pdf, engine: handlebars, preview: true }","meta":{"rootId":"5jld5bh0r2zez9p","id":"5jld5bh0r2zez9p"},"id":"e2591zw9cwlmtwg","previousOperationId":"ifu5ut1gdlgnw1x"}
{"type":"log","timestamp":1692744076560,"level":"debug","message":"Data item not defined for this template.","meta":{"rootId":"5jld5bh0r2zez9p","id":"5jld5bh0r2zez9p"},"id":"y6ok2tqm6lss1r1","previousOperationId":"ifu5ut1gdlgnw1x"}
{"type":"log","timestamp":1692744076565,"level":"debug","message":"Base url not specified, skipping its injection.","meta":{"rootId":"5jld5bh0r2zez9p","id":"5jld5bh0r2zez9p"},"id":"dxqb6yww65chdvb","previousOperationId":"ifu5ut1gdlgnw1x"}
{"type":"operationStart","subtype":"engine","name":"handlebars","timestamp":1692744076566,"id":"dmvkohtq8sscdqk","previousEventId":"mzzffnxqprdm9wi","operationId":"6030yuxwpnx8mwm","previousOperationId":"ifu5ut1gdlgnw1x"}
{"type":"log","timestamp":1692744076566,"level":"debug","message":"Rendering engine handlebars","meta":{"rootId":"5jld5bh0r2zez9p","id":"5jld5bh0r2zez9p"},"id":"2r565z6uu0vc2e9","previousOperationId":"6030yuxwpnx8mwm"}
{"type":"operationEnd","operationId":"6030yuxwpnx8mwm","timestamp":1692744078273,"id":"6ypsewtylp2tqgk","previousEventId":"dmvkohtq8sscdqk","previousOperationId":"6030yuxwpnx8mwm"}
{"type":"operationStart","subtype":"recipe","name":"chrome-pdf","timestamp":1692744078280,"id":"7pdnabfpu9nrmag","previousEventId":"6ypsewtylp2tqgk","operationId":"1v162z3pqh8cqxy","previousOperationId":"6030yuxwpnx8mwm"}
{"type":"log","timestamp":1692744078280,"level":"debug","message":"Executing recipe chrome-pdf","meta":{"rootId":"5jld5bh0r2zez9p","id":"5jld5bh0r2zez9p"},"id":"dy0oq786e0stjyy","previousOperationId":"1v162z3pqh8cqxy"}
{"type":"log","timestamp":1692744079458,"level":"debug","message":"Converting with chrome HeadlessChrome/114.0.5735.90 using chrome-pool strategy","meta":{"rootId":"5jld5bh0r2zez9p","id":"5jld5bh0r2zez9p"},"id":"5k0xupi0oaa590i","previousOperationId":"1v162z3pqh8cqxy"}
{"type":"log","timestamp":1692744080131,"level":"debug","message":"Page request: GET (document) file:///var/folders/4s/5nqc4dmn10g5kx7sd84ykx100000gn/T/jsreport/autocleanup/2a1d3fa3-8a67-4dbd-806c-d435ef4e275a-chrome-pdf.html","meta":{"rootId":"5jld5bh0r2zez9p","id":"5jld5bh0r2zez9p"},"id":"wgms87hyushdhzx","previousOperationId":"1v162z3pqh8cqxy"}
{"type":"log","timestamp":1692744080150,"level":"debug","message":"Page request: GET (image) file:///var/folders/4s/5nqc4dmn10g5kx7sd84ykx100000gn/T/jsreport/autocleanup/images/image1.png","meta":{"rootId":"5jld5bh0r2zez9p","id":"5jld5bh0r2zez9p"},"id":"fr35bny3bzzjdlm","previousOperationId":"1v162z3pqh8cqxy"}
{"type":"log","timestamp":1692744080152,"level":"debug","message":"Page request finished: GET (document) 200 file:///var/folders/4s/5nqc4dmn10g5kx7sd84ykx100000gn/T/jsreport/autocleanup/2a1d3fa3-8a67-4dbd-806c-d435ef4e275a-chrome-pdf.html","meta":{"rootId":"5jld5bh0r2zez9p","id":"5jld5bh0r2zez9p"},"id":"nxyjc2we36ayfo7","previousOperationId":"1v162z3pqh8cqxy"}
{"type":"log","timestamp":1692744080157,"level":"warn","message":"Page request failed: GET (image) file:///var/folders/4s/5nqc4dmn10g5kx7sd84ykx100000gn/T/jsreport/autocleanup/images/image1.png, failure: net::ERR_FILE_NOT_FOUND","meta":{"rootId":"5jld5bh0r2zez9p","id":"5jld5bh0r2zez9p"},"id":"jnvp34tej7rj49t","previousOperationId":"1v162z3pqh8cqxy"}
{"type":"log","timestamp":1692744080158,"level":"debug","message":"(console:error) Failed to load resource: net::ERR_FILE_NOT_FOUND","meta":{"userLevel":true,"rootId":"5jld5bh0r2zez9p","id":"5jld5bh0r2zez9p"},"id":"sl62r50u2akw7tg","previousOperationId":"1v162z3pqh8cqxy"}
{"type":"log","timestamp":1692744080210,"level":"debug","message":"Running chrome with params {\"printBackground\":true,\"timeout\":57649,\"margin\":{}}","meta":{"rootId":"5jld5bh0r2zez9p","id":"5jld5bh0r2zez9p"},"id":"ts9ubqwwz85d3du","previousOperationId":"1v162z3pqh8cqxy"}
{"type":"operationEnd","operationId":"1v162z3pqh8cqxy","timestamp":1692744080378,"id":"63j9vdwq8iy04a6","previousEventId":"7pdnabfpu9nrmag","previousOperationId":"1v162z3pqh8cqxy"}
{"type":"log","timestamp":1692744080379,"level":"debug","message":"Skipping storing report.","meta":{"rootId":"5jld5bh0r2zez9p","id":"5jld5bh0r2zez9p"},"id":"eo83oshd1sfknlr","previousOperationId":"1v162z3pqh8cqxy"}
{"type":"log","timestamp":1692744080381,"level":"info","message":"Rendering request 2 finished in 3845 ms","meta":{"rootId":"5jld5bh0r2zez9p","id":"5jld5bh0r2zez9p"},"id":"ktgdvw3nc2tj9l6","previousOperationId":"1v162z3pqh8cqxy"}
{"type":"operationEnd","subtype":"render","operationId":"ifu5ut1gdlgnw1x","timestamp":1692744080381,"id":"ilfbmk8acyieekx","previousEventId":"63j9vdwq8iy04a6","previousOperationId":"1v162z3pqh8cqxy"}
{"type":"operationEnd","doDiffs":false,"previousEventId":"vnze9421cja4op1","previousOperationId":"up2a848i8fmcrvm","operationId":"up2a848i8fmcrvm","timestamp":1692744080386,"id":"6iqisvcq89tqx8p"}
