{"type":"operationStart","subtype":"profile","data":{"_id":"ThdEQ9kFrxvcOLOe","timestamp":"2023-08-17T07:18:18.146Z","state":"queued","mode":"standard","creationDate":"2023-08-17T07:18:18.148Z","modificationDate":"2023-08-17T07:18:18.148Z","shortid":"wRie0xh","$entitySet":"profiles"},"doDiffs":false,"timestamp":1692256698147,"id":"q0imkkmq2f7pjih","previousOperationId":null,"operationId":"ujwyw8irn6dj3y6"}
{"type":"log","level":"info","message":"Render request 6 queued for execution and waiting for available worker","previousOperationId":"ujwyw8irn6dj3y6","timestamp":1692256698147,"id":"n0lounfakrmj2z3"}
{"type":"operationStart","subtype":"render","name":"iLotusLand report","previousOperationId":"ujwyw8irn6dj3y6","timestamp":1692256698302,"id":"8wh7nih5t1ych8r","previousEventId":"q0imkkmq2f7pjih","operationId":"dls5h17xq463wzw"}
{"type":"log","timestamp":1692256698302,"level":"info","message":"Starting rendering request 6","meta":{"rootId":"61hyhj55c1a2kd2","id":"61hyhj55c1a2kd2"},"id":"v6ffucc2yofudoc","previousOperationId":"dls5h17xq463wzw"}
{"type":"log","timestamp":1692256698303,"level":"info","message":"Rendering template { name: iLotusLand report, recipe: chrome-pdf, engine: handlebars, preview: true }","meta":{"rootId":"61hyhj55c1a2kd2","id":"61hyhj55c1a2kd2"},"id":"zq7loaetyjdcb39","previousOperationId":"dls5h17xq463wzw"}
{"type":"log","timestamp":1692256698303,"level":"debug","message":"Data item not defined for this template.","meta":{"rootId":"61hyhj55c1a2kd2","id":"61hyhj55c1a2kd2"},"id":"hamglr9oi5b91ul","previousOperationId":"dls5h17xq463wzw"}
{"type":"log","timestamp":1692256698307,"level":"debug","message":"Base url not specified, skipping its injection.","meta":{"rootId":"61hyhj55c1a2kd2","id":"61hyhj55c1a2kd2"},"id":"56dcrk4b1n5p4ax","previousOperationId":"dls5h17xq463wzw"}
{"type":"operationStart","subtype":"engine","name":"handlebars","timestamp":1692256698308,"id":"3u9moslbf432ats","previousEventId":"8wh7nih5t1ych8r","operationId":"jmrhf7u0wc37mp8","previousOperationId":"dls5h17xq463wzw"}
{"type":"log","timestamp":1692256698308,"level":"debug","message":"Rendering engine handlebars","meta":{"rootId":"61hyhj55c1a2kd2","id":"61hyhj55c1a2kd2"},"id":"z7tl467zyto0am1","previousOperationId":"jmrhf7u0wc37mp8"}
{"type":"operationEnd","operationId":"jmrhf7u0wc37mp8","timestamp":1692256698344,"id":"onrhdb6n5lfkvpx","previousEventId":"3u9moslbf432ats","previousOperationId":"jmrhf7u0wc37mp8"}
{"type":"operationStart","subtype":"recipe","name":"chrome-pdf","timestamp":1692256698345,"id":"46ind1lewwa1ixu","previousEventId":"onrhdb6n5lfkvpx","operationId":"2tfa09650b4sl1q","previousOperationId":"jmrhf7u0wc37mp8"}
{"type":"log","timestamp":1692256698345,"level":"debug","message":"Executing recipe chrome-pdf","meta":{"rootId":"61hyhj55c1a2kd2","id":"61hyhj55c1a2kd2"},"id":"79g9b83fy3sx500","previousOperationId":"2tfa09650b4sl1q"}
{"type":"log","timestamp":1692256698355,"level":"debug","message":"Converting with chrome HeadlessChrome/114.0.5735.90 using chrome-pool strategy","meta":{"rootId":"61hyhj55c1a2kd2","id":"61hyhj55c1a2kd2"},"id":"q2wlbmwj3pftosq","previousOperationId":"2tfa09650b4sl1q"}
{"type":"log","timestamp":1692256699141,"level":"debug","message":"Page request: GET (document) file:///var/folders/4s/5nqc4dmn10g5kx7sd84ykx100000gn/T/jsreport/autocleanup/dddc8a99-cc40-4983-8c27-79bcd9f8e293-chrome-pdf.html","meta":{"rootId":"61hyhj55c1a2kd2","id":"61hyhj55c1a2kd2"},"id":"d5duej0mmdfqut5","previousOperationId":"2tfa09650b4sl1q"}
{"type":"log","timestamp":1692256699746,"level":"debug","message":"Page request finished: GET (document) 200 file:///var/folders/4s/5nqc4dmn10g5kx7sd84ykx100000gn/T/jsreport/autocleanup/dddc8a99-cc40-4983-8c27-79bcd9f8e293-chrome-pdf.html","meta":{"rootId":"61hyhj55c1a2kd2","id":"61hyhj55c1a2kd2"},"id":"7kpnxpjik3wl8ds","previousOperationId":"2tfa09650b4sl1q"}
{"type":"log","timestamp":1692256699751,"level":"debug","message":"(console:log) Hellolll","meta":{"userLevel":true,"rootId":"61hyhj55c1a2kd2","id":"61hyhj55c1a2kd2"},"id":"1r6p4dg9r9c91bi","previousOperationId":"2tfa09650b4sl1q"}
{"type":"log","timestamp":1692256700027,"level":"debug","message":"Running chrome with params {\"printBackground\":true,\"timeout\":59798,\"margin\":{}}","meta":{"rootId":"61hyhj55c1a2kd2","id":"61hyhj55c1a2kd2"},"id":"i06sufy6h1ds7em","previousOperationId":"2tfa09650b4sl1q"}
{"type":"operationEnd","operationId":"2tfa09650b4sl1q","timestamp":1692256707277,"id":"wkrltqgauw1z0x0","previousEventId":"46ind1lewwa1ixu","previousOperationId":"2tfa09650b4sl1q"}
{"type":"log","timestamp":1692256707277,"level":"debug","message":"Skipping storing report.","meta":{"rootId":"61hyhj55c1a2kd2","id":"61hyhj55c1a2kd2"},"id":"p9owp1sx9r1tkk1","previousOperationId":"2tfa09650b4sl1q"}
{"type":"log","timestamp":1692256707277,"level":"info","message":"Rendering request 6 finished in 9131 ms","meta":{"rootId":"61hyhj55c1a2kd2","id":"61hyhj55c1a2kd2"},"id":"5bnbcm4hks8dc52","previousOperationId":"2tfa09650b4sl1q"}
{"type":"operationEnd","subtype":"render","operationId":"dls5h17xq463wzw","timestamp":1692256707277,"id":"5wv281xhxh18jxt","previousEventId":"wkrltqgauw1z0x0","previousOperationId":"2tfa09650b4sl1q"}
{"type":"operationEnd","doDiffs":false,"previousEventId":"q0imkkmq2f7pjih","previousOperationId":"ujwyw8irn6dj3y6","operationId":"ujwyw8irn6dj3y6","timestamp":1692256707355,"id":"p5zl5nppyqu6ixd"}
