{"type":"operationStart","subtype":"profile","data":{"_id":"20SxW7Q6o2DoUAaR","timestamp":"2023-08-17T04:34:39.387Z","state":"queued","mode":"standard","creationDate":"2023-08-17T04:34:39.389Z","modificationDate":"2023-08-17T04:34:39.389Z","shortid":"sbs9aQI","$entitySet":"profiles"},"doDiffs":false,"timestamp":1692246879388,"id":"qggvscb4mfpi94u","previousOperationId":null,"operationId":"ubvp13ga71wit8o"}
{"type":"log","level":"info","message":"Render request 4 queued for execution and waiting for available worker","previousOperationId":"ubvp13ga71wit8o","timestamp":1692246879388,"id":"9koh8fse1piwyim"}
{"type":"operationStart","subtype":"render","name":"iLotusLand report","previousOperationId":"ubvp13ga71wit8o","timestamp":1692246879483,"id":"vcey1f0j9rkl7p8","previousEventId":"qggvscb4mfpi94u","operationId":"zhkuynjpr4u1q60"}
{"type":"log","timestamp":1692246879487,"level":"info","message":"Starting rendering request 4","meta":{"rootId":"61mgtzwc3dvu8jj","id":"61mgtzwc3dvu8jj"},"id":"uq9u9wmmj5z244x","previousOperationId":"zhkuynjpr4u1q60"}
{"type":"log","timestamp":1692246879491,"level":"info","message":"Rendering template { name: iLotusLand report, recipe: chrome-pdf, engine: handlebars, preview: false }","meta":{"rootId":"61mgtzwc3dvu8jj","id":"61mgtzwc3dvu8jj"},"id":"7uqx8u65l9a8939","previousOperationId":"zhkuynjpr4u1q60"}
{"type":"log","timestamp":1692246879496,"level":"debug","message":"Inline data specified.","meta":{"rootId":"61mgtzwc3dvu8jj","id":"61mgtzwc3dvu8jj"},"id":"swij1lwfo01nhm3","previousOperationId":"zhkuynjpr4u1q60"}
{"type":"log","timestamp":1692246879517,"level":"debug","message":"Base url not specified, skipping its injection.","meta":{"rootId":"61mgtzwc3dvu8jj","id":"61mgtzwc3dvu8jj"},"id":"ysez1u7xgtkif23","previousOperationId":"zhkuynjpr4u1q60"}
{"type":"operationStart","subtype":"engine","name":"handlebars","timestamp":1692246879523,"id":"08epaom6507r16v","previousEventId":"vcey1f0j9rkl7p8","operationId":"geuj4vwzf04drva","previousOperationId":"zhkuynjpr4u1q60"}
{"type":"log","timestamp":1692246879523,"level":"debug","message":"Rendering engine handlebars","meta":{"rootId":"61mgtzwc3dvu8jj","id":"61mgtzwc3dvu8jj"},"id":"gz38d6bq5wfjj9j","previousOperationId":"geuj4vwzf04drva"}
{"type":"operationEnd","operationId":"geuj4vwzf04drva","timestamp":1692246888021,"id":"ym1a6vzqc20ouc4","previousEventId":"08epaom6507r16v","previousOperationId":"geuj4vwzf04drva"}
{"type":"operationStart","subtype":"recipe","name":"chrome-pdf","timestamp":1692246888023,"id":"mrkgllgs1zgd1wn","previousEventId":"ym1a6vzqc20ouc4","operationId":"27swvpge1qqxvc0","previousOperationId":"geuj4vwzf04drva"}
{"type":"log","timestamp":1692246888023,"level":"debug","message":"Executing recipe chrome-pdf","meta":{"rootId":"61mgtzwc3dvu8jj","id":"61mgtzwc3dvu8jj"},"id":"iv3475pyihirelm","previousOperationId":"27swvpge1qqxvc0"}
{"type":"log","timestamp":1692246900740,"level":"debug","message":"Converting with chrome HeadlessChrome/114.0.5735.90 using chrome-pool strategy","meta":{"rootId":"61mgtzwc3dvu8jj","id":"61mgtzwc3dvu8jj"},"id":"ylt4gehr5jruxk1","previousOperationId":"27swvpge1qqxvc0"}
{"type":"log","timestamp":1692246903772,"level":"debug","message":"Page request: GET (document) file:///var/folders/4s/5nqc4dmn10g5kx7sd84ykx100000gn/T/jsreport/autocleanup/6d8e54e2-b7ff-49d0-8660-281c4547fa1e-chrome-pdf.html","meta":{"rootId":"61mgtzwc3dvu8jj","id":"61mgtzwc3dvu8jj"},"id":"yld6uhtfybnmhgd","previousOperationId":"27swvpge1qqxvc0"}
{"type":"log","timestamp":1692246904070,"level":"debug","message":"Page request finished: GET (document) 200 file:///var/folders/4s/5nqc4dmn10g5kx7sd84ykx100000gn/T/jsreport/autocleanup/6d8e54e2-b7ff-49d0-8660-281c4547fa1e-chrome-pdf.html","meta":{"rootId":"61mgtzwc3dvu8jj","id":"61mgtzwc3dvu8jj"},"id":"977m5f8p4c1mdk9","previousOperationId":"27swvpge1qqxvc0"}
{"type":"log","timestamp":1692246904237,"level":"debug","message":"Running chrome with params {\"printBackground\":true,\"timeout\":42539,\"margin\":{}}","meta":{"rootId":"61mgtzwc3dvu8jj","id":"61mgtzwc3dvu8jj"},"id":"a2k9zc5rptvxt63","previousOperationId":"27swvpge1qqxvc0"}
{"type":"operationEnd","operationId":"27swvpge1qqxvc0","timestamp":1692246910160,"id":"93khpfoqzhgks1r","previousEventId":"mrkgllgs1zgd1wn","previousOperationId":"27swvpge1qqxvc0"}
{"type":"log","timestamp":1692246910164,"level":"debug","message":"Skipping storing report.","meta":{"rootId":"61mgtzwc3dvu8jj","id":"61mgtzwc3dvu8jj"},"id":"07jii3lluvhpa7q","previousOperationId":"27swvpge1qqxvc0"}
{"type":"log","timestamp":1692246910164,"level":"info","message":"Rendering request 4 finished in 30777 ms","meta":{"rootId":"61mgtzwc3dvu8jj","id":"61mgtzwc3dvu8jj"},"id":"uuksry38z6jxcug","previousOperationId":"27swvpge1qqxvc0"}
{"type":"operationEnd","subtype":"render","operationId":"zhkuynjpr4u1q60","timestamp":1692246910165,"id":"mes62au1lpv8jbc","previousEventId":"93khpfoqzhgks1r","previousOperationId":"27swvpge1qqxvc0"}
{"type":"operationEnd","doDiffs":false,"previousEventId":"qggvscb4mfpi94u","previousOperationId":"ubvp13ga71wit8o","operationId":"ubvp13ga71wit8o","timestamp":1692246910169,"id":"5esk494n6x7rdld"}
