{"type":"operationStart","subtype":"profile","data":{"_id":"Xs1SdJSbEYjOEYhG","timestamp":"2023-08-17T04:57:25.573Z","state":"queued","mode":"standard","creationDate":"2023-08-17T04:57:25.576Z","modificationDate":"2023-08-17T04:57:25.576Z","shortid":"ooHxl_9","$entitySet":"profiles"},"doDiffs":false,"timestamp":1692248245574,"id":"pmkhued1hxcdw7x","previousOperationId":null,"operationId":"gywhohxzed88303"}
{"type":"log","level":"info","message":"Render request 4 queued for execution and waiting for available worker","previousOperationId":"gywhohxzed88303","timestamp":1692248245575,"id":"qkvs1e6ibe60zf0"}
{"type":"operationStart","subtype":"render","name":"iLotusLand report","previousOperationId":"gywhohxzed88303","timestamp":1692248245650,"id":"jfmovt9nj37kwda","previousEventId":"pmkhued1hxcdw7x","operationId":"asz8hqtyxc9aek5"}
{"type":"log","timestamp":1692248245651,"level":"info","message":"Starting rendering request 4","meta":{"rootId":"6bae739e1vrlnm2","id":"6bae739e1vrlnm2"},"id":"1ep3rmce79ufm9w","previousOperationId":"asz8hqtyxc9aek5"}
{"type":"log","timestamp":1692248245658,"level":"info","message":"Rendering template { name: iLotusLand report, recipe: chrome-pdf, engine: handlebars, preview: true }","meta":{"rootId":"6bae739e1vrlnm2","id":"6bae739e1vrlnm2"},"id":"xgj1rqqu9h0vs9m","previousOperationId":"asz8hqtyxc9aek5"}
{"type":"log","timestamp":1692248245658,"level":"debug","message":"Data item not defined for this template.","meta":{"rootId":"6bae739e1vrlnm2","id":"6bae739e1vrlnm2"},"id":"x518yg0u32q11ig","previousOperationId":"asz8hqtyxc9aek5"}
{"type":"log","timestamp":1692248245665,"level":"debug","message":"Base url not specified, skipping its injection.","meta":{"rootId":"6bae739e1vrlnm2","id":"6bae739e1vrlnm2"},"id":"t8658xmkrgnc5hv","previousOperationId":"asz8hqtyxc9aek5"}
{"type":"operationStart","subtype":"engine","name":"handlebars","timestamp":1692248245667,"id":"sieoz9jczjzdz1x","previousEventId":"jfmovt9nj37kwda","operationId":"bl0xyee028ljgz4","previousOperationId":"asz8hqtyxc9aek5"}
{"type":"log","timestamp":1692248245667,"level":"debug","message":"Rendering engine handlebars","meta":{"rootId":"6bae739e1vrlnm2","id":"6bae739e1vrlnm2"},"id":"so177lnpufxn073","previousOperationId":"bl0xyee028ljgz4"}
{"type":"operationEnd","operationId":"bl0xyee028ljgz4","timestamp":1692248246085,"id":"bjt1rbd8svsawgl","previousEventId":"sieoz9jczjzdz1x","previousOperationId":"bl0xyee028ljgz4"}
{"type":"operationStart","subtype":"recipe","name":"chrome-pdf","timestamp":1692248246086,"id":"y47955m0zdfdi54","previousEventId":"bjt1rbd8svsawgl","operationId":"u4blsq841gu9w8b","previousOperationId":"bl0xyee028ljgz4"}
{"type":"log","timestamp":1692248246086,"level":"debug","message":"Executing recipe chrome-pdf","meta":{"rootId":"6bae739e1vrlnm2","id":"6bae739e1vrlnm2"},"id":"adhb6g3i8ng7sz1","previousOperationId":"u4blsq841gu9w8b"}
{"type":"log","timestamp":1692248246152,"level":"debug","message":"Converting with chrome HeadlessChrome/114.0.5735.90 using chrome-pool strategy","meta":{"rootId":"6bae739e1vrlnm2","id":"6bae739e1vrlnm2"},"id":"yv6c49v9xh3g9a5","previousOperationId":"u4blsq841gu9w8b"}
{"type":"log","timestamp":1692248246455,"level":"debug","message":"Page request: GET (document) file:///var/folders/4s/5nqc4dmn10g5kx7sd84ykx100000gn/T/jsreport/autocleanup/bdfaf79e-398b-48f4-a575-35e7a901cd37-chrome-pdf.html","meta":{"rootId":"6bae739e1vrlnm2","id":"6bae739e1vrlnm2"},"id":"9i89gyyb67d5rpb","previousOperationId":"u4blsq841gu9w8b"}
{"type":"log","timestamp":1692248246488,"level":"debug","message":"Page request finished: GET (document) 200 file:///var/folders/4s/5nqc4dmn10g5kx7sd84ykx100000gn/T/jsreport/autocleanup/bdfaf79e-398b-48f4-a575-35e7a901cd37-chrome-pdf.html","meta":{"rootId":"6bae739e1vrlnm2","id":"6bae739e1vrlnm2"},"id":"bbzzm7qfmfrexir","previousOperationId":"u4blsq841gu9w8b"}
{"type":"log","timestamp":1692248246514,"level":"debug","message":"Running chrome with params {\"printBackground\":true,\"timeout\":59424,\"margin\":{}}","meta":{"rootId":"6bae739e1vrlnm2","id":"6bae739e1vrlnm2"},"id":"rebgnb4fn6uc1g7","previousOperationId":"u4blsq841gu9w8b"}
{"type":"operationEnd","operationId":"u4blsq841gu9w8b","timestamp":1692248247254,"id":"54v81flivgjofxw","previousEventId":"y47955m0zdfdi54","previousOperationId":"u4blsq841gu9w8b"}
{"type":"log","timestamp":1692248247254,"level":"debug","message":"Skipping storing report.","meta":{"rootId":"6bae739e1vrlnm2","id":"6bae739e1vrlnm2"},"id":"qa1nst9iw2wafn7","previousOperationId":"u4blsq841gu9w8b"}
{"type":"log","timestamp":1692248247254,"level":"info","message":"Rendering request 4 finished in 1682 ms","meta":{"rootId":"6bae739e1vrlnm2","id":"6bae739e1vrlnm2"},"id":"qhh68317eyrsbjg","previousOperationId":"u4blsq841gu9w8b"}
{"type":"operationEnd","subtype":"render","operationId":"asz8hqtyxc9aek5","timestamp":1692248247254,"id":"hrw56jfth93qfki","previousEventId":"54v81flivgjofxw","previousOperationId":"u4blsq841gu9w8b"}
{"type":"operationEnd","doDiffs":false,"previousEventId":"pmkhued1hxcdw7x","previousOperationId":"gywhohxzed88303","operationId":"gywhohxzed88303","timestamp":1692248247269,"id":"89z4venung5wv81"}
