{"type":"operationStart","subtype":"profile","data":{"_id":"0LbuuMfJ2EDMFhfm","timestamp":"2023-08-17T04:18:01.039Z","state":"queued","mode":"standard","creationDate":"2023-08-17T04:18:01.096Z","modificationDate":"2023-08-17T04:18:01.096Z","shortid":"wlNzOBJ","inheritedReadPermissions":[],"inheritedEditPermissions":[],"$entitySet":"profiles"},"doDiffs":false,"timestamp":1692245881093,"id":"3sq0za66a137y0s","previousOperationId":null,"operationId":"acfpdw1tf87p7u3"}
{"type":"log","level":"info","message":"Render request 12 queued for execution and waiting for available worker","previousOperationId":"acfpdw1tf87p7u3","timestamp":1692245881093,"id":"v8v80bxturv1uey"}
{"type":"operationStart","subtype":"render","name":"iLotusLand report","previousOperationId":"acfpdw1tf87p7u3","timestamp":1692245881201,"id":"d5qt17rldddtaha","previousEventId":"3sq0za66a137y0s","operationId":"5lbuc0v9kyfgmox"}
{"type":"log","timestamp":1692245881204,"level":"info","message":"Starting rendering request 12 (user: admin)","meta":{"rootId":"763gluvmqqkyomu","id":"763gluvmqqkyomu"},"id":"71m424hht2anqjz","previousOperationId":"5lbuc0v9kyfgmox"}
{"type":"log","timestamp":1692245881206,"level":"info","message":"Rendering template { name: iLotusLand report, recipe: chrome-pdf, engine: handlebars, preview: false }","meta":{"rootId":"763gluvmqqkyomu","id":"763gluvmqqkyomu"},"id":"8k5ivc2fwoau3tv","previousOperationId":"5lbuc0v9kyfgmox"}
{"type":"log","timestamp":1692245881221,"level":"debug","message":"Adding sample data g6O9BFepE","meta":{"rootId":"763gluvmqqkyomu","id":"763gluvmqqkyomu"},"id":"pmp00a1pyzhgh9u","previousOperationId":"5lbuc0v9kyfgmox"}
{"type":"log","timestamp":1692245881225,"level":"debug","message":"Base url not specified, skipping its injection.","meta":{"rootId":"763gluvmqqkyomu","id":"763gluvmqqkyomu"},"id":"2awr1kuqbg9m34s","previousOperationId":"5lbuc0v9kyfgmox"}
{"type":"operationStart","subtype":"engine","name":"handlebars","timestamp":1692245881227,"id":"ebgm6bt30y0m1n7","previousEventId":"d5qt17rldddtaha","operationId":"j3brilwzmut03ah","previousOperationId":"5lbuc0v9kyfgmox"}
{"type":"log","timestamp":1692245881227,"level":"debug","message":"Rendering engine handlebars","meta":{"rootId":"763gluvmqqkyomu","id":"763gluvmqqkyomu"},"id":"zbx1fpsy4xkficl","previousOperationId":"j3brilwzmut03ah"}
{"type":"operationEnd","operationId":"j3brilwzmut03ah","timestamp":1692245881401,"id":"mxi61yezkpg928s","previousEventId":"ebgm6bt30y0m1n7","previousOperationId":"j3brilwzmut03ah"}
{"type":"operationStart","subtype":"recipe","name":"chrome-pdf","timestamp":1692245881401,"id":"8lpja1owqct20ky","previousEventId":"mxi61yezkpg928s","operationId":"3puyjmia56g2qum","previousOperationId":"j3brilwzmut03ah"}
{"type":"log","timestamp":1692245881401,"level":"debug","message":"Executing recipe chrome-pdf","meta":{"rootId":"763gluvmqqkyomu","id":"763gluvmqqkyomu"},"id":"86ttowde6aqefss","previousOperationId":"3puyjmia56g2qum"}
{"type":"log","timestamp":1692245881500,"level":"debug","message":"Converting with chrome HeadlessChrome/114.0.5735.90 using chrome-pool strategy","meta":{"rootId":"763gluvmqqkyomu","id":"763gluvmqqkyomu"},"id":"yb0w5rz6phqg5kd","previousOperationId":"3puyjmia56g2qum"}
{"type":"log","timestamp":1692245881798,"level":"debug","message":"Page request: GET (document) file:///var/folders/4s/5nqc4dmn10g5kx7sd84ykx100000gn/T/jsreport/autocleanup/1f9d15e9-c8a5-4a46-83e1-b3648e309c74-chrome-pdf.html","meta":{"rootId":"763gluvmqqkyomu","id":"763gluvmqqkyomu"},"id":"l70brx8u71opxii","previousOperationId":"3puyjmia56g2qum"}
{"type":"log","timestamp":1692245881824,"level":"debug","message":"Page request finished: GET (document) 200 file:///var/folders/4s/5nqc4dmn10g5kx7sd84ykx100000gn/T/jsreport/autocleanup/1f9d15e9-c8a5-4a46-83e1-b3648e309c74-chrome-pdf.html","meta":{"rootId":"763gluvmqqkyomu","id":"763gluvmqqkyomu"},"id":"6ufinnwbbx5e2hn","previousOperationId":"3puyjmia56g2qum"}
{"type":"log","timestamp":1692245881860,"level":"debug","message":"Running chrome with params {\"printBackground\":true,\"timeout\":59546,\"margin\":{}}","meta":{"rootId":"763gluvmqqkyomu","id":"763gluvmqqkyomu"},"id":"m992wwsjv7keh85","previousOperationId":"3puyjmia56g2qum"}
{"type":"operationEnd","operationId":"3puyjmia56g2qum","timestamp":1692245882090,"id":"qtjnwsth0522qta","previousEventId":"8lpja1owqct20ky","previousOperationId":"3puyjmia56g2qum"}
{"type":"log","timestamp":1692245882090,"level":"debug","message":"Skipping storing report.","meta":{"rootId":"763gluvmqqkyomu","id":"763gluvmqqkyomu"},"id":"4gf8z3ueo3c2idz","previousOperationId":"3puyjmia56g2qum"}
{"type":"log","timestamp":1692245882090,"level":"info","message":"Rendering request 12 finished in 1052 ms","meta":{"rootId":"763gluvmqqkyomu","id":"763gluvmqqkyomu"},"id":"w07ystcjfnzxb7p","previousOperationId":"3puyjmia56g2qum"}
{"type":"operationEnd","subtype":"render","operationId":"5lbuc0v9kyfgmox","timestamp":1692245882090,"id":"b14nsfsnuoahw6f","previousEventId":"qtjnwsth0522qta","previousOperationId":"3puyjmia56g2qum"}
{"type":"operationEnd","doDiffs":false,"previousEventId":"3sq0za66a137y0s","previousOperationId":"acfpdw1tf87p7u3","operationId":"acfpdw1tf87p7u3","timestamp":1692245882095,"id":"dkc689ri2asbjeh"}
