{"type":"operationStart","subtype":"profile","data":{"_id":"5fPEmMevXpsNLHoB","timestamp":"2023-08-22T22:38:29.624Z","state":"queued","mode":"standard","creationDate":"2023-08-22T22:38:29.637Z","modificationDate":"2023-08-22T22:38:29.637Z","shortid":"DVlx-Bj","$entitySet":"profiles"},"doDiffs":false,"timestamp":1692743909634,"id":"12x2seaac4rhf94","previousOperationId":null,"operationId":"mpadwoiko090bgd"}
{"type":"log","level":"info","message":"Render request 5 queued for execution and waiting for available worker","previousOperationId":"mpadwoiko090bgd","timestamp":1692743909636,"id":"wuakps7lq6jh2fj"}
{"type":"operationStart","subtype":"render","name":"iLotusLand report","previousOperationId":"mpadwoiko090bgd","timestamp":1692743909752,"id":"x47bybd30vz0j7j","previousEventId":"12x2seaac4rhf94","operationId":"p90jcj5e6p35dcp"}
{"type":"log","timestamp":1692743909757,"level":"info","message":"Starting rendering request 5","meta":{"rootId":"94y37951xxoydvp","id":"94y37951xxoydvp"},"id":"twhcayot81aqaev","previousOperationId":"p90jcj5e6p35dcp"}
{"type":"log","timestamp":1692743909760,"level":"info","message":"Rendering template { name: iLotusLand report, recipe: chrome-pdf, engine: handlebars, preview: true }","meta":{"rootId":"94y37951xxoydvp","id":"94y37951xxoydvp"},"id":"6ak00aec2upsxuz","previousOperationId":"p90jcj5e6p35dcp"}
{"type":"log","timestamp":1692743909760,"level":"debug","message":"Data item not defined for this template.","meta":{"rootId":"94y37951xxoydvp","id":"94y37951xxoydvp"},"id":"h91hxfq58ca8nll","previousOperationId":"p90jcj5e6p35dcp"}
{"type":"log","timestamp":1692743909766,"level":"debug","message":"Base url not specified, skipping its injection.","meta":{"rootId":"94y37951xxoydvp","id":"94y37951xxoydvp"},"id":"drcf67kd01ji93m","previousOperationId":"p90jcj5e6p35dcp"}
{"type":"operationStart","subtype":"engine","name":"handlebars","timestamp":1692743909773,"id":"mjnkrvsrgspcou3","previousEventId":"x47bybd30vz0j7j","operationId":"bvgjtck7diwcru4","previousOperationId":"p90jcj5e6p35dcp"}
{"type":"log","timestamp":1692743909773,"level":"debug","message":"Rendering engine handlebars","meta":{"rootId":"94y37951xxoydvp","id":"94y37951xxoydvp"},"id":"laui43xqlksbhqu","previousOperationId":"bvgjtck7diwcru4"}
{"type":"operationEnd","operationId":"bvgjtck7diwcru4","timestamp":1692743910025,"id":"tevqpzlahb215on","previousEventId":"mjnkrvsrgspcou3","previousOperationId":"bvgjtck7diwcru4"}
{"type":"operationStart","subtype":"recipe","name":"chrome-pdf","timestamp":1692743910026,"id":"cb6t6v3hr549dts","previousEventId":"tevqpzlahb215on","operationId":"htxihi82bhxxszq","previousOperationId":"bvgjtck7diwcru4"}
{"type":"log","timestamp":1692743910026,"level":"debug","message":"Executing recipe chrome-pdf","meta":{"rootId":"94y37951xxoydvp","id":"94y37951xxoydvp"},"id":"r62iunecetl5eyq","previousOperationId":"htxihi82bhxxszq"}
{"type":"log","timestamp":1692743911361,"level":"debug","message":"Converting with chrome HeadlessChrome/114.0.5735.90 using chrome-pool strategy","meta":{"rootId":"94y37951xxoydvp","id":"94y37951xxoydvp"},"id":"9dvfzikr3fc29if","previousOperationId":"htxihi82bhxxszq"}
{"type":"log","timestamp":1692743911957,"level":"debug","message":"Page request: GET (document) file:///var/folders/4s/5nqc4dmn10g5kx7sd84ykx100000gn/T/jsreport/autocleanup/ede5fea9-a07e-400f-9902-48cb18205365-chrome-pdf.html","meta":{"rootId":"94y37951xxoydvp","id":"94y37951xxoydvp"},"id":"5325tl88ipua4yh","previousOperationId":"htxihi82bhxxszq"}
{"type":"log","timestamp":1692743912041,"level":"debug","message":"Page request: GET (image) file:///var/folders/4s/5nqc4dmn10g5kx7sd84ykx100000gn/T/jsreport/autocleanup/images/image1.png","meta":{"rootId":"94y37951xxoydvp","id":"94y37951xxoydvp"},"id":"0q23cc02ozuxp54","previousOperationId":"htxihi82bhxxszq"}
{"type":"log","timestamp":1692743912050,"level":"debug","message":"Page request finished: GET (document) 200 file:///var/folders/4s/5nqc4dmn10g5kx7sd84ykx100000gn/T/jsreport/autocleanup/ede5fea9-a07e-400f-9902-48cb18205365-chrome-pdf.html","meta":{"rootId":"94y37951xxoydvp","id":"94y37951xxoydvp"},"id":"m4de19uxszk3gc6","previousOperationId":"htxihi82bhxxszq"}
{"type":"log","timestamp":1692743912330,"level":"warn","message":"Page request failed: GET (image) file:///var/folders/4s/5nqc4dmn10g5kx7sd84ykx100000gn/T/jsreport/autocleanup/images/image1.png, failure: net::ERR_FILE_NOT_FOUND","meta":{"rootId":"94y37951xxoydvp","id":"94y37951xxoydvp"},"id":"u4kxsqgi5f7dep4","previousOperationId":"htxihi82bhxxszq"}
{"type":"log","timestamp":1692743912330,"level":"debug","message":"(console:error) Failed to load resource: net::ERR_FILE_NOT_FOUND","meta":{"userLevel":true,"rootId":"94y37951xxoydvp","id":"94y37951xxoydvp"},"id":"mnzur1x0ymzv46r","previousOperationId":"htxihi82bhxxszq"}
{"type":"log","timestamp":1692743912368,"level":"debug","message":"Running chrome with params {\"printBackground\":true,\"timeout\":59565,\"margin\":{}}","meta":{"rootId":"94y37951xxoydvp","id":"94y37951xxoydvp"},"id":"9b1tpxhhubbizir","previousOperationId":"htxihi82bhxxszq"}
{"type":"operationEnd","operationId":"htxihi82bhxxszq","timestamp":1692743912719,"id":"2shzp1l5zy71pu7","previousEventId":"cb6t6v3hr549dts","previousOperationId":"htxihi82bhxxszq"}
{"type":"log","timestamp":1692743912719,"level":"debug","message":"Skipping storing report.","meta":{"rootId":"94y37951xxoydvp","id":"94y37951xxoydvp"},"id":"2823tjn5w7rbwns","previousOperationId":"htxihi82bhxxszq"}
{"type":"log","timestamp":1692743912719,"level":"info","message":"Rendering request 5 finished in 3114 ms","meta":{"rootId":"94y37951xxoydvp","id":"94y37951xxoydvp"},"id":"szlio15f1j56b0r","previousOperationId":"htxihi82bhxxszq"}
{"type":"operationEnd","subtype":"render","operationId":"p90jcj5e6p35dcp","timestamp":1692743912719,"id":"ekf4zgeclihh2cf","previousEventId":"2shzp1l5zy71pu7","previousOperationId":"htxihi82bhxxszq"}
{"type":"operationEnd","doDiffs":false,"previousEventId":"12x2seaac4rhf94","previousOperationId":"mpadwoiko090bgd","operationId":"mpadwoiko090bgd","timestamp":1692743912727,"id":"2d8qje1v9rjcyhw"}
