{"type":"operationStart","subtype":"profile","data":{"_id":"ZQdMgF94FiFcS6Tp","timestamp":"2023-08-17T04:56:46.778Z","state":"queued","mode":"standard","creationDate":"2023-08-17T04:56:46.785Z","modificationDate":"2023-08-17T04:56:46.785Z","shortid":"hwHLLxF","$entitySet":"profiles"},"doDiffs":false,"timestamp":1692248206783,"id":"yg1ty80vrhpmc8o","previousOperationId":null,"operationId":"semqabl4x9b8u7x"}
{"type":"log","level":"info","message":"Render request 3 queued for execution and waiting for available worker","previousOperationId":"semqabl4x9b8u7x","timestamp":1692248206784,"id":"shf46l3a1qg5yuo"}
{"type":"operationStart","subtype":"render","name":"iLotusLand report","previousOperationId":"semqabl4x9b8u7x","timestamp":1692248206835,"id":"cxjihzz64b83djs","previousEventId":"yg1ty80vrhpmc8o","operationId":"3czihwj7kd3ip3d"}
{"type":"log","timestamp":1692248206837,"level":"info","message":"Starting rendering request 3","meta":{"rootId":"98exwn3predlfcr","id":"98exwn3predlfcr"},"id":"2ju0m1855plpbpx","previousOperationId":"3czihwj7kd3ip3d"}
{"type":"log","timestamp":1692248206838,"level":"info","message":"Rendering template { name: iLotusLand report, recipe: chrome-pdf, engine: handlebars, preview: true }","meta":{"rootId":"98exwn3predlfcr","id":"98exwn3predlfcr"},"id":"7yu5ntzndmd14kw","previousOperationId":"3czihwj7kd3ip3d"}
{"type":"log","timestamp":1692248206838,"level":"debug","message":"Data item not defined for this template.","meta":{"rootId":"98exwn3predlfcr","id":"98exwn3predlfcr"},"id":"lwe809a7rafqt0b","previousOperationId":"3czihwj7kd3ip3d"}
{"type":"log","timestamp":1692248206847,"level":"debug","message":"Base url not specified, skipping its injection.","meta":{"rootId":"98exwn3predlfcr","id":"98exwn3predlfcr"},"id":"m1aesdixzzn8knx","previousOperationId":"3czihwj7kd3ip3d"}
{"type":"operationStart","subtype":"engine","name":"handlebars","timestamp":1692248206849,"id":"0tgm6by5ex6rzqv","previousEventId":"cxjihzz64b83djs","operationId":"limuq58w60p59d4","previousOperationId":"3czihwj7kd3ip3d"}
{"type":"log","timestamp":1692248206849,"level":"debug","message":"Rendering engine handlebars","meta":{"rootId":"98exwn3predlfcr","id":"98exwn3predlfcr"},"id":"laymbata99iuqj7","previousOperationId":"limuq58w60p59d4"}
{"type":"operationEnd","operationId":"limuq58w60p59d4","timestamp":1692248206971,"id":"3m01r6i1bz4nvab","previousEventId":"0tgm6by5ex6rzqv","previousOperationId":"limuq58w60p59d4"}
{"type":"operationStart","subtype":"recipe","name":"chrome-pdf","timestamp":1692248206972,"id":"wca8o7ndsexbhw2","previousEventId":"3m01r6i1bz4nvab","operationId":"k9jwnwkq6izh0g5","previousOperationId":"limuq58w60p59d4"}
{"type":"log","timestamp":1692248206972,"level":"debug","message":"Executing recipe chrome-pdf","meta":{"rootId":"98exwn3predlfcr","id":"98exwn3predlfcr"},"id":"11b48xm0ymed6cn","previousOperationId":"k9jwnwkq6izh0g5"}
{"type":"log","timestamp":1692248206998,"level":"debug","message":"Converting with chrome HeadlessChrome/114.0.5735.90 using chrome-pool strategy","meta":{"rootId":"98exwn3predlfcr","id":"98exwn3predlfcr"},"id":"vj9x9qcrasj4u9s","previousOperationId":"k9jwnwkq6izh0g5"}
{"type":"log","timestamp":1692248207313,"level":"debug","message":"Page request: GET (document) file:///var/folders/4s/5nqc4dmn10g5kx7sd84ykx100000gn/T/jsreport/autocleanup/022b8c1e-60fd-4b47-bdb3-a1be52cd4326-chrome-pdf.html","meta":{"rootId":"98exwn3predlfcr","id":"98exwn3predlfcr"},"id":"r7dzdkzrpkigvd2","previousOperationId":"k9jwnwkq6izh0g5"}
{"type":"log","timestamp":1692248207334,"level":"debug","message":"Page request finished: GET (document) 200 file:///var/folders/4s/5nqc4dmn10g5kx7sd84ykx100000gn/T/jsreport/autocleanup/022b8c1e-60fd-4b47-bdb3-a1be52cd4326-chrome-pdf.html","meta":{"rootId":"98exwn3predlfcr","id":"98exwn3predlfcr"},"id":"fgk07b3qqxaputn","previousOperationId":"k9jwnwkq6izh0g5"}
{"type":"log","timestamp":1692248207396,"level":"debug","message":"Running chrome with params {\"printBackground\":true,\"timeout\":59791,\"margin\":{}}","meta":{"rootId":"98exwn3predlfcr","id":"98exwn3predlfcr"},"id":"xbv2fws0twtiknn","previousOperationId":"k9jwnwkq6izh0g5"}
{"type":"operationEnd","operationId":"k9jwnwkq6izh0g5","timestamp":1692248207659,"id":"a4gj7oc9ejndkb9","previousEventId":"wca8o7ndsexbhw2","previousOperationId":"k9jwnwkq6izh0g5"}
{"type":"log","timestamp":1692248207660,"level":"debug","message":"Skipping storing report.","meta":{"rootId":"98exwn3predlfcr","id":"98exwn3predlfcr"},"id":"3akvwep8169zeq1","previousOperationId":"k9jwnwkq6izh0g5"}
{"type":"log","timestamp":1692248207660,"level":"info","message":"Rendering request 3 finished in 883 ms","meta":{"rootId":"98exwn3predlfcr","id":"98exwn3predlfcr"},"id":"p8cvcry8r2cbjb5","previousOperationId":"k9jwnwkq6izh0g5"}
{"type":"operationEnd","subtype":"render","operationId":"3czihwj7kd3ip3d","timestamp":1692248207660,"id":"upuzk9qm6gwgcgc","previousEventId":"a4gj7oc9ejndkb9","previousOperationId":"k9jwnwkq6izh0g5"}
{"type":"operationEnd","doDiffs":false,"previousEventId":"yg1ty80vrhpmc8o","previousOperationId":"semqabl4x9b8u7x","operationId":"semqabl4x9b8u7x","timestamp":1692248207704,"id":"7birc3xcdaqr217"}
