{"type":"operationStart","subtype":"profile","data":{"_id":"E3XWPUMDFGdZTts5","timestamp":"2023-08-17T07:04:33.729Z","state":"queued","mode":"standard","creationDate":"2023-08-17T07:04:33.756Z","modificationDate":"2023-08-17T07:04:33.756Z","shortid":"cuTNFgc","$entitySet":"profiles"},"doDiffs":false,"timestamp":1692255873745,"id":"pj8ybsg44h1578j","previousOperationId":null,"operationId":"rvbhj09m4hhinkk"}
{"type":"log","level":"info","message":"Render request 1 queued for execution and waiting for available worker","previousOperationId":"rvbhj09m4hhinkk","timestamp":1692255873749,"id":"gqjhhgovw7d38ib"}
{"type":"operationStart","subtype":"render","name":"iLotusLand report","previousOperationId":"rvbhj09m4hhinkk","timestamp":1692255873966,"id":"cpftgyy14p7tbal","previousEventId":"pj8ybsg44h1578j","operationId":"ra8oex67wfdol43"}
{"type":"log","timestamp":1692255873974,"level":"info","message":"Starting rendering request 1","meta":{"rootId":"ame6pdoz0m16nqm","id":"ame6pdoz0m16nqm"},"id":"e64ri9wmlo27t3m","previousOperationId":"ra8oex67wfdol43"}
{"type":"log","timestamp":1692255873978,"level":"info","message":"Rendering template { name: iLotusLand report, recipe: chrome-pdf, engine: handlebars, preview: true }","meta":{"rootId":"ame6pdoz0m16nqm","id":"ame6pdoz0m16nqm"},"id":"ptg84ohfc4fyior","previousOperationId":"ra8oex67wfdol43"}
{"type":"log","timestamp":1692255873979,"level":"debug","message":"Data item not defined for this template.","meta":{"rootId":"ame6pdoz0m16nqm","id":"ame6pdoz0m16nqm"},"id":"0bo4br1h1akcitw","previousOperationId":"ra8oex67wfdol43"}
{"type":"log","timestamp":1692255874045,"level":"debug","message":"Base url not specified, skipping its injection.","meta":{"rootId":"ame6pdoz0m16nqm","id":"ame6pdoz0m16nqm"},"id":"pfy9wpg3xxwwcmt","previousOperationId":"ra8oex67wfdol43"}
{"type":"operationStart","subtype":"engine","name":"handlebars","timestamp":1692255874063,"id":"sjoc1m68yzpmig8","previousEventId":"cpftgyy14p7tbal","operationId":"qqckf5i1jmf7qqq","previousOperationId":"ra8oex67wfdol43"}
{"type":"log","timestamp":1692255874063,"level":"debug","message":"Rendering engine handlebars","meta":{"rootId":"ame6pdoz0m16nqm","id":"ame6pdoz0m16nqm"},"id":"hz7c19xjeme16i8","previousOperationId":"qqckf5i1jmf7qqq"}
{"type":"operationEnd","operationId":"qqckf5i1jmf7qqq","timestamp":1692255876428,"id":"5t5vowuyk74t33e","previousEventId":"sjoc1m68yzpmig8","previousOperationId":"qqckf5i1jmf7qqq"}
{"type":"operationStart","subtype":"recipe","name":"chrome-pdf","timestamp":1692255876430,"id":"qwzcybf8b6bd7yh","previousEventId":"5t5vowuyk74t33e","operationId":"wde7xjgmcojoo54","previousOperationId":"qqckf5i1jmf7qqq"}
{"type":"log","timestamp":1692255876430,"level":"debug","message":"Executing recipe chrome-pdf","meta":{"rootId":"ame6pdoz0m16nqm","id":"ame6pdoz0m16nqm"},"id":"rn519m8dr8xy6az","previousOperationId":"wde7xjgmcojoo54"}
{"type":"log","timestamp":1692255880197,"level":"debug","message":"Converting with chrome HeadlessChrome/114.0.5735.90 using chrome-pool strategy","meta":{"rootId":"ame6pdoz0m16nqm","id":"ame6pdoz0m16nqm"},"id":"mqv8ovclwsz2gcr","previousOperationId":"wde7xjgmcojoo54"}
{"type":"log","timestamp":1692255882191,"level":"debug","message":"Page request: GET (document) file:///var/folders/4s/5nqc4dmn10g5kx7sd84ykx100000gn/T/jsreport/autocleanup/5683340b-c3e8-42e4-be41-1e344a65c18e-chrome-pdf.html","meta":{"rootId":"ame6pdoz0m16nqm","id":"ame6pdoz0m16nqm"},"id":"5m1axrj338myrlv","previousOperationId":"wde7xjgmcojoo54"}
{"type":"log","timestamp":1692255882412,"level":"debug","message":"Page request finished: GET (document) 200 file:///var/folders/4s/5nqc4dmn10g5kx7sd84ykx100000gn/T/jsreport/autocleanup/5683340b-c3e8-42e4-be41-1e344a65c18e-chrome-pdf.html","meta":{"rootId":"ame6pdoz0m16nqm","id":"ame6pdoz0m16nqm"},"id":"jsl6aff33m3etc8","previousOperationId":"wde7xjgmcojoo54"}
{"type":"log","timestamp":1692255882781,"level":"debug","message":"Running chrome with params {\"printBackground\":true,\"timeout\":55935,\"margin\":{}}","meta":{"rootId":"ame6pdoz0m16nqm","id":"ame6pdoz0m16nqm"},"id":"nksjp03uz6n8nhd","previousOperationId":"wde7xjgmcojoo54"}
{"type":"operationEnd","operationId":"wde7xjgmcojoo54","timestamp":1692255884122,"id":"1642wvbp29hvj2w","previousEventId":"qwzcybf8b6bd7yh","previousOperationId":"wde7xjgmcojoo54"}
{"type":"log","timestamp":1692255884123,"level":"debug","message":"Skipping storing report.","meta":{"rootId":"ame6pdoz0m16nqm","id":"ame6pdoz0m16nqm"},"id":"xrz3ejaq3kxq66u","previousOperationId":"wde7xjgmcojoo54"}
{"type":"log","timestamp":1692255884124,"level":"info","message":"Rendering request 1 finished in 10396 ms","meta":{"rootId":"ame6pdoz0m16nqm","id":"ame6pdoz0m16nqm"},"id":"ocq7xlupni871be","previousOperationId":"wde7xjgmcojoo54"}
{"type":"operationEnd","subtype":"render","operationId":"ra8oex67wfdol43","timestamp":1692255884124,"id":"6nwlfywcjliqfvl","previousEventId":"1642wvbp29hvj2w","previousOperationId":"wde7xjgmcojoo54"}
{"type":"operationEnd","doDiffs":false,"previousEventId":"pj8ybsg44h1578j","previousOperationId":"rvbhj09m4hhinkk","operationId":"rvbhj09m4hhinkk","timestamp":1692255884140,"id":"rw4gusfxwyfcatp"}
