{"type":"operationStart","subtype":"profile","data":{"_id":"fxSVe5tAWENp1Ge0","timestamp":"2023-08-17T04:36:05.623Z","state":"queued","mode":"standard","creationDate":"2023-08-17T04:36:05.638Z","modificationDate":"2023-08-17T04:36:05.638Z","shortid":"cc-0-iy","$entitySet":"profiles"},"doDiffs":false,"timestamp":1692246965636,"id":"726ywsm0lu8e3dh","previousOperationId":null,"operationId":"569m2e3fykk5xve"}
{"type":"log","level":"info","message":"Render request 7 queued for execution and waiting for available worker","previousOperationId":"569m2e3fykk5xve","timestamp":1692246965637,"id":"aansj6r7bo14h5d"}
{"type":"operationStart","subtype":"render","name":"iLotusLand report","previousOperationId":"569m2e3fykk5xve","timestamp":1692246965686,"id":"havwo0r0obn9l92","previousEventId":"726ywsm0lu8e3dh","operationId":"rqn0ownd106m8hm"}
{"type":"log","timestamp":1692246965686,"level":"info","message":"Starting rendering request 7","meta":{"rootId":"byzt71sk0tjaaj4","id":"byzt71sk0tjaaj4"},"id":"fv9kww3ghvtrl1w","previousOperationId":"rqn0ownd106m8hm"}
{"type":"log","timestamp":1692246965687,"level":"info","message":"Rendering template { name: iLotusLand report, recipe: chrome-pdf, engine: handlebars, preview: false }","meta":{"rootId":"byzt71sk0tjaaj4","id":"byzt71sk0tjaaj4"},"id":"67eba0dzulql4lt","previousOperationId":"rqn0ownd106m8hm"}
{"type":"log","timestamp":1692246965687,"level":"debug","message":"Inline data specified.","meta":{"rootId":"byzt71sk0tjaaj4","id":"byzt71sk0tjaaj4"},"id":"j8ln6hkef5yx96w","previousOperationId":"rqn0ownd106m8hm"}
{"type":"log","timestamp":1692246965691,"level":"debug","message":"Base url not specified, skipping its injection.","meta":{"rootId":"byzt71sk0tjaaj4","id":"byzt71sk0tjaaj4"},"id":"2lm02ezm3533a02","previousOperationId":"rqn0ownd106m8hm"}
{"type":"operationStart","subtype":"engine","name":"handlebars","timestamp":1692246965692,"id":"vljrtio19x41a71","previousEventId":"havwo0r0obn9l92","operationId":"mxyunctcnaqlqm1","previousOperationId":"rqn0ownd106m8hm"}
{"type":"log","timestamp":1692246965692,"level":"debug","message":"Rendering engine handlebars","meta":{"rootId":"byzt71sk0tjaaj4","id":"byzt71sk0tjaaj4"},"id":"6e7dnbe0gokzbgk","previousOperationId":"mxyunctcnaqlqm1"}
{"type":"operationEnd","operationId":"mxyunctcnaqlqm1","timestamp":1692246965728,"id":"m25cl3h9f6boduz","previousEventId":"vljrtio19x41a71","previousOperationId":"mxyunctcnaqlqm1"}
{"type":"operationStart","subtype":"recipe","name":"chrome-pdf","timestamp":1692246965729,"id":"9ewcp8bvavdmp7a","previousEventId":"m25cl3h9f6boduz","operationId":"7vgmqox9g9rxrfv","previousOperationId":"mxyunctcnaqlqm1"}
{"type":"log","timestamp":1692246965729,"level":"debug","message":"Executing recipe chrome-pdf","meta":{"rootId":"byzt71sk0tjaaj4","id":"byzt71sk0tjaaj4"},"id":"lrfdurxyixoop0y","previousOperationId":"7vgmqox9g9rxrfv"}
{"type":"log","timestamp":1692246965733,"level":"debug","message":"Converting with chrome HeadlessChrome/114.0.5735.90 using chrome-pool strategy","meta":{"rootId":"byzt71sk0tjaaj4","id":"byzt71sk0tjaaj4"},"id":"yi3af0khj9arvuq","previousOperationId":"7vgmqox9g9rxrfv"}
{"type":"log","timestamp":1692246966886,"level":"debug","message":"Page request: GET (document) file:///var/folders/4s/5nqc4dmn10g5kx7sd84ykx100000gn/T/jsreport/autocleanup/507783ab-86a5-4255-99ee-3888b2320646-chrome-pdf.html","meta":{"rootId":"byzt71sk0tjaaj4","id":"byzt71sk0tjaaj4"},"id":"0ukv6gf5xgcu4fb","previousOperationId":"7vgmqox9g9rxrfv"}
{"type":"log","timestamp":1692246967055,"level":"debug","message":"Page request finished: GET (document) 200 file:///var/folders/4s/5nqc4dmn10g5kx7sd84ykx100000gn/T/jsreport/autocleanup/507783ab-86a5-4255-99ee-3888b2320646-chrome-pdf.html","meta":{"rootId":"byzt71sk0tjaaj4","id":"byzt71sk0tjaaj4"},"id":"fjzsg9q2iz2mcaq","previousOperationId":"7vgmqox9g9rxrfv"}
{"type":"log","timestamp":1692246967383,"level":"debug","message":"Running chrome with params {\"printBackground\":true,\"timeout\":59890,\"margin\":{}}","meta":{"rootId":"byzt71sk0tjaaj4","id":"byzt71sk0tjaaj4"},"id":"tee88oeqz8rk2tb","previousOperationId":"7vgmqox9g9rxrfv"}
{"type":"operationEnd","operationId":"7vgmqox9g9rxrfv","timestamp":1692246969934,"id":"5dcf252k8gjxf09","previousEventId":"9ewcp8bvavdmp7a","previousOperationId":"7vgmqox9g9rxrfv"}
{"type":"log","timestamp":1692246969934,"level":"debug","message":"Skipping storing report.","meta":{"rootId":"byzt71sk0tjaaj4","id":"byzt71sk0tjaaj4"},"id":"c6zprvhhgaouctz","previousOperationId":"7vgmqox9g9rxrfv"}
{"type":"log","timestamp":1692246969935,"level":"info","message":"Rendering request 7 finished in 4313 ms","meta":{"rootId":"byzt71sk0tjaaj4","id":"byzt71sk0tjaaj4"},"id":"q8e7afzmvjl4rwm","previousOperationId":"7vgmqox9g9rxrfv"}
{"type":"operationEnd","subtype":"render","operationId":"rqn0ownd106m8hm","timestamp":1692246969935,"id":"qm1c27omqgiq3xv","previousEventId":"5dcf252k8gjxf09","previousOperationId":"7vgmqox9g9rxrfv"}
{"type":"operationEnd","doDiffs":false,"previousEventId":"726ywsm0lu8e3dh","previousOperationId":"569m2e3fykk5xve","operationId":"569m2e3fykk5xve","timestamp":1692246969937,"id":"cmyzo74ijtup6t8"}
