{"type":"operationStart","subtype":"profile","data":{"_id":"L7nFJlCK7yPvYR30","timestamp":"2023-08-22T22:41:03.758Z","state":"queued","mode":"standard","creationDate":"2023-08-22T22:41:03.775Z","modificationDate":"2023-08-22T22:41:03.775Z","shortid":"reRSfVt","$entitySet":"profiles"},"doDiffs":false,"timestamp":1692744063772,"id":"p22cbh53df3nqrt","previousOperationId":null,"operationId":"ytnhuw0vq7twmu3"}
{"type":"log","level":"info","message":"Render request 1 queued for execution and waiting for available worker","previousOperationId":"ytnhuw0vq7twmu3","timestamp":1692744063774,"id":"c0lurctjj98ko36"}
{"type":"operationStart","subtype":"render","name":"iLotusLand report","previousOperationId":"ytnhuw0vq7twmu3","timestamp":1692744063951,"id":"aix2gjxi0djqyz5","previousEventId":"p22cbh53df3nqrt","operationId":"m9o5lud5qlpnhrx"}
{"type":"log","timestamp":1692744063955,"level":"info","message":"Starting rendering request 1","meta":{"rootId":"chi9vpjdnu3fexn","id":"chi9vpjdnu3fexn"},"id":"kol7aw4gevfbzw0","previousOperationId":"m9o5lud5qlpnhrx"}
{"type":"log","timestamp":1692744063957,"level":"info","message":"Rendering template { name: iLotusLand report, recipe: chrome-pdf, engine: handlebars, preview: true }","meta":{"rootId":"chi9vpjdnu3fexn","id":"chi9vpjdnu3fexn"},"id":"wisxixgpmh5li8h","previousOperationId":"m9o5lud5qlpnhrx"}
{"type":"log","timestamp":1692744063960,"level":"debug","message":"Data item not defined for this template.","meta":{"rootId":"chi9vpjdnu3fexn","id":"chi9vpjdnu3fexn"},"id":"v1zaqh7rm65h0ht","previousOperationId":"m9o5lud5qlpnhrx"}
{"type":"log","timestamp":1692744064170,"level":"debug","message":"Base url not specified, skipping its injection.","meta":{"rootId":"chi9vpjdnu3fexn","id":"chi9vpjdnu3fexn"},"id":"abagz0zpum8vxsa","previousOperationId":"m9o5lud5qlpnhrx"}
{"type":"operationStart","subtype":"engine","name":"handlebars","timestamp":1692744064187,"id":"0el4e5eloxpeqrs","previousEventId":"aix2gjxi0djqyz5","operationId":"jfpzcm9zir1o4o2","previousOperationId":"m9o5lud5qlpnhrx"}
{"type":"log","timestamp":1692744064187,"level":"debug","message":"Rendering engine handlebars","meta":{"rootId":"chi9vpjdnu3fexn","id":"chi9vpjdnu3fexn"},"id":"6me1ci0406btogd","previousOperationId":"jfpzcm9zir1o4o2"}
{"type":"operationEnd","operationId":"jfpzcm9zir1o4o2","timestamp":1692744065757,"id":"4x8yx32z99qjyyo","previousEventId":"0el4e5eloxpeqrs","previousOperationId":"jfpzcm9zir1o4o2"}
{"type":"operationStart","subtype":"recipe","name":"chrome-pdf","timestamp":1692744065758,"id":"gvtlxf20214kbox","previousEventId":"4x8yx32z99qjyyo","operationId":"5fovzalps2jtf6k","previousOperationId":"jfpzcm9zir1o4o2"}
{"type":"log","timestamp":1692744065758,"level":"debug","message":"Executing recipe chrome-pdf","meta":{"rootId":"chi9vpjdnu3fexn","id":"chi9vpjdnu3fexn"},"id":"bg1o4e26ejablfw","previousOperationId":"5fovzalps2jtf6k"}
{"type":"log","timestamp":1692744066876,"level":"debug","message":"Converting with chrome HeadlessChrome/114.0.5735.90 using chrome-pool strategy","meta":{"rootId":"chi9vpjdnu3fexn","id":"chi9vpjdnu3fexn"},"id":"y57szswx7nva37g","previousOperationId":"5fovzalps2jtf6k"}
{"type":"log","timestamp":1692744067687,"level":"debug","message":"Page request: GET (document) file:///var/folders/4s/5nqc4dmn10g5kx7sd84ykx100000gn/T/jsreport/autocleanup/6a038fe7-2b32-4dda-8029-65414856baea-chrome-pdf.html","meta":{"rootId":"chi9vpjdnu3fexn","id":"chi9vpjdnu3fexn"},"id":"e78j49n54x1zkz5","previousOperationId":"5fovzalps2jtf6k"}
{"type":"log","timestamp":1692744067727,"level":"debug","message":"Page request: GET (image) file:///var/folders/4s/5nqc4dmn10g5kx7sd84ykx100000gn/T/jsreport/autocleanup/images/image1.png","meta":{"rootId":"chi9vpjdnu3fexn","id":"chi9vpjdnu3fexn"},"id":"vgj4vd24cegataq","previousOperationId":"5fovzalps2jtf6k"}
{"type":"log","timestamp":1692744067752,"level":"debug","message":"Page request finished: GET (document) 200 file:///var/folders/4s/5nqc4dmn10g5kx7sd84ykx100000gn/T/jsreport/autocleanup/6a038fe7-2b32-4dda-8029-65414856baea-chrome-pdf.html","meta":{"rootId":"chi9vpjdnu3fexn","id":"chi9vpjdnu3fexn"},"id":"276gcyar47l7ylo","previousOperationId":"5fovzalps2jtf6k"}
{"type":"log","timestamp":1692744067825,"level":"warn","message":"Page request failed: GET (image) file:///var/folders/4s/5nqc4dmn10g5kx7sd84ykx100000gn/T/jsreport/autocleanup/images/image1.png, failure: net::ERR_FILE_NOT_FOUND","meta":{"rootId":"chi9vpjdnu3fexn","id":"chi9vpjdnu3fexn"},"id":"fuuwd4mk391ihf0","previousOperationId":"5fovzalps2jtf6k"}
{"type":"log","timestamp":1692744067826,"level":"debug","message":"(console:error) Failed to load resource: net::ERR_FILE_NOT_FOUND","meta":{"userLevel":true,"rootId":"chi9vpjdnu3fexn","id":"chi9vpjdnu3fexn"},"id":"s0cu4yb5jg643g8","previousOperationId":"5fovzalps2jtf6k"}
{"type":"log","timestamp":1692744067841,"level":"debug","message":"Running chrome with params {\"printBackground\":true,\"timeout\":57580,\"margin\":{}}","meta":{"rootId":"chi9vpjdnu3fexn","id":"chi9vpjdnu3fexn"},"id":"pftmg5j9doyjslz","previousOperationId":"5fovzalps2jtf6k"}
{"type":"operationEnd","operationId":"5fovzalps2jtf6k","timestamp":1692744068091,"id":"htsx1clirtd1f9d","previousEventId":"gvtlxf20214kbox","previousOperationId":"5fovzalps2jtf6k"}
{"type":"log","timestamp":1692744068092,"level":"debug","message":"Skipping storing report.","meta":{"rootId":"chi9vpjdnu3fexn","id":"chi9vpjdnu3fexn"},"id":"nwqqueoovepy6v2","previousOperationId":"5fovzalps2jtf6k"}
{"type":"log","timestamp":1692744068093,"level":"info","message":"Rendering request 1 finished in 4335 ms","meta":{"rootId":"chi9vpjdnu3fexn","id":"chi9vpjdnu3fexn"},"id":"1wyrzaayzqcvi4m","previousOperationId":"5fovzalps2jtf6k"}
{"type":"operationEnd","subtype":"render","operationId":"m9o5lud5qlpnhrx","timestamp":1692744068093,"id":"b51qtwq0z1ly6u5","previousEventId":"htsx1clirtd1f9d","previousOperationId":"5fovzalps2jtf6k"}
{"type":"operationEnd","doDiffs":false,"previousEventId":"p22cbh53df3nqrt","previousOperationId":"ytnhuw0vq7twmu3","operationId":"ytnhuw0vq7twmu3","timestamp":1692744068142,"id":"wuoss8kzbtbliom"}
