{"type":"operationStart","subtype":"profile","data":{"_id":"PSgxD49YPoohPCBW","timestamp":"2023-08-17T07:11:40.624Z","state":"queued","mode":"standard","creationDate":"2023-08-17T07:11:40.664Z","modificationDate":"2023-08-17T07:11:40.664Z","shortid":"-1wXo1K","$entitySet":"profiles"},"doDiffs":false,"timestamp":1692256300662,"id":"bycx20jxrhg44ug","previousOperationId":null,"operationId":"en7n59s7i5dmzbg"}
{"type":"log","level":"info","message":"Render request 2 queued for execution and waiting for available worker","previousOperationId":"en7n59s7i5dmzbg","timestamp":1692256300663,"id":"23ea6toz38xt9e3"}
{"type":"operationStart","subtype":"render","name":"iLotusLand report","previousOperationId":"en7n59s7i5dmzbg","timestamp":1692256300815,"id":"33kx4psvxh4f287","previousEventId":"bycx20jxrhg44ug","operationId":"j45hkt122rzw6ai"}
{"type":"log","timestamp":1692256300819,"level":"info","message":"Starting rendering request 2","meta":{"rootId":"csk8nc4u8khaea5","id":"csk8nc4u8khaea5"},"id":"v1yc2gm9czfhhpa","previousOperationId":"j45hkt122rzw6ai"}
{"type":"log","timestamp":1692256300833,"level":"info","message":"Rendering template { name: iLotusLand report, recipe: chrome-pdf, engine: handlebars, preview: true }","meta":{"rootId":"csk8nc4u8khaea5","id":"csk8nc4u8khaea5"},"id":"6u1xlvyqc2ydaoa","previousOperationId":"j45hkt122rzw6ai"}
{"type":"log","timestamp":1692256300835,"level":"debug","message":"Data item not defined for this template.","meta":{"rootId":"csk8nc4u8khaea5","id":"csk8nc4u8khaea5"},"id":"ow1ox2ttn3w00jx","previousOperationId":"j45hkt122rzw6ai"}
{"type":"log","timestamp":1692256300951,"level":"debug","message":"Base url not specified, skipping its injection.","meta":{"rootId":"csk8nc4u8khaea5","id":"csk8nc4u8khaea5"},"id":"r6de18bl03czcxk","previousOperationId":"j45hkt122rzw6ai"}
{"type":"operationStart","subtype":"engine","name":"handlebars","timestamp":1692256300954,"id":"mwpxcdauhiiww42","previousEventId":"33kx4psvxh4f287","operationId":"g79s47rjkmry8yx","previousOperationId":"j45hkt122rzw6ai"}
{"type":"log","timestamp":1692256300954,"level":"debug","message":"Rendering engine handlebars","meta":{"rootId":"csk8nc4u8khaea5","id":"csk8nc4u8khaea5"},"id":"f5pz4633le24mzh","previousOperationId":"g79s47rjkmry8yx"}
{"type":"operationEnd","operationId":"g79s47rjkmry8yx","timestamp":1692256304605,"id":"vb292eckb916an6","previousEventId":"mwpxcdauhiiww42","previousOperationId":"g79s47rjkmry8yx"}
{"type":"operationStart","subtype":"recipe","name":"chrome-pdf","timestamp":1692256304608,"id":"9j229uulldji96q","previousEventId":"vb292eckb916an6","operationId":"5qgtdzxwuns3z6m","previousOperationId":"g79s47rjkmry8yx"}
{"type":"log","timestamp":1692256304608,"level":"debug","message":"Executing recipe chrome-pdf","meta":{"rootId":"csk8nc4u8khaea5","id":"csk8nc4u8khaea5"},"id":"4c0mmk5c3i7rckc","previousOperationId":"5qgtdzxwuns3z6m"}
{"type":"log","timestamp":1692256307497,"level":"debug","message":"Converting with chrome HeadlessChrome/114.0.5735.90 using chrome-pool strategy","meta":{"rootId":"csk8nc4u8khaea5","id":"csk8nc4u8khaea5"},"id":"4zyi8c3nizrrywu","previousOperationId":"5qgtdzxwuns3z6m"}
{"type":"log","timestamp":1692256308952,"level":"debug","message":"Page request: GET (document) file:///var/folders/4s/5nqc4dmn10g5kx7sd84ykx100000gn/T/jsreport/autocleanup/ec346615-fdc3-4cf7-b6ef-9648e841ffcc-chrome-pdf.html","meta":{"rootId":"csk8nc4u8khaea5","id":"csk8nc4u8khaea5"},"id":"vvrx82dhi6vg1tz","previousOperationId":"5qgtdzxwuns3z6m"}
{"type":"log","timestamp":1692256309036,"level":"debug","message":"Page request finished: GET (document) 200 file:///var/folders/4s/5nqc4dmn10g5kx7sd84ykx100000gn/T/jsreport/autocleanup/ec346615-fdc3-4cf7-b6ef-9648e841ffcc-chrome-pdf.html","meta":{"rootId":"csk8nc4u8khaea5","id":"csk8nc4u8khaea5"},"id":"hpirzdlnk33ysg7","previousOperationId":"5qgtdzxwuns3z6m"}
{"type":"log","timestamp":1692256309091,"level":"debug","message":"Running chrome with params {\"printBackground\":true,\"timeout\":54609,\"margin\":{}}","meta":{"rootId":"csk8nc4u8khaea5","id":"csk8nc4u8khaea5"},"id":"iaeswy82lyhwugo","previousOperationId":"5qgtdzxwuns3z6m"}
{"type":"operationEnd","operationId":"5qgtdzxwuns3z6m","timestamp":1692256310921,"id":"ilbtdczk0dzy1f8","previousEventId":"9j229uulldji96q","previousOperationId":"5qgtdzxwuns3z6m"}
{"type":"log","timestamp":1692256310922,"level":"debug","message":"Skipping storing report.","meta":{"rootId":"csk8nc4u8khaea5","id":"csk8nc4u8khaea5"},"id":"2qee8l91cydp7ht","previousOperationId":"5qgtdzxwuns3z6m"}
{"type":"log","timestamp":1692256310922,"level":"info","message":"Rendering request 2 finished in 10298 ms","meta":{"rootId":"csk8nc4u8khaea5","id":"csk8nc4u8khaea5"},"id":"zzgxoag0k1eypq8","previousOperationId":"5qgtdzxwuns3z6m"}
{"type":"operationEnd","subtype":"render","operationId":"j45hkt122rzw6ai","timestamp":1692256310923,"id":"r45ql6an1v3z560","previousEventId":"ilbtdczk0dzy1f8","previousOperationId":"5qgtdzxwuns3z6m"}
{"type":"operationEnd","doDiffs":false,"previousEventId":"bycx20jxrhg44ug","previousOperationId":"en7n59s7i5dmzbg","operationId":"en7n59s7i5dmzbg","timestamp":1692256310935,"id":"73ktkhxahzlutkh"}
