{"type":"operationStart","subtype":"profile","data":{"_id":"iHomccNkpyJ4NC7I","timestamp":"2023-08-17T04:35:34.252Z","state":"queued","mode":"standard","creationDate":"2023-08-17T04:35:34.255Z","modificationDate":"2023-08-17T04:35:34.255Z","shortid":"YG0xZjr","$entitySet":"profiles"},"doDiffs":false,"timestamp":1692246934254,"id":"llxuxt7pkanjoml","previousOperationId":null,"operationId":"mb5ce3c5yo8ipha"}
{"type":"log","level":"info","message":"Render request 5 queued for execution and waiting for available worker","previousOperationId":"mb5ce3c5yo8ipha","timestamp":1692246934254,"id":"q01vhq8w3ey83k1"}
{"type":"operationStart","subtype":"render","name":"iLotusLand report","previousOperationId":"mb5ce3c5yo8ipha","timestamp":1692246934280,"id":"hefoc95f3toxg5m","previousEventId":"llxuxt7pkanjoml","operationId":"5vspkx6jne5qmoz"}
{"type":"log","timestamp":1692246934281,"level":"info","message":"Starting rendering request 5","meta":{"rootId":"d1f1oa61syehngz","id":"d1f1oa61syehngz"},"id":"noqyb6ci80zhfgu","previousOperationId":"5vspkx6jne5qmoz"}
{"type":"log","timestamp":1692246934283,"level":"info","message":"Rendering template { name: iLotusLand report, recipe: chrome-pdf, engine: handlebars, preview: false }","meta":{"rootId":"d1f1oa61syehngz","id":"d1f1oa61syehngz"},"id":"d4oisqh9zlozd4p","previousOperationId":"5vspkx6jne5qmoz"}
{"type":"log","timestamp":1692246934283,"level":"debug","message":"Inline data specified.","meta":{"rootId":"d1f1oa61syehngz","id":"d1f1oa61syehngz"},"id":"pzwze9w751awh9j","previousOperationId":"5vspkx6jne5qmoz"}
{"type":"log","timestamp":1692246934285,"level":"debug","message":"Base url not specified, skipping its injection.","meta":{"rootId":"d1f1oa61syehngz","id":"d1f1oa61syehngz"},"id":"vcsa9qt9r712e0y","previousOperationId":"5vspkx6jne5qmoz"}
{"type":"operationStart","subtype":"engine","name":"handlebars","timestamp":1692246934286,"id":"9t6nc6rbldne8dl","previousEventId":"hefoc95f3toxg5m","operationId":"pjjngst0gy01bto","previousOperationId":"5vspkx6jne5qmoz"}
{"type":"log","timestamp":1692246934286,"level":"debug","message":"Rendering engine handlebars","meta":{"rootId":"d1f1oa61syehngz","id":"d1f1oa61syehngz"},"id":"h24gzhy56n072a5","previousOperationId":"pjjngst0gy01bto"}
{"type":"operationEnd","operationId":"pjjngst0gy01bto","timestamp":1692246934330,"id":"6pb4je7h4az808w","previousEventId":"9t6nc6rbldne8dl","previousOperationId":"pjjngst0gy01bto"}
{"type":"operationStart","subtype":"recipe","name":"chrome-pdf","timestamp":1692246934331,"id":"fppuxx4eufbhnil","previousEventId":"6pb4je7h4az808w","operationId":"8r8wlnzrdcj7zag","previousOperationId":"pjjngst0gy01bto"}
{"type":"log","timestamp":1692246934331,"level":"debug","message":"Executing recipe chrome-pdf","meta":{"rootId":"d1f1oa61syehngz","id":"d1f1oa61syehngz"},"id":"b37fu5bsiq4jtm0","previousOperationId":"8r8wlnzrdcj7zag"}
{"type":"log","timestamp":1692246934603,"level":"debug","message":"Converting with chrome HeadlessChrome/114.0.5735.90 using chrome-pool strategy","meta":{"rootId":"d1f1oa61syehngz","id":"d1f1oa61syehngz"},"id":"81q0rtwf0zdmgnp","previousOperationId":"8r8wlnzrdcj7zag"}
{"type":"log","timestamp":1692246935342,"level":"debug","message":"Page request: GET (document) file:///var/folders/4s/5nqc4dmn10g5kx7sd84ykx100000gn/T/jsreport/autocleanup/539dcf99-3778-447c-bf51-88ab63a86ca0-chrome-pdf.html","meta":{"rootId":"d1f1oa61syehngz","id":"d1f1oa61syehngz"},"id":"98j5v74toihved1","previousOperationId":"8r8wlnzrdcj7zag"}
{"type":"log","timestamp":1692246935546,"level":"debug","message":"Page request finished: GET (document) 200 file:///var/folders/4s/5nqc4dmn10g5kx7sd84ykx100000gn/T/jsreport/autocleanup/539dcf99-3778-447c-bf51-88ab63a86ca0-chrome-pdf.html","meta":{"rootId":"d1f1oa61syehngz","id":"d1f1oa61syehngz"},"id":"y7a2z5s03twuj4y","previousOperationId":"8r8wlnzrdcj7zag"}
{"type":"log","timestamp":1692246935970,"level":"debug","message":"Running chrome with params {\"printBackground\":true,\"timeout\":59730,\"margin\":{}}","meta":{"rootId":"d1f1oa61syehngz","id":"d1f1oa61syehngz"},"id":"289vn9owxu28eej","previousOperationId":"8r8wlnzrdcj7zag"}
{"type":"operationEnd","operationId":"8r8wlnzrdcj7zag","timestamp":1692246937198,"id":"l76ju81yxu3vmd0","previousEventId":"fppuxx4eufbhnil","previousOperationId":"8r8wlnzrdcj7zag"}
{"type":"log","timestamp":1692246937198,"level":"debug","message":"Skipping storing report.","meta":{"rootId":"d1f1oa61syehngz","id":"d1f1oa61syehngz"},"id":"wjrj0fshkpy9ldn","previousOperationId":"8r8wlnzrdcj7zag"}
{"type":"log","timestamp":1692246937198,"level":"info","message":"Rendering request 5 finished in 2947 ms","meta":{"rootId":"d1f1oa61syehngz","id":"d1f1oa61syehngz"},"id":"k7e6krpsg4k84wx","previousOperationId":"8r8wlnzrdcj7zag"}
{"type":"operationEnd","subtype":"render","operationId":"5vspkx6jne5qmoz","timestamp":1692246937199,"id":"q1ejrwx839oer90","previousEventId":"l76ju81yxu3vmd0","previousOperationId":"8r8wlnzrdcj7zag"}
{"type":"operationEnd","doDiffs":false,"previousEventId":"llxuxt7pkanjoml","previousOperationId":"mb5ce3c5yo8ipha","operationId":"mb5ce3c5yo8ipha","timestamp":1692246937226,"id":"hcuu3ene57k3soj"}
