{"type":"operationStart","subtype":"profile","data":{"_id":"nUglk2mqgLQlxsvC","timestamp":"2023-08-22T23:13:56.134Z","state":"queued","mode":"standard","creationDate":"2023-08-22T23:13:56.136Z","modificationDate":"2023-08-22T23:13:56.136Z","shortid":"L6J8v7Y","$entitySet":"profiles"},"doDiffs":false,"timestamp":1692746036135,"id":"p5q9vfn6ou3sqi9","previousOperationId":null,"operationId":"m6xwla8l6balcek"}
{"type":"log","level":"info","message":"Render request 2 queued for execution and waiting for available worker","previousOperationId":"m6xwla8l6balcek","timestamp":1692746036136,"id":"prhbmfik3uhhpen"}
{"type":"operationStart","subtype":"render","name":"iLotusLand report","previousOperationId":"m6xwla8l6balcek","timestamp":1692746036191,"id":"psmugb3kum27y1w","previousEventId":"p5q9vfn6ou3sqi9","operationId":"al0hw4e6k69hsao"}
{"type":"log","timestamp":1692746036193,"level":"info","message":"Starting rendering request 2","meta":{"rootId":"dc1jhmf2j7xorq7","id":"dc1jhmf2j7xorq7"},"id":"5z8td64eco31d9z","previousOperationId":"al0hw4e6k69hsao"}
{"type":"log","timestamp":1692746036195,"level":"info","message":"Rendering template { name: iLotusLand report, recipe: chrome-pdf, engine: handlebars, preview: true }","meta":{"rootId":"dc1jhmf2j7xorq7","id":"dc1jhmf2j7xorq7"},"id":"94agchbdvi6mb85","previousOperationId":"al0hw4e6k69hsao"}
{"type":"log","timestamp":1692746036197,"level":"debug","message":"Inline data specified.","meta":{"rootId":"dc1jhmf2j7xorq7","id":"dc1jhmf2j7xorq7"},"id":"pqq2xgh8zt2afi7","previousOperationId":"al0hw4e6k69hsao"}
{"type":"log","timestamp":1692746036217,"level":"debug","message":"Base url not specified, skipping its injection.","meta":{"rootId":"dc1jhmf2j7xorq7","id":"dc1jhmf2j7xorq7"},"id":"f2yo02tt5zttc3u","previousOperationId":"al0hw4e6k69hsao"}
{"type":"operationStart","subtype":"engine","name":"handlebars","timestamp":1692746036220,"id":"iz5ut4pv4nm0g00","previousEventId":"psmugb3kum27y1w","operationId":"e5vdsmgplnvro2u","previousOperationId":"al0hw4e6k69hsao"}
{"type":"log","timestamp":1692746036220,"level":"debug","message":"Rendering engine handlebars","meta":{"rootId":"dc1jhmf2j7xorq7","id":"dc1jhmf2j7xorq7"},"id":"n5747rpctxu8ff4","previousOperationId":"e5vdsmgplnvro2u"}
{"type":"operationEnd","operationId":"e5vdsmgplnvro2u","timestamp":1692746037532,"id":"6hpcu093x1npn49","previousEventId":"iz5ut4pv4nm0g00","previousOperationId":"e5vdsmgplnvro2u"}
{"type":"operationStart","subtype":"recipe","name":"chrome-pdf","timestamp":1692746037539,"id":"33uxwvmk1ekt7f3","previousEventId":"6hpcu093x1npn49","operationId":"z4nozicusrj5ktq","previousOperationId":"e5vdsmgplnvro2u"}
{"type":"log","timestamp":1692746037539,"level":"debug","message":"Executing recipe chrome-pdf","meta":{"rootId":"dc1jhmf2j7xorq7","id":"dc1jhmf2j7xorq7"},"id":"zsgpmji07r58s8l","previousOperationId":"z4nozicusrj5ktq"}
{"type":"log","timestamp":1692746039164,"level":"debug","message":"Converting with chrome HeadlessChrome/114.0.5735.90 using chrome-pool strategy","meta":{"rootId":"dc1jhmf2j7xorq7","id":"dc1jhmf2j7xorq7"},"id":"mg7ti4koi9q7ey7","previousOperationId":"z4nozicusrj5ktq"}
{"type":"log","timestamp":1692746039856,"level":"debug","message":"Page request: GET (document) file:///var/folders/4s/5nqc4dmn10g5kx7sd84ykx100000gn/T/jsreport/autocleanup/10e4a26f-f883-47be-bea8-f28248ff0641-chrome-pdf.html","meta":{"rootId":"dc1jhmf2j7xorq7","id":"dc1jhmf2j7xorq7"},"id":"i6ec9o9zfzptuqb","previousOperationId":"z4nozicusrj5ktq"}
{"type":"log","timestamp":1692746039898,"level":"debug","message":"Page request: GET (image) file:///var/folders/4s/5nqc4dmn10g5kx7sd84ykx100000gn/T/jsreport/autocleanup/%EF%BF%BDPNG%1A%EF%BF%BD%EF%BF%BD%EF%BF%BDIHDR%EF%BF%BD%EF%BF%BD%EF%BF%BD%EF%BF%BD%EF%BF%BD%EF%BF%BD%EF%BF%BD%EF%BF%BD%08%06%EF%BF%BD%EF%BF%BD%EF%BF%BD;%EF%BF%BD~%EF%BF%BD%EF%BF%BD%EF%BF%BD%EF%BF%BDiCCPICC%20Profile%EF%BF%BD%EF%BF%BDH%EF%BF%BD%EF%BF%BD%EF%BF%BD%07TS%EF%BF%BD%16%EF%BF%BD%CF%BD7%EF%BF%BD%04%08%EF%BF%BDN%EF%BF%BDM%EF%BF%BDN%EF%BF%BD)!%EF%BF%BD%EF%BF%BD%02%EF%BF%BD%EF%BF%BDFH%02%EF%BF%BD%12BBP%EF%BF%BD+%EF%BF%BD","meta":{"rootId":"dc1jhmf2j7xorq7","id":"dc1jhmf2j7xorq7"},"id":"d9wxdlfar3zvpw4","previousOperationId":"z4nozicusrj5ktq"}
{"type":"log","timestamp":1692746039901,"level":"debug","message":"Page request finished: GET (document) 200 file:///var/folders/4s/5nqc4dmn10g5kx7sd84ykx100000gn/T/jsreport/autocleanup/10e4a26f-f883-47be-bea8-f28248ff0641-chrome-pdf.html","meta":{"rootId":"dc1jhmf2j7xorq7","id":"dc1jhmf2j7xorq7"},"id":"ud0qp5idvbgnjxd","previousOperationId":"z4nozicusrj5ktq"}
{"type":"log","timestamp":1692746041716,"level":"warn","message":"Page request failed: GET (image) file:///var/folders/4s/5nqc4dmn10g5kx7sd84ykx100000gn/T/jsreport/autocleanup/%EF%BF%BDPNG%1A%EF%BF%BD%EF%BF%BD%EF%BF%BDIHDR%EF%BF%BD%EF%BF%BD%EF%BF%BD%EF%BF%BD%EF%BF%BD%EF%BF%BD%EF%BF%BD%EF%BF%BD%08%06%EF%BF%BD%EF%BF%BD%EF%BF%BD;%EF%BF%BD~%EF%BF%BD%EF%BF%BD%EF%BF%BD%EF%BF%BDiCCPICC%20Profile%EF%BF%BD%EF%BF%BDH%EF%BF%BD%EF%BF%BD%EF%BF%BD%07TS%EF%BF%BD%16%EF%BF%BD%CF%BD7%EF%BF%BD%04%08%EF%BF%BDN%EF%BF%BDM%EF%BF%BDN%EF%BF%BD)!%EF%BF%BD%EF%BF%BD%02%EF%BF%BD%EF%BF%BDFH%02%EF%BF%BD%12BBP%EF%BF%BD+%EF%BF%BD, failure: net::ERR_FILE_NOT_FOUND","meta":{"rootId":"dc1jhmf2j7xorq7","id":"dc1jhmf2j7xorq7"},"id":"bmm0kezgy5hprzu","previousOperationId":"z4nozicusrj5ktq"}
{"type":"log","timestamp":1692746041717,"level":"debug","message":"(console:error) Failed to load resource: net::ERR_FILE_NOT_FOUND","meta":{"userLevel":true,"rootId":"dc1jhmf2j7xorq7","id":"dc1jhmf2j7xorq7"},"id":"454hi6r3fhpm3zq","previousOperationId":"z4nozicusrj5ktq"}
{"type":"log","timestamp":1692746041758,"level":"debug","message":"Running chrome with params {\"printBackground\":true,\"timeout\":57712,\"margin\":{}}","meta":{"rootId":"dc1jhmf2j7xorq7","id":"dc1jhmf2j7xorq7"},"id":"f6rwpu0x5gvwscu","previousOperationId":"z4nozicusrj5ktq"}
{"type":"operationEnd","operationId":"z4nozicusrj5ktq","timestamp":1692746043040,"id":"a5l479lv4npytbz","previousEventId":"33uxwvmk1ekt7f3","previousOperationId":"z4nozicusrj5ktq"}
{"type":"log","timestamp":1692746043041,"level":"debug","message":"Skipping storing report.","meta":{"rootId":"dc1jhmf2j7xorq7","id":"dc1jhmf2j7xorq7"},"id":"1y3cn1g8yvb02r3","previousOperationId":"z4nozicusrj5ktq"}
{"type":"log","timestamp":1692746043041,"level":"info","message":"Rendering request 2 finished in 6907 ms","meta":{"rootId":"dc1jhmf2j7xorq7","id":"dc1jhmf2j7xorq7"},"id":"4sm3cvcifjvbu2y","previousOperationId":"z4nozicusrj5ktq"}
{"type":"operationEnd","subtype":"render","operationId":"al0hw4e6k69hsao","timestamp":1692746043041,"id":"2e2fjep87gp6pl1","previousEventId":"a5l479lv4npytbz","previousOperationId":"z4nozicusrj5ktq"}
{"type":"operationEnd","doDiffs":false,"previousEventId":"p5q9vfn6ou3sqi9","previousOperationId":"m6xwla8l6balcek","operationId":"m6xwla8l6balcek","timestamp":1692746043059,"id":"e6joeqt87ukw2jw"}
