{"type":"operationStart","subtype":"profile","data":{"_id":"snrZJpugcQ89Z9qV","timestamp":"2023-08-22T22:42:30.539Z","state":"queued","mode":"standard","creationDate":"2023-08-22T22:42:30.542Z","modificationDate":"2023-08-22T22:42:30.542Z","shortid":"qnAYTMz","$entitySet":"profiles"},"doDiffs":false,"timestamp":1692744150541,"id":"7tt6i6vex0y8jic","previousOperationId":null,"operationId":"65rsj2xclo2fx68"}
{"type":"log","level":"info","message":"Render request 3 queued for execution and waiting for available worker","previousOperationId":"65rsj2xclo2fx68","timestamp":1692744150541,"id":"u0fd0kjpqtlm7v1"}
{"type":"operationStart","subtype":"render","name":"iLotusLand report","previousOperationId":"65rsj2xclo2fx68","timestamp":1692744150634,"id":"gn51353fak3onea","previousEventId":"7tt6i6vex0y8jic","operationId":"t13icmsvobbcty0"}
{"type":"log","timestamp":1692744150636,"level":"info","message":"Starting rendering request 3","meta":{"rootId":"g4nkis1lnf6xz8h","id":"g4nkis1lnf6xz8h"},"id":"rmtbbaiutogcq8g","previousOperationId":"t13icmsvobbcty0"}
{"type":"log","timestamp":1692744150638,"level":"info","message":"Rendering template { name: iLotusLand report, recipe: chrome-pdf, engine: handlebars, preview: true }","meta":{"rootId":"g4nkis1lnf6xz8h","id":"g4nkis1lnf6xz8h"},"id":"brmvst3e6mm6ezh","previousOperationId":"t13icmsvobbcty0"}
{"type":"log","timestamp":1692744150638,"level":"debug","message":"Data item not defined for this template.","meta":{"rootId":"g4nkis1lnf6xz8h","id":"g4nkis1lnf6xz8h"},"id":"9lqa3lhsx1n62am","previousOperationId":"t13icmsvobbcty0"}
{"type":"log","timestamp":1692744150717,"level":"debug","message":"Base url not specified, skipping its injection.","meta":{"rootId":"g4nkis1lnf6xz8h","id":"g4nkis1lnf6xz8h"},"id":"vu07jrohsqx1eoo","previousOperationId":"t13icmsvobbcty0"}
{"type":"operationStart","subtype":"engine","name":"handlebars","timestamp":1692744150719,"id":"u37nfxudnmbhnc7","previousEventId":"gn51353fak3onea","operationId":"v7sqa8mn3yex4j7","previousOperationId":"t13icmsvobbcty0"}
{"type":"log","timestamp":1692744150719,"level":"debug","message":"Rendering engine handlebars","meta":{"rootId":"g4nkis1lnf6xz8h","id":"g4nkis1lnf6xz8h"},"id":"ctbbhi2nwfrxyjs","previousOperationId":"v7sqa8mn3yex4j7"}
{"type":"operationEnd","operationId":"v7sqa8mn3yex4j7","timestamp":1692744150829,"id":"vp8js4nnpyyn650","previousEventId":"u37nfxudnmbhnc7","previousOperationId":"v7sqa8mn3yex4j7"}
{"type":"operationStart","subtype":"recipe","name":"chrome-pdf","timestamp":1692744150831,"id":"dxb6pen6w2zvyvl","previousEventId":"vp8js4nnpyyn650","operationId":"2b4sfoaeh3ximm5","previousOperationId":"v7sqa8mn3yex4j7"}
{"type":"log","timestamp":1692744150832,"level":"debug","message":"Executing recipe chrome-pdf","meta":{"rootId":"g4nkis1lnf6xz8h","id":"g4nkis1lnf6xz8h"},"id":"tqioen82lwr44lk","previousOperationId":"2b4sfoaeh3ximm5"}
{"type":"log","timestamp":1692744150846,"level":"debug","message":"Converting with chrome HeadlessChrome/114.0.5735.90 using chrome-pool strategy","meta":{"rootId":"g4nkis1lnf6xz8h","id":"g4nkis1lnf6xz8h"},"id":"amx7t85drv55ao6","previousOperationId":"2b4sfoaeh3ximm5"}
{"type":"log","timestamp":1692744151553,"level":"debug","message":"Page request: GET (document) file:///var/folders/4s/5nqc4dmn10g5kx7sd84ykx100000gn/T/jsreport/autocleanup/3c7c45f1-035b-419d-bf2e-c46ecdf52695-chrome-pdf.html","meta":{"rootId":"g4nkis1lnf6xz8h","id":"g4nkis1lnf6xz8h"},"id":"ecr7kqs1xujl0zx","previousOperationId":"2b4sfoaeh3ximm5"}
{"type":"log","timestamp":1692744151621,"level":"debug","message":"Page request: GET (image) file:///var/folders/4s/5nqc4dmn10g5kx7sd84ykx100000gn/T/jsreport/autocleanup/images/image1.png","meta":{"rootId":"g4nkis1lnf6xz8h","id":"g4nkis1lnf6xz8h"},"id":"t71lwjbxdgxyov5","previousOperationId":"2b4sfoaeh3ximm5"}
{"type":"log","timestamp":1692744151628,"level":"debug","message":"Page request finished: GET (document) 200 file:///var/folders/4s/5nqc4dmn10g5kx7sd84ykx100000gn/T/jsreport/autocleanup/3c7c45f1-035b-419d-bf2e-c46ecdf52695-chrome-pdf.html","meta":{"rootId":"g4nkis1lnf6xz8h","id":"g4nkis1lnf6xz8h"},"id":"cu2eh7508opz4f9","previousOperationId":"2b4sfoaeh3ximm5"}
{"type":"log","timestamp":1692744151843,"level":"warn","message":"Page request failed: GET (image) file:///var/folders/4s/5nqc4dmn10g5kx7sd84ykx100000gn/T/jsreport/autocleanup/images/image1.png, failure: net::ERR_FILE_NOT_FOUND","meta":{"rootId":"g4nkis1lnf6xz8h","id":"g4nkis1lnf6xz8h"},"id":"4yvv62ijtfale0f","previousOperationId":"2b4sfoaeh3ximm5"}
{"type":"log","timestamp":1692744151844,"level":"debug","message":"(console:error) Failed to load resource: net::ERR_FILE_NOT_FOUND","meta":{"userLevel":true,"rootId":"g4nkis1lnf6xz8h","id":"g4nkis1lnf6xz8h"},"id":"sefmd3bdu0m57g2","previousOperationId":"2b4sfoaeh3ximm5"}
{"type":"log","timestamp":1692744151855,"level":"debug","message":"Running chrome with params {\"printBackground\":true,\"timeout\":59702,\"margin\":{}}","meta":{"rootId":"g4nkis1lnf6xz8h","id":"g4nkis1lnf6xz8h"},"id":"nlo894xkn84aj5g","previousOperationId":"2b4sfoaeh3ximm5"}
{"type":"operationEnd","operationId":"2b4sfoaeh3ximm5","timestamp":1692744152242,"id":"frz4pq3wv6647it","previousEventId":"dxb6pen6w2zvyvl","previousOperationId":"2b4sfoaeh3ximm5"}
{"type":"log","timestamp":1692744152242,"level":"debug","message":"Skipping storing report.","meta":{"rootId":"g4nkis1lnf6xz8h","id":"g4nkis1lnf6xz8h"},"id":"d4f13pleff2b2q6","previousOperationId":"2b4sfoaeh3ximm5"}
{"type":"log","timestamp":1692744152242,"level":"info","message":"Rendering request 3 finished in 1703 ms","meta":{"rootId":"g4nkis1lnf6xz8h","id":"g4nkis1lnf6xz8h"},"id":"hywc4lca4c2px9x","previousOperationId":"2b4sfoaeh3ximm5"}
{"type":"operationEnd","subtype":"render","operationId":"t13icmsvobbcty0","timestamp":1692744152242,"id":"2fneercy37vhu5e","previousEventId":"frz4pq3wv6647it","previousOperationId":"2b4sfoaeh3ximm5"}
{"type":"operationEnd","doDiffs":false,"previousEventId":"7tt6i6vex0y8jic","previousOperationId":"65rsj2xclo2fx68","operationId":"65rsj2xclo2fx68","timestamp":1692744152266,"id":"ex1p2ufhcbzl3k0"}
