{"type":"operationStart","subtype":"profile","data":{"_id":"RDvvaHfk4zxEI5QP","timestamp":"2023-08-22T22:42:48.552Z","state":"queued","mode":"standard","creationDate":"2023-08-22T22:42:48.557Z","modificationDate":"2023-08-22T22:42:48.557Z","shortid":"o8QPKXU","$entitySet":"profiles"},"doDiffs":false,"timestamp":1692744168554,"id":"icfn6cwr20epdjq","previousOperationId":null,"operationId":"he3r6vppl6ho0dt"}
{"type":"log","level":"info","message":"Render request 1 queued for execution and waiting for available worker","previousOperationId":"he3r6vppl6ho0dt","timestamp":1692744168555,"id":"akc0epph8g41fm1"}
{"type":"operationStart","subtype":"render","name":"iLotusLand report","previousOperationId":"he3r6vppl6ho0dt","timestamp":1692744168723,"id":"w4dntoer353wqvq","previousEventId":"icfn6cwr20epdjq","operationId":"4vztumqzgovptko"}
{"type":"log","timestamp":1692744168725,"level":"info","message":"Starting rendering request 1","meta":{"rootId":"hz6ewii1w93fmj4","id":"hz6ewii1w93fmj4"},"id":"02kn5pgjp80uvlq","previousOperationId":"4vztumqzgovptko"}
{"type":"log","timestamp":1692744168728,"level":"info","message":"Rendering template { name: iLotusLand report, recipe: chrome-pdf, engine: handlebars, preview: true }","meta":{"rootId":"hz6ewii1w93fmj4","id":"hz6ewii1w93fmj4"},"id":"xkf9czx6g9n91ns","previousOperationId":"4vztumqzgovptko"}
{"type":"log","timestamp":1692744168732,"level":"debug","message":"Data item not defined for this template.","meta":{"rootId":"hz6ewii1w93fmj4","id":"hz6ewii1w93fmj4"},"id":"c687o06oyj96kfp","previousOperationId":"4vztumqzgovptko"}
{"type":"log","timestamp":1692744168741,"level":"debug","message":"Base url not specified, skipping its injection.","meta":{"rootId":"hz6ewii1w93fmj4","id":"hz6ewii1w93fmj4"},"id":"1moadayvwkn6r4s","previousOperationId":"4vztumqzgovptko"}
{"type":"operationStart","subtype":"engine","name":"handlebars","timestamp":1692744168743,"id":"0eq18dqqf4gy6kq","previousEventId":"w4dntoer353wqvq","operationId":"y0hykglh5zk0jfm","previousOperationId":"4vztumqzgovptko"}
{"type":"log","timestamp":1692744168743,"level":"debug","message":"Rendering engine handlebars","meta":{"rootId":"hz6ewii1w93fmj4","id":"hz6ewii1w93fmj4"},"id":"4eolpnrze15hz2k","previousOperationId":"y0hykglh5zk0jfm"}
{"type":"operationEnd","operationId":"y0hykglh5zk0jfm","timestamp":1692744169962,"id":"k7bxh1s96llxmg5","previousEventId":"0eq18dqqf4gy6kq","previousOperationId":"y0hykglh5zk0jfm"}
{"type":"operationStart","subtype":"recipe","name":"chrome-pdf","timestamp":1692744169963,"id":"bjjfi7p49yhnruu","previousEventId":"k7bxh1s96llxmg5","operationId":"8lmo48deblpro8n","previousOperationId":"y0hykglh5zk0jfm"}
{"type":"log","timestamp":1692744169963,"level":"debug","message":"Executing recipe chrome-pdf","meta":{"rootId":"hz6ewii1w93fmj4","id":"hz6ewii1w93fmj4"},"id":"d9nwq2ztpvbr3at","previousOperationId":"8lmo48deblpro8n"}
{"type":"log","timestamp":1692744171171,"level":"debug","message":"Converting with chrome HeadlessChrome/114.0.5735.90 using chrome-pool strategy","meta":{"rootId":"hz6ewii1w93fmj4","id":"hz6ewii1w93fmj4"},"id":"7dc59o0um35138f","previousOperationId":"8lmo48deblpro8n"}
{"type":"log","timestamp":1692744172292,"level":"debug","message":"Page request: GET (document) file:///var/folders/4s/5nqc4dmn10g5kx7sd84ykx100000gn/T/jsreport/autocleanup/fc25789d-a543-479c-8281-b09c9b3dac98-chrome-pdf.html","meta":{"rootId":"hz6ewii1w93fmj4","id":"hz6ewii1w93fmj4"},"id":"0ja0rnn0h9sb2d8","previousOperationId":"8lmo48deblpro8n"}
{"type":"log","timestamp":1692744172326,"level":"debug","message":"Page request: GET (image) file:///var/folders/4s/5nqc4dmn10g5kx7sd84ykx100000gn/T/jsreport/autocleanup/images/image1.png","meta":{"rootId":"hz6ewii1w93fmj4","id":"hz6ewii1w93fmj4"},"id":"tndt3o73hi26hw7","previousOperationId":"8lmo48deblpro8n"}
{"type":"log","timestamp":1692744172329,"level":"debug","message":"Page request finished: GET (document) 200 file:///var/folders/4s/5nqc4dmn10g5kx7sd84ykx100000gn/T/jsreport/autocleanup/fc25789d-a543-479c-8281-b09c9b3dac98-chrome-pdf.html","meta":{"rootId":"hz6ewii1w93fmj4","id":"hz6ewii1w93fmj4"},"id":"nfmf49h5z5oz2rp","previousOperationId":"8lmo48deblpro8n"}
{"type":"log","timestamp":1692744172336,"level":"warn","message":"Page request failed: GET (image) file:///var/folders/4s/5nqc4dmn10g5kx7sd84ykx100000gn/T/jsreport/autocleanup/images/image1.png, failure: net::ERR_FILE_NOT_FOUND","meta":{"rootId":"hz6ewii1w93fmj4","id":"hz6ewii1w93fmj4"},"id":"n46lwc2ebvjj3ey","previousOperationId":"8lmo48deblpro8n"}
{"type":"log","timestamp":1692744172337,"level":"debug","message":"(console:error) Failed to load resource: net::ERR_FILE_NOT_FOUND","meta":{"userLevel":true,"rootId":"hz6ewii1w93fmj4","id":"hz6ewii1w93fmj4"},"id":"5chfhvbfom8uj8m","previousOperationId":"8lmo48deblpro8n"}
{"type":"log","timestamp":1692744172423,"level":"debug","message":"Running chrome with params {\"printBackground\":true,\"timeout\":58149,\"margin\":{}}","meta":{"rootId":"hz6ewii1w93fmj4","id":"hz6ewii1w93fmj4"},"id":"s5up73sij35m4gi","previousOperationId":"8lmo48deblpro8n"}
{"type":"operationEnd","operationId":"8lmo48deblpro8n","timestamp":1692744172743,"id":"3r7d504sgwb1qph","previousEventId":"bjjfi7p49yhnruu","previousOperationId":"8lmo48deblpro8n"}
{"type":"log","timestamp":1692744172748,"level":"debug","message":"Skipping storing report.","meta":{"rootId":"hz6ewii1w93fmj4","id":"hz6ewii1w93fmj4"},"id":"7oxnwn9bscj9ffi","previousOperationId":"8lmo48deblpro8n"}
{"type":"log","timestamp":1692744172748,"level":"info","message":"Rendering request 1 finished in 4197 ms","meta":{"rootId":"hz6ewii1w93fmj4","id":"hz6ewii1w93fmj4"},"id":"nfa06poa7y8smk9","previousOperationId":"8lmo48deblpro8n"}
{"type":"operationEnd","subtype":"render","operationId":"4vztumqzgovptko","timestamp":1692744172748,"id":"6hde3l0i0in9fm5","previousEventId":"3r7d504sgwb1qph","previousOperationId":"8lmo48deblpro8n"}
{"type":"operationEnd","doDiffs":false,"previousEventId":"icfn6cwr20epdjq","previousOperationId":"he3r6vppl6ho0dt","operationId":"he3r6vppl6ho0dt","timestamp":1692744172761,"id":"fs5mvov0wtx0o9p"}
