{"type":"operationStart","subtype":"profile","data":{"_id":"S5zWvbtUpYh4dAPG","timestamp":"2023-08-17T07:14:50.088Z","state":"queued","mode":"standard","creationDate":"2023-08-17T07:14:50.109Z","modificationDate":"2023-08-17T07:14:50.109Z","shortid":"LUAIdZH","$entitySet":"profiles"},"doDiffs":false,"timestamp":1692256490103,"id":"dk2baru6g03dumq","previousOperationId":null,"operationId":"huacrncbeboqias"}
{"type":"log","level":"info","message":"Render request 4 queued for execution and waiting for available worker","previousOperationId":"huacrncbeboqias","timestamp":1692256490103,"id":"nobqw7x4pi75gna"}
{"type":"operationStart","subtype":"render","name":"iLotusLand report","previousOperationId":"huacrncbeboqias","timestamp":1692256490171,"id":"djc6sc27eaa337f","previousEventId":"dk2baru6g03dumq","operationId":"exyfhbfjahqqa61"}
{"type":"log","timestamp":1692256490322,"level":"info","message":"Starting rendering request 4","meta":{"rootId":"k1je0vuhuwg0h8e","id":"k1je0vuhuwg0h8e"},"id":"tzwgwuqb4mtxc90","previousOperationId":"exyfhbfjahqqa61"}
{"type":"log","timestamp":1692256490325,"level":"info","message":"Rendering template { name: iLotusLand report, recipe: chrome-pdf, engine: handlebars, preview: true }","meta":{"rootId":"k1je0vuhuwg0h8e","id":"k1je0vuhuwg0h8e"},"id":"lot6y384vv7xcd7","previousOperationId":"exyfhbfjahqqa61"}
{"type":"log","timestamp":1692256490326,"level":"debug","message":"Data item not defined for this template.","meta":{"rootId":"k1je0vuhuwg0h8e","id":"k1je0vuhuwg0h8e"},"id":"ky5jfzyhcx2sb6h","previousOperationId":"exyfhbfjahqqa61"}
{"type":"log","timestamp":1692256490468,"level":"debug","message":"Base url not specified, skipping its injection.","meta":{"rootId":"k1je0vuhuwg0h8e","id":"k1je0vuhuwg0h8e"},"id":"buzi3bxlaotya98","previousOperationId":"exyfhbfjahqqa61"}
{"type":"operationStart","subtype":"engine","name":"handlebars","timestamp":1692256490473,"id":"0bpi3f6hlnv3pwr","previousEventId":"djc6sc27eaa337f","operationId":"no4eljkzx43susy","previousOperationId":"exyfhbfjahqqa61"}
{"type":"log","timestamp":1692256490473,"level":"debug","message":"Rendering engine handlebars","meta":{"rootId":"k1je0vuhuwg0h8e","id":"k1je0vuhuwg0h8e"},"id":"m8qsvlmclh4unbd","previousOperationId":"no4eljkzx43susy"}
{"type":"operationEnd","operationId":"no4eljkzx43susy","timestamp":1692256490772,"id":"29uvz8revqpl54f","previousEventId":"0bpi3f6hlnv3pwr","previousOperationId":"no4eljkzx43susy"}
{"type":"operationStart","subtype":"recipe","name":"chrome-pdf","timestamp":1692256490773,"id":"sttko9ib00topu4","previousEventId":"29uvz8revqpl54f","operationId":"8m14enjx30tv0x6","previousOperationId":"no4eljkzx43susy"}
{"type":"log","timestamp":1692256490773,"level":"debug","message":"Executing recipe chrome-pdf","meta":{"rootId":"k1je0vuhuwg0h8e","id":"k1je0vuhuwg0h8e"},"id":"w58xgk862sydful","previousOperationId":"8m14enjx30tv0x6"}
{"type":"log","timestamp":1692256490858,"level":"debug","message":"Converting with chrome HeadlessChrome/114.0.5735.90 using chrome-pool strategy","meta":{"rootId":"k1je0vuhuwg0h8e","id":"k1je0vuhuwg0h8e"},"id":"xmt5qoeaoyqf6hk","previousOperationId":"8m14enjx30tv0x6"}
{"type":"log","timestamp":1692256491445,"level":"debug","message":"Page request: GET (document) file:///var/folders/4s/5nqc4dmn10g5kx7sd84ykx100000gn/T/jsreport/autocleanup/c2e3fc80-21d6-425e-b116-a91ac5ee9fc5-chrome-pdf.html","meta":{"rootId":"k1je0vuhuwg0h8e","id":"k1je0vuhuwg0h8e"},"id":"4qqiaqf880t251a","previousOperationId":"8m14enjx30tv0x6"}
{"type":"log","timestamp":1692256491514,"level":"debug","message":"Page request finished: GET (document) 200 file:///var/folders/4s/5nqc4dmn10g5kx7sd84ykx100000gn/T/jsreport/autocleanup/c2e3fc80-21d6-425e-b116-a91ac5ee9fc5-chrome-pdf.html","meta":{"rootId":"k1je0vuhuwg0h8e","id":"k1je0vuhuwg0h8e"},"id":"lq5k5dgxybarm1p","previousOperationId":"8m14enjx30tv0x6"}
{"type":"log","timestamp":1692256491518,"level":"debug","message":"(console:log) Hellolll","meta":{"userLevel":true,"rootId":"k1je0vuhuwg0h8e","id":"k1je0vuhuwg0h8e"},"id":"adiiydpfbzytzy7","previousOperationId":"8m14enjx30tv0x6"}
{"type":"log","timestamp":1692256491582,"level":"debug","message":"Running chrome with params {\"printBackground\":true,\"timeout\":59234,\"margin\":{}}","meta":{"rootId":"k1je0vuhuwg0h8e","id":"k1je0vuhuwg0h8e"},"id":"mgbcsf64ikvvdrk","previousOperationId":"8m14enjx30tv0x6"}
{"type":"operationEnd","operationId":"8m14enjx30tv0x6","timestamp":1692256491774,"id":"2iesvptonnmn93g","previousEventId":"sttko9ib00topu4","previousOperationId":"8m14enjx30tv0x6"}
{"type":"log","timestamp":1692256491782,"level":"debug","message":"Skipping storing report.","meta":{"rootId":"k1je0vuhuwg0h8e","id":"k1je0vuhuwg0h8e"},"id":"j669rr3yt753km3","previousOperationId":"8m14enjx30tv0x6"}
{"type":"log","timestamp":1692256491783,"level":"info","message":"Rendering request 4 finished in 1695 ms","meta":{"rootId":"k1je0vuhuwg0h8e","id":"k1je0vuhuwg0h8e"},"id":"g74n99dnp0sezhk","previousOperationId":"8m14enjx30tv0x6"}
{"type":"operationEnd","subtype":"render","operationId":"exyfhbfjahqqa61","timestamp":1692256491784,"id":"eg8y5khy8ikqej6","previousEventId":"2iesvptonnmn93g","previousOperationId":"8m14enjx30tv0x6"}
{"type":"operationEnd","doDiffs":false,"previousEventId":"dk2baru6g03dumq","previousOperationId":"huacrncbeboqias","operationId":"huacrncbeboqias","timestamp":1692256491813,"id":"dcb0sm1jb3s8znl"}
