{"type":"operationStart","subtype":"profile","data":{"_id":"1waANFxVSHHgAMXF","timestamp":"2023-08-17T04:51:22.471Z","state":"queued","mode":"standard","creationDate":"2023-08-17T04:51:22.477Z","modificationDate":"2023-08-17T04:51:22.477Z","shortid":"FO8JQ3j","$entitySet":"profiles"},"doDiffs":false,"timestamp":1692247882475,"id":"6aopa6pfssskoof","previousOperationId":null,"operationId":"d8bohb1fr8pcf76"}
{"type":"log","level":"info","message":"Render request 2 queued for execution and waiting for available worker","previousOperationId":"d8bohb1fr8pcf76","timestamp":1692247882475,"id":"wwhcnd71fnjt3dm"}
{"type":"operationStart","subtype":"render","name":"iLotusLand report","previousOperationId":"d8bohb1fr8pcf76","timestamp":1692247882594,"id":"sc3j7n5dn1rtm9u","previousEventId":"6aopa6pfssskoof","operationId":"1d0x9guupbblt05"}
{"type":"log","timestamp":1692247882596,"level":"info","message":"Starting rendering request 2","meta":{"rootId":"kbzmw3wtuxvene1","id":"kbzmw3wtuxvene1"},"id":"djnd1sm4qsa2igg","previousOperationId":"1d0x9guupbblt05"}
{"type":"log","timestamp":1692247882601,"level":"info","message":"Rendering template { name: iLotusLand report, recipe: chrome-pdf, engine: handlebars, preview: true }","meta":{"rootId":"kbzmw3wtuxvene1","id":"kbzmw3wtuxvene1"},"id":"ew2zp5j36kjwlsm","previousOperationId":"1d0x9guupbblt05"}
{"type":"log","timestamp":1692247882606,"level":"debug","message":"Data item not defined for this template.","meta":{"rootId":"kbzmw3wtuxvene1","id":"kbzmw3wtuxvene1"},"id":"lg6sarz56744kb2","previousOperationId":"1d0x9guupbblt05"}
{"type":"log","timestamp":1692247882614,"level":"debug","message":"Base url not specified, skipping its injection.","meta":{"rootId":"kbzmw3wtuxvene1","id":"kbzmw3wtuxvene1"},"id":"476lk2ak9mo62gj","previousOperationId":"1d0x9guupbblt05"}
{"type":"operationStart","subtype":"engine","name":"handlebars","timestamp":1692247882623,"id":"dsl0m4wyeaair3s","previousEventId":"sc3j7n5dn1rtm9u","operationId":"bkqhh4tmyvq8cmw","previousOperationId":"1d0x9guupbblt05"}
{"type":"log","timestamp":1692247882623,"level":"debug","message":"Rendering engine handlebars","meta":{"rootId":"kbzmw3wtuxvene1","id":"kbzmw3wtuxvene1"},"id":"r7j2zni2ugdfgb3","previousOperationId":"bkqhh4tmyvq8cmw"}
{"type":"operationEnd","operationId":"bkqhh4tmyvq8cmw","timestamp":1692247884333,"id":"41lqg2ird70jb14","previousEventId":"dsl0m4wyeaair3s","previousOperationId":"bkqhh4tmyvq8cmw"}
{"type":"operationStart","subtype":"recipe","name":"chrome-pdf","timestamp":1692247884336,"id":"ac7uqxnvdiffrlj","previousEventId":"41lqg2ird70jb14","operationId":"x7rh9ze1nuqvghi","previousOperationId":"bkqhh4tmyvq8cmw"}
{"type":"log","timestamp":1692247884336,"level":"debug","message":"Executing recipe chrome-pdf","meta":{"rootId":"kbzmw3wtuxvene1","id":"kbzmw3wtuxvene1"},"id":"pfc8egh2k9mgxqx","previousOperationId":"x7rh9ze1nuqvghi"}
{"type":"log","timestamp":1692247886000,"level":"debug","message":"Converting with chrome HeadlessChrome/114.0.5735.90 using chrome-pool strategy","meta":{"rootId":"kbzmw3wtuxvene1","id":"kbzmw3wtuxvene1"},"id":"bli794tpa9pyyt2","previousOperationId":"x7rh9ze1nuqvghi"}
{"type":"log","timestamp":1692247886851,"level":"debug","message":"Page request: GET (document) file:///var/folders/4s/5nqc4dmn10g5kx7sd84ykx100000gn/T/jsreport/autocleanup/d6ce567b-a99f-46c6-865d-5744c51a62e4-chrome-pdf.html","meta":{"rootId":"kbzmw3wtuxvene1","id":"kbzmw3wtuxvene1"},"id":"b9ivip85h5vz1se","previousOperationId":"x7rh9ze1nuqvghi"}
{"type":"log","timestamp":1692247886913,"level":"debug","message":"Page request finished: GET (document) 200 file:///var/folders/4s/5nqc4dmn10g5kx7sd84ykx100000gn/T/jsreport/autocleanup/d6ce567b-a99f-46c6-865d-5744c51a62e4-chrome-pdf.html","meta":{"rootId":"kbzmw3wtuxvene1","id":"kbzmw3wtuxvene1"},"id":"0j1w2ee00x8x6ly","previousOperationId":"x7rh9ze1nuqvghi"}
{"type":"log","timestamp":1692247887013,"level":"debug","message":"Running chrome with params {\"printBackground\":true,\"timeout\":57218,\"margin\":{}}","meta":{"rootId":"kbzmw3wtuxvene1","id":"kbzmw3wtuxvene1"},"id":"8d34373il54uxp9","previousOperationId":"x7rh9ze1nuqvghi"}
{"type":"operationEnd","operationId":"x7rh9ze1nuqvghi","timestamp":1692247887602,"id":"xz13t55gdhs6pdv","previousEventId":"ac7uqxnvdiffrlj","previousOperationId":"x7rh9ze1nuqvghi"}
{"type":"log","timestamp":1692247887608,"level":"debug","message":"Skipping storing report.","meta":{"rootId":"kbzmw3wtuxvene1","id":"kbzmw3wtuxvene1"},"id":"bstw4luy960vpg6","previousOperationId":"x7rh9ze1nuqvghi"}
{"type":"log","timestamp":1692247887608,"level":"info","message":"Rendering request 2 finished in 5142 ms","meta":{"rootId":"kbzmw3wtuxvene1","id":"kbzmw3wtuxvene1"},"id":"n53v0o38whws815","previousOperationId":"x7rh9ze1nuqvghi"}
{"type":"operationEnd","subtype":"render","operationId":"1d0x9guupbblt05","timestamp":1692247887608,"id":"l4b4gglvpsrdi9b","previousEventId":"xz13t55gdhs6pdv","previousOperationId":"x7rh9ze1nuqvghi"}
{"type":"operationEnd","doDiffs":false,"previousEventId":"6aopa6pfssskoof","previousOperationId":"d8bohb1fr8pcf76","operationId":"d8bohb1fr8pcf76","timestamp":1692247887614,"id":"6pw83ut5htebu9o"}
