{"type":"operationStart","subtype":"profile","data":{"_id":"LLlkLkS1WxkyyACD","timestamp":"2023-08-17T04:05:14.434Z","state":"queued","mode":"standard","creationDate":"2023-08-17T04:05:14.444Z","modificationDate":"2023-08-17T04:05:14.444Z","shortid":"l7Hbivy","inheritedReadPermissions":[],"inheritedEditPermissions":[],"$entitySet":"profiles"},"doDiffs":false,"timestamp":1692245114443,"id":"thqi1w2l734obxf","previousOperationId":null,"operationId":"a4srnyhbmkvzslb"}
{"type":"log","level":"info","message":"Render request 8 queued for execution and waiting for available worker","previousOperationId":"a4srnyhbmkvzslb","timestamp":1692245114443,"id":"espnju1p8bgsw64"}
{"type":"operationStart","subtype":"render","name":"iLotusLand report","previousOperationId":"a4srnyhbmkvzslb","timestamp":1692245114531,"id":"4j5iy3vrvrsg298","previousEventId":"thqi1w2l734obxf","operationId":"k3rq3f84u3isfcm"}
{"type":"log","timestamp":1692245114533,"level":"info","message":"Starting rendering request 8 (user: admin)","meta":{"rootId":"me6ukeskmuhktwf","id":"me6ukeskmuhktwf"},"id":"1sj972uk9y802m0","previousOperationId":"k3rq3f84u3isfcm"}
{"type":"log","timestamp":1692245114534,"level":"info","message":"Rendering template { name: iLotusLand report, recipe: chrome-pdf, engine: handlebars, preview: true }","meta":{"rootId":"me6ukeskmuhktwf","id":"me6ukeskmuhktwf"},"id":"y1bh3yoszl8udmh","previousOperationId":"k3rq3f84u3isfcm"}
{"type":"log","timestamp":1692245114536,"level":"debug","message":"Adding sample data g6O9BFepE","meta":{"rootId":"me6ukeskmuhktwf","id":"me6ukeskmuhktwf"},"id":"ril94g9aeii6ifd","previousOperationId":"k3rq3f84u3isfcm"}
{"type":"log","timestamp":1692245114553,"level":"debug","message":"Base url not specified, skipping its injection.","meta":{"rootId":"me6ukeskmuhktwf","id":"me6ukeskmuhktwf"},"id":"6t5vm71xcws8t0o","previousOperationId":"k3rq3f84u3isfcm"}
{"type":"operationStart","subtype":"engine","name":"handlebars","timestamp":1692245114553,"id":"paqs3relu3zlbvs","previousEventId":"4j5iy3vrvrsg298","operationId":"f0faqb5w24ptenr","previousOperationId":"k3rq3f84u3isfcm"}
{"type":"log","timestamp":1692245114553,"level":"debug","message":"Rendering engine handlebars","meta":{"rootId":"me6ukeskmuhktwf","id":"me6ukeskmuhktwf"},"id":"497t8ex75yr4x5d","previousOperationId":"f0faqb5w24ptenr"}
{"type":"operationEnd","operationId":"f0faqb5w24ptenr","timestamp":1692245114840,"id":"sz07al3c7l6y7p1","previousEventId":"paqs3relu3zlbvs","previousOperationId":"f0faqb5w24ptenr"}
{"type":"operationStart","subtype":"recipe","name":"chrome-pdf","timestamp":1692245114843,"id":"n19uiyb926su2i7","previousEventId":"sz07al3c7l6y7p1","operationId":"rb2zi9hoogb5n0o","previousOperationId":"f0faqb5w24ptenr"}
{"type":"log","timestamp":1692245114844,"level":"debug","message":"Executing recipe chrome-pdf","meta":{"rootId":"me6ukeskmuhktwf","id":"me6ukeskmuhktwf"},"id":"m2th747s0d2s03a","previousOperationId":"rb2zi9hoogb5n0o"}
{"type":"log","timestamp":1692245117044,"level":"debug","message":"Converting with chrome HeadlessChrome/114.0.5735.90 using chrome-pool strategy","meta":{"rootId":"me6ukeskmuhktwf","id":"me6ukeskmuhktwf"},"id":"mjz34ajkwlrk35w","previousOperationId":"rb2zi9hoogb5n0o"}
{"type":"log","timestamp":1692245118358,"level":"debug","message":"Page request: GET (document) file:///var/folders/4s/5nqc4dmn10g5kx7sd84ykx100000gn/T/jsreport/autocleanup/bb21d595-3dc7-4642-9154-d629f9a3f63d-chrome-pdf.html","meta":{"rootId":"me6ukeskmuhktwf","id":"me6ukeskmuhktwf"},"id":"x485hjgn08v15cv","previousOperationId":"rb2zi9hoogb5n0o"}
{"type":"log","timestamp":1692245118488,"level":"debug","message":"Page request finished: GET (document) 200 file:///var/folders/4s/5nqc4dmn10g5kx7sd84ykx100000gn/T/jsreport/autocleanup/bb21d595-3dc7-4642-9154-d629f9a3f63d-chrome-pdf.html","meta":{"rootId":"me6ukeskmuhktwf","id":"me6ukeskmuhktwf"},"id":"uh5kqbqlusx8cq7","previousOperationId":"rb2zi9hoogb5n0o"}
{"type":"log","timestamp":1692245118559,"level":"debug","message":"Running chrome with params {\"printBackground\":true,\"timeout\":59472,\"margin\":{}}","meta":{"rootId":"me6ukeskmuhktwf","id":"me6ukeskmuhktwf"},"id":"m5wi0e0vn2iq21e","previousOperationId":"rb2zi9hoogb5n0o"}
{"type":"operationEnd","operationId":"rb2zi9hoogb5n0o","timestamp":1692245120013,"id":"nnsvid4b27po5ta","previousEventId":"n19uiyb926su2i7","previousOperationId":"rb2zi9hoogb5n0o"}
{"type":"log","timestamp":1692245120014,"level":"debug","message":"Skipping storing report.","meta":{"rootId":"me6ukeskmuhktwf","id":"me6ukeskmuhktwf"},"id":"x2wrwj4299sqj93","previousOperationId":"rb2zi9hoogb5n0o"}
{"type":"log","timestamp":1692245120020,"level":"info","message":"Rendering request 8 finished in 5587 ms","meta":{"rootId":"me6ukeskmuhktwf","id":"me6ukeskmuhktwf"},"id":"9e533zti2al4gxq","previousOperationId":"rb2zi9hoogb5n0o"}
{"type":"operationEnd","subtype":"render","operationId":"k3rq3f84u3isfcm","timestamp":1692245120020,"id":"7v9tf4h2vszl6zj","previousEventId":"nnsvid4b27po5ta","previousOperationId":"rb2zi9hoogb5n0o"}
{"type":"operationEnd","doDiffs":false,"previousEventId":"thqi1w2l734obxf","previousOperationId":"a4srnyhbmkvzslb","operationId":"a4srnyhbmkvzslb","timestamp":1692245120031,"id":"f7hu32onuew7l67"}
