{"type":"operationStart","subtype":"profile","data":{"_id":"jJhwbGujrrrq6S31","timestamp":"2023-08-17T04:16:57.317Z","state":"queued","mode":"standard","creationDate":"2023-08-17T04:16:57.359Z","modificationDate":"2023-08-17T04:16:57.359Z","shortid":"mwbHxLj","inheritedReadPermissions":[],"inheritedEditPermissions":[],"$entitySet":"profiles"},"doDiffs":false,"timestamp":1692245817324,"id":"ttgz1rq4likkrj3","previousOperationId":null,"operationId":"kipuozdnqadxz84"}
{"type":"log","level":"info","message":"Render request 11 queued for execution and waiting for available worker","previousOperationId":"kipuozdnqadxz84","timestamp":1692245817342,"id":"0qw951n607y6lhk"}
{"type":"operationStart","subtype":"render","name":"iLotusLand report","previousOperationId":"kipuozdnqadxz84","timestamp":1692245817523,"id":"c2w2qduzhlp4p5c","previousEventId":"ttgz1rq4likkrj3","operationId":"rjzma7edfiz5jkm"}
{"type":"log","timestamp":1692245817524,"level":"info","message":"Starting rendering request 11 (user: admin)","meta":{"rootId":"n8z7fc3g32g2ew6","id":"n8z7fc3g32g2ew6"},"id":"h4zxvgjmmxh3bdd","previousOperationId":"rjzma7edfiz5jkm"}
{"type":"log","timestamp":1692245817525,"level":"info","message":"Rendering template { name: iLotusLand report, recipe: chrome-pdf, engine: handlebars, preview: true }","meta":{"rootId":"n8z7fc3g32g2ew6","id":"n8z7fc3g32g2ew6"},"id":"bs8obq8xaj2nlvx","previousOperationId":"rjzma7edfiz5jkm"}
{"type":"log","timestamp":1692245817526,"level":"debug","message":"Inline data specified.","meta":{"rootId":"n8z7fc3g32g2ew6","id":"n8z7fc3g32g2ew6"},"id":"fnqmf5q588uvvq1","previousOperationId":"rjzma7edfiz5jkm"}
{"type":"log","timestamp":1692245817547,"level":"debug","message":"Base url not specified, skipping its injection.","meta":{"rootId":"n8z7fc3g32g2ew6","id":"n8z7fc3g32g2ew6"},"id":"54csncd5h5zy9ag","previousOperationId":"rjzma7edfiz5jkm"}
{"type":"operationStart","subtype":"engine","name":"handlebars","timestamp":1692245817549,"id":"fu9mav2sdf8frpa","previousEventId":"c2w2qduzhlp4p5c","operationId":"v9npez1p24n7xet","previousOperationId":"rjzma7edfiz5jkm"}
{"type":"log","timestamp":1692245817549,"level":"debug","message":"Rendering engine handlebars","meta":{"rootId":"n8z7fc3g32g2ew6","id":"n8z7fc3g32g2ew6"},"id":"s6kvgmp7nfye9gx","previousOperationId":"v9npez1p24n7xet"}
{"type":"operationEnd","operationId":"v9npez1p24n7xet","timestamp":1692245817911,"id":"0cu4qerii8kueq1","previousEventId":"fu9mav2sdf8frpa","previousOperationId":"v9npez1p24n7xet"}
{"type":"operationStart","subtype":"recipe","name":"chrome-pdf","timestamp":1692245817912,"id":"fvsj053yxesm6sn","previousEventId":"0cu4qerii8kueq1","operationId":"kaj2eh08kgs8rjz","previousOperationId":"v9npez1p24n7xet"}
{"type":"log","timestamp":1692245817912,"level":"debug","message":"Executing recipe chrome-pdf","meta":{"rootId":"n8z7fc3g32g2ew6","id":"n8z7fc3g32g2ew6"},"id":"ysoycnn30lhug25","previousOperationId":"kaj2eh08kgs8rjz"}
{"type":"log","timestamp":1692245818177,"level":"debug","message":"Converting with chrome HeadlessChrome/114.0.5735.90 using chrome-pool strategy","meta":{"rootId":"n8z7fc3g32g2ew6","id":"n8z7fc3g32g2ew6"},"id":"n9db8l794wa5mze","previousOperationId":"kaj2eh08kgs8rjz"}
{"type":"log","timestamp":1692245820056,"level":"debug","message":"Page request: GET (document) file:///var/folders/4s/5nqc4dmn10g5kx7sd84ykx100000gn/T/jsreport/autocleanup/ffe7c166-b96f-4aa1-8daa-4d0fb9169977-chrome-pdf.html","meta":{"rootId":"n8z7fc3g32g2ew6","id":"n8z7fc3g32g2ew6"},"id":"opdchcy0kmseox6","previousOperationId":"kaj2eh08kgs8rjz"}
{"type":"log","timestamp":1692245820166,"level":"debug","message":"Page request finished: GET (document) 200 file:///var/folders/4s/5nqc4dmn10g5kx7sd84ykx100000gn/T/jsreport/autocleanup/ffe7c166-b96f-4aa1-8daa-4d0fb9169977-chrome-pdf.html","meta":{"rootId":"n8z7fc3g32g2ew6","id":"n8z7fc3g32g2ew6"},"id":"0z2jxiquoa6vd1m","previousOperationId":"kaj2eh08kgs8rjz"}
{"type":"log","timestamp":1692245820421,"level":"debug","message":"Running chrome with params {\"printBackground\":true,\"timeout\":59270,\"margin\":{}}","meta":{"rootId":"n8z7fc3g32g2ew6","id":"n8z7fc3g32g2ew6"},"id":"tohxolwgrcav0xz","previousOperationId":"kaj2eh08kgs8rjz"}
{"type":"operationEnd","operationId":"kaj2eh08kgs8rjz","timestamp":1692245821061,"id":"45yznwsktow735u","previousEventId":"fvsj053yxesm6sn","previousOperationId":"kaj2eh08kgs8rjz"}
{"type":"log","timestamp":1692245821061,"level":"debug","message":"Skipping storing report.","meta":{"rootId":"n8z7fc3g32g2ew6","id":"n8z7fc3g32g2ew6"},"id":"5wn6pfz5m1vycqc","previousOperationId":"kaj2eh08kgs8rjz"}
{"type":"log","timestamp":1692245821061,"level":"info","message":"Rendering request 11 finished in 3749 ms","meta":{"rootId":"n8z7fc3g32g2ew6","id":"n8z7fc3g32g2ew6"},"id":"w7nracaf9ppmchv","previousOperationId":"kaj2eh08kgs8rjz"}
{"type":"operationEnd","subtype":"render","operationId":"rjzma7edfiz5jkm","timestamp":1692245821061,"id":"iay55f9pwetngl9","previousEventId":"45yznwsktow735u","previousOperationId":"kaj2eh08kgs8rjz"}
{"type":"operationEnd","doDiffs":false,"previousEventId":"ttgz1rq4likkrj3","previousOperationId":"kipuozdnqadxz84","operationId":"kipuozdnqadxz84","timestamp":1692245821156,"id":"jo9uhwy8ewl14gw"}
