{"type":"operationStart","subtype":"profile","data":{"_id":"rdOWs9bkwMEs1MZp","timestamp":"2023-08-22T22:43:16.780Z","state":"queued","mode":"standard","creationDate":"2023-08-22T22:43:16.785Z","modificationDate":"2023-08-22T22:43:16.785Z","shortid":"JD4vHIq","$entitySet":"profiles"},"doDiffs":false,"timestamp":1692744196782,"id":"k8zm5bhfqva2g2t","previousOperationId":null,"operationId":"8wa47801bncqn8b"}
{"type":"log","level":"info","message":"Render request 2 queued for execution and waiting for available worker","previousOperationId":"8wa47801bncqn8b","timestamp":1692744196782,"id":"75fibojcc4ud5i5"}
{"type":"operationStart","subtype":"render","name":"iLotusLand report","previousOperationId":"8wa47801bncqn8b","timestamp":1692744196817,"id":"umn0z6e53udz2gm","previousEventId":"k8zm5bhfqva2g2t","operationId":"uxcbj7mgl1x5kfl"}
{"type":"log","timestamp":1692744196818,"level":"info","message":"Starting rendering request 2","meta":{"rootId":"nr8c1kkijdskm95","id":"nr8c1kkijdskm95"},"id":"r0v4js1mtmi79ma","previousOperationId":"uxcbj7mgl1x5kfl"}
{"type":"log","timestamp":1692744196820,"level":"info","message":"Rendering template { name: iLotusLand report, recipe: chrome-pdf, engine: handlebars, preview: true }","meta":{"rootId":"nr8c1kkijdskm95","id":"nr8c1kkijdskm95"},"id":"9vn1a0busx0v6fx","previousOperationId":"uxcbj7mgl1x5kfl"}
{"type":"log","timestamp":1692744196820,"level":"debug","message":"Data item not defined for this template.","meta":{"rootId":"nr8c1kkijdskm95","id":"nr8c1kkijdskm95"},"id":"o69qyr4twe4fl2n","previousOperationId":"uxcbj7mgl1x5kfl"}
{"type":"log","timestamp":1692744196843,"level":"debug","message":"Base url not specified, skipping its injection.","meta":{"rootId":"nr8c1kkijdskm95","id":"nr8c1kkijdskm95"},"id":"2ytbptjy1uphguw","previousOperationId":"uxcbj7mgl1x5kfl"}
{"type":"operationStart","subtype":"engine","name":"handlebars","timestamp":1692744196848,"id":"5kn263kp19nlxto","previousEventId":"umn0z6e53udz2gm","operationId":"zclh62vzt1zxs68","previousOperationId":"uxcbj7mgl1x5kfl"}
{"type":"log","timestamp":1692744196848,"level":"debug","message":"Rendering engine handlebars","meta":{"rootId":"nr8c1kkijdskm95","id":"nr8c1kkijdskm95"},"id":"ycn88eh1pyb7apl","previousOperationId":"zclh62vzt1zxs68"}
{"type":"operationEnd","operationId":"zclh62vzt1zxs68","timestamp":1692744198084,"id":"azf9xrzcs4hyjcj","previousEventId":"5kn263kp19nlxto","previousOperationId":"zclh62vzt1zxs68"}
{"type":"operationStart","subtype":"recipe","name":"chrome-pdf","timestamp":1692744198085,"id":"g2of4zqei8983m3","previousEventId":"azf9xrzcs4hyjcj","operationId":"j2dhfpcuez52uif","previousOperationId":"zclh62vzt1zxs68"}
{"type":"log","timestamp":1692744198085,"level":"debug","message":"Executing recipe chrome-pdf","meta":{"rootId":"nr8c1kkijdskm95","id":"nr8c1kkijdskm95"},"id":"povml2mg32w27py","previousOperationId":"j2dhfpcuez52uif"}
{"type":"log","timestamp":1692744199165,"level":"debug","message":"Converting with chrome HeadlessChrome/114.0.5735.90 using chrome-pool strategy","meta":{"rootId":"nr8c1kkijdskm95","id":"nr8c1kkijdskm95"},"id":"09nc47zczjev8y7","previousOperationId":"j2dhfpcuez52uif"}
{"type":"log","timestamp":1692744200050,"level":"debug","message":"Page request: GET (document) file:///var/folders/4s/5nqc4dmn10g5kx7sd84ykx100000gn/T/jsreport/autocleanup/0b9a5424-fac6-4910-ba6c-e501f4f8165e-chrome-pdf.html","meta":{"rootId":"nr8c1kkijdskm95","id":"nr8c1kkijdskm95"},"id":"uusnt2o28zhbxmv","previousOperationId":"j2dhfpcuez52uif"}
{"type":"log","timestamp":1692744200074,"level":"debug","message":"Page request: GET (image) file:///var/folders/4s/5nqc4dmn10g5kx7sd84ykx100000gn/T/jsreport/autocleanup/images/image1.png","meta":{"rootId":"nr8c1kkijdskm95","id":"nr8c1kkijdskm95"},"id":"dkbsim5m0st6zgy","previousOperationId":"j2dhfpcuez52uif"}
{"type":"log","timestamp":1692744200082,"level":"debug","message":"Page request finished: GET (document) 200 file:///var/folders/4s/5nqc4dmn10g5kx7sd84ykx100000gn/T/jsreport/autocleanup/0b9a5424-fac6-4910-ba6c-e501f4f8165e-chrome-pdf.html","meta":{"rootId":"nr8c1kkijdskm95","id":"nr8c1kkijdskm95"},"id":"d4129cq8h5wxbmk","previousOperationId":"j2dhfpcuez52uif"}
{"type":"log","timestamp":1692744200172,"level":"warn","message":"Page request failed: GET (image) file:///var/folders/4s/5nqc4dmn10g5kx7sd84ykx100000gn/T/jsreport/autocleanup/images/image1.png, failure: net::ERR_FILE_NOT_FOUND","meta":{"rootId":"nr8c1kkijdskm95","id":"nr8c1kkijdskm95"},"id":"2i6wq5iiil8zytv","previousOperationId":"j2dhfpcuez52uif"}
{"type":"log","timestamp":1692744200172,"level":"debug","message":"(console:error) Failed to load resource: net::ERR_FILE_NOT_FOUND","meta":{"userLevel":true,"rootId":"nr8c1kkijdskm95","id":"nr8c1kkijdskm95"},"id":"54x4y0jt1gm0nwf","previousOperationId":"j2dhfpcuez52uif"}
{"type":"log","timestamp":1692744200222,"level":"debug","message":"Running chrome with params {\"printBackground\":true,\"timeout\":58240,\"margin\":{}}","meta":{"rootId":"nr8c1kkijdskm95","id":"nr8c1kkijdskm95"},"id":"ek8h4he11ax6o1w","previousOperationId":"j2dhfpcuez52uif"}
{"type":"operationEnd","operationId":"j2dhfpcuez52uif","timestamp":1692744200501,"id":"py1sbav78x7knpd","previousEventId":"g2of4zqei8983m3","previousOperationId":"j2dhfpcuez52uif"}
{"type":"log","timestamp":1692744200502,"level":"debug","message":"Skipping storing report.","meta":{"rootId":"nr8c1kkijdskm95","id":"nr8c1kkijdskm95"},"id":"z66v5vjwwwh9jwj","previousOperationId":"j2dhfpcuez52uif"}
{"type":"log","timestamp":1692744200502,"level":"info","message":"Rendering request 2 finished in 3724 ms","meta":{"rootId":"nr8c1kkijdskm95","id":"nr8c1kkijdskm95"},"id":"kz2y7upttif83gq","previousOperationId":"j2dhfpcuez52uif"}
{"type":"operationEnd","subtype":"render","operationId":"uxcbj7mgl1x5kfl","timestamp":1692744200502,"id":"n701sc01k6lbfz8","previousEventId":"py1sbav78x7knpd","previousOperationId":"j2dhfpcuez52uif"}
{"type":"operationEnd","doDiffs":false,"previousEventId":"k8zm5bhfqva2g2t","previousOperationId":"8wa47801bncqn8b","operationId":"8wa47801bncqn8b","timestamp":1692744200534,"id":"l4qzbildodp0vke"}
