{"type":"operationStart","subtype":"profile","data":{"_id":"WeQekdjCQmxIlemY","timestamp":"2023-08-22T10:32:13.641Z","state":"queued","mode":"standard","creationDate":"2023-08-22T10:32:13.652Z","modificationDate":"2023-08-22T10:32:13.652Z","shortid":"1up4DLB","$entitySet":"profiles"},"doDiffs":false,"timestamp":1692700333644,"id":"28iwxk2p2b7vcdx","previousOperationId":null,"operationId":"6gnl9u9g0gowkiv"}
{"type":"log","level":"info","message":"Render request 4 queued for execution and waiting for available worker","previousOperationId":"6gnl9u9g0gowkiv","timestamp":1692700333651,"id":"bsz84acec9hp0fl"}
{"type":"operationStart","subtype":"render","name":"iLotusLand report","previousOperationId":"6gnl9u9g0gowkiv","timestamp":1692700333808,"id":"2stim0opjz0iipb","previousEventId":"28iwxk2p2b7vcdx","operationId":"vlekcl43o9psd9b"}
{"type":"log","timestamp":1692700333808,"level":"info","message":"Starting rendering request 4","meta":{"rootId":"ol2defwpt70sp6u","id":"ol2defwpt70sp6u"},"id":"51b3nheojgj3s87","previousOperationId":"vlekcl43o9psd9b"}
{"type":"log","timestamp":1692700333809,"level":"info","message":"Rendering template { name: iLotusLand report, recipe: chrome-pdf, engine: handlebars, preview: true }","meta":{"rootId":"ol2defwpt70sp6u","id":"ol2defwpt70sp6u"},"id":"mc33wgfg40ke3wn","previousOperationId":"vlekcl43o9psd9b"}
{"type":"log","timestamp":1692700333810,"level":"debug","message":"Data item not defined for this template.","meta":{"rootId":"ol2defwpt70sp6u","id":"ol2defwpt70sp6u"},"id":"k92exjjvgpi89yn","previousOperationId":"vlekcl43o9psd9b"}
{"type":"log","timestamp":1692700333824,"level":"debug","message":"Base url not specified, skipping its injection.","meta":{"rootId":"ol2defwpt70sp6u","id":"ol2defwpt70sp6u"},"id":"f0cwjvw47ykk6i3","previousOperationId":"vlekcl43o9psd9b"}
{"type":"operationStart","subtype":"engine","name":"handlebars","timestamp":1692700333825,"id":"ontawbll3pef2d9","previousEventId":"2stim0opjz0iipb","operationId":"ubofq1nh0paa4vv","previousOperationId":"vlekcl43o9psd9b"}
{"type":"log","timestamp":1692700333825,"level":"debug","message":"Rendering engine handlebars","meta":{"rootId":"ol2defwpt70sp6u","id":"ol2defwpt70sp6u"},"id":"fituszgap9b2af0","previousOperationId":"ubofq1nh0paa4vv"}
{"type":"operationEnd","operationId":"ubofq1nh0paa4vv","timestamp":1692700333959,"id":"o5w4o93sntj9mnz","previousEventId":"ontawbll3pef2d9","previousOperationId":"ubofq1nh0paa4vv"}
{"type":"operationStart","subtype":"recipe","name":"chrome-pdf","timestamp":1692700333974,"id":"9g7qetvlizkaejk","previousEventId":"o5w4o93sntj9mnz","operationId":"bvss2e006cn7ef1","previousOperationId":"ubofq1nh0paa4vv"}
{"type":"log","timestamp":1692700333974,"level":"debug","message":"Executing recipe chrome-pdf","meta":{"rootId":"ol2defwpt70sp6u","id":"ol2defwpt70sp6u"},"id":"nai4dkei2x3a5ua","previousOperationId":"bvss2e006cn7ef1"}
{"type":"log","timestamp":1692700333991,"level":"debug","message":"Converting with chrome HeadlessChrome/114.0.5735.90 using chrome-pool strategy","meta":{"rootId":"ol2defwpt70sp6u","id":"ol2defwpt70sp6u"},"id":"iz0x15pfnnipm50","previousOperationId":"bvss2e006cn7ef1"}
{"type":"log","timestamp":1692700334493,"level":"debug","message":"Page request: GET (document) file:///var/folders/4s/5nqc4dmn10g5kx7sd84ykx100000gn/T/jsreport/autocleanup/af80ae72-5ceb-42f6-b570-b58a914619b0-chrome-pdf.html","meta":{"rootId":"ol2defwpt70sp6u","id":"ol2defwpt70sp6u"},"id":"oaexse4lvrjn17j","previousOperationId":"bvss2e006cn7ef1"}
{"type":"log","timestamp":1692700334523,"level":"debug","message":"Page request: GET (image) file:///var/folders/4s/5nqc4dmn10g5kx7sd84ykx100000gn/T/jsreport/autocleanup/images/image1.png","meta":{"rootId":"ol2defwpt70sp6u","id":"ol2defwpt70sp6u"},"id":"ifn8gj06he4d90b","previousOperationId":"bvss2e006cn7ef1"}
{"type":"log","timestamp":1692700334524,"level":"debug","message":"Page request finished: GET (document) 200 file:///var/folders/4s/5nqc4dmn10g5kx7sd84ykx100000gn/T/jsreport/autocleanup/af80ae72-5ceb-42f6-b570-b58a914619b0-chrome-pdf.html","meta":{"rootId":"ol2defwpt70sp6u","id":"ol2defwpt70sp6u"},"id":"yiu2qp8ay9vfb90","previousOperationId":"bvss2e006cn7ef1"}
{"type":"log","timestamp":1692700334532,"level":"warn","message":"Page request failed: GET (image) file:///var/folders/4s/5nqc4dmn10g5kx7sd84ykx100000gn/T/jsreport/autocleanup/images/image1.png, failure: net::ERR_FILE_NOT_FOUND","meta":{"rootId":"ol2defwpt70sp6u","id":"ol2defwpt70sp6u"},"id":"erqyqsmy9v9fdi7","previousOperationId":"bvss2e006cn7ef1"}
{"type":"log","timestamp":1692700334533,"level":"debug","message":"(console:error) Failed to load resource: net::ERR_FILE_NOT_FOUND","meta":{"userLevel":true,"rootId":"ol2defwpt70sp6u","id":"ol2defwpt70sp6u"},"id":"ui1oohoej5fpxxi","previousOperationId":"bvss2e006cn7ef1"}
{"type":"log","timestamp":1692700334659,"level":"debug","message":"Running chrome with params {\"printBackground\":true,\"timeout\":59652,\"margin\":{}}","meta":{"rootId":"ol2defwpt70sp6u","id":"ol2defwpt70sp6u"},"id":"cbi9xldzib4tqtp","previousOperationId":"bvss2e006cn7ef1"}
{"type":"operationEnd","operationId":"bvss2e006cn7ef1","timestamp":1692700334955,"id":"km2mw4anquth8ao","previousEventId":"9g7qetvlizkaejk","previousOperationId":"bvss2e006cn7ef1"}
{"type":"log","timestamp":1692700334955,"level":"debug","message":"Skipping storing report.","meta":{"rootId":"ol2defwpt70sp6u","id":"ol2defwpt70sp6u"},"id":"44ysp9bbtodxv5i","previousOperationId":"bvss2e006cn7ef1"}
{"type":"log","timestamp":1692700334956,"level":"info","message":"Rendering request 4 finished in 1315 ms","meta":{"rootId":"ol2defwpt70sp6u","id":"ol2defwpt70sp6u"},"id":"sfh056hfngxcngh","previousOperationId":"bvss2e006cn7ef1"}
{"type":"operationEnd","subtype":"render","operationId":"vlekcl43o9psd9b","timestamp":1692700334956,"id":"12jm6smw39ho9ge","previousEventId":"km2mw4anquth8ao","previousOperationId":"bvss2e006cn7ef1"}
{"type":"operationEnd","doDiffs":false,"previousEventId":"28iwxk2p2b7vcdx","previousOperationId":"6gnl9u9g0gowkiv","operationId":"6gnl9u9g0gowkiv","timestamp":1692700334969,"id":"11ojuvqfjbirdg3"}
