{"type":"operationStart","subtype":"profile","data":{"_id":"3cBJCbr0FS8GT7uy","timestamp":"2023-08-22T22:44:55.382Z","state":"queued","mode":"standard","creationDate":"2023-08-22T22:44:55.399Z","modificationDate":"2023-08-22T22:44:55.399Z","shortid":"rva_10m","$entitySet":"profiles"},"doDiffs":false,"timestamp":1692744295391,"id":"9wixbelr4isknx3","previousOperationId":null,"operationId":"skwc4yak2glaaa4"}
{"type":"log","level":"info","message":"Render request 1 queued for execution and waiting for available worker","previousOperationId":"skwc4yak2glaaa4","timestamp":1692744295392,"id":"8luqfz08kxjolg6"}
{"type":"operationStart","subtype":"render","name":"iLotusLand report","previousOperationId":"skwc4yak2glaaa4","timestamp":1692744295566,"id":"rspvl07oyg91nvg","previousEventId":"9wixbelr4isknx3","operationId":"v4ajpta3g6jtq8i"}
{"type":"log","timestamp":1692744295567,"level":"info","message":"Starting rendering request 1","meta":{"rootId":"p8if677rnth0e77","id":"p8if677rnth0e77"},"id":"tln0015ouqk7sd4","previousOperationId":"v4ajpta3g6jtq8i"}
{"type":"log","timestamp":1692744295568,"level":"info","message":"Rendering template { name: iLotusLand report, recipe: chrome-pdf, engine: handlebars, preview: true }","meta":{"rootId":"p8if677rnth0e77","id":"p8if677rnth0e77"},"id":"4mb87ayxh4w40c3","previousOperationId":"v4ajpta3g6jtq8i"}
{"type":"log","timestamp":1692744295569,"level":"debug","message":"Data item not defined for this template.","meta":{"rootId":"p8if677rnth0e77","id":"p8if677rnth0e77"},"id":"tpc9vaiwfmxl6p9","previousOperationId":"v4ajpta3g6jtq8i"}
{"type":"log","timestamp":1692744295710,"level":"debug","message":"Base url not specified, skipping its injection.","meta":{"rootId":"p8if677rnth0e77","id":"p8if677rnth0e77"},"id":"sgvb9ihhvs501mk","previousOperationId":"v4ajpta3g6jtq8i"}
{"type":"operationStart","subtype":"engine","name":"handlebars","timestamp":1692744295716,"id":"r8d33k4v2i1jzpv","previousEventId":"rspvl07oyg91nvg","operationId":"yi1vuu5icgnbx03","previousOperationId":"v4ajpta3g6jtq8i"}
{"type":"log","timestamp":1692744295716,"level":"debug","message":"Rendering engine handlebars","meta":{"rootId":"p8if677rnth0e77","id":"p8if677rnth0e77"},"id":"mw7fbiq8ru0cb29","previousOperationId":"yi1vuu5icgnbx03"}
{"type":"operationEnd","operationId":"yi1vuu5icgnbx03","timestamp":1692744297245,"id":"znlofp1vdvszole","previousEventId":"r8d33k4v2i1jzpv","previousOperationId":"yi1vuu5icgnbx03"}
{"type":"operationStart","subtype":"recipe","name":"chrome-pdf","timestamp":1692744297246,"id":"bs5sf8ruil6kn1h","previousEventId":"znlofp1vdvszole","operationId":"fxhusiq8m8pz61u","previousOperationId":"yi1vuu5icgnbx03"}
{"type":"log","timestamp":1692744297246,"level":"debug","message":"Executing recipe chrome-pdf","meta":{"rootId":"p8if677rnth0e77","id":"p8if677rnth0e77"},"id":"iwa4ft58nujftja","previousOperationId":"fxhusiq8m8pz61u"}
{"type":"log","timestamp":1692744298660,"level":"debug","message":"Converting with chrome HeadlessChrome/114.0.5735.90 using chrome-pool strategy","meta":{"rootId":"p8if677rnth0e77","id":"p8if677rnth0e77"},"id":"q12f6slosvx3g5b","previousOperationId":"fxhusiq8m8pz61u"}
{"type":"log","timestamp":1692744299406,"level":"debug","message":"Page request: GET (document) file:///var/folders/4s/5nqc4dmn10g5kx7sd84ykx100000gn/T/jsreport/autocleanup/992c9ce4-636e-42c5-a0b8-c8348c4ecd17-chrome-pdf.html","meta":{"rootId":"p8if677rnth0e77","id":"p8if677rnth0e77"},"id":"ut485gk9s2g3ipb","previousOperationId":"fxhusiq8m8pz61u"}
{"type":"log","timestamp":1692744299433,"level":"debug","message":"Page request: GET (image) file:///var/folders/4s/5nqc4dmn10g5kx7sd84ykx100000gn/T/jsreport/autocleanup/images/image1.png","meta":{"rootId":"p8if677rnth0e77","id":"p8if677rnth0e77"},"id":"ym8jcklfti0esem","previousOperationId":"fxhusiq8m8pz61u"}
{"type":"log","timestamp":1692744299435,"level":"debug","message":"Page request finished: GET (document) 200 file:///var/folders/4s/5nqc4dmn10g5kx7sd84ykx100000gn/T/jsreport/autocleanup/992c9ce4-636e-42c5-a0b8-c8348c4ecd17-chrome-pdf.html","meta":{"rootId":"p8if677rnth0e77","id":"p8if677rnth0e77"},"id":"sbrqbp7vhdb91w1","previousOperationId":"fxhusiq8m8pz61u"}
{"type":"log","timestamp":1692744299440,"level":"warn","message":"Page request failed: GET (image) file:///var/folders/4s/5nqc4dmn10g5kx7sd84ykx100000gn/T/jsreport/autocleanup/images/image1.png, failure: net::ERR_FILE_NOT_FOUND","meta":{"rootId":"p8if677rnth0e77","id":"p8if677rnth0e77"},"id":"p2vn6i5obu7hpk2","previousOperationId":"fxhusiq8m8pz61u"}
{"type":"log","timestamp":1692744299442,"level":"debug","message":"(console:error) Failed to load resource: net::ERR_FILE_NOT_FOUND","meta":{"userLevel":true,"rootId":"p8if677rnth0e77","id":"p8if677rnth0e77"},"id":"6aimsor8qyg1215","previousOperationId":"fxhusiq8m8pz61u"}
{"type":"log","timestamp":1692744299543,"level":"debug","message":"Running chrome with params {\"printBackground\":true,\"timeout\":57304,\"margin\":{}}","meta":{"rootId":"p8if677rnth0e77","id":"p8if677rnth0e77"},"id":"edpkz3yiu9x3kaw","previousOperationId":"fxhusiq8m8pz61u"}
{"type":"operationEnd","operationId":"fxhusiq8m8pz61u","timestamp":1692744299890,"id":"x5rokdx8djez24b","previousEventId":"bs5sf8ruil6kn1h","previousOperationId":"fxhusiq8m8pz61u"}
{"type":"log","timestamp":1692744299891,"level":"debug","message":"Skipping storing report.","meta":{"rootId":"p8if677rnth0e77","id":"p8if677rnth0e77"},"id":"fv67c309jzt83ot","previousOperationId":"fxhusiq8m8pz61u"}
{"type":"log","timestamp":1692744299895,"level":"info","message":"Rendering request 1 finished in 4512 ms","meta":{"rootId":"p8if677rnth0e77","id":"p8if677rnth0e77"},"id":"44j8pxx5t4v0obx","previousOperationId":"fxhusiq8m8pz61u"}
{"type":"operationEnd","subtype":"render","operationId":"v4ajpta3g6jtq8i","timestamp":1692744299901,"id":"9g6owksd8iig4mk","previousEventId":"x5rokdx8djez24b","previousOperationId":"fxhusiq8m8pz61u"}
{"type":"operationEnd","doDiffs":false,"previousEventId":"9wixbelr4isknx3","previousOperationId":"skwc4yak2glaaa4","operationId":"skwc4yak2glaaa4","timestamp":1692744299910,"id":"ilvbn326t5nrq09"}
