{"type":"operationStart","subtype":"profile","data":{"_id":"85Ys16CrJQ8aT55k","timestamp":"2023-08-17T04:05:33.660Z","state":"queued","mode":"standard","creationDate":"2023-08-17T04:05:33.666Z","modificationDate":"2023-08-17T04:05:33.666Z","shortid":"oZ9ywg1","inheritedReadPermissions":[],"inheritedEditPermissions":[],"$entitySet":"profiles"},"doDiffs":false,"timestamp":1692245133665,"id":"a8ddspv5qj8y064","previousOperationId":null,"operationId":"7xk4x498lggkgik"}
{"type":"log","level":"info","message":"Render request 9 queued for execution and waiting for available worker","previousOperationId":"7xk4x498lggkgik","timestamp":1692245133665,"id":"qy0czoqdwl4ur2k"}
{"type":"operationStart","subtype":"render","name":"iLotusLand report","previousOperationId":"7xk4x498lggkgik","timestamp":1692245133708,"id":"0atgnt0jihx9i4e","previousEventId":"a8ddspv5qj8y064","operationId":"naygepjssjecde8"}
{"type":"log","timestamp":1692245133709,"level":"info","message":"Starting rendering request 9 (user: admin)","meta":{"rootId":"sy1zfxmqtxvbl7h","id":"sy1zfxmqtxvbl7h"},"id":"zljjs2yqts1o9fh","previousOperationId":"naygepjssjecde8"}
{"type":"log","timestamp":1692245133709,"level":"info","message":"Rendering template { name: iLotusLand report, recipe: chrome-pdf, engine: handlebars, preview: true }","meta":{"rootId":"sy1zfxmqtxvbl7h","id":"sy1zfxmqtxvbl7h"},"id":"lg6c70ch8mx1ujb","previousOperationId":"naygepjssjecde8"}
{"type":"log","timestamp":1692245133711,"level":"debug","message":"Adding sample data g6O9BFepE","meta":{"rootId":"sy1zfxmqtxvbl7h","id":"sy1zfxmqtxvbl7h"},"id":"i49rjmxmie1xern","previousOperationId":"naygepjssjecde8"}
{"type":"log","timestamp":1692245133717,"level":"debug","message":"Base url not specified, skipping its injection.","meta":{"rootId":"sy1zfxmqtxvbl7h","id":"sy1zfxmqtxvbl7h"},"id":"o5agxddqycvf9ld","previousOperationId":"naygepjssjecde8"}
{"type":"operationStart","subtype":"engine","name":"handlebars","timestamp":1692245133717,"id":"fjednvopth4h37o","previousEventId":"0atgnt0jihx9i4e","operationId":"5dgf1d9lnlb5ler","previousOperationId":"naygepjssjecde8"}
{"type":"log","timestamp":1692245133717,"level":"debug","message":"Rendering engine handlebars","meta":{"rootId":"sy1zfxmqtxvbl7h","id":"sy1zfxmqtxvbl7h"},"id":"pmhjon4w64h6ftb","previousOperationId":"5dgf1d9lnlb5ler"}
{"type":"operationEnd","operationId":"5dgf1d9lnlb5ler","timestamp":1692245133936,"id":"7nh78jhhin3569k","previousEventId":"fjednvopth4h37o","previousOperationId":"5dgf1d9lnlb5ler"}
{"type":"operationStart","subtype":"recipe","name":"chrome-pdf","timestamp":1692245133938,"id":"5muof2ich1y4wbx","previousEventId":"7nh78jhhin3569k","operationId":"l50rf66xd1qh6v0","previousOperationId":"5dgf1d9lnlb5ler"}
{"type":"log","timestamp":1692245133938,"level":"debug","message":"Executing recipe chrome-pdf","meta":{"rootId":"sy1zfxmqtxvbl7h","id":"sy1zfxmqtxvbl7h"},"id":"m8gesoxe0sdjn2v","previousOperationId":"l50rf66xd1qh6v0"}
{"type":"log","timestamp":1692245135116,"level":"debug","message":"Converting with chrome HeadlessChrome/114.0.5735.90 using chrome-pool strategy","meta":{"rootId":"sy1zfxmqtxvbl7h","id":"sy1zfxmqtxvbl7h"},"id":"heo4nriqg2vf6uh","previousOperationId":"l50rf66xd1qh6v0"}
{"type":"log","timestamp":1692245136354,"level":"debug","message":"Page request: GET (document) file:///var/folders/4s/5nqc4dmn10g5kx7sd84ykx100000gn/T/jsreport/autocleanup/560d4330-34d9-468f-9abc-7e626bb6fbdb-chrome-pdf.html","meta":{"rootId":"sy1zfxmqtxvbl7h","id":"sy1zfxmqtxvbl7h"},"id":"5e3a5k2fqi0g9yh","previousOperationId":"l50rf66xd1qh6v0"}
{"type":"log","timestamp":1692245136391,"level":"debug","message":"Page request finished: GET (document) 200 file:///var/folders/4s/5nqc4dmn10g5kx7sd84ykx100000gn/T/jsreport/autocleanup/560d4330-34d9-468f-9abc-7e626bb6fbdb-chrome-pdf.html","meta":{"rootId":"sy1zfxmqtxvbl7h","id":"sy1zfxmqtxvbl7h"},"id":"hbzm0s9wr15bvub","previousOperationId":"l50rf66xd1qh6v0"}
{"type":"log","timestamp":1692245136457,"level":"debug","message":"Running chrome with params {\"printBackground\":true,\"timeout\":59702,\"margin\":{}}","meta":{"rootId":"sy1zfxmqtxvbl7h","id":"sy1zfxmqtxvbl7h"},"id":"4payudco0bcaj3o","previousOperationId":"l50rf66xd1qh6v0"}
{"type":"operationEnd","operationId":"l50rf66xd1qh6v0","timestamp":1692245136817,"id":"zarjpiojticqwat","previousEventId":"5muof2ich1y4wbx","previousOperationId":"l50rf66xd1qh6v0"}
{"type":"log","timestamp":1692245136818,"level":"debug","message":"Skipping storing report.","meta":{"rootId":"sy1zfxmqtxvbl7h","id":"sy1zfxmqtxvbl7h"},"id":"b7uial5bq4hn0k0","previousOperationId":"l50rf66xd1qh6v0"}
{"type":"log","timestamp":1692245136818,"level":"info","message":"Rendering request 9 finished in 3158 ms","meta":{"rootId":"sy1zfxmqtxvbl7h","id":"sy1zfxmqtxvbl7h"},"id":"7hwug3bfydg0nyh","previousOperationId":"l50rf66xd1qh6v0"}
{"type":"operationEnd","subtype":"render","operationId":"naygepjssjecde8","timestamp":1692245136818,"id":"1q7obvtvl6lrx5z","previousEventId":"zarjpiojticqwat","previousOperationId":"l50rf66xd1qh6v0"}
{"type":"operationEnd","doDiffs":false,"previousEventId":"a8ddspv5qj8y064","previousOperationId":"7xk4x498lggkgik","operationId":"7xk4x498lggkgik","timestamp":1692245136854,"id":"mimqjuerp3byfhw"}
