{"type":"operationStart","subtype":"profile","data":{"_id":"dEucRELsWpmfCCds","timestamp":"2023-08-17T04:32:29.505Z","state":"queued","mode":"standard","creationDate":"2023-08-17T04:32:29.510Z","modificationDate":"2023-08-17T04:32:29.510Z","shortid":"RzWgv1p","$entitySet":"profiles"},"doDiffs":false,"timestamp":1692246749508,"id":"tlebknuftw8sqa3","previousOperationId":null,"operationId":"fncvs2pq0hwlp6p"}
{"type":"log","level":"info","message":"Render request 3 queued for execution and waiting for available worker","previousOperationId":"fncvs2pq0hwlp6p","timestamp":1692246749508,"id":"4s31v7r1zszq1iw"}
{"type":"operationStart","subtype":"render","name":"iLotusLand report","previousOperationId":"fncvs2pq0hwlp6p","timestamp":1692246749568,"id":"8romq8q7xxzz9k7","previousEventId":"tlebknuftw8sqa3","operationId":"k93gr18d71no17q"}
{"type":"log","timestamp":1692246749569,"level":"info","message":"Starting rendering request 3","meta":{"rootId":"uwasyag7yg3vwzh","id":"uwasyag7yg3vwzh"},"id":"6x7gurr2nlx5rwp","previousOperationId":"k93gr18d71no17q"}
{"type":"log","timestamp":1692246749574,"level":"info","message":"Rendering template { name: iLotusLand report, recipe: chrome-pdf, engine: handlebars, preview: false }","meta":{"rootId":"uwasyag7yg3vwzh","id":"uwasyag7yg3vwzh"},"id":"u1l7ozyvii17nsl","previousOperationId":"k93gr18d71no17q"}
{"type":"log","timestamp":1692246749577,"level":"debug","message":"Inline data specified.","meta":{"rootId":"uwasyag7yg3vwzh","id":"uwasyag7yg3vwzh"},"id":"gy2s9gpg94pfhqu","previousOperationId":"k93gr18d71no17q"}
{"type":"log","timestamp":1692246749584,"level":"debug","message":"Base url not specified, skipping its injection.","meta":{"rootId":"uwasyag7yg3vwzh","id":"uwasyag7yg3vwzh"},"id":"a28zi71nj3nhlx8","previousOperationId":"k93gr18d71no17q"}
{"type":"operationStart","subtype":"engine","name":"handlebars","timestamp":1692246749587,"id":"7iq9qkm5j1uixah","previousEventId":"8romq8q7xxzz9k7","operationId":"te5xatqzjulc4pc","previousOperationId":"k93gr18d71no17q"}
{"type":"log","timestamp":1692246749587,"level":"debug","message":"Rendering engine handlebars","meta":{"rootId":"uwasyag7yg3vwzh","id":"uwasyag7yg3vwzh"},"id":"xouv7q7sqe1hsre","previousOperationId":"te5xatqzjulc4pc"}
{"type":"operationEnd","operationId":"te5xatqzjulc4pc","timestamp":1692246755460,"id":"busba8ia19bm41d","previousEventId":"7iq9qkm5j1uixah","previousOperationId":"te5xatqzjulc4pc"}
{"type":"operationStart","subtype":"recipe","name":"chrome-pdf","timestamp":1692246755464,"id":"ni97kr3kyynrhq2","previousEventId":"busba8ia19bm41d","operationId":"2gjyd35vkvplnbn","previousOperationId":"te5xatqzjulc4pc"}
{"type":"log","timestamp":1692246755464,"level":"debug","message":"Executing recipe chrome-pdf","meta":{"rootId":"uwasyag7yg3vwzh","id":"uwasyag7yg3vwzh"},"id":"pcibvzfjd31y5oc","previousOperationId":"2gjyd35vkvplnbn"}
{"type":"log","timestamp":1692246768394,"level":"debug","message":"Converting with chrome HeadlessChrome/114.0.5735.90 using chrome-pool strategy","meta":{"rootId":"uwasyag7yg3vwzh","id":"uwasyag7yg3vwzh"},"id":"oj06l62wznvv4ys","previousOperationId":"2gjyd35vkvplnbn"}
{"type":"log","timestamp":1692246772584,"level":"debug","message":"Page request: GET (document) file:///var/folders/4s/5nqc4dmn10g5kx7sd84ykx100000gn/T/jsreport/autocleanup/fa06d43f-f624-4452-b134-4b6a8d2cea6b-chrome-pdf.html","meta":{"rootId":"uwasyag7yg3vwzh","id":"uwasyag7yg3vwzh"},"id":"5dlceo5kzgw71yx","previousOperationId":"2gjyd35vkvplnbn"}
{"type":"log","timestamp":1692246772805,"level":"debug","message":"Page request finished: GET (document) 200 file:///var/folders/4s/5nqc4dmn10g5kx7sd84ykx100000gn/T/jsreport/autocleanup/fa06d43f-f624-4452-b134-4b6a8d2cea6b-chrome-pdf.html","meta":{"rootId":"uwasyag7yg3vwzh","id":"uwasyag7yg3vwzh"},"id":"mbzk9s1g6iduiey","previousOperationId":"2gjyd35vkvplnbn"}
{"type":"log","timestamp":1692246773163,"level":"debug","message":"Running chrome with params {\"printBackground\":true,\"timeout\":45207,\"margin\":{}}","meta":{"rootId":"uwasyag7yg3vwzh","id":"uwasyag7yg3vwzh"},"id":"zj2qxwt7j7v4lzu","previousOperationId":"2gjyd35vkvplnbn"}
{"type":"operationEnd","operationId":"2gjyd35vkvplnbn","timestamp":1692246782826,"id":"8v236s4z3h8fpiv","previousEventId":"ni97kr3kyynrhq2","previousOperationId":"2gjyd35vkvplnbn"}
{"type":"log","timestamp":1692246782831,"level":"debug","message":"Skipping storing report.","meta":{"rootId":"uwasyag7yg3vwzh","id":"uwasyag7yg3vwzh"},"id":"tqoa3vresg1fba2","previousOperationId":"2gjyd35vkvplnbn"}
{"type":"log","timestamp":1692246782831,"level":"info","message":"Rendering request 3 finished in 33326 ms","meta":{"rootId":"uwasyag7yg3vwzh","id":"uwasyag7yg3vwzh"},"id":"ifr4x69rg7nxghr","previousOperationId":"2gjyd35vkvplnbn"}
{"type":"operationEnd","subtype":"render","operationId":"k93gr18d71no17q","timestamp":1692246782831,"id":"k3ni3lu302l4g50","previousEventId":"8v236s4z3h8fpiv","previousOperationId":"2gjyd35vkvplnbn"}
{"type":"operationEnd","doDiffs":false,"previousEventId":"tlebknuftw8sqa3","previousOperationId":"fncvs2pq0hwlp6p","operationId":"fncvs2pq0hwlp6p","timestamp":1692246782836,"id":"76bxhd87w90o90x"}
