{"type":"operationStart","subtype":"profile","data":{"_id":"LHgRfgAmylPic4d8","timestamp":"2023-08-22T22:44:13.351Z","state":"queued","mode":"standard","creationDate":"2023-08-22T22:44:13.359Z","modificationDate":"2023-08-22T22:44:13.359Z","shortid":"W3o51pI","$entitySet":"profiles"},"doDiffs":false,"timestamp":1692744253354,"id":"coducslc5isu0jk","previousOperationId":null,"operationId":"hn0rcz2guvym2yu"}
{"type":"log","level":"info","message":"Render request 1 queued for execution and waiting for available worker","previousOperationId":"hn0rcz2guvym2yu","timestamp":1692744253356,"id":"26obdcf93oq60ak"}
{"type":"operationStart","subtype":"render","name":"iLotusLand report","previousOperationId":"hn0rcz2guvym2yu","timestamp":1692744253535,"id":"loj70x5qzciyf2m","previousEventId":"coducslc5isu0jk","operationId":"c8jvgqtnwjyl4gz"}
{"type":"log","timestamp":1692744253538,"level":"info","message":"Starting rendering request 1","meta":{"rootId":"va6k1mcweoxr1k3","id":"va6k1mcweoxr1k3"},"id":"thbdeeqdit76o4i","previousOperationId":"c8jvgqtnwjyl4gz"}
{"type":"log","timestamp":1692744253540,"level":"info","message":"Rendering template { name: iLotusLand report, recipe: chrome-pdf, engine: handlebars, preview: true }","meta":{"rootId":"va6k1mcweoxr1k3","id":"va6k1mcweoxr1k3"},"id":"z8p0z0dfpapov8m","previousOperationId":"c8jvgqtnwjyl4gz"}
{"type":"log","timestamp":1692744253541,"level":"debug","message":"Data item not defined for this template.","meta":{"rootId":"va6k1mcweoxr1k3","id":"va6k1mcweoxr1k3"},"id":"m4ki3hbubqkmxnb","previousOperationId":"c8jvgqtnwjyl4gz"}
{"type":"log","timestamp":1692744253639,"level":"debug","message":"Base url not specified, skipping its injection.","meta":{"rootId":"va6k1mcweoxr1k3","id":"va6k1mcweoxr1k3"},"id":"g0vbodb15rwlw1d","previousOperationId":"c8jvgqtnwjyl4gz"}
{"type":"operationStart","subtype":"engine","name":"handlebars","timestamp":1692744253640,"id":"x3tjo4ui0rykk26","previousEventId":"loj70x5qzciyf2m","operationId":"bzibgty6rwqy7xz","previousOperationId":"c8jvgqtnwjyl4gz"}
{"type":"log","timestamp":1692744253640,"level":"debug","message":"Rendering engine handlebars","meta":{"rootId":"va6k1mcweoxr1k3","id":"va6k1mcweoxr1k3"},"id":"v9yraxy0ge36mek","previousOperationId":"bzibgty6rwqy7xz"}
{"type":"operationEnd","operationId":"bzibgty6rwqy7xz","timestamp":1692744255308,"id":"gegcxwf17gios8s","previousEventId":"x3tjo4ui0rykk26","previousOperationId":"bzibgty6rwqy7xz"}
{"type":"operationStart","subtype":"recipe","name":"chrome-pdf","timestamp":1692744255309,"id":"wcywek4ltgzr613","previousEventId":"gegcxwf17gios8s","operationId":"tnuytnccz2iqvid","previousOperationId":"bzibgty6rwqy7xz"}
{"type":"log","timestamp":1692744255309,"level":"debug","message":"Executing recipe chrome-pdf","meta":{"rootId":"va6k1mcweoxr1k3","id":"va6k1mcweoxr1k3"},"id":"krl1j9p1q81ytxg","previousOperationId":"tnuytnccz2iqvid"}
{"type":"log","timestamp":1692744257048,"level":"debug","message":"Converting with chrome HeadlessChrome/114.0.5735.90 using chrome-pool strategy","meta":{"rootId":"va6k1mcweoxr1k3","id":"va6k1mcweoxr1k3"},"id":"wvpb016oz8dseum","previousOperationId":"tnuytnccz2iqvid"}
{"type":"log","timestamp":1692744257776,"level":"debug","message":"Page request: GET (document) file:///var/folders/4s/5nqc4dmn10g5kx7sd84ykx100000gn/T/jsreport/autocleanup/ed793538-07d6-4dad-b1d1-f28063dd85ed-chrome-pdf.html","meta":{"rootId":"va6k1mcweoxr1k3","id":"va6k1mcweoxr1k3"},"id":"lg5qzb2syx1pogc","previousOperationId":"tnuytnccz2iqvid"}
{"type":"log","timestamp":1692744257802,"level":"debug","message":"Page request: GET (image) file:///var/folders/4s/5nqc4dmn10g5kx7sd84ykx100000gn/T/jsreport/autocleanup/images/image1.png","meta":{"rootId":"va6k1mcweoxr1k3","id":"va6k1mcweoxr1k3"},"id":"cmapun9c1yfm8bi","previousOperationId":"tnuytnccz2iqvid"}
{"type":"log","timestamp":1692744257804,"level":"debug","message":"Page request finished: GET (document) 200 file:///var/folders/4s/5nqc4dmn10g5kx7sd84ykx100000gn/T/jsreport/autocleanup/ed793538-07d6-4dad-b1d1-f28063dd85ed-chrome-pdf.html","meta":{"rootId":"va6k1mcweoxr1k3","id":"va6k1mcweoxr1k3"},"id":"r9cs1pv58tu17z2","previousOperationId":"tnuytnccz2iqvid"}
{"type":"log","timestamp":1692744257808,"level":"warn","message":"Page request failed: GET (image) file:///var/folders/4s/5nqc4dmn10g5kx7sd84ykx100000gn/T/jsreport/autocleanup/images/image1.png, failure: net::ERR_FILE_NOT_FOUND","meta":{"rootId":"va6k1mcweoxr1k3","id":"va6k1mcweoxr1k3"},"id":"wbbfci2tcbl3kkg","previousOperationId":"tnuytnccz2iqvid"}
{"type":"log","timestamp":1692744257809,"level":"debug","message":"(console:error) Failed to load resource: net::ERR_FILE_NOT_FOUND","meta":{"userLevel":true,"rootId":"va6k1mcweoxr1k3","id":"va6k1mcweoxr1k3"},"id":"j3fl86c3ykkgwsd","previousOperationId":"tnuytnccz2iqvid"}
{"type":"log","timestamp":1692744257840,"level":"debug","message":"Running chrome with params {\"printBackground\":true,\"timeout\":57122,\"margin\":{}}","meta":{"rootId":"va6k1mcweoxr1k3","id":"va6k1mcweoxr1k3"},"id":"61m8somehm9oq3c","previousOperationId":"tnuytnccz2iqvid"}
{"type":"operationEnd","operationId":"tnuytnccz2iqvid","timestamp":1692744258351,"id":"zszouy1yiibwicw","previousEventId":"wcywek4ltgzr613","previousOperationId":"tnuytnccz2iqvid"}
{"type":"log","timestamp":1692744258352,"level":"debug","message":"Skipping storing report.","meta":{"rootId":"va6k1mcweoxr1k3","id":"va6k1mcweoxr1k3"},"id":"gbwpztbn48nxcld","previousOperationId":"tnuytnccz2iqvid"}
{"type":"log","timestamp":1692744258353,"level":"info","message":"Rendering request 1 finished in 5002 ms","meta":{"rootId":"va6k1mcweoxr1k3","id":"va6k1mcweoxr1k3"},"id":"lwlt6m6kqxnf44q","previousOperationId":"tnuytnccz2iqvid"}
{"type":"operationEnd","subtype":"render","operationId":"c8jvgqtnwjyl4gz","timestamp":1692744258353,"id":"2w16ebwmwp7wdwt","previousEventId":"zszouy1yiibwicw","previousOperationId":"tnuytnccz2iqvid"}
{"type":"operationEnd","doDiffs":false,"previousEventId":"coducslc5isu0jk","previousOperationId":"hn0rcz2guvym2yu","operationId":"hn0rcz2guvym2yu","timestamp":1692744258369,"id":"zl57mes1d55c9ou"}
