{"type":"operationStart","subtype":"profile","data":{"_id":"uF1BKirZZ87qqOch","timestamp":"2023-08-17T04:09:55.667Z","state":"queued","mode":"standard","creationDate":"2023-08-17T04:09:55.672Z","modificationDate":"2023-08-17T04:09:55.672Z","shortid":"h2Yk4W9","inheritedReadPermissions":[],"inheritedEditPermissions":[],"$entitySet":"profiles"},"doDiffs":false,"timestamp":1692245395671,"id":"i97qic2vfffh4k7","previousOperationId":null,"operationId":"ut2psjvajrm7x5e"}
{"type":"log","level":"info","message":"Render request 10 queued for execution and waiting for available worker","previousOperationId":"ut2psjvajrm7x5e","timestamp":1692245395671,"id":"3bk1mbwmk4sdsxl"}
{"type":"operationStart","subtype":"render","name":"iLotusLand report","previousOperationId":"ut2psjvajrm7x5e","timestamp":1692245395748,"id":"xaf8eqeremeh8ep","previousEventId":"i97qic2vfffh4k7","operationId":"az0f1r0wk3y49wu"}
{"type":"log","timestamp":1692245395749,"level":"info","message":"Starting rendering request 10 (user: admin)","meta":{"rootId":"vn1ov35w0es8zpb","id":"vn1ov35w0es8zpb"},"id":"bmyf5ukzd15ln0d","previousOperationId":"az0f1r0wk3y49wu"}
{"type":"log","timestamp":1692245395750,"level":"info","message":"Rendering template { name: iLotusLand report, recipe: chrome-pdf, engine: handlebars, preview: true }","meta":{"rootId":"vn1ov35w0es8zpb","id":"vn1ov35w0es8zpb"},"id":"x2uopcvnim6kycc","previousOperationId":"az0f1r0wk3y49wu"}
{"type":"log","timestamp":1692245395750,"level":"debug","message":"Inline data specified.","meta":{"rootId":"vn1ov35w0es8zpb","id":"vn1ov35w0es8zpb"},"id":"ctuc7fmzpcv29sr","previousOperationId":"az0f1r0wk3y49wu"}
{"type":"log","timestamp":1692245395754,"level":"debug","message":"Base url not specified, skipping its injection.","meta":{"rootId":"vn1ov35w0es8zpb","id":"vn1ov35w0es8zpb"},"id":"gj0jkeg75tpxnfx","previousOperationId":"az0f1r0wk3y49wu"}
{"type":"operationStart","subtype":"engine","name":"handlebars","timestamp":1692245395755,"id":"332rjaskrqjjkkx","previousEventId":"xaf8eqeremeh8ep","operationId":"vu6e9xrwmotqlzs","previousOperationId":"az0f1r0wk3y49wu"}
{"type":"log","timestamp":1692245395755,"level":"debug","message":"Rendering engine handlebars","meta":{"rootId":"vn1ov35w0es8zpb","id":"vn1ov35w0es8zpb"},"id":"itzbs4ysdwot7le","previousOperationId":"vu6e9xrwmotqlzs"}
{"type":"operationEnd","operationId":"vu6e9xrwmotqlzs","timestamp":1692245395900,"id":"rrps1tcgd34z14t","previousEventId":"332rjaskrqjjkkx","previousOperationId":"vu6e9xrwmotqlzs"}
{"type":"operationStart","subtype":"recipe","name":"chrome-pdf","timestamp":1692245395901,"id":"tu21bxghthnxkiu","previousEventId":"rrps1tcgd34z14t","operationId":"8x78ujwfc1j3dsb","previousOperationId":"vu6e9xrwmotqlzs"}
{"type":"log","timestamp":1692245395901,"level":"debug","message":"Executing recipe chrome-pdf","meta":{"rootId":"vn1ov35w0es8zpb","id":"vn1ov35w0es8zpb"},"id":"e1o0rjxea6nnidl","previousOperationId":"8x78ujwfc1j3dsb"}
{"type":"log","timestamp":1692245395916,"level":"debug","message":"Converting with chrome HeadlessChrome/114.0.5735.90 using chrome-pool strategy","meta":{"rootId":"vn1ov35w0es8zpb","id":"vn1ov35w0es8zpb"},"id":"i21lcg3baauby62","previousOperationId":"8x78ujwfc1j3dsb"}
{"type":"log","timestamp":1692245396171,"level":"debug","message":"Page request: GET (document) file:///var/folders/4s/5nqc4dmn10g5kx7sd84ykx100000gn/T/jsreport/autocleanup/7a502856-eca7-4278-be5d-e1b358d75d2d-chrome-pdf.html","meta":{"rootId":"vn1ov35w0es8zpb","id":"vn1ov35w0es8zpb"},"id":"4bzr1bv89o8xvm2","previousOperationId":"8x78ujwfc1j3dsb"}
{"type":"log","timestamp":1692245396200,"level":"debug","message":"Page request finished: GET (document) 200 file:///var/folders/4s/5nqc4dmn10g5kx7sd84ykx100000gn/T/jsreport/autocleanup/7a502856-eca7-4278-be5d-e1b358d75d2d-chrome-pdf.html","meta":{"rootId":"vn1ov35w0es8zpb","id":"vn1ov35w0es8zpb"},"id":"exk18tql82ujzjx","previousOperationId":"8x78ujwfc1j3dsb"}
{"type":"log","timestamp":1692245396310,"level":"debug","message":"Running chrome with params {\"printBackground\":true,\"timeout\":59763,\"margin\":{}}","meta":{"rootId":"vn1ov35w0es8zpb","id":"vn1ov35w0es8zpb"},"id":"6gu4faojrsk6cxs","previousOperationId":"8x78ujwfc1j3dsb"}
{"type":"operationEnd","operationId":"8x78ujwfc1j3dsb","timestamp":1692245396583,"id":"axaa67kc4tbbxfh","previousEventId":"tu21bxghthnxkiu","previousOperationId":"8x78ujwfc1j3dsb"}
{"type":"log","timestamp":1692245396583,"level":"debug","message":"Skipping storing report.","meta":{"rootId":"vn1ov35w0es8zpb","id":"vn1ov35w0es8zpb"},"id":"mzr7z9udugh0sqv","previousOperationId":"8x78ujwfc1j3dsb"}
{"type":"log","timestamp":1692245396584,"level":"info","message":"Rendering request 10 finished in 917 ms","meta":{"rootId":"vn1ov35w0es8zpb","id":"vn1ov35w0es8zpb"},"id":"xcihvxhwhfn90y4","previousOperationId":"8x78ujwfc1j3dsb"}
{"type":"operationEnd","subtype":"render","operationId":"az0f1r0wk3y49wu","timestamp":1692245396584,"id":"8e3e30yqh6452do","previousEventId":"axaa67kc4tbbxfh","previousOperationId":"8x78ujwfc1j3dsb"}
{"type":"operationEnd","doDiffs":false,"previousEventId":"i97qic2vfffh4k7","previousOperationId":"ut2psjvajrm7x5e","operationId":"ut2psjvajrm7x5e","timestamp":1692245396595,"id":"1odjq3bmhvxn8wr"}
