{"type":"operationStart","subtype":"profile","data":{"_id":"7TprH6gGNI9xM8Cz","timestamp":"2023-08-22T22:45:11.661Z","state":"queued","mode":"standard","creationDate":"2023-08-22T22:45:11.669Z","modificationDate":"2023-08-22T22:45:11.669Z","shortid":"kzbKfLE","$entitySet":"profiles"},"doDiffs":false,"timestamp":1692744311668,"id":"nxq45jv4e37vf3o","previousOperationId":null,"operationId":"i4zfbdhi4bonl2r"}
{"type":"log","level":"info","message":"Render request 2 queued for execution and waiting for available worker","previousOperationId":"i4zfbdhi4bonl2r","timestamp":1692744311668,"id":"xw5pm0cqjw96aub"}
{"type":"operationStart","subtype":"render","name":"iLotusLand report","previousOperationId":"i4zfbdhi4bonl2r","timestamp":1692744311715,"id":"7sofzzkzfnic4mn","previousEventId":"nxq45jv4e37vf3o","operationId":"8hywzl161yge1lq"}
{"type":"log","timestamp":1692744311718,"level":"info","message":"Starting rendering request 2","meta":{"rootId":"xtig11ika1pp7h5","id":"xtig11ika1pp7h5"},"id":"ocboledwcml91x4","previousOperationId":"8hywzl161yge1lq"}
{"type":"log","timestamp":1692744311724,"level":"info","message":"Rendering template { name: iLotusLand report, recipe: chrome-pdf, engine: handlebars, preview: true }","meta":{"rootId":"xtig11ika1pp7h5","id":"xtig11ika1pp7h5"},"id":"ne0l11d8anu5lc8","previousOperationId":"8hywzl161yge1lq"}
{"type":"log","timestamp":1692744311725,"level":"debug","message":"Inline data specified.","meta":{"rootId":"xtig11ika1pp7h5","id":"xtig11ika1pp7h5"},"id":"t0ceh2pryn78f8y","previousOperationId":"8hywzl161yge1lq"}
{"type":"log","timestamp":1692744311730,"level":"debug","message":"Base url not specified, skipping its injection.","meta":{"rootId":"xtig11ika1pp7h5","id":"xtig11ika1pp7h5"},"id":"x9r69ayilluxgbm","previousOperationId":"8hywzl161yge1lq"}
{"type":"operationStart","subtype":"engine","name":"handlebars","timestamp":1692744311733,"id":"pz8bz8ijkkc45kj","previousEventId":"7sofzzkzfnic4mn","operationId":"oiq4m6e3r8eqw3d","previousOperationId":"8hywzl161yge1lq"}
{"type":"log","timestamp":1692744311733,"level":"debug","message":"Rendering engine handlebars","meta":{"rootId":"xtig11ika1pp7h5","id":"xtig11ika1pp7h5"},"id":"q275wyssuacjs39","previousOperationId":"oiq4m6e3r8eqw3d"}
{"type":"operationEnd","operationId":"oiq4m6e3r8eqw3d","timestamp":1692744313332,"id":"cp8gdbqsd5832gn","previousEventId":"pz8bz8ijkkc45kj","previousOperationId":"oiq4m6e3r8eqw3d"}
{"type":"operationStart","subtype":"recipe","name":"chrome-pdf","timestamp":1692744313334,"id":"n22djl5tyuqxepf","previousEventId":"cp8gdbqsd5832gn","operationId":"i2gvi31yfv0ndx7","previousOperationId":"oiq4m6e3r8eqw3d"}
{"type":"log","timestamp":1692744313334,"level":"debug","message":"Executing recipe chrome-pdf","meta":{"rootId":"xtig11ika1pp7h5","id":"xtig11ika1pp7h5"},"id":"wvvt7nzdbk0evy7","previousOperationId":"i2gvi31yfv0ndx7"}
{"type":"log","timestamp":1692744314878,"level":"debug","message":"Converting with chrome HeadlessChrome/114.0.5735.90 using chrome-pool strategy","meta":{"rootId":"xtig11ika1pp7h5","id":"xtig11ika1pp7h5"},"id":"sgmp7bofq8lus06","previousOperationId":"i2gvi31yfv0ndx7"}
{"type":"log","timestamp":1692744315703,"level":"debug","message":"Page request: GET (document) file:///var/folders/4s/5nqc4dmn10g5kx7sd84ykx100000gn/T/jsreport/autocleanup/291ff826-00e8-4492-a3a8-ebf7e5222afa-chrome-pdf.html","meta":{"rootId":"xtig11ika1pp7h5","id":"xtig11ika1pp7h5"},"id":"9pwjtxakqfzf3vr","previousOperationId":"i2gvi31yfv0ndx7"}
{"type":"log","timestamp":1692744315734,"level":"debug","message":"Page request: GET (image) file:///var/folders/4s/5nqc4dmn10g5kx7sd84ykx100000gn/T/jsreport/autocleanup/images/image1.png","meta":{"rootId":"xtig11ika1pp7h5","id":"xtig11ika1pp7h5"},"id":"hcmakjdfx3sir3n","previousOperationId":"i2gvi31yfv0ndx7"}
{"type":"log","timestamp":1692744315738,"level":"debug","message":"Page request finished: GET (document) 200 file:///var/folders/4s/5nqc4dmn10g5kx7sd84ykx100000gn/T/jsreport/autocleanup/291ff826-00e8-4492-a3a8-ebf7e5222afa-chrome-pdf.html","meta":{"rootId":"xtig11ika1pp7h5","id":"xtig11ika1pp7h5"},"id":"1qop20tfnp5ci9v","previousOperationId":"i2gvi31yfv0ndx7"}
{"type":"log","timestamp":1692744315825,"level":"warn","message":"Page request failed: GET (image) file:///var/folders/4s/5nqc4dmn10g5kx7sd84ykx100000gn/T/jsreport/autocleanup/images/image1.png, failure: net::ERR_FILE_NOT_FOUND","meta":{"rootId":"xtig11ika1pp7h5","id":"xtig11ika1pp7h5"},"id":"ueux5i0nduop53t","previousOperationId":"i2gvi31yfv0ndx7"}
{"type":"log","timestamp":1692744315826,"level":"debug","message":"(console:error) Failed to load resource: net::ERR_FILE_NOT_FOUND","meta":{"userLevel":true,"rootId":"xtig11ika1pp7h5","id":"xtig11ika1pp7h5"},"id":"if3toeou8khyffu","previousOperationId":"i2gvi31yfv0ndx7"}
{"type":"log","timestamp":1692744315839,"level":"debug","message":"Running chrome with params {\"printBackground\":true,\"timeout\":57311,\"margin\":{}}","meta":{"rootId":"xtig11ika1pp7h5","id":"xtig11ika1pp7h5"},"id":"eifqii6r7kam1sh","previousOperationId":"i2gvi31yfv0ndx7"}
{"type":"operationEnd","operationId":"i2gvi31yfv0ndx7","timestamp":1692744316294,"id":"a2z0m5k3ieqhphs","previousEventId":"n22djl5tyuqxepf","previousOperationId":"i2gvi31yfv0ndx7"}
{"type":"log","timestamp":1692744316298,"level":"debug","message":"Skipping storing report.","meta":{"rootId":"xtig11ika1pp7h5","id":"xtig11ika1pp7h5"},"id":"by0igv59y14ti7k","previousOperationId":"i2gvi31yfv0ndx7"}
{"type":"log","timestamp":1692744316299,"level":"info","message":"Rendering request 2 finished in 4639 ms","meta":{"rootId":"xtig11ika1pp7h5","id":"xtig11ika1pp7h5"},"id":"v87gtguie5yr4i0","previousOperationId":"i2gvi31yfv0ndx7"}
{"type":"operationEnd","subtype":"render","operationId":"8hywzl161yge1lq","timestamp":1692744316300,"id":"xy98igvb4emlppp","previousEventId":"a2z0m5k3ieqhphs","previousOperationId":"i2gvi31yfv0ndx7"}
{"type":"operationEnd","doDiffs":false,"previousEventId":"nxq45jv4e37vf3o","previousOperationId":"i4zfbdhi4bonl2r","operationId":"i4zfbdhi4bonl2r","timestamp":1692744316312,"id":"gds8u0im229xegu"}
