{"type":"operationStart","subtype":"profile","data":{"_id":"1Om6yal5xPrzGRrO","timestamp":"2023-08-17T04:35:48.834Z","state":"queued","mode":"standard","creationDate":"2023-08-17T04:35:48.850Z","modificationDate":"2023-08-17T04:35:48.850Z","shortid":"gfaH-F1","$entitySet":"profiles"},"doDiffs":false,"timestamp":1692246948849,"id":"4vwboau29ot2jp5","previousOperationId":null,"operationId":"v5e42fxhj7jsmuh"}
{"type":"log","level":"info","message":"Render request 6 queued for execution and waiting for available worker","previousOperationId":"v5e42fxhj7jsmuh","timestamp":1692246948849,"id":"a43lidmb0o5snol"}
{"type":"operationStart","subtype":"render","name":"iLotusLand report","previousOperationId":"v5e42fxhj7jsmuh","timestamp":1692246948916,"id":"hef19n90tspfa81","previousEventId":"4vwboau29ot2jp5","operationId":"b3rcwwkpkrzexnf"}
{"type":"log","timestamp":1692246948916,"level":"info","message":"Starting rendering request 6","meta":{"rootId":"zi3rj72xbj8qtrw","id":"zi3rj72xbj8qtrw"},"id":"ucw6vzcfv5lkkq6","previousOperationId":"b3rcwwkpkrzexnf"}
{"type":"log","timestamp":1692246948918,"level":"info","message":"Rendering template { name: iLotusLand report, recipe: chrome-pdf, engine: handlebars, preview: false }","meta":{"rootId":"zi3rj72xbj8qtrw","id":"zi3rj72xbj8qtrw"},"id":"wvk8r53wjt7snen","previousOperationId":"b3rcwwkpkrzexnf"}
{"type":"log","timestamp":1692246948918,"level":"debug","message":"Inline data specified.","meta":{"rootId":"zi3rj72xbj8qtrw","id":"zi3rj72xbj8qtrw"},"id":"464b8y38h3lhe5f","previousOperationId":"b3rcwwkpkrzexnf"}
{"type":"log","timestamp":1692246948921,"level":"debug","message":"Base url not specified, skipping its injection.","meta":{"rootId":"zi3rj72xbj8qtrw","id":"zi3rj72xbj8qtrw"},"id":"w49o1ipae5238oy","previousOperationId":"b3rcwwkpkrzexnf"}
{"type":"operationStart","subtype":"engine","name":"handlebars","timestamp":1692246948925,"id":"u4byi5iby17b5v7","previousEventId":"hef19n90tspfa81","operationId":"etjmrmk99dfvnqb","previousOperationId":"b3rcwwkpkrzexnf"}
{"type":"log","timestamp":1692246948925,"level":"debug","message":"Rendering engine handlebars","meta":{"rootId":"zi3rj72xbj8qtrw","id":"zi3rj72xbj8qtrw"},"id":"rvbaaq2mp3zp5fn","previousOperationId":"etjmrmk99dfvnqb"}
{"type":"operationEnd","operationId":"etjmrmk99dfvnqb","timestamp":1692246949325,"id":"shw9jycjq40my76","previousEventId":"u4byi5iby17b5v7","previousOperationId":"etjmrmk99dfvnqb"}
{"type":"operationStart","subtype":"recipe","name":"chrome-pdf","timestamp":1692246949329,"id":"9nbi1f7y6w2ioyw","previousEventId":"shw9jycjq40my76","operationId":"saehspvjvkafoo9","previousOperationId":"etjmrmk99dfvnqb"}
{"type":"log","timestamp":1692246949329,"level":"debug","message":"Executing recipe chrome-pdf","meta":{"rootId":"zi3rj72xbj8qtrw","id":"zi3rj72xbj8qtrw"},"id":"3qame4n046ilms9","previousOperationId":"saehspvjvkafoo9"}
{"type":"log","timestamp":1692246949350,"level":"debug","message":"Converting with chrome HeadlessChrome/114.0.5735.90 using chrome-pool strategy","meta":{"rootId":"zi3rj72xbj8qtrw","id":"zi3rj72xbj8qtrw"},"id":"94lblo0vdf94ro2","previousOperationId":"saehspvjvkafoo9"}
{"type":"log","timestamp":1692246950406,"level":"debug","message":"Page request: GET (document) file:///var/folders/4s/5nqc4dmn10g5kx7sd84ykx100000gn/T/jsreport/autocleanup/31c320bb-77ab-486a-8c2a-6af5707b4167-chrome-pdf.html","meta":{"rootId":"zi3rj72xbj8qtrw","id":"zi3rj72xbj8qtrw"},"id":"7nt9f64idbuy863","previousOperationId":"saehspvjvkafoo9"}
{"type":"log","timestamp":1692246950668,"level":"debug","message":"Page request finished: GET (document) 200 file:///var/folders/4s/5nqc4dmn10g5kx7sd84ykx100000gn/T/jsreport/autocleanup/31c320bb-77ab-486a-8c2a-6af5707b4167-chrome-pdf.html","meta":{"rootId":"zi3rj72xbj8qtrw","id":"zi3rj72xbj8qtrw"},"id":"w8jdw4lqearoou5","previousOperationId":"saehspvjvkafoo9"}
{"type":"log","timestamp":1692246950954,"level":"debug","message":"Running chrome with params {\"printBackground\":true,\"timeout\":59497,\"margin\":{}}","meta":{"rootId":"zi3rj72xbj8qtrw","id":"zi3rj72xbj8qtrw"},"id":"2uewi36b7c537nq","previousOperationId":"saehspvjvkafoo9"}
{"type":"operationEnd","operationId":"saehspvjvkafoo9","timestamp":1692246952066,"id":"c6khl3v3tntoj20","previousEventId":"9nbi1f7y6w2ioyw","previousOperationId":"saehspvjvkafoo9"}
{"type":"log","timestamp":1692246952066,"level":"debug","message":"Skipping storing report.","meta":{"rootId":"zi3rj72xbj8qtrw","id":"zi3rj72xbj8qtrw"},"id":"cbtj8duadnh3a9t","previousOperationId":"saehspvjvkafoo9"}
{"type":"log","timestamp":1692246952067,"level":"info","message":"Rendering request 6 finished in 3234 ms","meta":{"rootId":"zi3rj72xbj8qtrw","id":"zi3rj72xbj8qtrw"},"id":"ehypt3f5ih9n8vx","previousOperationId":"saehspvjvkafoo9"}
{"type":"operationEnd","subtype":"render","operationId":"b3rcwwkpkrzexnf","timestamp":1692246952067,"id":"1c5lcqkf5e289tj","previousEventId":"c6khl3v3tntoj20","previousOperationId":"saehspvjvkafoo9"}
{"type":"operationEnd","doDiffs":false,"previousEventId":"4vwboau29ot2jp5","previousOperationId":"v5e42fxhj7jsmuh","operationId":"v5e42fxhj7jsmuh","timestamp":1692246952097,"id":"78w6e1w3xeatrig"}
