{"type":"operationStart","subtype":"profile","data":{"_id":"l7UgqvF7KCdop05G","timestamp":"2023-08-17T03:36:38.250Z","state":"queued","mode":"standard","creationDate":"2023-08-17T03:36:38.263Z","modificationDate":"2023-08-17T03:36:38.263Z","shortid":"tTzgDzU","inheritedReadPermissions":[],"inheritedEditPermissions":[],"$entitySet":"profiles"},"doDiffs":false,"timestamp":1692243398255,"id":"dus7l1zlemwb2gh","previousOperationId":null,"operationId":"xfnus2aewd97x08"}
{"type":"log","level":"info","message":"Render request 1 queued for execution and waiting for available worker","previousOperationId":"xfnus2aewd97x08","timestamp":1692243398259,"id":"lauxj1ubz6n6rpz"}
{"type":"operationStart","subtype":"render","name":"anonymous","previousOperationId":"xfnus2aewd97x08","timestamp":1692243398605,"id":"zf56ve9s3ka11je","previousEventId":"dus7l1zlemwb2gh","operationId":"ma4lb7qeynzom0o"}
{"type":"log","timestamp":1692243398614,"level":"info","message":"Starting rendering request 1 (user: admin)","meta":{"rootId":"1rl5mbayerxkj62","id":"1rl5mbayerxkj62"},"id":"72zknjtznxjahif","previousOperationId":"ma4lb7qeynzom0o"}
{"type":"log","timestamp":1692243398623,"level":"info","message":"Rendering template { name: iLotusLand report, recipe: chrome-pdf, engine: handlebars, preview: true }","meta":{"rootId":"1rl5mbayerxkj62","id":"1rl5mbayerxkj62"},"id":"hh0xd8xscewznl0","previousOperationId":"ma4lb7qeynzom0o"}
{"type":"log","timestamp":1692243398629,"level":"debug","message":"Inline data specified.","meta":{"rootId":"1rl5mbayerxkj62","id":"1rl5mbayerxkj62"},"id":"lh5bi39jbw4du4j","previousOperationId":"ma4lb7qeynzom0o"}
{"type":"log","timestamp":1692243398852,"level":"debug","message":"Base url not specified, skipping its injection.","meta":{"rootId":"1rl5mbayerxkj62","id":"1rl5mbayerxkj62"},"id":"jzxhj9l5ukia8mk","previousOperationId":"ma4lb7qeynzom0o"}
{"type":"operationStart","subtype":"engine","name":"handlebars","timestamp":1692243398858,"id":"p7mu30xe0nzrs0k","previousEventId":"zf56ve9s3ka11je","operationId":"v1asc5cjr7p8e8i","previousOperationId":"ma4lb7qeynzom0o"}
{"type":"log","timestamp":1692243398858,"level":"debug","message":"Rendering engine handlebars","meta":{"rootId":"1rl5mbayerxkj62","id":"1rl5mbayerxkj62"},"id":"dzoarmay9s6hdct","previousOperationId":"v1asc5cjr7p8e8i"}
{"type":"operationEnd","operationId":"v1asc5cjr7p8e8i","timestamp":1692243404783,"id":"8drxr2c22yfpma0","previousEventId":"p7mu30xe0nzrs0k","previousOperationId":"v1asc5cjr7p8e8i"}
{"type":"operationStart","subtype":"recipe","name":"chrome-pdf","timestamp":1692243404784,"id":"6u6i3glmro56bbs","previousEventId":"8drxr2c22yfpma0","operationId":"s7sbamq3jinkmyx","previousOperationId":"v1asc5cjr7p8e8i"}
{"type":"log","timestamp":1692243404784,"level":"debug","message":"Executing recipe chrome-pdf","meta":{"rootId":"1rl5mbayerxkj62","id":"1rl5mbayerxkj62"},"id":"ajn4uvhvkfkuw3w","previousOperationId":"s7sbamq3jinkmyx"}
{"type":"log","timestamp":1692243417310,"level":"debug","message":"Converting with chrome HeadlessChrome/114.0.5735.90 using chrome-pool strategy","meta":{"rootId":"1rl5mbayerxkj62","id":"1rl5mbayerxkj62"},"id":"u0jx0cod2um35wq","previousOperationId":"s7sbamq3jinkmyx"}
{"type":"log","timestamp":1692243418352,"level":"debug","message":"Page request: GET (document) file:///var/folders/4s/5nqc4dmn10g5kx7sd84ykx100000gn/T/jsreport/autocleanup/afe068a7-0aa4-485b-a61d-b8310ec57ba9-chrome-pdf.html","meta":{"rootId":"1rl5mbayerxkj62","id":"1rl5mbayerxkj62"},"id":"1ssmky6258cs619","previousOperationId":"s7sbamq3jinkmyx"}
{"type":"log","timestamp":1692243418554,"level":"debug","message":"Page request finished: GET (document) 200 file:///var/folders/4s/5nqc4dmn10g5kx7sd84ykx100000gn/T/jsreport/autocleanup/afe068a7-0aa4-485b-a61d-b8310ec57ba9-chrome-pdf.html","meta":{"rootId":"1rl5mbayerxkj62","id":"1rl5mbayerxkj62"},"id":"uze6vu791l86uqo","previousOperationId":"s7sbamq3jinkmyx"}
{"type":"log","timestamp":1692243418728,"level":"debug","message":"Running chrome with params {\"printBackground\":true,\"timeout\":50930,\"margin\":{}}","meta":{"rootId":"1rl5mbayerxkj62","id":"1rl5mbayerxkj62"},"id":"5746mwfqfwbggog","previousOperationId":"s7sbamq3jinkmyx"}
{"type":"operationEnd","operationId":"s7sbamq3jinkmyx","timestamp":1692243421189,"id":"kxtnnurg4k2je4n","previousEventId":"6u6i3glmro56bbs","previousOperationId":"s7sbamq3jinkmyx"}
{"type":"log","timestamp":1692243421191,"level":"debug","message":"Skipping storing report.","meta":{"rootId":"1rl5mbayerxkj62","id":"1rl5mbayerxkj62"},"id":"11b22eohbqz8ltl","previousOperationId":"s7sbamq3jinkmyx"}
{"type":"log","timestamp":1692243421191,"level":"info","message":"Rendering request 1 finished in 22941 ms","meta":{"rootId":"1rl5mbayerxkj62","id":"1rl5mbayerxkj62"},"id":"qydn8m11wezkvsz","previousOperationId":"s7sbamq3jinkmyx"}
{"type":"operationEnd","subtype":"render","operationId":"ma4lb7qeynzom0o","timestamp":1692243421192,"id":"nbureqwf9mw8kza","previousEventId":"kxtnnurg4k2je4n","previousOperationId":"s7sbamq3jinkmyx"}
{"type":"operationEnd","doDiffs":false,"previousEventId":"dus7l1zlemwb2gh","previousOperationId":"xfnus2aewd97x08","operationId":"xfnus2aewd97x08","timestamp":1692243421338,"id":"iw8boujxm4gqck0"}
